2012-10-04 17:32:15,875 - AutoSampler-startRHX - DEBUG - bumpXMotorDown: 2000
2012-10-04 17:32:21,770 - AutoSampler-startRHX - DEBUG - bumpXMotorUp: 2000
2012-10-04 17:32:31,542 - AutoSampler-startRHX - DEBUG - bumpYMotorRight: 2000
2012-10-04 17:32:52,171 - AutoSampler-startRHX - DEBUG - bumpZMotorDown
2012-10-04 17:32:52,171 - AutoSampler-startRHX - DEBUG - bumpZMotorDown: 5000
2012-10-04 17:33:03,351 - AutoSampler-startRHX - DEBUG - bumpZMotorDown
2012-10-04 17:33:03,352 - AutoSampler-startRHX - DEBUG - bumpZMotorDown: 15000
2012-10-04 17:33:07,589 - AutoSampler-startRHX - DEBUG - bumpZMotorDown
2012-10-04 17:33:07,589 - AutoSampler-startRHX - DEBUG - bumpZMotorDown: 15000
2012-10-04 17:33:11,775 - AutoSampler-startRHX - DEBUG - bumpZMotorDown
2012-10-04 17:33:11,775 - AutoSampler-startRHX - DEBUG - bumpZMotorDown: 15000
2012-10-04 17:33:15,799 - AutoSampler-startRHX - DEBUG - bumpZMotorDown
2012-10-04 17:33:15,801 - AutoSampler-startRHX - DEBUG - bumpZMotorDown: 15000
2012-10-04 17:33:29,861 - AutoSampler-startRHX - DEBUG - bumpZMotorDown
2012-10-04 17:33:29,861 - AutoSampler-startRHX - DEBUG - bumpZMotorDown: 10000
2012-10-04 17:33:33,924 - AutoSampler-startRHX - DEBUG - bumpZMotorDown
2012-10-04 17:33:33,926 - AutoSampler-startRHX - DEBUG - bumpZMotorDown: 10000
2012-10-04 17:33:39,394 - AutoSampler-startRHX - DEBUG - bumpZMotorDown
2012-10-04 17:33:39,394 - AutoSampler-startRHX - DEBUG - bumpZMotorDown: 10000
2012-10-04 17:33:46,987 - AutoSampler-startRHX - DEBUG - bumpZMotorDown
2012-10-04 17:33:46,987 - AutoSampler-startRHX - DEBUG - bumpZMotorDown: 10000
2012-10-04 17:35:58,723 - AutoSampler-startRHX - DEBUG - goHome: Go to Home Position
2012-10-04 17:37:15,273 - AutoSampler-startRHX - DEBUG - goToPosition:  Go to position: 1
2012-10-04 17:38:37,779 - AutoSampler-startRHX - DEBUG - bumpZMotorDown
2012-10-04 17:38:37,779 - AutoSampler-startRHX - DEBUG - bumpZMotorDown: 40000
2012-10-04 17:38:44,459 - AutoSampler-startRHX - DEBUG - bumpZMotorDown
2012-10-04 17:38:44,459 - AutoSampler-startRHX - DEBUG - bumpZMotorDown: 40000
2012-10-04 17:38:55,977 - AutoSampler-startRHX - DEBUG - bumpZMotorDown
2012-10-04 17:38:55,977 - AutoSampler-startRHX - DEBUG - bumpZMotorDown: 40000
2012-10-04 17:39:02,108 - AutoSampler-startRHX - DEBUG - bumpZMotorDown
2012-10-04 17:39:02,108 - AutoSampler-startRHX - DEBUG - bumpZMotorDown: 40000
2012-10-04 17:39:09,023 - AutoSampler-startRHX - DEBUG - bumpZMotorDown
2012-10-04 17:39:09,023 - AutoSampler-startRHX - DEBUG - bumpZMotorDown: 40000
2012-10-04 17:39:15,005 - AutoSampler-startRHX - DEBUG - bumpZMotorDown
2012-10-04 17:39:15,006 - AutoSampler-startRHX - DEBUG - bumpZMotorDown: 40000
2012-10-04 17:39:20,530 - AutoSampler-startRHX - DEBUG - bumpZMotorDown
2012-10-04 17:39:20,530 - AutoSampler-startRHX - DEBUG - bumpZMotorDown: 40000
2012-10-04 17:39:25,651 - AutoSampler-startRHX - DEBUG - bumpZMotorDown
2012-10-04 17:39:25,651 - AutoSampler-startRHX - DEBUG - bumpZMotorDown: 40000
