2012-11-15 08:36:23,592 - AutoSampler-xyzRobot - DEBUG - Waiting for Arm to attach....
2012-11-15 08:36:23,681 - AutoSampler-xyzRobot - DEBUG - Opening phidget object for xsteppers...
2012-11-15 08:36:23,681 - AutoSampler-xyzRobot - DEBUG - Waiting for ystepper motors to attach....
2012-11-15 08:36:23,701 - AutoSampler-xyzRobot - DEBUG - Opening phidget object for ysteppers...
2012-11-15 08:36:23,701 - AutoSampler-xyzRobot - DEBUG - Waiting for ystepper motors to attach....
2012-11-15 08:36:23,721 - AutoSampler-xyzRobot - DEBUG - Opening phidget object for zsteppers...
2012-11-15 08:36:23,721 - AutoSampler-xyzRobot - DEBUG - Waiting for zstepper motors to attach....
2012-11-15 08:36:23,744 - AutoSampler-xyzRobot - DEBUG - Setting Default values for the motor velocity limits
2012-11-15 08:36:23,746 - AutoSampler-xyzRobot - DEBUG - Setting the servo type for motor 0 to PHIDGET_SERVO_HITEC_HS422
2012-11-15 08:36:23,752 - AutoSampler-xyzRobot - DEBUG - Create an interfacekit object
2012-11-15 08:36:23,753 - AutoSampler-xyzRobot - DEBUG - Opening phidget (sensor) object....
2012-11-15 08:36:23,753 - AutoSampler-xyzRobot - DEBUG - Waiting for attach....
2012-11-15 08:36:24,112 - AutoSampler-xyzRobot - DEBUG - getXMotorPosition
2012-11-15 08:36:24,112 - AutoSampler-xyzRobot - DEBUG - getYMotorPosition
2012-11-15 08:36:24,112 - AutoSampler-xyzRobot - DEBUG - getZMotorPosition
2012-11-15 08:36:24,555 - AutoSampler-xyzRobot - DEBUG - resetCoordinates
2012-11-15 08:36:24,555 - AutoSampler-xyzRobot - DEBUG - Set Positions of SERVOs and STEPPER MOTORS to 0
2012-11-15 08:36:24,555 - AutoSampler-xyzRobot - DEBUG - getZPosition
2012-11-15 08:36:40,944 - AutoSampler-xyzRobot - DEBUG - getXMotorPosition
2012-11-15 08:36:40,944 - AutoSampler-xyzRobot - DEBUG - getYMotorPosition
2012-11-15 08:36:40,944 - AutoSampler-xyzRobot - DEBUG - getZMotorPosition
2012-11-15 08:36:41,388 - AutoSampler-xyzRobot - DEBUG - resetCoordinates
2012-11-15 08:36:41,388 - AutoSampler-xyzRobot - DEBUG - Set Positions of SERVOs and STEPPER MOTORS to 0
2012-11-15 08:36:41,388 - AutoSampler-xyzRobot - DEBUG - getZPosition
