2012-11-09 11:01:29,783 - AutoSampler-DataReadWrite - DEBUG - Reading instant weight from balance
2012-11-09 11:01:29,839 - AutoSampler-DataReadWrite - DEBUG - instant read: S S   0.00066  g

2012-11-09 11:01:29,839 - AutoSampler-DataReadWrite - DEBUG - String value: S S
2012-11-09 11:01:29,839 - AutoSampler-DataReadWrite - DEBUG - Balance Ouput:S S   0.00066  g
--Stable
2012-11-09 11:01:29,839 - AutoSampler-DataReadWrite - DEBUG - Weight: 0.00066
2012-11-09 11:01:30,312 - AutoSampler-DataReadWrite - DEBUG - update tblXY SET i_xposition=0, i_yposition=0, i_zposition=0 where rowid=1
2012-11-09 15:33:42,221 - AutoSampler-DataReadWrite - DEBUG - Reading instant weight from balance
2012-11-09 15:33:42,270 - AutoSampler-DataReadWrite - DEBUG - instant read: S S   0.00063  g

2012-11-09 15:33:42,270 - AutoSampler-DataReadWrite - DEBUG - String value: S S
2012-11-09 15:33:42,270 - AutoSampler-DataReadWrite - DEBUG - Balance Ouput:S S   0.00063  g
--Stable
2012-11-09 15:33:42,272 - AutoSampler-DataReadWrite - DEBUG - Weight: 0.00063
2012-11-09 15:33:43,236 - AutoSampler-DataReadWrite - DEBUG - Reading instant weight from balance
2012-11-09 15:33:43,275 - AutoSampler-DataReadWrite - DEBUG - instant read: S S   0.00061  g

2012-11-09 15:33:43,275 - AutoSampler-DataReadWrite - DEBUG - String value: S S
2012-11-09 15:33:43,275 - AutoSampler-DataReadWrite - DEBUG - Balance Ouput:S S   0.00061  g
--Stable
2012-11-09 15:33:43,276 - AutoSampler-DataReadWrite - DEBUG - Weight: 0.00061
2012-11-09 15:33:44,125 - AutoSampler-DataReadWrite - DEBUG - Reading instant weight from balance
2012-11-09 15:33:44,163 - AutoSampler-DataReadWrite - DEBUG - instant read: S S   0.00061  g

2012-11-09 15:33:44,163 - AutoSampler-DataReadWrite - DEBUG - String value: S S
2012-11-09 15:33:44,163 - AutoSampler-DataReadWrite - DEBUG - Balance Ouput:S S   0.00061  g
--Stable
2012-11-09 15:33:44,163 - AutoSampler-DataReadWrite - DEBUG - Weight: 0.00061
2012-11-09 15:54:52,723 - AutoSampler-DataReadWrite - DEBUG - update tblXY SET i_xposition=0, i_yposition=0, i_zposition=0 where rowid=1
2012-11-09 15:54:52,734 - AutoSampler-DataReadWrite - DEBUG - update tblXY SET i_xposition=0, i_yposition=0, i_zposition=0 where rowid=1
2012-11-09 15:54:52,775 - AutoSampler-DataReadWrite - DEBUG - Reading instant weight from balance
2012-11-09 15:54:52,815 - AutoSampler-DataReadWrite - DEBUG - instant read: S S   0.00059  g

2012-11-09 15:54:52,816 - AutoSampler-DataReadWrite - DEBUG - String value: S S
2012-11-09 15:54:52,816 - AutoSampler-DataReadWrite - DEBUG - Balance Ouput:S S   0.00059  g
--Stable
2012-11-09 15:54:52,816 - AutoSampler-DataReadWrite - DEBUG - Weight: 0.00059
