2012-10-19 16:07:29,994 - AutoSampler-startRHX - DEBUG - bumpZMotorDown
2012-10-19 16:07:29,994 - AutoSampler-startRHX - DEBUG - bumpZMotorDown: 50000
2012-10-19 16:07:40,312 - AutoSampler-startRHX - DEBUG - bumpZMotorDown
2012-10-19 16:07:40,312 - AutoSampler-startRHX - DEBUG - bumpZMotorDown: 50000
2012-10-19 16:08:23,842 - AutoSampler-startRHX - DEBUG - bumpZMotorDown
2012-10-19 16:08:23,842 - AutoSampler-startRHX - DEBUG - bumpZMotorDown: 50000
2012-10-19 16:08:29,344 - AutoSampler-startRHX - DEBUG - bumpZMotorDown
2012-10-19 16:08:29,344 - AutoSampler-startRHX - DEBUG - bumpZMotorDown: 50000
2012-10-19 16:15:19,855 - AutoSampler-startRHX - DEBUG - bumpZMotorDown
2012-10-19 16:15:19,855 - AutoSampler-startRHX - DEBUG - bumpZMotorDown: 20000
2012-10-19 16:15:24,184 - AutoSampler-startRHX - DEBUG - bumpZMotorDown
2012-10-19 16:15:24,187 - AutoSampler-startRHX - DEBUG - bumpZMotorDown: 20000
2012-10-19 16:19:20,181 - AutoSampler-startRHX - DEBUG - bumpZMotorDown
2012-10-19 16:19:20,183 - AutoSampler-startRHX - DEBUG - bumpZMotorDown: 20000
2012-10-19 16:19:27,223 - AutoSampler-startRHX - DEBUG - bumpYMotorLeft: 1000
2012-10-19 16:19:37,898 - AutoSampler-startRHX - DEBUG - bumpZMotorDown
2012-10-19 16:19:37,898 - AutoSampler-startRHX - DEBUG - bumpZMotorDown: 20000
2012-10-19 16:19:47,533 - AutoSampler-startRHX - DEBUG - bumpZMotorDown
2012-10-19 16:19:47,535 - AutoSampler-startRHX - DEBUG - bumpZMotorDown: 20000
2012-10-19 16:19:51,312 - AutoSampler-startRHX - DEBUG - bumpZMotorDown
2012-10-19 16:19:51,312 - AutoSampler-startRHX - DEBUG - bumpZMotorDown: 20000
2012-10-19 16:19:56,062 - AutoSampler-startRHX - DEBUG - bumpZMotorDown
2012-10-19 16:19:56,062 - AutoSampler-startRHX - DEBUG - bumpZMotorDown: 40000
2012-10-19 16:20:01,456 - AutoSampler-startRHX - DEBUG - bumpZMotorDown
2012-10-19 16:20:01,456 - AutoSampler-startRHX - DEBUG - bumpZMotorDown: 40000
2012-10-19 16:20:06,493 - AutoSampler-startRHX - DEBUG - bumpZMotorDown
2012-10-19 16:20:06,493 - AutoSampler-startRHX - DEBUG - bumpZMotorDown: 40000
2012-10-19 16:20:14,516 - AutoSampler-startRHX - DEBUG - bumpZMotorDown
2012-10-19 16:20:14,516 - AutoSampler-startRHX - DEBUG - bumpZMotorDown: 40000
2012-10-19 16:20:18,710 - AutoSampler-startRHX - DEBUG - bumpZMotorDown
2012-10-19 16:20:18,710 - AutoSampler-startRHX - DEBUG - bumpZMotorDown: 40000
2012-10-19 16:20:22,819 - AutoSampler-startRHX - DEBUG - bumpZMotorDown
2012-10-19 16:20:22,819 - AutoSampler-startRHX - DEBUG - bumpZMotorDown: 40000
2012-10-19 16:20:30,145 - AutoSampler-startRHX - DEBUG - bumpZMotorDown
2012-10-19 16:20:30,145 - AutoSampler-startRHX - DEBUG - bumpZMotorDown: 20000
2012-10-19 16:20:33,987 - AutoSampler-startRHX - DEBUG - bumpZMotorDown
2012-10-19 16:20:33,987 - AutoSampler-startRHX - DEBUG - bumpZMotorDown: 20000
2012-10-19 16:20:37,924 - AutoSampler-startRHX - DEBUG - bumpZMotorDown
2012-10-19 16:20:37,924 - AutoSampler-startRHX - DEBUG - bumpZMotorDown: 20000
2012-10-19 16:20:41,798 - AutoSampler-startRHX - DEBUG - bumpZMotorDown
2012-10-19 16:20:41,798 - AutoSampler-startRHX - DEBUG - bumpZMotorDown: 20000
2012-10-19 16:20:45,730 - AutoSampler-startRHX - DEBUG - bumpZMotorDown
2012-10-19 16:20:45,730 - AutoSampler-startRHX - DEBUG - bumpZMotorDown: 20000
2012-10-19 16:22:38,426 - AutoSampler-startRHX - DEBUG - bumpZMotorDown
2012-10-19 16:22:38,426 - AutoSampler-startRHX - DEBUG - bumpZMotorDown: 5000
2012-10-19 16:22:41,160 - AutoSampler-startRHX - DEBUG - bumpZMotorDown
2012-10-19 16:22:41,160 - AutoSampler-startRHX - DEBUG - bumpZMotorDown: 5000
2012-10-19 16:22:44,009 - AutoSampler-startRHX - DEBUG - bumpZMotorDown
2012-10-19 16:22:44,009 - AutoSampler-startRHX - DEBUG - bumpZMotorDown: 5000
2012-10-19 16:22:46,736 - AutoSampler-startRHX - DEBUG - bumpZMotorDown
2012-10-19 16:22:46,736 - AutoSampler-startRHX - DEBUG - bumpZMotorDown: 5000
2012-10-19 16:24:11,335 - AutoSampler-startRHX - DEBUG - goHome: Go to Home Position
2012-10-23 14:18:26,471 - AutoSampler-startRHX - DEBUG - turnLightOn
2012-10-23 14:18:29,440 - AutoSampler-startRHX - DEBUG - turnLightOn
2012-10-23 14:18:32,365 - AutoSampler-startRHX - DEBUG - turnLightOn
