2012-11-09 22:02:12,601 - AutoSampler-xyzRobot - DEBUG - Waiting for Arm to attach....
2012-11-09 22:02:12,698 - AutoSampler-xyzRobot - DEBUG - Opening phidget object for xsteppers...
2012-11-09 22:02:12,698 - AutoSampler-xyzRobot - DEBUG - Waiting for ystepper motors to attach....
2012-11-09 22:02:12,719 - AutoSampler-xyzRobot - DEBUG - Opening phidget object for ysteppers...
2012-11-09 22:02:12,719 - AutoSampler-xyzRobot - DEBUG - Waiting for ystepper motors to attach....
2012-11-09 22:02:12,739 - AutoSampler-xyzRobot - DEBUG - Opening phidget object for zsteppers...
2012-11-09 22:02:12,739 - AutoSampler-xyzRobot - DEBUG - Waiting for zstepper motors to attach....
2012-11-09 22:02:12,749 - AutoSampler-xyzRobot - DEBUG - Setting Default values for the motor velocity limits
2012-11-09 22:02:12,750 - AutoSampler-xyzRobot - DEBUG - Setting the servo type for motor 0 to PHIDGET_SERVO_HITEC_HS422
2012-11-09 22:02:12,750 - AutoSampler-xyzRobot - DEBUG - Create an interfacekit object
2012-11-09 22:02:12,750 - AutoSampler-xyzRobot - DEBUG - Opening phidget (sensor) object....
2012-11-09 22:02:12,750 - AutoSampler-xyzRobot - DEBUG - Waiting for attach....
2012-11-09 22:02:12,894 - AutoSampler-xyzRobot - DEBUG - getXMotorPosition
2012-11-09 22:02:12,894 - AutoSampler-xyzRobot - DEBUG - getYMotorPosition
2012-11-09 22:02:12,894 - AutoSampler-xyzRobot - DEBUG - getZMotorPosition
2012-11-09 22:02:13,933 - AutoSampler-xyzRobot - DEBUG - resetCoordinates
2012-11-09 22:02:13,933 - AutoSampler-xyzRobot - DEBUG - Set Positions of SERVOs and STEPPER MOTORS to 0
2012-11-09 22:02:13,933 - AutoSampler-xyzRobot - DEBUG - getZPosition
2012-11-09 22:02:24,394 - AutoSampler-xyzRobot - DEBUG - getXMotorPosition
2012-11-09 22:02:24,394 - AutoSampler-xyzRobot - DEBUG - getYMotorPosition
2012-11-09 22:02:24,394 - AutoSampler-xyzRobot - DEBUG - getZMotorPosition
2012-11-09 22:02:25,437 - AutoSampler-xyzRobot - DEBUG - resetCoordinates
2012-11-09 22:02:25,437 - AutoSampler-xyzRobot - DEBUG - Set Positions of SERVOs and STEPPER MOTORS to 0
2012-11-09 22:02:25,437 - AutoSampler-xyzRobot - DEBUG - getZPosition
