2012-11-09 22:11:16,318 - AutoSampler-xyzRobot - DEBUG - Waiting for Arm to attach....
2012-11-09 22:11:16,450 - AutoSampler-xyzRobot - DEBUG - Opening phidget object for xsteppers...
2012-11-09 22:11:16,450 - AutoSampler-xyzRobot - DEBUG - Waiting for ystepper motors to attach....
2012-11-09 22:11:16,470 - AutoSampler-xyzRobot - DEBUG - Opening phidget object for ysteppers...
2012-11-09 22:11:16,470 - AutoSampler-xyzRobot - DEBUG - Waiting for ystepper motors to attach....
2012-11-09 22:11:16,490 - AutoSampler-xyzRobot - DEBUG - Opening phidget object for zsteppers...
2012-11-09 22:11:16,490 - AutoSampler-xyzRobot - DEBUG - Waiting for zstepper motors to attach....
2012-11-09 22:11:16,509 - AutoSampler-xyzRobot - DEBUG - Setting Default values for the motor velocity limits
2012-11-09 22:11:16,510 - AutoSampler-xyzRobot - DEBUG - Setting the servo type for motor 0 to PHIDGET_SERVO_HITEC_HS422
2012-11-09 22:11:16,513 - AutoSampler-xyzRobot - DEBUG - Create an interfacekit object
2012-11-09 22:11:16,513 - AutoSampler-xyzRobot - DEBUG - Opening phidget (sensor) object....
2012-11-09 22:11:16,513 - AutoSampler-xyzRobot - DEBUG - Waiting for attach....
2012-11-09 22:11:16,618 - AutoSampler-xyzRobot - DEBUG - getXMotorPosition
2012-11-09 22:11:16,619 - AutoSampler-xyzRobot - DEBUG - getYMotorPosition
2012-11-09 22:11:16,619 - AutoSampler-xyzRobot - DEBUG - getZMotorPosition
2012-11-09 22:11:17,661 - AutoSampler-xyzRobot - DEBUG - resetCoordinates
2012-11-09 22:11:17,663 - AutoSampler-xyzRobot - DEBUG - Set Positions of SERVOs and STEPPER MOTORS to 0
2012-11-09 22:11:17,663 - AutoSampler-xyzRobot - DEBUG - getZPosition
2012-11-09 22:11:40,131 - AutoSampler-xyzRobot - DEBUG - getXMotorPosition
2012-11-09 22:11:40,131 - AutoSampler-xyzRobot - DEBUG - getYMotorPosition
2012-11-09 22:11:40,131 - AutoSampler-xyzRobot - DEBUG - getZMotorPosition
2012-11-09 22:11:41,174 - AutoSampler-xyzRobot - DEBUG - resetCoordinates
2012-11-09 22:11:41,174 - AutoSampler-xyzRobot - DEBUG - Set Positions of SERVOs and STEPPER MOTORS to 0
2012-11-09 22:11:41,174 - AutoSampler-xyzRobot - DEBUG - getZPosition
