2012-11-15 08:57:17,773 - AutoSampler-xyzRobot - DEBUG - Waiting for Arm to attach....
2012-11-15 08:57:17,864 - AutoSampler-xyzRobot - DEBUG - Opening phidget object for xsteppers...
2012-11-15 08:57:17,864 - AutoSampler-xyzRobot - DEBUG - Waiting for ystepper motors to attach....
2012-11-15 08:57:17,885 - AutoSampler-xyzRobot - DEBUG - Opening phidget object for ysteppers...
2012-11-15 08:57:17,885 - AutoSampler-xyzRobot - DEBUG - Waiting for ystepper motors to attach....
2012-11-15 08:57:17,895 - AutoSampler-xyzRobot - DEBUG - Opening phidget object for zsteppers...
2012-11-15 08:57:17,895 - AutoSampler-xyzRobot - DEBUG - Waiting for zstepper motors to attach....
2012-11-15 08:57:17,915 - AutoSampler-xyzRobot - DEBUG - Setting Default values for the motor velocity limits
2012-11-15 08:57:17,917 - AutoSampler-xyzRobot - DEBUG - Setting the servo type for motor 0 to PHIDGET_SERVO_HITEC_HS422
2012-11-15 08:57:17,921 - AutoSampler-xyzRobot - DEBUG - Create an interfacekit object
2012-11-15 08:57:17,921 - AutoSampler-xyzRobot - DEBUG - Opening phidget (sensor) object....
2012-11-15 08:57:17,921 - AutoSampler-xyzRobot - DEBUG - Waiting for attach....
2012-11-15 08:57:18,035 - AutoSampler-xyzRobot - DEBUG - getXMotorPosition
2012-11-15 08:57:18,035 - AutoSampler-xyzRobot - DEBUG - getYMotorPosition
2012-11-15 08:57:18,035 - AutoSampler-xyzRobot - DEBUG - getZMotorPosition
2012-11-15 08:57:18,526 - AutoSampler-xyzRobot - DEBUG - resetCoordinates
2012-11-15 08:57:18,526 - AutoSampler-xyzRobot - DEBUG - Set Positions of SERVOs and STEPPER MOTORS to 0
2012-11-15 08:57:18,526 - AutoSampler-xyzRobot - DEBUG - getZPosition
2012-11-15 08:57:45,130 - AutoSampler-xyzRobot - DEBUG - getXMotorPosition
2012-11-15 08:57:45,130 - AutoSampler-xyzRobot - DEBUG - getYMotorPosition
2012-11-15 08:57:45,130 - AutoSampler-xyzRobot - DEBUG - getZMotorPosition
2012-11-15 08:57:45,516 - AutoSampler-xyzRobot - DEBUG - resetCoordinates
2012-11-15 08:57:45,516 - AutoSampler-xyzRobot - DEBUG - Set Positions of SERVOs and STEPPER MOTORS to 0
2012-11-15 08:57:45,516 - AutoSampler-xyzRobot - DEBUG - getZPosition
