2012-10-04 15:28:59,046 - AutoSampler-xyzRobot - DEBUG - Waiting for Arm to attach....
2012-10-04 15:28:59,187 - AutoSampler-xyzRobot - DEBUG - Opening phidget object for xsteppers...
2012-10-04 15:28:59,187 - AutoSampler-xyzRobot - DEBUG - Waiting for ystepper motors to attach....
2012-10-04 15:28:59,207 - AutoSampler-xyzRobot - DEBUG - Opening phidget object for ysteppers...
2012-10-04 15:28:59,207 - AutoSampler-xyzRobot - DEBUG - Waiting for ystepper motors to attach....
2012-10-04 15:28:59,227 - AutoSampler-xyzRobot - DEBUG - Opening phidget object for zsteppers...
2012-10-04 15:28:59,227 - AutoSampler-xyzRobot - DEBUG - Waiting for zstepper motors to attach....
2012-10-04 15:28:59,237 - AutoSampler-xyzRobot - DEBUG - Setting Default values for the motor velocity limits
2012-10-04 15:28:59,237 - AutoSampler-xyzRobot - DEBUG - Setting the servo type for motor 0 to PHIDGET_SERVO_HITEC_HS422
2012-10-04 15:28:59,239 - AutoSampler-xyzRobot - DEBUG - Create an interfacekit object
2012-10-04 15:28:59,239 - AutoSampler-xyzRobot - DEBUG - Opening phidget (sensor) object....
2012-10-04 15:28:59,240 - AutoSampler-xyzRobot - DEBUG - Waiting for attach....
2012-10-04 15:28:59,342 - AutoSampler-xyzRobot - DEBUG - getXMotorPosition
2012-10-04 15:28:59,342 - AutoSampler-xyzRobot - DEBUG - getYMotorPosition
2012-10-04 15:28:59,342 - AutoSampler-xyzRobot - DEBUG - getZMotorPosition
2012-10-04 15:28:59,509 - AutoSampler-xyzRobot - DEBUG - resetCoordinates
2012-10-04 15:28:59,509 - AutoSampler-xyzRobot - DEBUG - Set Positions of SERVOs and STEPPER MOTORS to 0
2012-10-04 15:28:59,509 - AutoSampler-xyzRobot - DEBUG - getZPosition
2012-10-04 15:29:47,355 - AutoSampler-xyzRobot - DEBUG - turnLightOff
2012-10-04 15:29:48,111 - AutoSampler-xyzRobot - DEBUG - getXMotorPosition
2012-10-04 15:29:48,111 - AutoSampler-xyzRobot - DEBUG - getYMotorPosition
2012-10-04 15:29:48,111 - AutoSampler-xyzRobot - DEBUG - getZMotorPosition
2012-10-04 15:29:48,200 - AutoSampler-xyzRobot - DEBUG - resetCoordinates
2012-10-04 15:29:48,200 - AutoSampler-xyzRobot - DEBUG - Set Positions of SERVOs and STEPPER MOTORS to 0
2012-10-04 15:29:48,200 - AutoSampler-xyzRobot - DEBUG - getZPosition
2012-10-04 15:30:04,588 - AutoSampler-xyzRobot - DEBUG - goToSamplePosition( 1) 
2012-10-04 15:30:04,588 - AutoSampler-xyzRobot - DEBUG - goHome:  Now going to the home position.
2012-10-04 15:30:09,091 - AutoSampler-xyzRobot - DEBUG - Update the coordinates of the arm in terms of the motor
2012-10-04 15:30:09,091 - AutoSampler-xyzRobot - DEBUG - getXPosition
2012-10-04 15:30:09,091 - AutoSampler-xyzRobot - DEBUG - getYPosition
2012-10-04 15:30:09,091 - AutoSampler-xyzRobot - DEBUG - getZPosition
2012-10-04 15:30:09,105 - AutoSampler-xyzRobot - DEBUG - Reset the coordinates of the home position
2012-10-04 15:30:09,105 - AutoSampler-xyzRobot - DEBUG - resetCoordinates
2012-10-04 15:30:09,107 - AutoSampler-xyzRobot - DEBUG - Set Positions of SERVOs and STEPPER MOTORS to 0
2012-10-04 15:30:09,107 - AutoSampler-xyzRobot - DEBUG - getZPosition
2012-10-04 15:30:09,119 - AutoSampler-xyzRobot - DEBUG - Now we are home... We are now going to go to sample position: 1
2012-10-04 15:30:09,121 - AutoSampler-xyzRobot - DEBUG - getXPosition
2012-10-04 15:30:09,121 - AutoSampler-xyzRobot - DEBUG - getYPosition
2012-10-04 15:30:09,121 - AutoSampler-xyzRobot - DEBUG - We are now at x: 0 y: 0
2012-10-04 15:30:09,121 - AutoSampler-xyzRobot - DEBUG - Going to X: 0 and Y: 0
2012-10-04 15:30:09,121 - AutoSampler-xyzRobot - DEBUG - Now move to X:  0
2012-10-04 15:30:11,142 - AutoSampler-xyzRobot - DEBUG - getXPosition
2012-10-04 15:30:11,142 - AutoSampler-xyzRobot - DEBUG - getYPosition
2012-10-04 15:30:11,142 - AutoSampler-xyzRobot - DEBUG - getZPosition
2012-10-04 15:30:11,155 - AutoSampler-xyzRobot - DEBUG - sleep to make sure this is complete..
2012-10-04 15:30:13,155 - AutoSampler-xyzRobot - DEBUG - Now move to Y: 0 
2012-10-04 15:30:15,171 - AutoSampler-xyzRobot - DEBUG - getXPosition
2012-10-04 15:30:15,171 - AutoSampler-xyzRobot - DEBUG - getYPosition
2012-10-04 15:30:15,171 - AutoSampler-xyzRobot - DEBUG - getZPosition
2012-10-04 15:30:15,171 - AutoSampler-xyzRobot - DEBUG - We are now at x: 0 and y: 0 and z: 0
2012-10-04 15:30:15,171 - AutoSampler-xyzRobot - DEBUG - getXPosition
2012-10-04 15:30:15,171 - AutoSampler-xyzRobot - DEBUG - getYPosition
2012-10-04 15:30:15,171 - AutoSampler-xyzRobot - DEBUG - getZPosition
2012-10-04 15:30:15,187 - AutoSampler-xyzRobot - DEBUG - Since we are coming from the start window (startwindow=1), then do not do refinement
2012-10-04 15:30:15,187 - AutoSampler-xyzRobot - DEBUG - getXMotorPosition
2012-10-04 15:30:15,187 - AutoSampler-xyzRobot - DEBUG - getYMotorPosition
2012-10-04 15:30:15,187 - AutoSampler-xyzRobot - DEBUG - getZMotorPosition
2012-10-04 15:30:16,230 - AutoSampler-xyzRobot - DEBUG - resetCoordinates
2012-10-04 15:30:16,230 - AutoSampler-xyzRobot - DEBUG - Set Positions of SERVOs and STEPPER MOTORS to 0
2012-10-04 15:30:16,230 - AutoSampler-xyzRobot - DEBUG - getZPosition
2012-10-04 15:30:24,816 - AutoSampler-xyzRobot - DEBUG - closeGripper:  now close gripper
2012-10-04 15:30:28,286 - AutoSampler-xyzRobot - DEBUG - getXMotorPosition
2012-10-04 15:30:28,286 - AutoSampler-xyzRobot - DEBUG - getYMotorPosition
2012-10-04 15:30:28,286 - AutoSampler-xyzRobot - DEBUG - getZMotorPosition
2012-10-04 15:30:28,368 - AutoSampler-xyzRobot - DEBUG - resetCoordinates
2012-10-04 15:30:28,368 - AutoSampler-xyzRobot - DEBUG - Set Positions of SERVOs and STEPPER MOTORS to 0
2012-10-04 15:30:28,369 - AutoSampler-xyzRobot - DEBUG - getZPosition
2012-10-04 15:30:28,391 - AutoSampler-xyzRobot - DEBUG - openGripper:  now open gripper
2012-10-04 15:30:30,456 - AutoSampler-xyzRobot - DEBUG - getXMotorPosition
2012-10-04 15:30:30,456 - AutoSampler-xyzRobot - DEBUG - getYMotorPosition
2012-10-04 15:30:30,456 - AutoSampler-xyzRobot - DEBUG - getZMotorPosition
2012-10-04 15:30:31,505 - AutoSampler-xyzRobot - DEBUG - resetCoordinates
2012-10-04 15:30:31,505 - AutoSampler-xyzRobot - DEBUG - Set Positions of SERVOs and STEPPER MOTORS to 0
2012-10-04 15:30:31,505 - AutoSampler-xyzRobot - DEBUG - getZPosition
2012-10-04 15:30:31,520 - AutoSampler-xyzRobot - DEBUG - Lowering arm to sample
2012-10-04 15:30:31,522 - AutoSampler-xyzRobot - DEBUG - Now move to Z: 275000 
2012-10-04 15:30:52,947 - AutoSampler-xyzRobot - DEBUG - getXMotorPosition
2012-10-04 15:30:52,947 - AutoSampler-xyzRobot - DEBUG - getYMotorPosition
2012-10-04 15:30:52,947 - AutoSampler-xyzRobot - DEBUG - getZMotorPosition
2012-10-04 15:30:53,012 - AutoSampler-xyzRobot - DEBUG - resetCoordinates
2012-10-04 15:30:53,013 - AutoSampler-xyzRobot - DEBUG - Set Positions of SERVOs and STEPPER MOTORS to 0
2012-10-04 15:30:53,013 - AutoSampler-xyzRobot - DEBUG - getZPosition
2012-10-04 15:31:04,982 - AutoSampler-xyzRobot - DEBUG - closeGripper:  now close gripper
2012-10-04 15:31:08,467 - AutoSampler-xyzRobot - DEBUG - getXMotorPosition
2012-10-04 15:31:08,467 - AutoSampler-xyzRobot - DEBUG - getYMotorPosition
2012-10-04 15:31:08,467 - AutoSampler-xyzRobot - DEBUG - getZMotorPosition
2012-10-04 15:31:08,645 - AutoSampler-xyzRobot - DEBUG - resetCoordinates
2012-10-04 15:31:08,647 - AutoSampler-xyzRobot - DEBUG - Set Positions of SERVOs and STEPPER MOTORS to 0
2012-10-04 15:31:08,647 - AutoSampler-xyzRobot - DEBUG - getZPosition
2012-10-04 15:31:08,664 - AutoSampler-xyzRobot - DEBUG - raiseArmToTop
2012-10-04 15:31:08,664 - AutoSampler-xyzRobot - DEBUG - Now move to Z: 0 
2012-10-04 15:31:29,098 - AutoSampler-xyzRobot - DEBUG - getXMotorPosition
2012-10-04 15:31:29,099 - AutoSampler-xyzRobot - DEBUG - getYMotorPosition
2012-10-04 15:31:29,099 - AutoSampler-xyzRobot - DEBUG - getZMotorPosition
2012-10-04 15:31:29,286 - AutoSampler-xyzRobot - DEBUG - resetCoordinates
2012-10-04 15:31:29,286 - AutoSampler-xyzRobot - DEBUG - Set Positions of SERVOs and STEPPER MOTORS to 0
2012-10-04 15:31:29,286 - AutoSampler-xyzRobot - DEBUG - getZPosition
2012-10-04 15:31:30,664 - AutoSampler-xyzRobot - DEBUG - Lowering arm to sample
2012-10-04 15:31:30,667 - AutoSampler-xyzRobot - DEBUG - Now move to Z: 275000 
2012-10-04 15:31:52,098 - AutoSampler-xyzRobot - DEBUG - getXMotorPosition
2012-10-04 15:31:52,098 - AutoSampler-xyzRobot - DEBUG - getYMotorPosition
2012-10-04 15:31:52,098 - AutoSampler-xyzRobot - DEBUG - getZMotorPosition
2012-10-04 15:31:53,142 - AutoSampler-xyzRobot - DEBUG - resetCoordinates
2012-10-04 15:31:53,142 - AutoSampler-xyzRobot - DEBUG - Set Positions of SERVOs and STEPPER MOTORS to 0
2012-10-04 15:31:53,144 - AutoSampler-xyzRobot - DEBUG - getZPosition
2012-10-04 15:31:53,226 - AutoSampler-xyzRobot - DEBUG - openGripper:  now open gripper
2012-10-04 15:31:55,302 - AutoSampler-xyzRobot - DEBUG - getXMotorPosition
2012-10-04 15:31:55,302 - AutoSampler-xyzRobot - DEBUG - getYMotorPosition
2012-10-04 15:31:55,302 - AutoSampler-xyzRobot - DEBUG - getZMotorPosition
2012-10-04 15:31:55,411 - AutoSampler-xyzRobot - DEBUG - resetCoordinates
2012-10-04 15:31:55,411 - AutoSampler-xyzRobot - DEBUG - Set Positions of SERVOs and STEPPER MOTORS to 0
2012-10-04 15:31:55,413 - AutoSampler-xyzRobot - DEBUG - getZPosition
2012-10-04 15:32:01,644 - AutoSampler-xyzRobot - DEBUG - bumpXMotorDown
2012-10-04 15:32:01,644 - AutoSampler-xyzRobot - DEBUG - start here: 0
2012-10-04 15:32:02,815 - AutoSampler-xyzRobot - DEBUG - getXMotorPosition
2012-10-04 15:32:02,815 - AutoSampler-xyzRobot - DEBUG - getYMotorPosition
2012-10-04 15:32:02,816 - AutoSampler-xyzRobot - DEBUG - getZMotorPosition
2012-10-04 15:32:02,868 - AutoSampler-xyzRobot - DEBUG - resetCoordinates
2012-10-04 15:32:02,868 - AutoSampler-xyzRobot - DEBUG - Set Positions of SERVOs and STEPPER MOTORS to 0
2012-10-04 15:32:02,868 - AutoSampler-xyzRobot - DEBUG - getZPosition
2012-10-04 15:32:06,378 - AutoSampler-xyzRobot - DEBUG - bumpYMotorLeft
2012-10-04 15:32:07,536 - AutoSampler-xyzRobot - DEBUG - getXMotorPosition
2012-10-04 15:32:07,536 - AutoSampler-xyzRobot - DEBUG - getYMotorPosition
2012-10-04 15:32:07,536 - AutoSampler-xyzRobot - DEBUG - getZMotorPosition
2012-10-04 15:32:07,612 - AutoSampler-xyzRobot - DEBUG - resetCoordinates
2012-10-04 15:32:07,612 - AutoSampler-xyzRobot - DEBUG - Set Positions of SERVOs and STEPPER MOTORS to 0
2012-10-04 15:32:07,612 - AutoSampler-xyzRobot - DEBUG - getZPosition
2012-10-04 15:32:30,181 - AutoSampler-xyzRobot - DEBUG - getXPosition
2012-10-04 15:32:30,181 - AutoSampler-xyzRobot - DEBUG - getYPosition
2012-10-04 15:32:30,213 - AutoSampler-xyzRobot - DEBUG - getXMotorPosition
2012-10-04 15:32:30,213 - AutoSampler-xyzRobot - DEBUG - getYMotorPosition
2012-10-04 15:32:30,213 - AutoSampler-xyzRobot - DEBUG - getZMotorPosition
2012-10-04 15:32:30,301 - AutoSampler-xyzRobot - DEBUG - resetCoordinates
2012-10-04 15:32:30,301 - AutoSampler-xyzRobot - DEBUG - Set Positions of SERVOs and STEPPER MOTORS to 0
2012-10-04 15:32:30,301 - AutoSampler-xyzRobot - DEBUG - getZPosition
2012-10-04 15:32:50,687 - AutoSampler-xyzRobot - DEBUG - bumpZMotorDown
2012-10-04 15:32:51,878 - AutoSampler-xyzRobot - DEBUG - getXMotorPosition
2012-10-04 15:32:51,878 - AutoSampler-xyzRobot - DEBUG - getYMotorPosition
2012-10-04 15:32:51,878 - AutoSampler-xyzRobot - DEBUG - getZMotorPosition
2012-10-04 15:32:52,917 - AutoSampler-xyzRobot - DEBUG - resetCoordinates
2012-10-04 15:32:52,917 - AutoSampler-xyzRobot - DEBUG - Set Positions of SERVOs and STEPPER MOTORS to 0
2012-10-04 15:32:52,917 - AutoSampler-xyzRobot - DEBUG - getZPosition
2012-10-04 15:32:55,148 - AutoSampler-xyzRobot - DEBUG - bumpZMotorDown
2012-10-04 15:32:56,344 - AutoSampler-xyzRobot - DEBUG - getXMotorPosition
2012-10-04 15:32:56,344 - AutoSampler-xyzRobot - DEBUG - getYMotorPosition
2012-10-04 15:32:56,345 - AutoSampler-xyzRobot - DEBUG - getZMotorPosition
2012-10-04 15:32:56,397 - AutoSampler-xyzRobot - DEBUG - resetCoordinates
2012-10-04 15:32:56,397 - AutoSampler-xyzRobot - DEBUG - Set Positions of SERVOs and STEPPER MOTORS to 0
2012-10-04 15:32:56,397 - AutoSampler-xyzRobot - DEBUG - getZPosition
2012-10-04 15:33:00,598 - AutoSampler-xyzRobot - DEBUG - bumpZMotorDown
2012-10-04 15:33:01,989 - AutoSampler-xyzRobot - DEBUG - getXMotorPosition
2012-10-04 15:33:01,990 - AutoSampler-xyzRobot - DEBUG - getYMotorPosition
2012-10-04 15:33:01,990 - AutoSampler-xyzRobot - DEBUG - getZMotorPosition
2012-10-04 15:33:02,042 - AutoSampler-xyzRobot - DEBUG - resetCoordinates
2012-10-04 15:33:02,042 - AutoSampler-xyzRobot - DEBUG - Set Positions of SERVOs and STEPPER MOTORS to 0
2012-10-04 15:33:02,042 - AutoSampler-xyzRobot - DEBUG - getZPosition
2012-10-04 15:33:03,101 - AutoSampler-xyzRobot - DEBUG - bumpZMotorDown
2012-10-04 15:33:04,496 - AutoSampler-xyzRobot - DEBUG - getXMotorPosition
2012-10-04 15:33:04,496 - AutoSampler-xyzRobot - DEBUG - getYMotorPosition
2012-10-04 15:33:04,496 - AutoSampler-xyzRobot - DEBUG - getZMotorPosition
2012-10-04 15:33:04,585 - AutoSampler-xyzRobot - DEBUG - resetCoordinates
2012-10-04 15:33:04,585 - AutoSampler-xyzRobot - DEBUG - Set Positions of SERVOs and STEPPER MOTORS to 0
2012-10-04 15:33:04,585 - AutoSampler-xyzRobot - DEBUG - getZPosition
2012-10-04 15:33:05,737 - AutoSampler-xyzRobot - DEBUG - bumpZMotorDown
2012-10-04 15:33:07,121 - AutoSampler-xyzRobot - DEBUG - getXMotorPosition
2012-10-04 15:33:07,121 - AutoSampler-xyzRobot - DEBUG - getYMotorPosition
2012-10-04 15:33:07,121 - AutoSampler-xyzRobot - DEBUG - getZMotorPosition
2012-10-04 15:33:07,174 - AutoSampler-xyzRobot - DEBUG - resetCoordinates
2012-10-04 15:33:07,174 - AutoSampler-xyzRobot - DEBUG - Set Positions of SERVOs and STEPPER MOTORS to 0
2012-10-04 15:33:07,174 - AutoSampler-xyzRobot - DEBUG - getZPosition
2012-10-04 15:33:08,861 - AutoSampler-xyzRobot - DEBUG - bumpZMotorDown
2012-10-04 15:33:10,246 - AutoSampler-xyzRobot - DEBUG - getXMotorPosition
2012-10-04 15:33:10,246 - AutoSampler-xyzRobot - DEBUG - getYMotorPosition
2012-10-04 15:33:10,246 - AutoSampler-xyzRobot - DEBUG - getZMotorPosition
2012-10-04 15:33:11,286 - AutoSampler-xyzRobot - DEBUG - resetCoordinates
2012-10-04 15:33:11,286 - AutoSampler-xyzRobot - DEBUG - Set Positions of SERVOs and STEPPER MOTORS to 0
2012-10-04 15:33:11,286 - AutoSampler-xyzRobot - DEBUG - getZPosition
2012-10-04 15:33:12,214 - AutoSampler-xyzRobot - DEBUG - bumpZMotorDown
2012-10-04 15:33:13,605 - AutoSampler-xyzRobot - DEBUG - getXMotorPosition
2012-10-04 15:33:13,605 - AutoSampler-xyzRobot - DEBUG - getYMotorPosition
2012-10-04 15:33:13,605 - AutoSampler-xyzRobot - DEBUG - getZMotorPosition
2012-10-04 15:33:13,727 - AutoSampler-xyzRobot - DEBUG - resetCoordinates
2012-10-04 15:33:13,727 - AutoSampler-xyzRobot - DEBUG - Set Positions of SERVOs and STEPPER MOTORS to 0
2012-10-04 15:33:13,727 - AutoSampler-xyzRobot - DEBUG - getZPosition
2012-10-04 15:33:15,471 - AutoSampler-xyzRobot - DEBUG - bumpZMotorDown
2012-10-04 15:33:16,868 - AutoSampler-xyzRobot - DEBUG - getXMotorPosition
2012-10-04 15:33:16,868 - AutoSampler-xyzRobot - DEBUG - getYMotorPosition
2012-10-04 15:33:16,868 - AutoSampler-xyzRobot - DEBUG - getZMotorPosition
2012-10-04 15:33:17,907 - AutoSampler-xyzRobot - DEBUG - resetCoordinates
2012-10-04 15:33:17,907 - AutoSampler-xyzRobot - DEBUG - Set Positions of SERVOs and STEPPER MOTORS to 0
2012-10-04 15:33:17,907 - AutoSampler-xyzRobot - DEBUG - getZPosition
2012-10-04 15:33:18,786 - AutoSampler-xyzRobot - DEBUG - bumpZMotorDown
2012-10-04 15:33:20,177 - AutoSampler-xyzRobot - DEBUG - getXMotorPosition
2012-10-04 15:33:20,177 - AutoSampler-xyzRobot - DEBUG - getYMotorPosition
2012-10-04 15:33:20,177 - AutoSampler-xyzRobot - DEBUG - getZMotorPosition
2012-10-04 15:33:20,319 - AutoSampler-xyzRobot - DEBUG - resetCoordinates
2012-10-04 15:33:20,319 - AutoSampler-xyzRobot - DEBUG - Set Positions of SERVOs and STEPPER MOTORS to 0
2012-10-04 15:33:20,321 - AutoSampler-xyzRobot - DEBUG - getZPosition
2012-10-04 15:33:21,368 - AutoSampler-xyzRobot - DEBUG - bumpZMotorDown
2012-10-04 15:33:22,759 - AutoSampler-xyzRobot - DEBUG - getXMotorPosition
2012-10-04 15:33:22,759 - AutoSampler-xyzRobot - DEBUG - getYMotorPosition
2012-10-04 15:33:22,759 - AutoSampler-xyzRobot - DEBUG - getZMotorPosition
2012-10-04 15:33:23,802 - AutoSampler-xyzRobot - DEBUG - resetCoordinates
2012-10-04 15:33:23,802 - AutoSampler-xyzRobot - DEBUG - Set Positions of SERVOs and STEPPER MOTORS to 0
2012-10-04 15:33:23,802 - AutoSampler-xyzRobot - DEBUG - getZPosition
2012-10-04 15:33:24,490 - AutoSampler-xyzRobot - DEBUG - bumpZMotorDown
2012-10-04 15:33:25,878 - AutoSampler-xyzRobot - DEBUG - getXMotorPosition
2012-10-04 15:33:25,878 - AutoSampler-xyzRobot - DEBUG - getYMotorPosition
2012-10-04 15:33:25,878 - AutoSampler-xyzRobot - DEBUG - getZMotorPosition
2012-10-04 15:33:26,933 - AutoSampler-xyzRobot - DEBUG - resetCoordinates
2012-10-04 15:33:26,933 - AutoSampler-xyzRobot - DEBUG - Set Positions of SERVOs and STEPPER MOTORS to 0
2012-10-04 15:33:26,933 - AutoSampler-xyzRobot - DEBUG - getZPosition
2012-10-04 15:33:30,148 - AutoSampler-xyzRobot - DEBUG - bumpZMotorDown
2012-10-04 15:33:31,539 - AutoSampler-xyzRobot - DEBUG - getXMotorPosition
2012-10-04 15:33:31,539 - AutoSampler-xyzRobot - DEBUG - getYMotorPosition
2012-10-04 15:33:31,539 - AutoSampler-xyzRobot - DEBUG - getZMotorPosition
2012-10-04 15:33:31,668 - AutoSampler-xyzRobot - DEBUG - resetCoordinates
2012-10-04 15:33:31,668 - AutoSampler-xyzRobot - DEBUG - Set Positions of SERVOs and STEPPER MOTORS to 0
2012-10-04 15:33:31,668 - AutoSampler-xyzRobot - DEBUG - getZPosition
2012-10-04 15:33:38,174 - AutoSampler-xyzRobot - DEBUG - getXMotorPosition
2012-10-04 15:33:38,174 - AutoSampler-xyzRobot - DEBUG - getYMotorPosition
2012-10-04 15:33:38,174 - AutoSampler-xyzRobot - DEBUG - getZMotorPosition
2012-10-04 15:33:39,217 - AutoSampler-xyzRobot - DEBUG - resetCoordinates
2012-10-04 15:33:39,217 - AutoSampler-xyzRobot - DEBUG - Set Positions of SERVOs and STEPPER MOTORS to 0
2012-10-04 15:33:39,217 - AutoSampler-xyzRobot - DEBUG - getZPosition
2012-10-04 15:33:42,394 - AutoSampler-xyzRobot - DEBUG - closeGripper:  now close gripper
2012-10-04 15:33:45,890 - AutoSampler-xyzRobot - DEBUG - getXMotorPosition
2012-10-04 15:33:45,890 - AutoSampler-xyzRobot - DEBUG - getYMotorPosition
2012-10-04 15:33:45,890 - AutoSampler-xyzRobot - DEBUG - getZMotorPosition
2012-10-04 15:33:45,946 - AutoSampler-xyzRobot - DEBUG - resetCoordinates
2012-10-04 15:33:45,946 - AutoSampler-xyzRobot - DEBUG - Set Positions of SERVOs and STEPPER MOTORS to 0
2012-10-04 15:33:45,947 - AutoSampler-xyzRobot - DEBUG - getZPosition
2012-10-04 15:33:47,391 - AutoSampler-xyzRobot - DEBUG - raiseArmToTop
2012-10-04 15:33:47,391 - AutoSampler-xyzRobot - DEBUG - Now move to Z: 0 
2012-10-04 15:34:11,438 - AutoSampler-xyzRobot - DEBUG - getXMotorPosition
2012-10-04 15:34:11,438 - AutoSampler-xyzRobot - DEBUG - getYMotorPosition
2012-10-04 15:34:11,438 - AutoSampler-xyzRobot - DEBUG - getZMotorPosition
2012-10-04 15:34:12,479 - AutoSampler-xyzRobot - DEBUG - resetCoordinates
2012-10-04 15:34:12,479 - AutoSampler-xyzRobot - DEBUG - Set Positions of SERVOs and STEPPER MOTORS to 0
2012-10-04 15:34:12,479 - AutoSampler-xyzRobot - DEBUG - getZPosition
2012-10-04 15:34:20,460 - AutoSampler-xyzRobot - DEBUG - goToOutsideBalanceFromOutside
2012-10-04 15:34:21,494 - AutoSampler-xyzRobot - DEBUG - first move the y axis to 130000
2012-10-04 15:34:37,566 - AutoSampler-xyzRobot - DEBUG - getXPosition
2012-10-04 15:34:37,566 - AutoSampler-xyzRobot - DEBUG - getYPosition
2012-10-04 15:34:37,566 - AutoSampler-xyzRobot - DEBUG - getZPosition
2012-10-04 15:34:37,566 - AutoSampler-xyzRobot - DEBUG - now located at x: 0 y: 130000 z: 0
2012-10-04 15:34:37,566 - AutoSampler-xyzRobot - DEBUG - getXPosition
2012-10-04 15:34:37,566 - AutoSampler-xyzRobot - DEBUG - getYPosition
2012-10-04 15:34:37,566 - AutoSampler-xyzRobot - DEBUG - getZPosition
2012-10-04 15:34:37,581 - AutoSampler-xyzRobot - DEBUG - now move the x-asis to 33000
2012-10-04 15:34:41,937 - AutoSampler-xyzRobot - DEBUG - getXPosition
2012-10-04 15:34:41,937 - AutoSampler-xyzRobot - DEBUG - getYPosition
2012-10-04 15:34:41,937 - AutoSampler-xyzRobot - DEBUG - getZPosition
2012-10-04 15:34:41,937 - AutoSampler-xyzRobot - DEBUG - now located at x: 33000 y: 130000 z: 0
2012-10-04 15:34:41,937 - AutoSampler-xyzRobot - DEBUG - getXPosition
2012-10-04 15:34:41,937 - AutoSampler-xyzRobot - DEBUG - getYPosition
2012-10-04 15:34:41,937 - AutoSampler-xyzRobot - DEBUG - getZPosition
2012-10-04 15:34:43,964 - AutoSampler-xyzRobot - DEBUG - getXMotorPosition
2012-10-04 15:34:43,964 - AutoSampler-xyzRobot - DEBUG - getYMotorPosition
2012-10-04 15:34:43,964 - AutoSampler-xyzRobot - DEBUG - getZMotorPosition
2012-10-04 15:34:48,703 - AutoSampler-xyzRobot - DEBUG - goToOutsideBalanceFromOutside
2012-10-04 15:34:49,739 - AutoSampler-xyzRobot - DEBUG - first move the y axis to 130000
2012-10-04 15:34:52,757 - AutoSampler-xyzRobot - DEBUG - getXPosition
2012-10-04 15:34:52,757 - AutoSampler-xyzRobot - DEBUG - getYPosition
2012-10-04 15:34:52,757 - AutoSampler-xyzRobot - DEBUG - getZPosition
2012-10-04 15:34:52,757 - AutoSampler-xyzRobot - DEBUG - now located at x: 33000 y: 130000 z: 0
2012-10-04 15:34:52,757 - AutoSampler-xyzRobot - DEBUG - getXPosition
2012-10-04 15:34:52,757 - AutoSampler-xyzRobot - DEBUG - getYPosition
2012-10-04 15:34:52,757 - AutoSampler-xyzRobot - DEBUG - getZPosition
2012-10-04 15:34:52,796 - AutoSampler-xyzRobot - DEBUG - now move the x-asis to 33000
2012-10-04 15:34:53,816 - AutoSampler-xyzRobot - DEBUG - getXPosition
2012-10-04 15:34:53,816 - AutoSampler-xyzRobot - DEBUG - getYPosition
2012-10-04 15:34:53,816 - AutoSampler-xyzRobot - DEBUG - getZPosition
2012-10-04 15:34:53,816 - AutoSampler-xyzRobot - DEBUG - now located at x: 33000 y: 130000 z: 0
2012-10-04 15:34:53,816 - AutoSampler-xyzRobot - DEBUG - getXPosition
2012-10-04 15:34:53,816 - AutoSampler-xyzRobot - DEBUG - getYPosition
2012-10-04 15:34:53,818 - AutoSampler-xyzRobot - DEBUG - getZPosition
2012-10-04 15:34:55,832 - AutoSampler-xyzRobot - DEBUG - getXMotorPosition
2012-10-04 15:34:55,832 - AutoSampler-xyzRobot - DEBUG - getYMotorPosition
2012-10-04 15:34:55,832 - AutoSampler-xyzRobot - DEBUG - getZMotorPosition
2012-10-04 15:34:56,007 - AutoSampler-xyzRobot - DEBUG - goToInsideBalanceFromOutside
2012-10-04 15:34:57,038 - AutoSampler-xyzRobot - DEBUG - now moving x motor to position: 33000
2012-10-04 15:35:01,052 - AutoSampler-xyzRobot - DEBUG - getXPosition
2012-10-04 15:35:01,052 - AutoSampler-xyzRobot - DEBUG - getYPosition
2012-10-04 15:35:01,052 - AutoSampler-xyzRobot - DEBUG - getZPosition
2012-10-04 15:35:01,052 - AutoSampler-xyzRobot - DEBUG - now located at x: 33000 y: 130000 z: 0
2012-10-04 15:35:01,052 - AutoSampler-xyzRobot - DEBUG - getXPosition
2012-10-04 15:35:01,052 - AutoSampler-xyzRobot - DEBUG - getYPosition
2012-10-04 15:35:01,052 - AutoSampler-xyzRobot - DEBUG - getZPosition
2012-10-04 15:35:01,164 - AutoSampler-xyzRobot - DEBUG - adjusting Y position to 159000
2012-10-04 15:35:06,115 - AutoSampler-xyzRobot - DEBUG - getXPosition
2012-10-04 15:35:06,115 - AutoSampler-xyzRobot - DEBUG - getYPosition
2012-10-04 15:35:06,115 - AutoSampler-xyzRobot - DEBUG - getZPosition
2012-10-04 15:35:06,115 - AutoSampler-xyzRobot - DEBUG - now located at x: 33000 y: 159000 z: 0
2012-10-04 15:35:06,115 - AutoSampler-xyzRobot - DEBUG - getXPosition
2012-10-04 15:35:06,115 - AutoSampler-xyzRobot - DEBUG - getYPosition
2012-10-04 15:35:06,115 - AutoSampler-xyzRobot - DEBUG - getZPosition
2012-10-04 15:35:07,127 - AutoSampler-xyzRobot - DEBUG - Now will refine the location based on difference in encoder locations
2012-10-04 15:35:07,127 - AutoSampler-xyzRobot - DEBUG - Completed refinement
2012-10-04 15:35:07,127 - AutoSampler-xyzRobot - DEBUG - getXMotorPosition
2012-10-04 15:35:07,127 - AutoSampler-xyzRobot - DEBUG - getYMotorPosition
2012-10-04 15:35:07,127 - AutoSampler-xyzRobot - DEBUG - getZMotorPosition
2012-10-04 15:35:22,921 - AutoSampler-xyzRobot - DEBUG - bumpZMotorDown
2012-10-04 15:35:25,308 - AutoSampler-xyzRobot - DEBUG - getXMotorPosition
2012-10-04 15:35:25,308 - AutoSampler-xyzRobot - DEBUG - getYMotorPosition
2012-10-04 15:35:25,308 - AutoSampler-xyzRobot - DEBUG - getZMotorPosition
2012-10-04 15:35:31,148 - AutoSampler-xyzRobot - DEBUG - bumpZMotorDown
2012-10-04 15:35:33,536 - AutoSampler-xyzRobot - DEBUG - getXMotorPosition
2012-10-04 15:35:33,536 - AutoSampler-xyzRobot - DEBUG - getYMotorPosition
2012-10-04 15:35:33,536 - AutoSampler-xyzRobot - DEBUG - getZMotorPosition
2012-10-04 15:35:36,595 - AutoSampler-xyzRobot - DEBUG - bumpZMotorDown
2012-10-04 15:35:38,990 - AutoSampler-xyzRobot - DEBUG - getXMotorPosition
2012-10-04 15:35:38,990 - AutoSampler-xyzRobot - DEBUG - getYMotorPosition
2012-10-04 15:35:38,990 - AutoSampler-xyzRobot - DEBUG - getZMotorPosition
2012-10-04 15:35:40,785 - AutoSampler-xyzRobot - DEBUG - bumpZMotorDown
2012-10-04 15:35:43,174 - AutoSampler-xyzRobot - DEBUG - getXMotorPosition
2012-10-04 15:35:43,174 - AutoSampler-xyzRobot - DEBUG - getYMotorPosition
2012-10-04 15:35:43,174 - AutoSampler-xyzRobot - DEBUG - getZMotorPosition
2012-10-04 15:35:44,760 - AutoSampler-xyzRobot - DEBUG - lowerArmToBalance
2012-10-04 15:35:44,760 - AutoSampler-xyzRobot - DEBUG - Now move to Z: 695000 
2012-10-04 15:36:27,918 - AutoSampler-xyzRobot - DEBUG - getXMotorPosition
2012-10-04 15:36:27,918 - AutoSampler-xyzRobot - DEBUG - getYMotorPosition
2012-10-04 15:36:27,920 - AutoSampler-xyzRobot - DEBUG - getZMotorPosition
2012-10-04 15:36:36,724 - AutoSampler-xyzRobot - DEBUG - bumpZMotorDown
2012-10-04 15:36:38,115 - AutoSampler-xyzRobot - DEBUG - getXMotorPosition
2012-10-04 15:36:38,115 - AutoSampler-xyzRobot - DEBUG - getYMotorPosition
2012-10-04 15:36:38,117 - AutoSampler-xyzRobot - DEBUG - getZMotorPosition
2012-10-04 15:36:43,480 - AutoSampler-xyzRobot - DEBUG - bumpZMotorDown
2012-10-04 15:36:45,203 - AutoSampler-xyzRobot - DEBUG - getXMotorPosition
2012-10-04 15:36:45,203 - AutoSampler-xyzRobot - DEBUG - getYMotorPosition
2012-10-04 15:36:45,204 - AutoSampler-xyzRobot - DEBUG - getZMotorPosition
2012-10-04 15:36:47,931 - AutoSampler-xyzRobot - DEBUG - bumpZMotorDown
2012-10-04 15:36:49,657 - AutoSampler-xyzRobot - DEBUG - getXMotorPosition
2012-10-04 15:36:49,657 - AutoSampler-xyzRobot - DEBUG - getYMotorPosition
2012-10-04 15:36:49,657 - AutoSampler-xyzRobot - DEBUG - getZMotorPosition
2012-10-04 15:36:51,148 - AutoSampler-xyzRobot - DEBUG - bumpZMotorDown
2012-10-04 15:36:52,872 - AutoSampler-xyzRobot - DEBUG - getXMotorPosition
2012-10-04 15:36:52,872 - AutoSampler-xyzRobot - DEBUG - getYMotorPosition
2012-10-04 15:36:52,872 - AutoSampler-xyzRobot - DEBUG - getZMotorPosition
2012-10-04 15:36:55,793 - AutoSampler-xyzRobot - DEBUG - bumpZMotorDown
2012-10-04 15:36:57,512 - AutoSampler-xyzRobot - DEBUG - getXMotorPosition
2012-10-04 15:36:57,512 - AutoSampler-xyzRobot - DEBUG - getYMotorPosition
2012-10-04 15:36:57,512 - AutoSampler-xyzRobot - DEBUG - getZMotorPosition
2012-10-04 15:36:58,532 - AutoSampler-xyzRobot - DEBUG - bumpZMotorDown
2012-10-04 15:37:00,257 - AutoSampler-xyzRobot - DEBUG - getXMotorPosition
2012-10-04 15:37:00,257 - AutoSampler-xyzRobot - DEBUG - getYMotorPosition
2012-10-04 15:37:00,257 - AutoSampler-xyzRobot - DEBUG - getZMotorPosition
2012-10-04 15:37:01,335 - AutoSampler-xyzRobot - DEBUG - bumpZMotorDown
2012-10-04 15:37:03,063 - AutoSampler-xyzRobot - DEBUG - getXMotorPosition
2012-10-04 15:37:03,063 - AutoSampler-xyzRobot - DEBUG - getYMotorPosition
2012-10-04 15:37:03,063 - AutoSampler-xyzRobot - DEBUG - getZMotorPosition
2012-10-04 15:37:04,957 - AutoSampler-xyzRobot - DEBUG - bumpZMotorDown
2012-10-04 15:37:06,680 - AutoSampler-xyzRobot - DEBUG - getXMotorPosition
2012-10-04 15:37:06,680 - AutoSampler-xyzRobot - DEBUG - getYMotorPosition
2012-10-04 15:37:06,680 - AutoSampler-xyzRobot - DEBUG - getZMotorPosition
2012-10-04 15:37:08,209 - AutoSampler-xyzRobot - DEBUG - bumpZMotorDown
2012-10-04 15:37:09,936 - AutoSampler-xyzRobot - DEBUG - getXMotorPosition
2012-10-04 15:37:09,936 - AutoSampler-xyzRobot - DEBUG - getYMotorPosition
2012-10-04 15:37:09,937 - AutoSampler-xyzRobot - DEBUG - getZMotorPosition
2012-10-04 15:37:17,275 - AutoSampler-xyzRobot - DEBUG - bumpZMotorDown
2012-10-04 15:37:18,996 - AutoSampler-xyzRobot - DEBUG - getXMotorPosition
2012-10-04 15:37:18,996 - AutoSampler-xyzRobot - DEBUG - getYMotorPosition
2012-10-04 15:37:18,996 - AutoSampler-xyzRobot - DEBUG - getZMotorPosition
2012-10-04 15:37:19,871 - AutoSampler-xyzRobot - DEBUG - bumpZMotorDown
2012-10-04 15:37:21,596 - AutoSampler-xyzRobot - DEBUG - getXMotorPosition
2012-10-04 15:37:21,596 - AutoSampler-xyzRobot - DEBUG - getYMotorPosition
2012-10-04 15:37:21,598 - AutoSampler-xyzRobot - DEBUG - getZMotorPosition
2012-10-04 15:37:24,026 - AutoSampler-xyzRobot - DEBUG - bumpZMotorDown
2012-10-04 15:37:25,747 - AutoSampler-xyzRobot - DEBUG - getXMotorPosition
2012-10-04 15:37:25,747 - AutoSampler-xyzRobot - DEBUG - getYMotorPosition
2012-10-04 15:37:25,747 - AutoSampler-xyzRobot - DEBUG - getZMotorPosition
2012-10-04 15:37:34,362 - AutoSampler-xyzRobot - DEBUG - bumpXMotorDown
2012-10-04 15:37:34,364 - AutoSampler-xyzRobot - DEBUG - start here: 33000
2012-10-04 15:37:35,530 - AutoSampler-xyzRobot - DEBUG - getXMotorPosition
2012-10-04 15:37:35,530 - AutoSampler-xyzRobot - DEBUG - getYMotorPosition
2012-10-04 15:37:35,530 - AutoSampler-xyzRobot - DEBUG - getZMotorPosition
2012-10-04 15:37:43,230 - AutoSampler-xyzRobot - DEBUG - bumpZMotorDown
2012-10-04 15:37:44,953 - AutoSampler-xyzRobot - DEBUG - getXMotorPosition
2012-10-04 15:37:44,953 - AutoSampler-xyzRobot - DEBUG - getYMotorPosition
2012-10-04 15:37:44,953 - AutoSampler-xyzRobot - DEBUG - getZMotorPosition
2012-10-04 15:39:50,673 - AutoSampler-xyzRobot - DEBUG - raiseArmToTop
2012-10-04 15:39:50,673 - AutoSampler-xyzRobot - DEBUG - Now move to Z: 0 
2012-10-04 15:40:47,533 - AutoSampler-xyzRobot - DEBUG - getXMotorPosition
2012-10-04 15:40:47,535 - AutoSampler-xyzRobot - DEBUG - getYMotorPosition
2012-10-04 15:40:47,535 - AutoSampler-xyzRobot - DEBUG - getZMotorPosition
2012-10-04 15:47:18,628 - AutoSampler-xyzRobot - DEBUG - getXMotorPosition
2012-10-04 15:47:18,628 - AutoSampler-xyzRobot - DEBUG - getYMotorPosition
2012-10-04 15:47:18,628 - AutoSampler-xyzRobot - DEBUG - getZMotorPosition
2012-10-04 15:47:19,668 - AutoSampler-xyzRobot - DEBUG - resetCoordinates
2012-10-04 15:47:19,668 - AutoSampler-xyzRobot - DEBUG - Set Positions of SERVOs and STEPPER MOTORS to 0
2012-10-04 15:47:19,670 - AutoSampler-xyzRobot - DEBUG - getZPosition
2012-10-04 15:47:26,864 - AutoSampler-xyzRobot - DEBUG - goToOutsideBalanceFromOutside
2012-10-04 15:47:27,900 - AutoSampler-xyzRobot - DEBUG - first move the y axis to 130000
2012-10-04 15:47:43,960 - AutoSampler-xyzRobot - DEBUG - getXPosition
2012-10-04 15:47:43,960 - AutoSampler-xyzRobot - DEBUG - getYPosition
2012-10-04 15:47:43,960 - AutoSampler-xyzRobot - DEBUG - getZPosition
2012-10-04 15:47:43,960 - AutoSampler-xyzRobot - DEBUG - now located at x: 0 y: 130000 z: 0
2012-10-04 15:47:43,960 - AutoSampler-xyzRobot - DEBUG - getXPosition
2012-10-04 15:47:43,960 - AutoSampler-xyzRobot - DEBUG - getYPosition
2012-10-04 15:47:43,960 - AutoSampler-xyzRobot - DEBUG - getZPosition
2012-10-04 15:47:43,974 - AutoSampler-xyzRobot - DEBUG - now move the x-asis to 33000
2012-10-04 15:47:48,334 - AutoSampler-xyzRobot - DEBUG - getXPosition
2012-10-04 15:47:48,334 - AutoSampler-xyzRobot - DEBUG - getYPosition
2012-10-04 15:47:48,334 - AutoSampler-xyzRobot - DEBUG - getZPosition
2012-10-04 15:47:48,334 - AutoSampler-xyzRobot - DEBUG - now located at x: 33000 y: 130000 z: 0
2012-10-04 15:47:48,334 - AutoSampler-xyzRobot - DEBUG - getXPosition
2012-10-04 15:47:48,334 - AutoSampler-xyzRobot - DEBUG - getYPosition
2012-10-04 15:47:48,334 - AutoSampler-xyzRobot - DEBUG - getZPosition
2012-10-04 15:47:50,346 - AutoSampler-xyzRobot - DEBUG - getXMotorPosition
2012-10-04 15:47:50,346 - AutoSampler-xyzRobot - DEBUG - getYMotorPosition
2012-10-04 15:47:50,346 - AutoSampler-xyzRobot - DEBUG - getZMotorPosition
2012-10-04 15:47:53,354 - AutoSampler-xyzRobot - DEBUG - goToOutsideBalanceFromOutside
2012-10-04 15:47:54,390 - AutoSampler-xyzRobot - DEBUG - first move the y axis to 130000
2012-10-04 15:47:57,408 - AutoSampler-xyzRobot - DEBUG - getXPosition
2012-10-04 15:47:57,408 - AutoSampler-xyzRobot - DEBUG - getYPosition
2012-10-04 15:47:57,408 - AutoSampler-xyzRobot - DEBUG - getZPosition
2012-10-04 15:47:57,410 - AutoSampler-xyzRobot - DEBUG - now located at x: 33000 y: 130000 z: 0
2012-10-04 15:47:57,410 - AutoSampler-xyzRobot - DEBUG - getXPosition
2012-10-04 15:47:57,410 - AutoSampler-xyzRobot - DEBUG - getYPosition
2012-10-04 15:47:57,410 - AutoSampler-xyzRobot - DEBUG - getZPosition
2012-10-04 15:47:57,428 - AutoSampler-xyzRobot - DEBUG - now move the x-asis to 33000
2012-10-04 15:47:58,446 - AutoSampler-xyzRobot - DEBUG - getXPosition
2012-10-04 15:47:58,446 - AutoSampler-xyzRobot - DEBUG - getYPosition
2012-10-04 15:47:58,446 - AutoSampler-xyzRobot - DEBUG - getZPosition
2012-10-04 15:47:58,446 - AutoSampler-xyzRobot - DEBUG - now located at x: 33000 y: 130000 z: 0
2012-10-04 15:47:58,447 - AutoSampler-xyzRobot - DEBUG - getXPosition
2012-10-04 15:47:58,447 - AutoSampler-xyzRobot - DEBUG - getYPosition
2012-10-04 15:47:58,447 - AutoSampler-xyzRobot - DEBUG - getZPosition
2012-10-04 15:48:00,461 - AutoSampler-xyzRobot - DEBUG - getXMotorPosition
2012-10-04 15:48:00,461 - AutoSampler-xyzRobot - DEBUG - getYMotorPosition
2012-10-04 15:48:00,461 - AutoSampler-xyzRobot - DEBUG - getZMotorPosition
2012-10-04 15:48:00,519 - AutoSampler-xyzRobot - DEBUG - goToInsideBalanceFromOutside
2012-10-04 15:48:01,555 - AutoSampler-xyzRobot - DEBUG - now moving x motor to position: 33000
2012-10-04 15:48:05,573 - AutoSampler-xyzRobot - DEBUG - getXPosition
2012-10-04 15:48:05,573 - AutoSampler-xyzRobot - DEBUG - getYPosition
2012-10-04 15:48:05,573 - AutoSampler-xyzRobot - DEBUG - getZPosition
2012-10-04 15:48:05,573 - AutoSampler-xyzRobot - DEBUG - now located at x: 33000 y: 130000 z: 0
2012-10-04 15:48:05,573 - AutoSampler-xyzRobot - DEBUG - getXPosition
2012-10-04 15:48:05,573 - AutoSampler-xyzRobot - DEBUG - getYPosition
2012-10-04 15:48:05,573 - AutoSampler-xyzRobot - DEBUG - getZPosition
2012-10-04 15:48:05,586 - AutoSampler-xyzRobot - DEBUG - adjusting Y position to 159000
2012-10-04 15:48:10,553 - AutoSampler-xyzRobot - DEBUG - getXPosition
2012-10-04 15:48:10,553 - AutoSampler-xyzRobot - DEBUG - getYPosition
2012-10-04 15:48:10,553 - AutoSampler-xyzRobot - DEBUG - getZPosition
2012-10-04 15:48:10,553 - AutoSampler-xyzRobot - DEBUG - now located at x: 33000 y: 159000 z: 0
2012-10-04 15:48:10,555 - AutoSampler-xyzRobot - DEBUG - getXPosition
2012-10-04 15:48:10,555 - AutoSampler-xyzRobot - DEBUG - getYPosition
2012-10-04 15:48:10,555 - AutoSampler-xyzRobot - DEBUG - getZPosition
2012-10-04 15:48:11,571 - AutoSampler-xyzRobot - DEBUG - Now will refine the location based on difference in encoder locations
2012-10-04 15:48:11,571 - AutoSampler-xyzRobot - DEBUG - Completed refinement
2012-10-04 15:48:11,571 - AutoSampler-xyzRobot - DEBUG - getXMotorPosition
2012-10-04 15:48:11,572 - AutoSampler-xyzRobot - DEBUG - getYMotorPosition
2012-10-04 15:48:11,572 - AutoSampler-xyzRobot - DEBUG - getZMotorPosition
2012-10-04 15:48:55,555 - AutoSampler-xyzRobot - DEBUG - bumpXMotorDown
2012-10-04 15:48:55,555 - AutoSampler-xyzRobot - DEBUG - start here: 33000
2012-10-04 15:48:56,717 - AutoSampler-xyzRobot - DEBUG - getXMotorPosition
2012-10-04 15:48:56,717 - AutoSampler-xyzRobot - DEBUG - getYMotorPosition
2012-10-04 15:48:56,717 - AutoSampler-xyzRobot - DEBUG - getZMotorPosition
2012-10-04 15:48:58,073 - AutoSampler-xyzRobot - DEBUG - bumpXMotorDown
2012-10-04 15:48:58,073 - AutoSampler-xyzRobot - DEBUG - start here: 32000
2012-10-04 15:48:59,229 - AutoSampler-xyzRobot - DEBUG - getXMotorPosition
2012-10-04 15:48:59,229 - AutoSampler-xyzRobot - DEBUG - getYMotorPosition
2012-10-04 15:48:59,230 - AutoSampler-xyzRobot - DEBUG - getZMotorPosition
2012-10-04 15:49:05,894 - AutoSampler-xyzRobot - DEBUG - getXPosition
2012-10-04 15:49:05,894 - AutoSampler-xyzRobot - DEBUG - getYPosition
2012-10-04 15:49:05,924 - AutoSampler-xyzRobot - DEBUG - getXMotorPosition
2012-10-04 15:49:05,924 - AutoSampler-xyzRobot - DEBUG - getYMotorPosition
2012-10-04 15:49:05,924 - AutoSampler-xyzRobot - DEBUG - getZMotorPosition
2012-10-04 15:49:06,085 - AutoSampler-xyzRobot - DEBUG - getXMotorPosition
2012-10-04 15:49:06,085 - AutoSampler-xyzRobot - DEBUG - getYMotorPosition
2012-10-04 15:49:06,085 - AutoSampler-xyzRobot - DEBUG - getZMotorPosition
2012-10-04 15:49:07,596 - AutoSampler-xyzRobot - DEBUG - lowerArmToBalance
2012-10-04 15:49:07,598 - AutoSampler-xyzRobot - DEBUG - Now move to Z: 695000 
2012-10-04 15:49:56,095 - AutoSampler-xyzRobot - DEBUG - getXMotorPosition
2012-10-04 15:49:56,095 - AutoSampler-xyzRobot - DEBUG - getYMotorPosition
2012-10-04 15:49:56,096 - AutoSampler-xyzRobot - DEBUG - getZMotorPosition
2012-10-04 15:50:28,960 - AutoSampler-xyzRobot - DEBUG - raiseArmToTop
2012-10-04 15:50:28,960 - AutoSampler-xyzRobot - DEBUG - Now move to Z: 0 
2012-10-04 15:51:17,463 - AutoSampler-xyzRobot - DEBUG - getXMotorPosition
2012-10-04 15:51:17,464 - AutoSampler-xyzRobot - DEBUG - getYMotorPosition
2012-10-04 15:51:17,464 - AutoSampler-xyzRobot - DEBUG - getZMotorPosition
2012-10-04 15:51:18,161 - AutoSampler-xyzRobot - DEBUG - lowerArmToBalance
2012-10-04 15:51:18,161 - AutoSampler-xyzRobot - DEBUG - Now move to Z: 695000 
2012-10-04 15:52:06,677 - AutoSampler-xyzRobot - DEBUG - getXMotorPosition
2012-10-04 15:52:06,677 - AutoSampler-xyzRobot - DEBUG - getYMotorPosition
2012-10-04 15:52:06,678 - AutoSampler-xyzRobot - DEBUG - getZMotorPosition
2012-10-04 15:52:14,173 - AutoSampler-xyzRobot - DEBUG - bumpZMotorDown
2012-10-04 15:52:15,903 - AutoSampler-xyzRobot - DEBUG - getXMotorPosition
2012-10-04 15:52:15,904 - AutoSampler-xyzRobot - DEBUG - getYMotorPosition
2012-10-04 15:52:15,904 - AutoSampler-xyzRobot - DEBUG - getZMotorPosition
2012-10-04 15:52:19,303 - AutoSampler-xyzRobot - DEBUG - bumpZMotorDown
2012-10-04 15:52:21,701 - AutoSampler-xyzRobot - DEBUG - getXMotorPosition
2012-10-04 15:52:21,701 - AutoSampler-xyzRobot - DEBUG - getYMotorPosition
2012-10-04 15:52:21,701 - AutoSampler-xyzRobot - DEBUG - getZMotorPosition
2012-10-04 15:52:23,752 - AutoSampler-xyzRobot - DEBUG - bumpZMotorDown
2012-10-04 15:52:26,147 - AutoSampler-xyzRobot - DEBUG - getXMotorPosition
2012-10-04 15:52:26,148 - AutoSampler-xyzRobot - DEBUG - getYMotorPosition
2012-10-04 15:52:26,148 - AutoSampler-xyzRobot - DEBUG - getZMotorPosition
2012-10-04 15:52:30,855 - AutoSampler-xyzRobot - DEBUG - bumpYMotorRight
2012-10-04 15:52:32,003 - AutoSampler-xyzRobot - DEBUG - getXMotorPosition
2012-10-04 15:52:32,003 - AutoSampler-xyzRobot - DEBUG - getYMotorPosition
2012-10-04 15:52:32,003 - AutoSampler-xyzRobot - DEBUG - getZMotorPosition
2012-10-04 15:52:42,269 - AutoSampler-xyzRobot - DEBUG - getXPosition
2012-10-04 15:52:42,270 - AutoSampler-xyzRobot - DEBUG - getYPosition
2012-10-04 15:52:42,397 - AutoSampler-xyzRobot - DEBUG - getXMotorPosition
2012-10-04 15:52:42,398 - AutoSampler-xyzRobot - DEBUG - getYMotorPosition
2012-10-04 15:52:42,398 - AutoSampler-xyzRobot - DEBUG - getZMotorPosition
2012-10-04 15:52:42,533 - AutoSampler-xyzRobot - DEBUG - getXMotorPosition
2012-10-04 15:52:42,536 - AutoSampler-xyzRobot - DEBUG - getYMotorPosition
2012-10-04 15:52:42,538 - AutoSampler-xyzRobot - DEBUG - getZMotorPosition
2012-10-04 15:52:46,220 - AutoSampler-xyzRobot - DEBUG - bumpZMotorDown
2012-10-04 15:52:48,618 - AutoSampler-xyzRobot - DEBUG - getXMotorPosition
2012-10-04 15:52:48,618 - AutoSampler-xyzRobot - DEBUG - getYMotorPosition
2012-10-04 15:52:48,618 - AutoSampler-xyzRobot - DEBUG - getZMotorPosition
2012-10-04 15:52:52,332 - AutoSampler-xyzRobot - DEBUG - bumpZMotorDown
2012-10-04 15:52:54,056 - AutoSampler-xyzRobot - DEBUG - getXMotorPosition
2012-10-04 15:52:54,056 - AutoSampler-xyzRobot - DEBUG - getYMotorPosition
2012-10-04 15:52:54,058 - AutoSampler-xyzRobot - DEBUG - getZMotorPosition
2012-10-04 15:52:56,523 - AutoSampler-xyzRobot - DEBUG - bumpZMotorDown
2012-10-04 15:52:58,255 - AutoSampler-xyzRobot - DEBUG - getXMotorPosition
2012-10-04 15:52:58,256 - AutoSampler-xyzRobot - DEBUG - getYMotorPosition
2012-10-04 15:52:58,256 - AutoSampler-xyzRobot - DEBUG - getZMotorPosition
2012-10-04 15:52:59,990 - AutoSampler-xyzRobot - DEBUG - bumpZMotorDown
2012-10-04 15:53:01,716 - AutoSampler-xyzRobot - DEBUG - getXMotorPosition
2012-10-04 15:53:01,716 - AutoSampler-xyzRobot - DEBUG - getYMotorPosition
2012-10-04 15:53:01,716 - AutoSampler-xyzRobot - DEBUG - getZMotorPosition
2012-10-04 15:53:12,778 - AutoSampler-xyzRobot - DEBUG - bumpZMotorDown
2012-10-04 15:53:14,174 - AutoSampler-xyzRobot - DEBUG - getXMotorPosition
2012-10-04 15:53:14,174 - AutoSampler-xyzRobot - DEBUG - getYMotorPosition
2012-10-04 15:53:14,174 - AutoSampler-xyzRobot - DEBUG - getZMotorPosition
2012-10-04 15:53:18,378 - AutoSampler-xyzRobot - DEBUG - bumpZMotorDown
2012-10-04 15:53:19,769 - AutoSampler-xyzRobot - DEBUG - getXMotorPosition
2012-10-04 15:53:19,769 - AutoSampler-xyzRobot - DEBUG - getYMotorPosition
2012-10-04 15:53:19,769 - AutoSampler-xyzRobot - DEBUG - getZMotorPosition
2012-10-04 15:53:39,178 - AutoSampler-xyzRobot - DEBUG - openGripper:  now open gripper
2012-10-04 15:53:41,266 - AutoSampler-xyzRobot - DEBUG - getXMotorPosition
2012-10-04 15:53:41,266 - AutoSampler-xyzRobot - DEBUG - getYMotorPosition
2012-10-04 15:53:41,267 - AutoSampler-xyzRobot - DEBUG - getZMotorPosition
2012-10-04 15:53:45,869 - AutoSampler-xyzRobot - DEBUG - bumpZMotorDown
2012-10-04 15:53:47,265 - AutoSampler-xyzRobot - DEBUG - getXMotorPosition
2012-10-04 15:53:47,265 - AutoSampler-xyzRobot - DEBUG - getYMotorPosition
2012-10-04 15:53:47,265 - AutoSampler-xyzRobot - DEBUG - getZMotorPosition
2012-10-04 15:54:03,180 - AutoSampler-xyzRobot - DEBUG - closeGripper:  now close gripper
2012-10-04 15:54:06,674 - AutoSampler-xyzRobot - DEBUG - getXMotorPosition
2012-10-04 15:54:06,674 - AutoSampler-xyzRobot - DEBUG - getYMotorPosition
2012-10-04 15:54:06,674 - AutoSampler-xyzRobot - DEBUG - getZMotorPosition
2012-10-04 15:54:06,759 - AutoSampler-xyzRobot - DEBUG - raiseArmToTop
2012-10-04 15:54:06,759 - AutoSampler-xyzRobot - DEBUG - Now move to Z: 0 
2012-10-04 15:55:02,950 - AutoSampler-xyzRobot - DEBUG - getXMotorPosition
2012-10-04 15:55:02,950 - AutoSampler-xyzRobot - DEBUG - getYMotorPosition
2012-10-04 15:55:02,950 - AutoSampler-xyzRobot - DEBUG - getZMotorPosition
2012-10-04 15:55:28,717 - AutoSampler-xyzRobot - DEBUG - goHome:  Now going to the home position.
2012-10-04 15:55:52,223 - AutoSampler-xyzRobot - DEBUG - Update the coordinates of the arm in terms of the motor
2012-10-04 15:55:52,223 - AutoSampler-xyzRobot - DEBUG - getXPosition
2012-10-04 15:55:52,223 - AutoSampler-xyzRobot - DEBUG - getYPosition
2012-10-04 15:55:52,223 - AutoSampler-xyzRobot - DEBUG - getZPosition
2012-10-04 15:55:52,237 - AutoSampler-xyzRobot - DEBUG - Reset the coordinates of the home position
2012-10-04 15:55:52,237 - AutoSampler-xyzRobot - DEBUG - resetCoordinates
2012-10-04 15:55:52,237 - AutoSampler-xyzRobot - DEBUG - Set Positions of SERVOs and STEPPER MOTORS to 0
2012-10-04 15:55:52,237 - AutoSampler-xyzRobot - DEBUG - getZPosition
2012-10-04 15:55:52,255 - AutoSampler-xyzRobot - DEBUG - getXMotorPosition
2012-10-04 15:55:52,256 - AutoSampler-xyzRobot - DEBUG - getYMotorPosition
2012-10-04 15:55:52,256 - AutoSampler-xyzRobot - DEBUG - getZMotorPosition
2012-10-04 15:55:53,256 - AutoSampler-xyzRobot - DEBUG - getXMotorPosition
2012-10-04 15:55:53,257 - AutoSampler-xyzRobot - DEBUG - getYMotorPosition
2012-10-04 15:55:53,257 - AutoSampler-xyzRobot - DEBUG - getZMotorPosition
2012-10-04 15:55:53,434 - AutoSampler-xyzRobot - DEBUG - resetCoordinates
2012-10-04 15:55:53,434 - AutoSampler-xyzRobot - DEBUG - Set Positions of SERVOs and STEPPER MOTORS to 0
2012-10-04 15:55:53,434 - AutoSampler-xyzRobot - DEBUG - getZPosition
2012-10-04 15:56:16,428 - AutoSampler-xyzRobot - DEBUG - Lowering arm to sample
2012-10-04 15:56:16,428 - AutoSampler-xyzRobot - DEBUG - Now move to Z: 0 
2012-10-04 15:56:19,446 - AutoSampler-xyzRobot - DEBUG - getXMotorPosition
2012-10-04 15:56:19,447 - AutoSampler-xyzRobot - DEBUG - getYMotorPosition
2012-10-04 15:56:19,447 - AutoSampler-xyzRobot - DEBUG - getZMotorPosition
2012-10-04 15:56:20,490 - AutoSampler-xyzRobot - DEBUG - resetCoordinates
2012-10-04 15:56:20,490 - AutoSampler-xyzRobot - DEBUG - Set Positions of SERVOs and STEPPER MOTORS to 0
2012-10-04 15:56:20,490 - AutoSampler-xyzRobot - DEBUG - getZPosition
2012-10-04 15:57:52,138 - AutoSampler-xyzRobot - DEBUG - goToSamplePosition( 2) 
2012-10-04 15:57:52,138 - AutoSampler-xyzRobot - DEBUG - goHome:  Now going to the home position.
2012-10-04 15:57:56,641 - AutoSampler-xyzRobot - DEBUG - Update the coordinates of the arm in terms of the motor
2012-10-04 15:57:56,641 - AutoSampler-xyzRobot - DEBUG - getXPosition
2012-10-04 15:57:56,641 - AutoSampler-xyzRobot - DEBUG - getYPosition
2012-10-04 15:57:56,641 - AutoSampler-xyzRobot - DEBUG - getZPosition
2012-10-04 15:57:56,658 - AutoSampler-xyzRobot - DEBUG - Reset the coordinates of the home position
2012-10-04 15:57:56,658 - AutoSampler-xyzRobot - DEBUG - resetCoordinates
2012-10-04 15:57:56,658 - AutoSampler-xyzRobot - DEBUG - Set Positions of SERVOs and STEPPER MOTORS to 0
2012-10-04 15:57:56,658 - AutoSampler-xyzRobot - DEBUG - getZPosition
2012-10-04 15:57:56,673 - AutoSampler-xyzRobot - DEBUG - Now we are home... We are now going to go to sample position: 2
2012-10-04 15:57:56,674 - AutoSampler-xyzRobot - DEBUG - getXPosition
2012-10-04 15:57:56,674 - AutoSampler-xyzRobot - DEBUG - getYPosition
2012-10-04 15:57:56,674 - AutoSampler-xyzRobot - DEBUG - We are now at x: 0 y: 0
2012-10-04 15:57:56,674 - AutoSampler-xyzRobot - DEBUG - Going to X: 0 and Y: 7500
2012-10-04 15:57:56,674 - AutoSampler-xyzRobot - DEBUG - Now move to X:  0
2012-10-04 15:57:58,693 - AutoSampler-xyzRobot - DEBUG - getXPosition
2012-10-04 15:57:58,694 - AutoSampler-xyzRobot - DEBUG - getYPosition
2012-10-04 15:57:58,694 - AutoSampler-xyzRobot - DEBUG - getZPosition
2012-10-04 15:57:58,707 - AutoSampler-xyzRobot - DEBUG - sleep to make sure this is complete..
2012-10-04 15:58:00,707 - AutoSampler-xyzRobot - DEBUG - Now move to Y: 7500 
2012-10-04 15:58:03,509 - AutoSampler-xyzRobot - DEBUG - getXPosition
2012-10-04 15:58:03,509 - AutoSampler-xyzRobot - DEBUG - getYPosition
2012-10-04 15:58:03,509 - AutoSampler-xyzRobot - DEBUG - getZPosition
2012-10-04 15:58:03,509 - AutoSampler-xyzRobot - DEBUG - We are now at x: 0 and y: 7500 and z: 0
2012-10-04 15:58:03,509 - AutoSampler-xyzRobot - DEBUG - getXPosition
2012-10-04 15:58:03,509 - AutoSampler-xyzRobot - DEBUG - getYPosition
2012-10-04 15:58:03,509 - AutoSampler-xyzRobot - DEBUG - getZPosition
2012-10-04 15:58:03,522 - AutoSampler-xyzRobot - DEBUG - Since we are coming from the start window (startwindow=1), then do not do refinement
2012-10-04 15:58:03,525 - AutoSampler-xyzRobot - DEBUG - getXMotorPosition
2012-10-04 15:58:03,526 - AutoSampler-xyzRobot - DEBUG - getYMotorPosition
2012-10-04 15:58:03,526 - AutoSampler-xyzRobot - DEBUG - getZMotorPosition
2012-10-04 15:58:07,341 - AutoSampler-xyzRobot - DEBUG - goToSamplePosition( 1) 
2012-10-04 15:58:07,341 - AutoSampler-xyzRobot - DEBUG - goHome:  Now going to the home position.
2012-10-04 15:58:11,848 - AutoSampler-xyzRobot - DEBUG - Update the coordinates of the arm in terms of the motor
2012-10-04 15:58:11,849 - AutoSampler-xyzRobot - DEBUG - getXPosition
2012-10-04 15:58:11,849 - AutoSampler-xyzRobot - DEBUG - getYPosition
2012-10-04 15:58:11,849 - AutoSampler-xyzRobot - DEBUG - getZPosition
2012-10-04 15:58:11,865 - AutoSampler-xyzRobot - DEBUG - Reset the coordinates of the home position
2012-10-04 15:58:11,865 - AutoSampler-xyzRobot - DEBUG - resetCoordinates
2012-10-04 15:58:11,865 - AutoSampler-xyzRobot - DEBUG - Set Positions of SERVOs and STEPPER MOTORS to 0
2012-10-04 15:58:11,865 - AutoSampler-xyzRobot - DEBUG - getZPosition
2012-10-04 15:58:11,882 - AutoSampler-xyzRobot - DEBUG - Now we are home... We are now going to go to sample position: 1
2012-10-04 15:58:11,884 - AutoSampler-xyzRobot - DEBUG - getXPosition
2012-10-04 15:58:11,885 - AutoSampler-xyzRobot - DEBUG - getYPosition
2012-10-04 15:58:11,885 - AutoSampler-xyzRobot - DEBUG - We are now at x: 0 y: 0
2012-10-04 15:58:11,887 - AutoSampler-xyzRobot - DEBUG - Going to X: 0 and Y: 0
2012-10-04 15:58:11,887 - AutoSampler-xyzRobot - DEBUG - Now move to X:  0
2012-10-04 15:58:13,901 - AutoSampler-xyzRobot - DEBUG - getXPosition
2012-10-04 15:58:13,901 - AutoSampler-xyzRobot - DEBUG - getYPosition
2012-10-04 15:58:13,901 - AutoSampler-xyzRobot - DEBUG - getZPosition
2012-10-04 15:58:13,911 - AutoSampler-xyzRobot - DEBUG - sleep to make sure this is complete..
2012-10-04 15:58:15,911 - AutoSampler-xyzRobot - DEBUG - Now move to Y: 0 
2012-10-04 15:58:17,928 - AutoSampler-xyzRobot - DEBUG - getXPosition
2012-10-04 15:58:17,928 - AutoSampler-xyzRobot - DEBUG - getYPosition
2012-10-04 15:58:17,928 - AutoSampler-xyzRobot - DEBUG - getZPosition
2012-10-04 15:58:17,928 - AutoSampler-xyzRobot - DEBUG - We are now at x: 0 and y: 0 and z: 0
2012-10-04 15:58:17,928 - AutoSampler-xyzRobot - DEBUG - getXPosition
2012-10-04 15:58:17,928 - AutoSampler-xyzRobot - DEBUG - getYPosition
2012-10-04 15:58:17,928 - AutoSampler-xyzRobot - DEBUG - getZPosition
2012-10-04 15:58:17,941 - AutoSampler-xyzRobot - DEBUG - Since we are coming from the start window (startwindow=1), then do not do refinement
2012-10-04 15:58:17,941 - AutoSampler-xyzRobot - DEBUG - getXMotorPosition
2012-10-04 15:58:17,941 - AutoSampler-xyzRobot - DEBUG - getYMotorPosition
2012-10-04 15:58:17,941 - AutoSampler-xyzRobot - DEBUG - getZMotorPosition
2012-10-04 15:58:18,112 - AutoSampler-xyzRobot - DEBUG - resetCoordinates
2012-10-04 15:58:18,112 - AutoSampler-xyzRobot - DEBUG - Set Positions of SERVOs and STEPPER MOTORS to 0
2012-10-04 15:58:18,112 - AutoSampler-xyzRobot - DEBUG - getZPosition
2012-10-04 15:58:18,167 - AutoSampler-xyzRobot - DEBUG - Lowering arm to sample
2012-10-04 15:58:18,167 - AutoSampler-xyzRobot - DEBUG - Now move to Z: 0 
2012-10-04 15:58:21,184 - AutoSampler-xyzRobot - DEBUG - getXMotorPosition
2012-10-04 15:58:21,184 - AutoSampler-xyzRobot - DEBUG - getYMotorPosition
2012-10-04 15:58:21,184 - AutoSampler-xyzRobot - DEBUG - getZMotorPosition
2012-10-04 15:58:21,286 - AutoSampler-xyzRobot - DEBUG - resetCoordinates
2012-10-04 15:58:21,286 - AutoSampler-xyzRobot - DEBUG - Set Positions of SERVOs and STEPPER MOTORS to 0
2012-10-04 15:58:21,286 - AutoSampler-xyzRobot - DEBUG - getZPosition
2012-10-04 15:58:24,020 - AutoSampler-xyzRobot - DEBUG - Lowering arm to sample
2012-10-04 15:58:24,022 - AutoSampler-xyzRobot - DEBUG - Now move to Z: 0 
2012-10-04 15:58:27,039 - AutoSampler-xyzRobot - DEBUG - getXMotorPosition
2012-10-04 15:58:27,039 - AutoSampler-xyzRobot - DEBUG - getYMotorPosition
2012-10-04 15:58:27,039 - AutoSampler-xyzRobot - DEBUG - getZMotorPosition
2012-10-04 15:58:28,079 - AutoSampler-xyzRobot - DEBUG - resetCoordinates
2012-10-04 15:58:28,081 - AutoSampler-xyzRobot - DEBUG - Set Positions of SERVOs and STEPPER MOTORS to 0
2012-10-04 15:58:28,081 - AutoSampler-xyzRobot - DEBUG - getZPosition
2012-10-04 17:10:52,842 - AutoSampler-xyzRobot - DEBUG - Lowering arm to sample
2012-10-04 17:10:52,842 - AutoSampler-xyzRobot - DEBUG - Now move to Z: 0 
2012-10-04 17:10:55,857 - AutoSampler-xyzRobot - DEBUG - getXMotorPosition
2012-10-04 17:10:55,858 - AutoSampler-xyzRobot - DEBUG - getYMotorPosition
2012-10-04 17:10:55,858 - AutoSampler-xyzRobot - DEBUG - getZMotorPosition
2012-10-04 17:10:55,923 - AutoSampler-xyzRobot - DEBUG - resetCoordinates
2012-10-04 17:10:55,923 - AutoSampler-xyzRobot - DEBUG - Set Positions of SERVOs and STEPPER MOTORS to 0
2012-10-04 17:10:55,924 - AutoSampler-xyzRobot - DEBUG - getZPosition
2012-10-04 17:11:01,431 - AutoSampler-xyzRobot - DEBUG - Lowering arm to sample
2012-10-04 17:11:01,433 - AutoSampler-xyzRobot - DEBUG - Now move to Z: 0 
2012-10-04 17:11:04,446 - AutoSampler-xyzRobot - DEBUG - getXMotorPosition
2012-10-04 17:11:04,447 - AutoSampler-xyzRobot - DEBUG - getYMotorPosition
2012-10-04 17:11:04,447 - AutoSampler-xyzRobot - DEBUG - getZMotorPosition
2012-10-04 17:11:05,486 - AutoSampler-xyzRobot - DEBUG - resetCoordinates
2012-10-04 17:11:05,486 - AutoSampler-xyzRobot - DEBUG - Set Positions of SERVOs and STEPPER MOTORS to 0
2012-10-04 17:11:05,486 - AutoSampler-xyzRobot - DEBUG - getZPosition
