2012-11-15 09:03:40,486 - AutoSampler-DataReadWrite - DEBUG - Reading instant weight from balance
2012-11-15 09:03:40,526 - AutoSampler-DataReadWrite - DEBUG - instant read: S S   0.00041  g

2012-11-15 09:03:40,526 - AutoSampler-DataReadWrite - DEBUG - String value: S S
2012-11-15 09:03:40,526 - AutoSampler-DataReadWrite - DEBUG - Balance Ouput:S S   0.00041  g
--Stable
2012-11-15 09:03:40,526 - AutoSampler-DataReadWrite - DEBUG - Weight: 0.00041
2012-11-15 09:03:40,867 - AutoSampler-DataReadWrite - DEBUG - update tblXY SET i_xposition=0, i_yposition=0, i_zposition=0 where rowid=1
2012-11-15 09:04:07,855 - AutoSampler-DataReadWrite - DEBUG - select v_locationCode, i_numberOfSamples, v_description, f_locationTemperature, f_locationHumidity, d_dateTimeFiring, i_durationOfFiring,i_temperatureOfFiring, v_operatorName from tblRun where i_runID = 1
2012-11-15 09:04:07,862 - AutoSampler-DataReadWrite - DEBUG - Reading instant weight from balance
2012-11-15 09:04:07,904 - AutoSampler-DataReadWrite - DEBUG - instant read: S S   0.00041  g

2012-11-15 09:04:07,904 - AutoSampler-DataReadWrite - DEBUG - String value: S S
2012-11-15 09:04:07,904 - AutoSampler-DataReadWrite - DEBUG - Balance Ouput:S S   0.00041  g
--Stable
2012-11-15 09:04:07,904 - AutoSampler-DataReadWrite - DEBUG - Weight: 0.00041
2012-11-15 09:04:08,250 - AutoSampler-DataReadWrite - DEBUG - update tblXY SET i_xposition=0, i_yposition=0, i_zposition=0 where rowid=1
2012-11-15 09:04:14,529 - AutoSampler-DataReadWrite - DEBUG - select max(i_runID) as max from tblRun
2012-11-15 09:04:14,546 - AutoSampler-DataReadWrite - DEBUG - Reading instant weight from balance
2012-11-15 09:04:14,588 - AutoSampler-DataReadWrite - DEBUG - instant read: S S   0.00041  g

2012-11-15 09:04:14,588 - AutoSampler-DataReadWrite - DEBUG - String value: S S
2012-11-15 09:04:14,588 - AutoSampler-DataReadWrite - DEBUG - Balance Ouput:S S   0.00041  g
--Stable
2012-11-15 09:04:14,588 - AutoSampler-DataReadWrite - DEBUG - Weight: 0.00041
2012-11-15 09:04:14,894 - AutoSampler-DataReadWrite - DEBUG - update tblXY SET i_xposition=0, i_yposition=0, i_zposition=0 where rowid=1
2012-11-15 09:04:14,907 - AutoSampler-DataReadWrite - DEBUG - update correction for temp and humidity
2012-11-15 09:04:14,927 - AutoSampler-DataReadWrite - DEBUG - update tblRun set i_numberOfSamples=3, v_operatorName=CPL, v_locationCode=LMV,v_description=Belle Meade,f_locationTemperature=16.66 where i_RunID=1
2012-11-15 09:05:07,700 - AutoSampler-DataReadWrite - DEBUG - select max(i_runID) as max from tblRun
2012-11-15 09:05:07,706 - AutoSampler-DataReadWrite - DEBUG - Reading instant weight from balance
2012-11-15 09:05:07,743 - AutoSampler-DataReadWrite - DEBUG - instant read: S S   0.00041  g

2012-11-15 09:05:07,743 - AutoSampler-DataReadWrite - DEBUG - String value: S S
2012-11-15 09:05:07,743 - AutoSampler-DataReadWrite - DEBUG - Balance Ouput:S S   0.00041  g
--Stable
2012-11-15 09:05:07,743 - AutoSampler-DataReadWrite - DEBUG - Weight: 0.00041
2012-11-15 09:05:08,091 - AutoSampler-DataReadWrite - DEBUG - update tblXY SET i_xposition=0, i_yposition=0, i_zposition=0 where rowid=1
2012-11-15 09:05:08,109 - AutoSampler-DataReadWrite - DEBUG - update correction for temp and humidity
2012-11-15 09:05:08,118 - AutoSampler-DataReadWrite - DEBUG - update tblRun set i_numberOfSamples=3, v_operatorName=CPL, v_locationCode=LMV,v_description=Belle Meade,f_locationTemperature=16.66 where i_RunID=1
2012-11-15 09:05:12,388 - AutoSampler-DataReadWrite - DEBUG - select max(i_runID) as max from tblRun
2012-11-15 09:05:12,413 - AutoSampler-DataReadWrite - DEBUG - Reading instant weight from balance
2012-11-15 09:05:12,448 - AutoSampler-DataReadWrite - DEBUG - instant read: S S   0.00041  g

2012-11-15 09:05:12,450 - AutoSampler-DataReadWrite - DEBUG - String value: S S
2012-11-15 09:05:12,450 - AutoSampler-DataReadWrite - DEBUG - Balance Ouput:S S   0.00041  g
--Stable
2012-11-15 09:05:12,450 - AutoSampler-DataReadWrite - DEBUG - Weight: 0.00041
2012-11-15 09:05:12,789 - AutoSampler-DataReadWrite - DEBUG - update tblXY SET i_xposition=0, i_yposition=0, i_zposition=0 where rowid=1
2012-11-15 09:05:12,809 - AutoSampler-DataReadWrite - DEBUG - update correction for temp and humidity
2012-11-15 09:05:12,818 - AutoSampler-DataReadWrite - DEBUG - update tblRun set i_numberOfSamples=3, v_operatorName=CPL, v_locationCode=LMV,v_description=Belle Meade,f_locationTemperature=16.66 where i_RunID=1
2012-11-15 09:05:46,088 - AutoSampler-DataReadWrite - DEBUG - select max(i_runID) as max from tblRun
2012-11-15 09:05:46,094 - AutoSampler-DataReadWrite - DEBUG - Reading instant weight from balance
2012-11-15 09:05:46,142 - AutoSampler-DataReadWrite - DEBUG - instant read: S S   0.00041  g

2012-11-15 09:05:46,142 - AutoSampler-DataReadWrite - DEBUG - String value: S S
2012-11-15 09:05:46,142 - AutoSampler-DataReadWrite - DEBUG - Balance Ouput:S S   0.00041  g
--Stable
2012-11-15 09:05:46,142 - AutoSampler-DataReadWrite - DEBUG - Weight: 0.00041
2012-11-15 09:05:46,618 - AutoSampler-DataReadWrite - DEBUG - update tblXY SET i_xposition=0, i_yposition=0, i_zposition=0 where rowid=1
2012-11-15 09:05:46,642 - AutoSampler-DataReadWrite - DEBUG - update correction for temp and humidity
2012-11-15 09:05:46,654 - AutoSampler-DataReadWrite - DEBUG - update tblRun set i_numberOfSamples=3, v_operatorName=CPL, v_locationCode=LMV,v_description=Belle Meade,f_locationTemperature=16.66 where i_RunID=1
2012-11-15 09:05:56,257 - AutoSampler-DataReadWrite - DEBUG - select max(i_runID) as max from tblRun
2012-11-15 09:05:56,263 - AutoSampler-DataReadWrite - DEBUG - Reading instant weight from balance
2012-11-15 09:05:56,303 - AutoSampler-DataReadWrite - DEBUG - instant read: S S   0.00041  g

2012-11-15 09:05:56,303 - AutoSampler-DataReadWrite - DEBUG - String value: S S
2012-11-15 09:05:56,303 - AutoSampler-DataReadWrite - DEBUG - Balance Ouput:S S   0.00041  g
--Stable
2012-11-15 09:05:56,303 - AutoSampler-DataReadWrite - DEBUG - Weight: 0.00041
2012-11-15 09:05:56,589 - AutoSampler-DataReadWrite - DEBUG - update tblXY SET i_xposition=0, i_yposition=0, i_zposition=0 where rowid=1
2012-11-15 09:05:56,612 - AutoSampler-DataReadWrite - DEBUG - update correction for temp and humidity
2012-11-15 09:05:56,621 - AutoSampler-DataReadWrite - DEBUG - update tblRun set i_numberOfSamples=3, v_operatorName=CPL, v_locationCode=LMV,v_description=Belle Meade,f_locationTemperature=16.66 where i_RunID=1
