2012-10-26 19:28:08,765 - AutoSampler-xyzRobot - DEBUG - Waiting for Arm to attach....
2012-10-26 19:28:08,846 - AutoSampler-xyzRobot - DEBUG - Opening phidget object for xsteppers...
2012-10-26 19:28:08,846 - AutoSampler-xyzRobot - DEBUG - Waiting for ystepper motors to attach....
2012-10-26 19:28:08,857 - AutoSampler-xyzRobot - DEBUG - Opening phidget object for ysteppers...
2012-10-26 19:28:08,858 - AutoSampler-xyzRobot - DEBUG - Waiting for ystepper motors to attach....
2012-10-26 19:28:08,878 - AutoSampler-xyzRobot - DEBUG - Opening phidget object for zsteppers...
2012-10-26 19:28:08,878 - AutoSampler-xyzRobot - DEBUG - Waiting for zstepper motors to attach....
2012-10-26 19:28:08,898 - AutoSampler-xyzRobot - DEBUG - Setting Default values for the motor velocity limits
2012-10-26 19:28:08,900 - AutoSampler-xyzRobot - DEBUG - Setting the servo type for motor 0 to PHIDGET_SERVO_HITEC_HS422
2012-10-26 19:28:08,904 - AutoSampler-xyzRobot - DEBUG - Create an interfacekit object
2012-10-26 19:28:08,904 - AutoSampler-xyzRobot - DEBUG - Opening phidget (sensor) object....
2012-10-26 19:28:08,905 - AutoSampler-xyzRobot - DEBUG - Waiting for attach....
2012-10-26 19:28:09,088 - AutoSampler-xyzRobot - DEBUG - getXMotorPosition
2012-10-26 19:28:09,088 - AutoSampler-xyzRobot - DEBUG - getYMotorPosition
2012-10-26 19:28:09,088 - AutoSampler-xyzRobot - DEBUG - getZMotorPosition
2012-10-26 19:28:22,828 - AutoSampler-xyzRobot - DEBUG - Waiting for Arm to attach....
2012-10-26 19:28:22,930 - AutoSampler-xyzRobot - DEBUG - Opening phidget object for xsteppers...
2012-10-26 19:28:22,930 - AutoSampler-xyzRobot - DEBUG - Waiting for ystepper motors to attach....
2012-10-26 19:28:22,951 - AutoSampler-xyzRobot - DEBUG - Opening phidget object for ysteppers...
2012-10-26 19:28:22,951 - AutoSampler-xyzRobot - DEBUG - Waiting for ystepper motors to attach....
2012-10-26 19:28:22,971 - AutoSampler-xyzRobot - DEBUG - Opening phidget object for zsteppers...
2012-10-26 19:28:22,971 - AutoSampler-xyzRobot - DEBUG - Waiting for zstepper motors to attach....
2012-10-26 19:28:22,993 - AutoSampler-xyzRobot - DEBUG - Setting Default values for the motor velocity limits
2012-10-26 19:28:22,996 - AutoSampler-xyzRobot - DEBUG - Setting the servo type for motor 0 to PHIDGET_SERVO_HITEC_HS422
2012-10-26 19:28:23,000 - AutoSampler-xyzRobot - DEBUG - Create an interfacekit object
2012-10-26 19:28:23,000 - AutoSampler-xyzRobot - DEBUG - Opening phidget (sensor) object....
2012-10-26 19:28:23,000 - AutoSampler-xyzRobot - DEBUG - Waiting for attach....
2012-10-26 19:28:23,096 - AutoSampler-xyzRobot - DEBUG - getXMotorPosition
2012-10-26 19:28:23,096 - AutoSampler-xyzRobot - DEBUG - getYMotorPosition
2012-10-26 19:28:23,096 - AutoSampler-xyzRobot - DEBUG - getZMotorPosition
