2012-11-15 12:40:18,686 - weighApp - DEBUG - select i_numberOfSamples, v_operatorName, v_locationCode,v_description,f_locationTemperature, i_temperatureOfFiring, d_dateTimeFiring, i_durationOfFiring from tblRun
2012-11-15 12:40:18,687 - weighApp - DEBUG - select max(i_runID) as max from tblRun
2012-11-15 12:40:18,687 - weighApp - DEBUG - select i_numberOfSamples from tblRun
2012-11-15 12:40:18,690 - weighApp - DEBUG - select max(i_runID) as max from tblRun
2012-11-15 12:40:35,279 - weighApp - DEBUG - update tblRun set i_numberOfSamples=3, v_operatorName=CPL, v_locationCode=LMV,v_description=Belle Meade,f_locationTemperature=16.66 where i_RunID=1
2012-11-15 12:40:35,519 - weighApp - DEBUG - update tblRun set d_dateTimeFiring=10-10-12 10:10,d_endOfFiring=10-12-12 12:10, i_temperatureOfFiring=500, i_durationOfFiring=3000 where i_RunID=1
2012-11-15 12:40:35,805 - weighApp - DEBUG - Now on crucible: 1
2012-11-15 12:40:39,888 - weighApp - DEBUG - insert  measurement into tblMeasurement
2012-11-15 12:40:39,890 - weighApp - DEBUG - insert into tblMeasurement (i_runID,i_positionNumber,f_weight,d_datetime,i_count,i_preOrPost) VALUES (1,1,34.6473,2012-11-15 12:40:39.890000,3,3)
2012-11-15 12:40:41,108 - weighApp - DEBUG - insert  measurement into tblMeasurement
2012-11-15 12:40:41,109 - weighApp - DEBUG - insert into tblMeasurement (i_runID,i_positionNumber,f_weight,d_datetime,i_count,i_preOrPost) VALUES (1,1,34.6473,2012-11-15 12:40:41.110000,4,3)
2012-11-15 12:40:42,331 - weighApp - DEBUG - insert  measurement into tblMeasurement
2012-11-15 12:40:42,331 - weighApp - DEBUG - insert into tblMeasurement (i_runID,i_positionNumber,f_weight,d_datetime,i_count,i_preOrPost) VALUES (1,1,34.6472,2012-11-15 12:40:42.331000,5,3)
2012-11-15 12:40:43,673 - weighApp - DEBUG - insert  measurement into tblMeasurement
2012-11-15 12:40:43,674 - weighApp - DEBUG - insert into tblMeasurement (i_runID,i_positionNumber,f_weight,d_datetime,i_count,i_preOrPost) VALUES (1,1,34.6472,2012-11-15 12:40:43.674000,6,3)
2012-11-15 12:40:43,842 - weighApp - DEBUG - select avg(f_weight) as avg, stdev(f_weight) as stdev  from tblMeasurement  where i_runID=1 AND i_positionNumber=1 AND i_preOrPost= 3
2012-11-15 12:40:43,842 - weighApp - DEBUG - update crucible record with postfire (550) weight, etc.
2012-11-15 12:40:44,153 - weighApp - DEBUG - update sample record with postfire ( 550) weight, etc.
2012-11-15 12:40:44,154 - weighApp - DEBUG - select f_emptyWeightAverage, f_emptyWeightStdDev from tblCrucible where i_runID=1 and i_positionNumber=1
2012-11-15 12:40:45,628 - weighApp - DEBUG - insert  measurement into tblMeasurement
2012-11-15 12:40:45,628 - weighApp - DEBUG - insert into tblMeasurement (i_runID,i_positionNumber,f_weight,d_datetime,i_count,i_preOrPost) VALUES (1,1,34.6472,2012-11-15 12:40:45.628000,7,3)
2012-11-15 12:40:45,869 - weighApp - DEBUG - select avg(f_weight) as avg, stdev(f_weight) as stdev  from tblMeasurement  where i_runID=1 AND i_positionNumber=1 AND i_preOrPost= 3
2012-11-15 12:40:45,871 - weighApp - DEBUG - update crucible record with postfire (550) weight, etc.
2012-11-15 12:40:45,993 - weighApp - DEBUG - update sample record with postfire ( 550) weight, etc.
2012-11-15 12:40:45,993 - weighApp - DEBUG - select f_emptyWeightAverage, f_emptyWeightStdDev from tblCrucible where i_runID=1 and i_positionNumber=1
2012-11-15 12:40:47,216 - weighApp - DEBUG - insert  measurement into tblMeasurement
2012-11-15 12:40:47,216 - weighApp - DEBUG - insert into tblMeasurement (i_runID,i_positionNumber,f_weight,d_datetime,i_count,i_preOrPost) VALUES (1,1,34.6472,2012-11-15 12:40:47.216000,8,3)
2012-11-15 12:40:47,368 - weighApp - DEBUG - select avg(f_weight) as avg, stdev(f_weight) as stdev  from tblMeasurement  where i_runID=1 AND i_positionNumber=1 AND i_preOrPost= 3
2012-11-15 12:40:47,368 - weighApp - DEBUG - update crucible record with postfire (550) weight, etc.
2012-11-15 12:40:47,526 - weighApp - DEBUG - update sample record with postfire ( 550) weight, etc.
2012-11-15 12:40:47,528 - weighApp - DEBUG - select f_emptyWeightAverage, f_emptyWeightStdDev from tblCrucible where i_runID=1 and i_positionNumber=1
2012-11-15 12:40:48,690 - weighApp - DEBUG - insert  measurement into tblMeasurement
2012-11-15 12:40:48,690 - weighApp - DEBUG - insert into tblMeasurement (i_runID,i_positionNumber,f_weight,d_datetime,i_count,i_preOrPost) VALUES (1,1,34.6472,2012-11-15 12:40:48.690000,9,3)
2012-11-15 12:40:48,832 - weighApp - DEBUG - select avg(f_weight) as avg, stdev(f_weight) as stdev  from tblMeasurement  where i_runID=1 AND i_positionNumber=1 AND i_preOrPost= 3
2012-11-15 12:40:48,834 - weighApp - DEBUG - update crucible record with postfire (550) weight, etc.
2012-11-15 12:40:48,969 - weighApp - DEBUG - update sample record with postfire ( 550) weight, etc.
2012-11-15 12:40:48,969 - weighApp - DEBUG - select f_emptyWeightAverage, f_emptyWeightStdDev from tblCrucible where i_runID=1 and i_positionNumber=1
2012-11-15 12:40:50,161 - weighApp - DEBUG - insert  measurement into tblMeasurement
2012-11-15 12:40:50,161 - weighApp - DEBUG - insert into tblMeasurement (i_runID,i_positionNumber,f_weight,d_datetime,i_count,i_preOrPost) VALUES (1,1,34.6472,2012-11-15 12:40:50.161000,10,3)
2012-11-15 12:40:50,316 - weighApp - DEBUG - select avg(f_weight) as avg, stdev(f_weight) as stdev  from tblMeasurement  where i_runID=1 AND i_positionNumber=1 AND i_preOrPost= 3
2012-11-15 12:40:50,316 - weighApp - DEBUG - update crucible record with postfire (550) weight, etc.
2012-11-15 12:40:50,434 - weighApp - DEBUG - update sample record with postfire ( 550) weight, etc.
2012-11-15 12:40:50,434 - weighApp - DEBUG - select f_emptyWeightAverage, f_emptyWeightStdDev from tblCrucible where i_runID=1 and i_positionNumber=1
2012-11-15 12:40:51,730 - weighApp - DEBUG - insert  measurement into tblMeasurement
2012-11-15 12:40:51,730 - weighApp - DEBUG - insert into tblMeasurement (i_runID,i_positionNumber,f_weight,d_datetime,i_count,i_preOrPost) VALUES (1,1,34.6472,2012-11-15 12:40:51.731000,11,3)
2012-11-15 12:40:51,851 - weighApp - DEBUG - select avg(f_weight) as avg, stdev(f_weight) as stdev  from tblMeasurement  where i_runID=1 AND i_positionNumber=1 AND i_preOrPost= 3
2012-11-15 12:40:51,851 - weighApp - DEBUG - update crucible record with postfire (550) weight, etc.
2012-11-15 12:40:51,960 - weighApp - DEBUG - update sample record with postfire ( 550) weight, etc.
2012-11-15 12:40:51,960 - weighApp - DEBUG - select f_emptyWeightAverage, f_emptyWeightStdDev from tblCrucible where i_runID=1 and i_positionNumber=1
2012-11-15 12:40:53,196 - weighApp - DEBUG - insert  measurement into tblMeasurement
2012-11-15 12:40:53,197 - weighApp - DEBUG - insert into tblMeasurement (i_runID,i_positionNumber,f_weight,d_datetime,i_count,i_preOrPost) VALUES (1,1,34.6472,2012-11-15 12:40:53.196000,12,3)
2012-11-15 12:40:53,323 - weighApp - DEBUG - select avg(f_weight) as avg, stdev(f_weight) as stdev  from tblMeasurement  where i_runID=1 AND i_positionNumber=1 AND i_preOrPost= 3
2012-11-15 12:40:53,323 - weighApp - DEBUG - update crucible record with postfire (550) weight, etc.
2012-11-15 12:40:53,467 - weighApp - DEBUG - update sample record with postfire ( 550) weight, etc.
2012-11-15 12:40:53,467 - weighApp - DEBUG - select f_emptyWeightAverage, f_emptyWeightStdDev from tblCrucible where i_runID=1 and i_positionNumber=1
2012-11-15 12:40:54,661 - weighApp - DEBUG - insert  measurement into tblMeasurement
2012-11-15 12:40:54,661 - weighApp - DEBUG - insert into tblMeasurement (i_runID,i_positionNumber,f_weight,d_datetime,i_count,i_preOrPost) VALUES (1,1,34.6471,2012-11-15 12:40:54.662000,13,3)
2012-11-15 12:40:54,779 - weighApp - DEBUG - select avg(f_weight) as avg, stdev(f_weight) as stdev  from tblMeasurement  where i_runID=1 AND i_positionNumber=1 AND i_preOrPost= 3
2012-11-15 12:40:54,779 - weighApp - DEBUG - update crucible record with postfire (550) weight, etc.
2012-11-15 12:40:54,904 - weighApp - DEBUG - update sample record with postfire ( 550) weight, etc.
2012-11-15 12:40:54,905 - weighApp - DEBUG - select f_emptyWeightAverage, f_emptyWeightStdDev from tblCrucible where i_runID=1 and i_positionNumber=1
2012-11-15 12:40:56,127 - weighApp - DEBUG - insert  measurement into tblMeasurement
2012-11-15 12:40:56,127 - weighApp - DEBUG - insert into tblMeasurement (i_runID,i_positionNumber,f_weight,d_datetime,i_count,i_preOrPost) VALUES (1,1,34.6471,2012-11-15 12:40:56.127000,14,3)
2012-11-15 12:40:56,247 - weighApp - DEBUG - select avg(f_weight) as avg, stdev(f_weight) as stdev  from tblMeasurement  where i_runID=1 AND i_positionNumber=1 AND i_preOrPost= 3
2012-11-15 12:40:56,249 - weighApp - DEBUG - update crucible record with postfire (550) weight, etc.
2012-11-15 12:40:56,388 - weighApp - DEBUG - update sample record with postfire ( 550) weight, etc.
2012-11-15 12:40:56,388 - weighApp - DEBUG - select f_emptyWeightAverage, f_emptyWeightStdDev from tblCrucible where i_runID=1 and i_positionNumber=1
2012-11-15 12:40:57,591 - weighApp - DEBUG - insert  measurement into tblMeasurement
2012-11-15 12:40:57,592 - weighApp - DEBUG - insert into tblMeasurement (i_runID,i_positionNumber,f_weight,d_datetime,i_count,i_preOrPost) VALUES (1,1,34.6471,2012-11-15 12:40:57.592000,15,3)
2012-11-15 12:40:57,796 - weighApp - DEBUG - select avg(f_weight) as avg, stdev(f_weight) as stdev  from tblMeasurement  where i_runID=1 AND i_positionNumber=1 AND i_preOrPost= 3
2012-11-15 12:40:57,796 - weighApp - DEBUG - update crucible record with postfire (550) weight, etc.
2012-11-15 12:40:57,920 - weighApp - DEBUG - update sample record with postfire ( 550) weight, etc.
2012-11-15 12:40:57,920 - weighApp - DEBUG - select f_emptyWeightAverage, f_emptyWeightStdDev from tblCrucible where i_runID=1 and i_positionNumber=1
2012-11-15 12:40:59,180 - weighApp - DEBUG - insert  measurement into tblMeasurement
2012-11-15 12:40:59,180 - weighApp - DEBUG - insert into tblMeasurement (i_runID,i_positionNumber,f_weight,d_datetime,i_count,i_preOrPost) VALUES (1,1,34.6471,2012-11-15 12:40:59.181000,16,3)
2012-11-15 12:40:59,437 - weighApp - DEBUG - select avg(f_weight) as avg, stdev(f_weight) as stdev  from tblMeasurement  where i_runID=1 AND i_positionNumber=1 AND i_preOrPost= 3
2012-11-15 12:40:59,438 - weighApp - DEBUG - update crucible record with postfire (550) weight, etc.
2012-11-15 12:40:59,555 - weighApp - DEBUG - update sample record with postfire ( 550) weight, etc.
2012-11-15 12:40:59,555 - weighApp - DEBUG - select f_emptyWeightAverage, f_emptyWeightStdDev from tblCrucible where i_runID=1 and i_positionNumber=1
2012-11-15 12:41:00,687 - weighApp - DEBUG - Now on crucible: 2
2012-11-15 12:41:04,306 - weighApp - DEBUG - insert  measurement into tblMeasurement
2012-11-15 12:41:04,306 - weighApp - DEBUG - insert into tblMeasurement (i_runID,i_positionNumber,f_weight,d_datetime,i_count,i_preOrPost) VALUES (1,2,34.6472,2012-11-15 12:41:04.307000,3,3)
2012-11-15 12:41:05,536 - weighApp - DEBUG - insert  measurement into tblMeasurement
2012-11-15 12:41:05,536 - weighApp - DEBUG - insert into tblMeasurement (i_runID,i_positionNumber,f_weight,d_datetime,i_count,i_preOrPost) VALUES (1,2,34.6472,2012-11-15 12:41:05.537000,4,3)
2012-11-15 12:41:06,750 - weighApp - DEBUG - insert  measurement into tblMeasurement
2012-11-15 12:41:06,750 - weighApp - DEBUG - insert into tblMeasurement (i_runID,i_positionNumber,f_weight,d_datetime,i_count,i_preOrPost) VALUES (1,2,34.6472,2012-11-15 12:41:06.750000,5,3)
2012-11-15 12:41:07,970 - weighApp - DEBUG - insert  measurement into tblMeasurement
2012-11-15 12:41:07,970 - weighApp - DEBUG - insert into tblMeasurement (i_runID,i_positionNumber,f_weight,d_datetime,i_count,i_preOrPost) VALUES (1,2,34.6473,2012-11-15 12:41:07.971000,6,3)
2012-11-15 12:41:08,207 - weighApp - DEBUG - select avg(f_weight) as avg, stdev(f_weight) as stdev  from tblMeasurement  where i_runID=1 AND i_positionNumber=2 AND i_preOrPost= 3
2012-11-15 12:41:08,207 - weighApp - DEBUG - update crucible record with postfire (550) weight, etc.
2012-11-15 12:41:08,440 - weighApp - DEBUG - update sample record with postfire ( 550) weight, etc.
2012-11-15 12:41:08,441 - weighApp - DEBUG - select f_emptyWeightAverage, f_emptyWeightStdDev from tblCrucible where i_runID=1 and i_positionNumber=2
2012-11-15 12:41:09,687 - weighApp - DEBUG - insert  measurement into tblMeasurement
2012-11-15 12:41:09,687 - weighApp - DEBUG - insert into tblMeasurement (i_runID,i_positionNumber,f_weight,d_datetime,i_count,i_preOrPost) VALUES (1,2,34.6473,2012-11-15 12:41:09.687000,7,3)
2012-11-15 12:41:09,825 - weighApp - DEBUG - select avg(f_weight) as avg, stdev(f_weight) as stdev  from tblMeasurement  where i_runID=1 AND i_positionNumber=2 AND i_preOrPost= 3
2012-11-15 12:41:09,825 - weighApp - DEBUG - update crucible record with postfire (550) weight, etc.
2012-11-15 12:41:09,959 - weighApp - DEBUG - update sample record with postfire ( 550) weight, etc.
2012-11-15 12:41:09,960 - weighApp - DEBUG - select f_emptyWeightAverage, f_emptyWeightStdDev from tblCrucible where i_runID=1 and i_positionNumber=2
2012-11-15 12:41:11,148 - weighApp - DEBUG - insert  measurement into tblMeasurement
2012-11-15 12:41:11,148 - weighApp - DEBUG - insert into tblMeasurement (i_runID,i_positionNumber,f_weight,d_datetime,i_count,i_preOrPost) VALUES (1,2,34.6473,2012-11-15 12:41:11.149000,8,3)
2012-11-15 12:41:11,299 - weighApp - DEBUG - select avg(f_weight) as avg, stdev(f_weight) as stdev  from tblMeasurement  where i_runID=1 AND i_positionNumber=2 AND i_preOrPost= 3
2012-11-15 12:41:11,299 - weighApp - DEBUG - update crucible record with postfire (550) weight, etc.
2012-11-15 12:41:11,444 - weighApp - DEBUG - update sample record with postfire ( 550) weight, etc.
2012-11-15 12:41:11,444 - weighApp - DEBUG - select f_emptyWeightAverage, f_emptyWeightStdDev from tblCrucible where i_runID=1 and i_positionNumber=2
2012-11-15 12:41:12,733 - weighApp - DEBUG - insert  measurement into tblMeasurement
2012-11-15 12:41:12,733 - weighApp - DEBUG - insert into tblMeasurement (i_runID,i_positionNumber,f_weight,d_datetime,i_count,i_preOrPost) VALUES (1,2,34.6473,2012-11-15 12:41:12.733000,9,3)
2012-11-15 12:41:12,848 - weighApp - DEBUG - select avg(f_weight) as avg, stdev(f_weight) as stdev  from tblMeasurement  where i_runID=1 AND i_positionNumber=2 AND i_preOrPost= 3
2012-11-15 12:41:12,848 - weighApp - DEBUG - update crucible record with postfire (550) weight, etc.
2012-11-15 12:41:12,973 - weighApp - DEBUG - update sample record with postfire ( 550) weight, etc.
2012-11-15 12:41:12,974 - weighApp - DEBUG - select f_emptyWeightAverage, f_emptyWeightStdDev from tblCrucible where i_runID=1 and i_positionNumber=2
2012-11-15 12:41:14,197 - weighApp - DEBUG - insert  measurement into tblMeasurement
2012-11-15 12:41:14,198 - weighApp - DEBUG - insert into tblMeasurement (i_runID,i_positionNumber,f_weight,d_datetime,i_count,i_preOrPost) VALUES (1,2,34.6473,2012-11-15 12:41:14.199000,10,3)
2012-11-15 12:41:14,378 - weighApp - DEBUG - select avg(f_weight) as avg, stdev(f_weight) as stdev  from tblMeasurement  where i_runID=1 AND i_positionNumber=2 AND i_preOrPost= 3
2012-11-15 12:41:14,378 - weighApp - DEBUG - update crucible record with postfire (550) weight, etc.
2012-11-15 12:41:14,543 - weighApp - DEBUG - update sample record with postfire ( 550) weight, etc.
2012-11-15 12:41:14,543 - weighApp - DEBUG - select f_emptyWeightAverage, f_emptyWeightStdDev from tblCrucible where i_runID=1 and i_positionNumber=2
2012-11-15 12:41:15,907 - weighApp - DEBUG - insert  measurement into tblMeasurement
2012-11-15 12:41:15,907 - weighApp - DEBUG - insert into tblMeasurement (i_runID,i_positionNumber,f_weight,d_datetime,i_count,i_preOrPost) VALUES (1,2,34.6473,2012-11-15 12:41:15.907000,11,3)
2012-11-15 12:41:16,043 - weighApp - DEBUG - select avg(f_weight) as avg, stdev(f_weight) as stdev  from tblMeasurement  where i_runID=1 AND i_positionNumber=2 AND i_preOrPost= 3
2012-11-15 12:41:16,043 - weighApp - DEBUG - update crucible record with postfire (550) weight, etc.
2012-11-15 12:41:16,147 - weighApp - DEBUG - update sample record with postfire ( 550) weight, etc.
2012-11-15 12:41:16,148 - weighApp - DEBUG - select f_emptyWeightAverage, f_emptyWeightStdDev from tblCrucible where i_runID=1 and i_positionNumber=2
2012-11-15 12:41:17,371 - weighApp - DEBUG - insert  measurement into tblMeasurement
2012-11-15 12:41:17,371 - weighApp - DEBUG - insert into tblMeasurement (i_runID,i_positionNumber,f_weight,d_datetime,i_count,i_preOrPost) VALUES (1,2,34.6473,2012-11-15 12:41:17.372000,12,3)
2012-11-15 12:41:17,525 - weighApp - DEBUG - select avg(f_weight) as avg, stdev(f_weight) as stdev  from tblMeasurement  where i_runID=1 AND i_positionNumber=2 AND i_preOrPost= 3
2012-11-15 12:41:17,526 - weighApp - DEBUG - update crucible record with postfire (550) weight, etc.
2012-11-15 12:41:17,641 - weighApp - DEBUG - update sample record with postfire ( 550) weight, etc.
2012-11-15 12:41:17,642 - weighApp - DEBUG - select f_emptyWeightAverage, f_emptyWeightStdDev from tblCrucible where i_runID=1 and i_positionNumber=2
2012-11-15 12:41:18,839 - weighApp - DEBUG - insert  measurement into tblMeasurement
2012-11-15 12:41:18,839 - weighApp - DEBUG - insert into tblMeasurement (i_runID,i_positionNumber,f_weight,d_datetime,i_count,i_preOrPost) VALUES (1,2,34.6474,2012-11-15 12:41:18.840000,13,3)
2012-11-15 12:41:18,963 - weighApp - DEBUG - select avg(f_weight) as avg, stdev(f_weight) as stdev  from tblMeasurement  where i_runID=1 AND i_positionNumber=2 AND i_preOrPost= 3
2012-11-15 12:41:18,963 - weighApp - DEBUG - update crucible record with postfire (550) weight, etc.
2012-11-15 12:41:19,089 - weighApp - DEBUG - update sample record with postfire ( 550) weight, etc.
2012-11-15 12:41:19,091 - weighApp - DEBUG - select f_emptyWeightAverage, f_emptyWeightStdDev from tblCrucible where i_runID=1 and i_positionNumber=2
2012-11-15 12:41:20,321 - weighApp - DEBUG - insert  measurement into tblMeasurement
2012-11-15 12:41:20,321 - weighApp - DEBUG - insert into tblMeasurement (i_runID,i_positionNumber,f_weight,d_datetime,i_count,i_preOrPost) VALUES (1,2,34.6474,2012-11-15 12:41:20.321000,14,3)
2012-11-15 12:41:20,461 - weighApp - DEBUG - select avg(f_weight) as avg, stdev(f_weight) as stdev  from tblMeasurement  where i_runID=1 AND i_positionNumber=2 AND i_preOrPost= 3
2012-11-15 12:41:20,461 - weighApp - DEBUG - update crucible record with postfire (550) weight, etc.
2012-11-15 12:41:20,565 - weighApp - DEBUG - update sample record with postfire ( 550) weight, etc.
2012-11-15 12:41:20,565 - weighApp - DEBUG - select f_emptyWeightAverage, f_emptyWeightStdDev from tblCrucible where i_runID=1 and i_positionNumber=2
2012-11-15 12:41:20,683 - weighApp - DEBUG - Now on crucible: 3
2012-11-15 12:41:24,453 - weighApp - DEBUG - insert  measurement into tblMeasurement
2012-11-15 12:41:24,453 - weighApp - DEBUG - insert into tblMeasurement (i_runID,i_positionNumber,f_weight,d_datetime,i_count,i_preOrPost) VALUES (1,3,34.6474,2012-11-15 12:41:24.454000,3,3)
2012-11-15 12:41:25,674 - weighApp - DEBUG - insert  measurement into tblMeasurement
2012-11-15 12:41:25,674 - weighApp - DEBUG - insert into tblMeasurement (i_runID,i_positionNumber,f_weight,d_datetime,i_count,i_preOrPost) VALUES (1,3,34.6474,2012-11-15 12:41:25.675000,4,3)
2012-11-15 12:41:26,911 - weighApp - DEBUG - insert  measurement into tblMeasurement
2012-11-15 12:41:26,911 - weighApp - DEBUG - insert into tblMeasurement (i_runID,i_positionNumber,f_weight,d_datetime,i_count,i_preOrPost) VALUES (1,3,34.6474,2012-11-15 12:41:26.911000,5,3)
2012-11-15 12:41:28,131 - weighApp - DEBUG - insert  measurement into tblMeasurement
2012-11-15 12:41:28,131 - weighApp - DEBUG - insert into tblMeasurement (i_runID,i_positionNumber,f_weight,d_datetime,i_count,i_preOrPost) VALUES (1,3,34.6474,2012-11-15 12:41:28.132000,6,3)
2012-11-15 12:41:28,265 - weighApp - DEBUG - select avg(f_weight) as avg, stdev(f_weight) as stdev  from tblMeasurement  where i_runID=1 AND i_positionNumber=3 AND i_preOrPost= 3
2012-11-15 12:41:28,266 - weighApp - DEBUG - update crucible record with postfire (550) weight, etc.
2012-11-15 12:41:28,401 - weighApp - DEBUG - update sample record with postfire ( 550) weight, etc.
2012-11-15 12:41:28,401 - weighApp - DEBUG - select f_emptyWeightAverage, f_emptyWeightStdDev from tblCrucible where i_runID=1 and i_positionNumber=3
2012-11-15 12:41:29,582 - weighApp - DEBUG - insert  measurement into tblMeasurement
2012-11-15 12:41:29,582 - weighApp - DEBUG - insert into tblMeasurement (i_runID,i_positionNumber,f_weight,d_datetime,i_count,i_preOrPost) VALUES (1,3,34.6474,2012-11-15 12:41:29.582000,7,3)
2012-11-15 12:41:29,713 - weighApp - DEBUG - select avg(f_weight) as avg, stdev(f_weight) as stdev  from tblMeasurement  where i_runID=1 AND i_positionNumber=3 AND i_preOrPost= 3
2012-11-15 12:41:29,713 - weighApp - DEBUG - update crucible record with postfire (550) weight, etc.
2012-11-15 12:41:29,816 - weighApp - DEBUG - update sample record with postfire ( 550) weight, etc.
2012-11-15 12:41:29,816 - weighApp - DEBUG - select f_emptyWeightAverage, f_emptyWeightStdDev from tblCrucible where i_runID=1 and i_positionNumber=3
2012-11-15 12:41:31,046 - weighApp - DEBUG - insert  measurement into tblMeasurement
2012-11-15 12:41:31,046 - weighApp - DEBUG - insert into tblMeasurement (i_runID,i_positionNumber,f_weight,d_datetime,i_count,i_preOrPost) VALUES (1,3,34.6474,2012-11-15 12:41:31.047000,8,3)
2012-11-15 12:41:31,165 - weighApp - DEBUG - select avg(f_weight) as avg, stdev(f_weight) as stdev  from tblMeasurement  where i_runID=1 AND i_positionNumber=3 AND i_preOrPost= 3
2012-11-15 12:41:31,167 - weighApp - DEBUG - update crucible record with postfire (550) weight, etc.
2012-11-15 12:41:31,282 - weighApp - DEBUG - update sample record with postfire ( 550) weight, etc.
2012-11-15 12:41:31,282 - weighApp - DEBUG - select f_emptyWeightAverage, f_emptyWeightStdDev from tblCrucible where i_runID=1 and i_positionNumber=3
2012-11-15 12:41:34,864 - weighApp - DEBUG - update crucible record with postfire (550) weight, etc.
2012-11-15 12:41:34,864 - weighApp - DEBUG - update sample record with postfire ( 550) weight, etc.
2012-11-15 12:41:34,864 - weighApp - DEBUG - select f_emptyWeightAverage, f_emptyWeightStdDev from tblCrucible where i_runID=1 and i_positionNumber=3
2012-11-15 12:41:35,867 - weighApp - DEBUG - update crucible record with postfire (550) weight, etc.
2012-11-15 12:41:35,867 - weighApp - DEBUG - update sample record with postfire ( 550) weight, etc.
2012-11-15 12:41:35,867 - weighApp - DEBUG - select f_emptyWeightAverage, f_emptyWeightStdDev from tblCrucible where i_runID=1 and i_positionNumber=2
2012-11-15 12:41:37,052 - weighApp - DEBUG - update crucible record with postfire (550) weight, etc.
2012-11-15 12:41:37,052 - weighApp - DEBUG - update sample record with postfire ( 550) weight, etc.
2012-11-15 12:41:37,052 - weighApp - DEBUG - select f_emptyWeightAverage, f_emptyWeightStdDev from tblCrucible where i_runID=1 and i_positionNumber=1
