2012-10-24 18:11:13,753 - weighApp - DEBUG - insert run
2012-10-24 18:11:13,753 - weighApp - DEBUG - insert into tblRun (v_operatorName,d_datetime,i_numberOfSamples) VALUES (cpl,2012-10-24 18:11:13.754000,5)
2012-10-24 18:11:13,973 - weighApp - DEBUG - Now on crucible: 1
2012-10-24 18:11:20,088 - weighApp - DEBUG - insert empty crucible measurement into tblCrucible
2012-10-24 18:11:28,480 - weighApp - DEBUG - insert  measurement into tblMeasurement
2012-10-24 18:11:28,480 - weighApp - DEBUG - insert into tblMeasurement (i_runID,i_positionNumber,f_weight,d_datetime,i_count,i_preOrPost) VALUES (1,1,6.5804,2012-10-24 18:11:28.480000,3,0)
2012-10-24 18:11:29,713 - weighApp - DEBUG - insert  measurement into tblMeasurement
2012-10-24 18:11:29,713 - weighApp - DEBUG - insert into tblMeasurement (i_runID,i_positionNumber,f_weight,d_datetime,i_count,i_preOrPost) VALUES (1,1,6.5804,2012-10-24 18:11:29.713000,4,0)
2012-10-24 18:11:30,992 - weighApp - DEBUG - insert  measurement into tblMeasurement
2012-10-24 18:11:30,992 - weighApp - DEBUG - insert into tblMeasurement (i_runID,i_positionNumber,f_weight,d_datetime,i_count,i_preOrPost) VALUES (1,1,6.5804,2012-10-24 18:11:30.992000,5,0)
2012-10-24 18:11:32,240 - weighApp - DEBUG - insert  measurement into tblMeasurement
2012-10-24 18:11:32,240 - weighApp - DEBUG - insert into tblMeasurement (i_runID,i_positionNumber,f_weight,d_datetime,i_count,i_preOrPost) VALUES (1,1,6.5804,2012-10-24 18:11:32.240000,6,0)
2012-10-24 18:11:33,457 - weighApp - DEBUG - insert  measurement into tblMeasurement
2012-10-24 18:11:33,457 - weighApp - DEBUG - insert into tblMeasurement (i_runID,i_positionNumber,f_weight,d_datetime,i_count,i_preOrPost) VALUES (1,1,6.5804,2012-10-24 18:11:33.457000,7,0)
2012-10-24 18:11:33,596 - weighApp - DEBUG - select avg(f_weight) as avg, stdev(f_weight) as stdev  from tblMeasurement  where i_runID=1 AND i_positionNumber=1 AND i_preOrPost= 0
2012-10-24 18:11:33,596 - weighApp - DEBUG - update empty crucible weight, etc.
2012-10-24 18:11:34,813 - weighApp - DEBUG - insert  measurement into tblMeasurement
2012-10-24 18:11:34,813 - weighApp - DEBUG - insert into tblMeasurement (i_runID,i_positionNumber,f_weight,d_datetime,i_count,i_preOrPost) VALUES (1,1,6.5804,2012-10-24 18:11:34.814000,8,0)
2012-10-24 18:11:35,703 - weighApp - DEBUG - select avg(f_weight) as avg, stdev(f_weight) as stdev  from tblMeasurement  where i_runID=1 AND i_positionNumber=1 AND i_preOrPost= 0
2012-10-24 18:11:35,703 - weighApp - DEBUG - update empty crucible weight, etc.
2012-10-24 18:11:37,246 - weighApp - DEBUG - insert  measurement into tblMeasurement
2012-10-24 18:11:37,246 - weighApp - DEBUG - insert into tblMeasurement (i_runID,i_positionNumber,f_weight,d_datetime,i_count,i_preOrPost) VALUES (1,1,6.5804,2012-10-24 18:11:37.247000,9,0)
2012-10-24 18:11:37,466 - weighApp - DEBUG - select avg(f_weight) as avg, stdev(f_weight) as stdev  from tblMeasurement  where i_runID=1 AND i_positionNumber=1 AND i_preOrPost= 0
2012-10-24 18:11:37,466 - weighApp - DEBUG - update empty crucible weight, etc.
2012-10-24 18:11:38,697 - weighApp - DEBUG - insert  measurement into tblMeasurement
2012-10-24 18:11:38,697 - weighApp - DEBUG - insert into tblMeasurement (i_runID,i_positionNumber,f_weight,d_datetime,i_count,i_preOrPost) VALUES (1,1,6.5805,2012-10-24 18:11:38.698000,10,0)
2012-10-24 18:11:39,009 - weighApp - DEBUG - select avg(f_weight) as avg, stdev(f_weight) as stdev  from tblMeasurement  where i_runID=1 AND i_positionNumber=1 AND i_preOrPost= 0
2012-10-24 18:11:39,009 - weighApp - DEBUG - update empty crucible weight, etc.
2012-10-24 18:11:40,367 - weighApp - DEBUG - insert  measurement into tblMeasurement
2012-10-24 18:11:40,367 - weighApp - DEBUG - insert into tblMeasurement (i_runID,i_positionNumber,f_weight,d_datetime,i_count,i_preOrPost) VALUES (1,1,6.5805,2012-10-24 18:11:40.367000,11,0)
2012-10-24 18:11:40,678 - weighApp - DEBUG - select avg(f_weight) as avg, stdev(f_weight) as stdev  from tblMeasurement  where i_runID=1 AND i_positionNumber=1 AND i_preOrPost= 0
2012-10-24 18:11:40,678 - weighApp - DEBUG - update empty crucible weight, etc.
2012-10-24 18:11:41,973 - weighApp - DEBUG - insert  measurement into tblMeasurement
2012-10-24 18:11:41,973 - weighApp - DEBUG - insert into tblMeasurement (i_runID,i_positionNumber,f_weight,d_datetime,i_count,i_preOrPost) VALUES (1,1,6.5805,2012-10-24 18:11:41.974000,12,0)
2012-10-24 18:11:42,193 - weighApp - DEBUG - select avg(f_weight) as avg, stdev(f_weight) as stdev  from tblMeasurement  where i_runID=1 AND i_positionNumber=1 AND i_preOrPost= 0
2012-10-24 18:11:42,193 - weighApp - DEBUG - update empty crucible weight, etc.
2012-10-24 18:11:43,346 - weighApp - DEBUG - insert  measurement into tblMeasurement
2012-10-24 18:11:43,346 - weighApp - DEBUG - insert into tblMeasurement (i_runID,i_positionNumber,f_weight,d_datetime,i_count,i_preOrPost) VALUES (1,1,6.5805,2012-10-24 18:11:43.347000,13,0)
2012-10-24 18:11:43,642 - weighApp - DEBUG - select avg(f_weight) as avg, stdev(f_weight) as stdev  from tblMeasurement  where i_runID=1 AND i_positionNumber=1 AND i_preOrPost= 0
2012-10-24 18:11:43,642 - weighApp - DEBUG - update empty crucible weight, etc.
2012-10-24 18:11:44,984 - weighApp - DEBUG - insert  measurement into tblMeasurement
2012-10-24 18:11:44,984 - weighApp - DEBUG - insert into tblMeasurement (i_runID,i_positionNumber,f_weight,d_datetime,i_count,i_preOrPost) VALUES (1,1,6.5805,2012-10-24 18:11:44.985000,14,0)
2012-10-24 18:11:45,171 - weighApp - DEBUG - select avg(f_weight) as avg, stdev(f_weight) as stdev  from tblMeasurement  where i_runID=1 AND i_positionNumber=1 AND i_preOrPost= 0
2012-10-24 18:11:45,171 - weighApp - DEBUG - update empty crucible weight, etc.
2012-10-24 18:11:46,325 - weighApp - DEBUG - insert  measurement into tblMeasurement
2012-10-24 18:11:46,325 - weighApp - DEBUG - insert into tblMeasurement (i_runID,i_positionNumber,f_weight,d_datetime,i_count,i_preOrPost) VALUES (1,1,6.5806,2012-10-24 18:11:46.326000,15,0)
2012-10-24 18:11:46,592 - weighApp - DEBUG - select avg(f_weight) as avg, stdev(f_weight) as stdev  from tblMeasurement  where i_runID=1 AND i_positionNumber=1 AND i_preOrPost= 0
2012-10-24 18:11:46,592 - weighApp - DEBUG - update empty crucible weight, etc.
2012-10-24 18:11:47,730 - weighApp - DEBUG - insert  measurement into tblMeasurement
2012-10-24 18:11:47,730 - weighApp - DEBUG - insert into tblMeasurement (i_runID,i_positionNumber,f_weight,d_datetime,i_count,i_preOrPost) VALUES (1,1,6.5806,2012-10-24 18:11:47.730000,16,0)
2012-10-24 18:11:47,933 - weighApp - DEBUG - select avg(f_weight) as avg, stdev(f_weight) as stdev  from tblMeasurement  where i_runID=1 AND i_positionNumber=1 AND i_preOrPost= 0
2012-10-24 18:11:47,933 - weighApp - DEBUG - update empty crucible weight, etc.
2012-10-24 18:11:49,134 - weighApp - DEBUG - insert  measurement into tblMeasurement
2012-10-24 18:11:49,134 - weighApp - DEBUG - insert into tblMeasurement (i_runID,i_positionNumber,f_weight,d_datetime,i_count,i_preOrPost) VALUES (1,1,6.5807,2012-10-24 18:11:49.134000,17,0)
2012-10-24 18:11:49,696 - weighApp - DEBUG - select avg(f_weight) as avg, stdev(f_weight) as stdev  from tblMeasurement  where i_runID=1 AND i_positionNumber=1 AND i_preOrPost= 0
2012-10-24 18:11:49,696 - weighApp - DEBUG - update empty crucible weight, etc.
2012-10-24 18:11:52,894 - weighApp - DEBUG - insert  measurement into tblMeasurement
2012-10-24 18:11:52,894 - weighApp - DEBUG - insert into tblMeasurement (i_runID,i_positionNumber,f_weight,d_datetime,i_count,i_preOrPost) VALUES (1,1,6.5808,2012-10-24 18:11:52.894000,18,0)
2012-10-24 18:11:53,221 - weighApp - DEBUG - select avg(f_weight) as avg, stdev(f_weight) as stdev  from tblMeasurement  where i_runID=1 AND i_positionNumber=1 AND i_preOrPost= 0
2012-10-24 18:11:53,221 - weighApp - DEBUG - update empty crucible weight, etc.
2012-10-24 18:11:54,453 - weighApp - DEBUG - insert  measurement into tblMeasurement
2012-10-24 18:11:54,453 - weighApp - DEBUG - insert into tblMeasurement (i_runID,i_positionNumber,f_weight,d_datetime,i_count,i_preOrPost) VALUES (1,1,6.581,2012-10-24 18:11:54.454000,19,0)
2012-10-24 18:11:54,625 - weighApp - DEBUG - select avg(f_weight) as avg, stdev(f_weight) as stdev  from tblMeasurement  where i_runID=1 AND i_positionNumber=1 AND i_preOrPost= 0
2012-10-24 18:11:54,625 - weighApp - DEBUG - update empty crucible weight, etc.
2012-10-24 18:11:54,750 - weighApp - DEBUG - Now on crucible: 2
2012-10-24 18:11:57,994 - weighApp - DEBUG - insert empty crucible measurement into tblCrucible
2012-10-24 18:12:00,194 - weighApp - DEBUG - insert  measurement into tblMeasurement
2012-10-24 18:12:00,194 - weighApp - DEBUG - insert into tblMeasurement (i_runID,i_positionNumber,f_weight,d_datetime,i_count,i_preOrPost) VALUES (1,2,6.581,2012-10-24 18:12:00.195000,3,0)
2012-10-24 18:12:01,332 - weighApp - DEBUG - insert  measurement into tblMeasurement
2012-10-24 18:12:01,332 - weighApp - DEBUG - insert into tblMeasurement (i_runID,i_positionNumber,f_weight,d_datetime,i_count,i_preOrPost) VALUES (1,2,6.5809,2012-10-24 18:12:01.333000,4,0)
2012-10-24 18:12:02,503 - weighApp - DEBUG - insert  measurement into tblMeasurement
2012-10-24 18:12:02,503 - weighApp - DEBUG - insert into tblMeasurement (i_runID,i_positionNumber,f_weight,d_datetime,i_count,i_preOrPost) VALUES (1,2,6.5809,2012-10-24 18:12:02.503000,5,0)
2012-10-24 18:12:03,673 - weighApp - DEBUG - insert  measurement into tblMeasurement
2012-10-24 18:12:03,673 - weighApp - DEBUG - insert into tblMeasurement (i_runID,i_positionNumber,f_weight,d_datetime,i_count,i_preOrPost) VALUES (1,2,6.5809,2012-10-24 18:12:03.673000,6,0)
2012-10-24 18:12:04,842 - weighApp - DEBUG - insert  measurement into tblMeasurement
2012-10-24 18:12:04,842 - weighApp - DEBUG - insert into tblMeasurement (i_runID,i_positionNumber,f_weight,d_datetime,i_count,i_preOrPost) VALUES (1,2,6.5809,2012-10-24 18:12:04.843000,7,0)
2012-10-24 18:12:05,046 - weighApp - DEBUG - select avg(f_weight) as avg, stdev(f_weight) as stdev  from tblMeasurement  where i_runID=1 AND i_positionNumber=2 AND i_preOrPost= 0
2012-10-24 18:12:05,046 - weighApp - DEBUG - update empty crucible weight, etc.
2012-10-24 18:12:06,293 - weighApp - DEBUG - insert  measurement into tblMeasurement
2012-10-24 18:12:06,293 - weighApp - DEBUG - insert into tblMeasurement (i_runID,i_positionNumber,f_weight,d_datetime,i_count,i_preOrPost) VALUES (1,2,6.5809,2012-10-24 18:12:06.294000,8,0)
2012-10-24 18:12:06,434 - weighApp - DEBUG - select avg(f_weight) as avg, stdev(f_weight) as stdev  from tblMeasurement  where i_runID=1 AND i_positionNumber=2 AND i_preOrPost= 0
2012-10-24 18:12:06,434 - weighApp - DEBUG - update empty crucible weight, etc.
2012-10-24 18:12:07,588 - weighApp - DEBUG - insert  measurement into tblMeasurement
2012-10-24 18:12:07,588 - weighApp - DEBUG - insert into tblMeasurement (i_runID,i_positionNumber,f_weight,d_datetime,i_count,i_preOrPost) VALUES (1,2,6.5809,2012-10-24 18:12:07.589000,9,0)
2012-10-24 18:12:07,759 - weighApp - DEBUG - select avg(f_weight) as avg, stdev(f_weight) as stdev  from tblMeasurement  where i_runID=1 AND i_positionNumber=2 AND i_preOrPost= 0
2012-10-24 18:12:07,759 - weighApp - DEBUG - update empty crucible weight, etc.
2012-10-24 18:12:08,946 - weighApp - DEBUG - insert  measurement into tblMeasurement
2012-10-24 18:12:08,946 - weighApp - DEBUG - insert into tblMeasurement (i_runID,i_positionNumber,f_weight,d_datetime,i_count,i_preOrPost) VALUES (1,2,6.5809,2012-10-24 18:12:08.946000,10,0)
2012-10-24 18:12:09,226 - weighApp - DEBUG - select avg(f_weight) as avg, stdev(f_weight) as stdev  from tblMeasurement  where i_runID=1 AND i_positionNumber=2 AND i_preOrPost= 0
2012-10-24 18:12:09,226 - weighApp - DEBUG - update empty crucible weight, etc.
2012-10-24 18:12:09,414 - weighApp - DEBUG - Now on crucible: 3
2012-10-24 18:12:10,709 - weighApp - DEBUG - insert empty crucible measurement into tblCrucible
2012-10-24 18:12:12,907 - weighApp - DEBUG - insert  measurement into tblMeasurement
2012-10-24 18:12:12,907 - weighApp - DEBUG - insert into tblMeasurement (i_runID,i_positionNumber,f_weight,d_datetime,i_count,i_preOrPost) VALUES (1,3,6.5808,2012-10-24 18:12:12.908000,3,0)
2012-10-24 18:12:14,094 - weighApp - DEBUG - insert  measurement into tblMeasurement
2012-10-24 18:12:14,094 - weighApp - DEBUG - insert into tblMeasurement (i_runID,i_positionNumber,f_weight,d_datetime,i_count,i_preOrPost) VALUES (1,3,6.5808,2012-10-24 18:12:14.094000,4,0)
2012-10-24 18:12:15,358 - weighApp - DEBUG - insert  measurement into tblMeasurement
2012-10-24 18:12:15,358 - weighApp - DEBUG - insert into tblMeasurement (i_runID,i_positionNumber,f_weight,d_datetime,i_count,i_preOrPost) VALUES (1,3,6.5808,2012-10-24 18:12:15.358000,5,0)
2012-10-24 18:12:16,589 - weighApp - DEBUG - insert  measurement into tblMeasurement
2012-10-24 18:12:16,589 - weighApp - DEBUG - insert into tblMeasurement (i_runID,i_positionNumber,f_weight,d_datetime,i_count,i_preOrPost) VALUES (1,3,6.5808,2012-10-24 18:12:16.590000,6,0)
2012-10-24 18:12:17,743 - weighApp - DEBUG - insert  measurement into tblMeasurement
2012-10-24 18:12:17,743 - weighApp - DEBUG - insert into tblMeasurement (i_runID,i_positionNumber,f_weight,d_datetime,i_count,i_preOrPost) VALUES (1,3,6.5808,2012-10-24 18:12:17.744000,7,0)
2012-10-24 18:12:17,884 - weighApp - DEBUG - select avg(f_weight) as avg, stdev(f_weight) as stdev  from tblMeasurement  where i_runID=1 AND i_positionNumber=3 AND i_preOrPost= 0
2012-10-24 18:12:17,884 - weighApp - DEBUG - update empty crucible weight, etc.
2012-10-24 18:12:19,023 - weighApp - DEBUG - insert  measurement into tblMeasurement
2012-10-24 18:12:19,023 - weighApp - DEBUG - insert into tblMeasurement (i_runID,i_positionNumber,f_weight,d_datetime,i_count,i_preOrPost) VALUES (1,3,6.5808,2012-10-24 18:12:19.023000,8,0)
2012-10-24 18:12:19,210 - weighApp - DEBUG - select avg(f_weight) as avg, stdev(f_weight) as stdev  from tblMeasurement  where i_runID=1 AND i_positionNumber=3 AND i_preOrPost= 0
2012-10-24 18:12:19,210 - weighApp - DEBUG - update empty crucible weight, etc.
2012-10-24 18:12:20,365 - weighApp - DEBUG - insert  measurement into tblMeasurement
2012-10-24 18:12:20,365 - weighApp - DEBUG - insert into tblMeasurement (i_runID,i_positionNumber,f_weight,d_datetime,i_count,i_preOrPost) VALUES (1,3,6.5808,2012-10-24 18:12:20.365000,9,0)
2012-10-24 18:12:20,615 - weighApp - DEBUG - select avg(f_weight) as avg, stdev(f_weight) as stdev  from tblMeasurement  where i_runID=1 AND i_positionNumber=3 AND i_preOrPost= 0
2012-10-24 18:12:20,615 - weighApp - DEBUG - update empty crucible weight, etc.
2012-10-24 18:12:21,769 - weighApp - DEBUG - insert  measurement into tblMeasurement
2012-10-24 18:12:21,769 - weighApp - DEBUG - insert into tblMeasurement (i_runID,i_positionNumber,f_weight,d_datetime,i_count,i_preOrPost) VALUES (1,3,6.5808,2012-10-24 18:12:21.769000,10,0)
2012-10-24 18:12:21,924 - weighApp - DEBUG - select avg(f_weight) as avg, stdev(f_weight) as stdev  from tblMeasurement  where i_runID=1 AND i_positionNumber=3 AND i_preOrPost= 0
2012-10-24 18:12:21,924 - weighApp - DEBUG - update empty crucible weight, etc.
2012-10-24 18:12:23,078 - weighApp - DEBUG - insert  measurement into tblMeasurement
2012-10-24 18:12:23,078 - weighApp - DEBUG - insert into tblMeasurement (i_runID,i_positionNumber,f_weight,d_datetime,i_count,i_preOrPost) VALUES (1,3,6.5808,2012-10-24 18:12:23.079000,11,0)
2012-10-24 18:12:23,234 - weighApp - DEBUG - select avg(f_weight) as avg, stdev(f_weight) as stdev  from tblMeasurement  where i_runID=1 AND i_positionNumber=3 AND i_preOrPost= 0
2012-10-24 18:12:23,234 - weighApp - DEBUG - update empty crucible weight, etc.
2012-10-24 18:12:24,515 - weighApp - DEBUG - insert  measurement into tblMeasurement
2012-10-24 18:12:24,515 - weighApp - DEBUG - insert into tblMeasurement (i_runID,i_positionNumber,f_weight,d_datetime,i_count,i_preOrPost) VALUES (1,3,6.5808,2012-10-24 18:12:24.515000,12,0)
2012-10-24 18:12:24,701 - weighApp - DEBUG - select avg(f_weight) as avg, stdev(f_weight) as stdev  from tblMeasurement  where i_runID=1 AND i_positionNumber=3 AND i_preOrPost= 0
2012-10-24 18:12:24,701 - weighApp - DEBUG - update empty crucible weight, etc.
2012-10-24 18:12:25,855 - weighApp - DEBUG - insert  measurement into tblMeasurement
2012-10-24 18:12:25,855 - weighApp - DEBUG - insert into tblMeasurement (i_runID,i_positionNumber,f_weight,d_datetime,i_count,i_preOrPost) VALUES (1,3,6.5808,2012-10-24 18:12:25.856000,13,0)
2012-10-24 18:12:26,089 - weighApp - DEBUG - select avg(f_weight) as avg, stdev(f_weight) as stdev  from tblMeasurement  where i_runID=1 AND i_positionNumber=3 AND i_preOrPost= 0
2012-10-24 18:12:26,089 - weighApp - DEBUG - update empty crucible weight, etc.
2012-10-24 18:12:26,276 - weighApp - DEBUG - Now on crucible: 4
2012-10-24 18:12:27,306 - weighApp - DEBUG - insert empty crucible measurement into tblCrucible
2012-10-24 18:12:29,474 - weighApp - DEBUG - insert  measurement into tblMeasurement
2012-10-24 18:12:29,474 - weighApp - DEBUG - insert into tblMeasurement (i_runID,i_positionNumber,f_weight,d_datetime,i_count,i_preOrPost) VALUES (1,4,6.5784,2012-10-24 18:12:29.475000,3,0)
2012-10-24 18:12:30,707 - weighApp - DEBUG - insert  measurement into tblMeasurement
2012-10-24 18:12:30,707 - weighApp - DEBUG - insert into tblMeasurement (i_runID,i_positionNumber,f_weight,d_datetime,i_count,i_preOrPost) VALUES (1,4,6.5787,2012-10-24 18:12:30.708000,4,0)
2012-10-24 18:12:31,956 - weighApp - DEBUG - insert  measurement into tblMeasurement
2012-10-24 18:12:31,956 - weighApp - DEBUG - insert into tblMeasurement (i_runID,i_positionNumber,f_weight,d_datetime,i_count,i_preOrPost) VALUES (1,4,6.5789,2012-10-24 18:12:31.956000,5,0)
2012-10-24 18:12:32,313 - weighApp - DEBUG - Now on crucible: 5
2012-10-24 18:12:33,546 - weighApp - DEBUG - insert empty crucible measurement into tblCrucible
2012-10-24 18:12:35,762 - weighApp - DEBUG - insert  measurement into tblMeasurement
2012-10-24 18:12:35,762 - weighApp - DEBUG - insert into tblMeasurement (i_runID,i_positionNumber,f_weight,d_datetime,i_count,i_preOrPost) VALUES (1,5,6.5796,2012-10-24 18:12:35.762000,3,0)
2012-10-24 18:12:36,963 - weighApp - DEBUG - insert  measurement into tblMeasurement
2012-10-24 18:12:36,963 - weighApp - DEBUG - insert into tblMeasurement (i_runID,i_positionNumber,f_weight,d_datetime,i_count,i_preOrPost) VALUES (1,5,6.5798,2012-10-24 18:12:36.963000,4,0)
2012-10-24 18:12:38,257 - weighApp - DEBUG - insert  measurement into tblMeasurement
2012-10-24 18:12:38,257 - weighApp - DEBUG - insert into tblMeasurement (i_runID,i_positionNumber,f_weight,d_datetime,i_count,i_preOrPost) VALUES (1,5,6.5799,2012-10-24 18:12:38.258000,5,0)
2012-10-24 18:12:39,536 - weighApp - DEBUG - insert  measurement into tblMeasurement
2012-10-24 18:12:39,536 - weighApp - DEBUG - insert into tblMeasurement (i_runID,i_positionNumber,f_weight,d_datetime,i_count,i_preOrPost) VALUES (1,5,6.58,2012-10-24 18:12:39.537000,6,0)
2012-10-24 18:12:40,815 - weighApp - DEBUG - insert  measurement into tblMeasurement
2012-10-24 18:12:40,815 - weighApp - DEBUG - insert into tblMeasurement (i_runID,i_positionNumber,f_weight,d_datetime,i_count,i_preOrPost) VALUES (1,5,6.5801,2012-10-24 18:12:40.816000,7,0)
2012-10-24 18:12:41,035 - weighApp - DEBUG - select avg(f_weight) as avg, stdev(f_weight) as stdev  from tblMeasurement  where i_runID=1 AND i_positionNumber=5 AND i_preOrPost= 0
2012-10-24 18:12:41,035 - weighApp - DEBUG - update empty crucible weight, etc.
2012-10-24 18:12:42,345 - weighApp - DEBUG - insert  measurement into tblMeasurement
2012-10-24 18:12:42,345 - weighApp - DEBUG - insert into tblMeasurement (i_runID,i_positionNumber,f_weight,d_datetime,i_count,i_preOrPost) VALUES (1,5,6.5802,2012-10-24 18:12:42.345000,8,0)
2012-10-24 18:12:42,562 - weighApp - DEBUG - select avg(f_weight) as avg, stdev(f_weight) as stdev  from tblMeasurement  where i_runID=1 AND i_positionNumber=5 AND i_preOrPost= 0
2012-10-24 18:12:42,562 - weighApp - DEBUG - update empty crucible weight, etc.
2012-10-24 18:12:43,826 - weighApp - DEBUG - insert  measurement into tblMeasurement
2012-10-24 18:12:43,826 - weighApp - DEBUG - insert into tblMeasurement (i_runID,i_positionNumber,f_weight,d_datetime,i_count,i_preOrPost) VALUES (1,5,6.5804,2012-10-24 18:12:43.827000,9,0)
2012-10-24 18:12:44,029 - weighApp - DEBUG - select avg(f_weight) as avg, stdev(f_weight) as stdev  from tblMeasurement  where i_runID=1 AND i_positionNumber=5 AND i_preOrPost= 0
2012-10-24 18:12:44,029 - weighApp - DEBUG - update empty crucible weight, etc.
