2012-11-15 12:15:06,619 - weighApp - DEBUG - select max(i_runID) as max from tblRun
2012-11-15 12:15:06,621 - weighApp - DEBUG - select i_numberOfSamples from tblRun
2012-11-15 12:15:06,628 - weighApp - DEBUG - select i_numberOfSamples, v_operatorName, v_locationCode,v_description,f_locationTemperature, i_temperatureOfFiring, d_dateTimeFiring, i_durationOfFiring from tblRun
2012-11-15 12:15:10,982 - weighApp - DEBUG - update tblRun set i_numberOfSamples=3, v_operatorName=CPL, v_locationCode=LMV,v_description=Belle Meade,f_locationTemperature=16.66 where i_RunID=1
2012-11-15 12:15:11,296 - weighApp - DEBUG - select max(i_runID) as max from tblRun
2012-11-15 12:15:15,457 - weighApp - DEBUG - Now on crucible: 1
2012-11-15 12:15:16,542 - weighApp - DEBUG - select f_emptyWeightAverage, f_emptyWeightStdDev from tblCrucible where i_runID=1 and i_positionNumber=1
2012-11-15 12:15:16,542 - weighApp - DEBUG - insert initial sample into tblSample
2012-11-15 12:15:27,009 - weighApp - DEBUG - insert  measurement into tblMeasurement
2012-11-15 12:15:27,009 - weighApp - DEBUG - insert into tblMeasurement (i_runID,i_positionNumber,f_weight,d_datetime,i_count,i_preOrPost) VALUES (1,1,34.647,2012-11-15 12:15:27.009000,3,1)
2012-11-15 12:15:32,910 - weighApp - DEBUG - insert  measurement into tblMeasurement
2012-11-15 12:15:32,911 - weighApp - DEBUG - insert into tblMeasurement (i_runID,i_positionNumber,f_weight,d_datetime,i_count,i_preOrPost) VALUES (1,1,34.6482,2012-11-15 12:15:32.910000,4,1)
2012-11-15 12:15:34,049 - weighApp - DEBUG - insert  measurement into tblMeasurement
2012-11-15 12:15:34,049 - weighApp - DEBUG - insert into tblMeasurement (i_runID,i_positionNumber,f_weight,d_datetime,i_count,i_preOrPost) VALUES (1,1,34.6478,2012-11-15 12:15:34.049000,5,1)
2012-11-15 12:15:35,424 - weighApp - DEBUG - insert  measurement into tblMeasurement
2012-11-15 12:15:35,424 - weighApp - DEBUG - insert into tblMeasurement (i_runID,i_positionNumber,f_weight,d_datetime,i_count,i_preOrPost) VALUES (1,1,34.6476,2012-11-15 12:15:35.425000,6,1)
2012-11-15 12:15:35,632 - weighApp - DEBUG - select avg(f_weight) as avg, stdev(f_weight) as stdev  from tblMeasurement  where i_runID=1 AND i_positionNumber=1 AND i_preOrPost= 1
2012-11-15 12:15:35,634 - weighApp - DEBUG - select f_emptyWeightAverage, f_emptyWeightStdDev from tblCrucible where i_runID=1 and i_positionNumber=1
2012-11-15 12:15:35,634 - weighApp - DEBUG - update intial sherd weight, etc.
2012-11-15 12:15:36,836 - weighApp - DEBUG - insert  measurement into tblMeasurement
2012-11-15 12:15:36,836 - weighApp - DEBUG - insert into tblMeasurement (i_runID,i_positionNumber,f_weight,d_datetime,i_count,i_preOrPost) VALUES (1,1,34.6474,2012-11-15 12:15:36.837000,7,1)
2012-11-15 12:15:36,976 - weighApp - DEBUG - select avg(f_weight) as avg, stdev(f_weight) as stdev  from tblMeasurement  where i_runID=1 AND i_positionNumber=1 AND i_preOrPost= 1
2012-11-15 12:15:36,976 - weighApp - DEBUG - select f_emptyWeightAverage, f_emptyWeightStdDev from tblCrucible where i_runID=1 and i_positionNumber=1
2012-11-15 12:15:36,976 - weighApp - DEBUG - update intial sherd weight, etc.
2012-11-15 12:15:38,135 - weighApp - DEBUG - insert  measurement into tblMeasurement
2012-11-15 12:15:38,135 - weighApp - DEBUG - insert into tblMeasurement (i_runID,i_positionNumber,f_weight,d_datetime,i_count,i_preOrPost) VALUES (1,1,34.6473,2012-11-15 12:15:38.136000,8,1)
2012-11-15 12:15:38,316 - weighApp - DEBUG - select avg(f_weight) as avg, stdev(f_weight) as stdev  from tblMeasurement  where i_runID=1 AND i_positionNumber=1 AND i_preOrPost= 1
2012-11-15 12:15:38,318 - weighApp - DEBUG - select f_emptyWeightAverage, f_emptyWeightStdDev from tblCrucible where i_runID=1 and i_positionNumber=1
2012-11-15 12:15:38,318 - weighApp - DEBUG - update intial sherd weight, etc.
2012-11-15 12:15:39,457 - weighApp - DEBUG - insert  measurement into tblMeasurement
2012-11-15 12:15:39,457 - weighApp - DEBUG - insert into tblMeasurement (i_runID,i_positionNumber,f_weight,d_datetime,i_count,i_preOrPost) VALUES (1,1,34.6473,2012-11-15 12:15:39.457000,9,1)
2012-11-15 12:15:39,599 - weighApp - DEBUG - select avg(f_weight) as avg, stdev(f_weight) as stdev  from tblMeasurement  where i_runID=1 AND i_positionNumber=1 AND i_preOrPost= 1
2012-11-15 12:15:39,599 - weighApp - DEBUG - select f_emptyWeightAverage, f_emptyWeightStdDev from tblCrucible where i_runID=1 and i_positionNumber=1
2012-11-15 12:15:39,601 - weighApp - DEBUG - update intial sherd weight, etc.
2012-11-15 12:15:40,749 - weighApp - DEBUG - insert  measurement into tblMeasurement
2012-11-15 12:15:40,749 - weighApp - DEBUG - insert into tblMeasurement (i_runID,i_positionNumber,f_weight,d_datetime,i_count,i_preOrPost) VALUES (1,1,34.6472,2012-11-15 12:15:40.749000,10,1)
2012-11-15 12:15:40,934 - weighApp - DEBUG - select avg(f_weight) as avg, stdev(f_weight) as stdev  from tblMeasurement  where i_runID=1 AND i_positionNumber=1 AND i_preOrPost= 1
2012-11-15 12:15:40,934 - weighApp - DEBUG - select f_emptyWeightAverage, f_emptyWeightStdDev from tblCrucible where i_runID=1 and i_positionNumber=1
2012-11-15 12:15:40,934 - weighApp - DEBUG - update intial sherd weight, etc.
2012-11-15 12:15:42,098 - weighApp - DEBUG - insert  measurement into tblMeasurement
2012-11-15 12:15:42,098 - weighApp - DEBUG - insert into tblMeasurement (i_runID,i_positionNumber,f_weight,d_datetime,i_count,i_preOrPost) VALUES (1,1,34.6472,2012-11-15 12:15:42.098000,11,1)
2012-11-15 12:15:42,275 - weighApp - DEBUG - select avg(f_weight) as avg, stdev(f_weight) as stdev  from tblMeasurement  where i_runID=1 AND i_positionNumber=1 AND i_preOrPost= 1
2012-11-15 12:15:42,276 - weighApp - DEBUG - select f_emptyWeightAverage, f_emptyWeightStdDev from tblCrucible where i_runID=1 and i_positionNumber=1
2012-11-15 12:15:42,278 - weighApp - DEBUG - update intial sherd weight, etc.
2012-11-15 12:15:43,417 - weighApp - DEBUG - insert  measurement into tblMeasurement
2012-11-15 12:15:43,421 - weighApp - DEBUG - insert into tblMeasurement (i_runID,i_positionNumber,f_weight,d_datetime,i_count,i_preOrPost) VALUES (1,1,34.6472,2012-11-15 12:15:43.420000,12,1)
2012-11-15 12:15:43,690 - weighApp - DEBUG - select avg(f_weight) as avg, stdev(f_weight) as stdev  from tblMeasurement  where i_runID=1 AND i_positionNumber=1 AND i_preOrPost= 1
2012-11-15 12:15:43,690 - weighApp - DEBUG - select f_emptyWeightAverage, f_emptyWeightStdDev from tblCrucible where i_runID=1 and i_positionNumber=1
2012-11-15 12:15:43,690 - weighApp - DEBUG - update intial sherd weight, etc.
2012-11-15 12:15:44,828 - weighApp - DEBUG - select max(i_runID) as max from tblRun
2012-11-15 12:15:49,201 - weighApp - DEBUG - Now on crucible: 2
2012-11-15 12:15:50,098 - weighApp - DEBUG - select f_emptyWeightAverage, f_emptyWeightStdDev from tblCrucible where i_runID=1 and i_positionNumber=2
2012-11-15 12:15:50,098 - weighApp - DEBUG - insert initial sample into tblSample
2012-11-15 12:15:52,394 - weighApp - DEBUG - insert  measurement into tblMeasurement
2012-11-15 12:15:52,394 - weighApp - DEBUG - insert into tblMeasurement (i_runID,i_positionNumber,f_weight,d_datetime,i_count,i_preOrPost) VALUES (1,2,34.6473,2012-11-15 12:15:52.395000,3,1)
2012-11-15 12:15:53,552 - weighApp - DEBUG - insert  measurement into tblMeasurement
2012-11-15 12:15:53,552 - weighApp - DEBUG - insert into tblMeasurement (i_runID,i_positionNumber,f_weight,d_datetime,i_count,i_preOrPost) VALUES (1,2,34.6473,2012-11-15 12:15:53.552000,4,1)
2012-11-15 12:15:54,821 - weighApp - DEBUG - insert  measurement into tblMeasurement
2012-11-15 12:15:54,821 - weighApp - DEBUG - insert into tblMeasurement (i_runID,i_positionNumber,f_weight,d_datetime,i_count,i_preOrPost) VALUES (1,2,34.6474,2012-11-15 12:15:54.821000,5,1)
2012-11-15 12:15:56,065 - weighApp - DEBUG - insert  measurement into tblMeasurement
2012-11-15 12:15:56,065 - weighApp - DEBUG - insert into tblMeasurement (i_runID,i_positionNumber,f_weight,d_datetime,i_count,i_preOrPost) VALUES (1,2,34.6474,2012-11-15 12:15:56.066000,6,1)
2012-11-15 12:15:56,210 - weighApp - DEBUG - select avg(f_weight) as avg, stdev(f_weight) as stdev  from tblMeasurement  where i_runID=1 AND i_positionNumber=2 AND i_preOrPost= 1
2012-11-15 12:15:56,210 - weighApp - DEBUG - select f_emptyWeightAverage, f_emptyWeightStdDev from tblCrucible where i_runID=1 and i_positionNumber=2
2012-11-15 12:15:56,211 - weighApp - DEBUG - update intial sherd weight, etc.
2012-11-15 12:15:57,414 - weighApp - DEBUG - insert  measurement into tblMeasurement
2012-11-15 12:15:57,414 - weighApp - DEBUG - insert into tblMeasurement (i_runID,i_positionNumber,f_weight,d_datetime,i_count,i_preOrPost) VALUES (1,2,34.6474,2012-11-15 12:15:57.415000,7,1)
2012-11-15 12:15:57,891 - weighApp - DEBUG - select avg(f_weight) as avg, stdev(f_weight) as stdev  from tblMeasurement  where i_runID=1 AND i_positionNumber=2 AND i_preOrPost= 1
2012-11-15 12:15:57,891 - weighApp - DEBUG - select f_emptyWeightAverage, f_emptyWeightStdDev from tblCrucible where i_runID=1 and i_positionNumber=2
2012-11-15 12:15:57,891 - weighApp - DEBUG - update intial sherd weight, etc.
2012-11-15 12:15:59,878 - weighApp - DEBUG - insert  measurement into tblMeasurement
2012-11-15 12:15:59,878 - weighApp - DEBUG - insert into tblMeasurement (i_runID,i_positionNumber,f_weight,d_datetime,i_count,i_preOrPost) VALUES (1,2,34.6474,2012-11-15 12:15:59.879000,8,1)
2012-11-15 12:16:00,127 - weighApp - DEBUG - select avg(f_weight) as avg, stdev(f_weight) as stdev  from tblMeasurement  where i_runID=1 AND i_positionNumber=2 AND i_preOrPost= 1
2012-11-15 12:16:00,128 - weighApp - DEBUG - select f_emptyWeightAverage, f_emptyWeightStdDev from tblCrucible where i_runID=1 and i_positionNumber=2
2012-11-15 12:16:00,128 - weighApp - DEBUG - update intial sherd weight, etc.
2012-11-15 12:16:01,275 - weighApp - DEBUG - insert  measurement into tblMeasurement
2012-11-15 12:16:01,275 - weighApp - DEBUG - insert into tblMeasurement (i_runID,i_positionNumber,f_weight,d_datetime,i_count,i_preOrPost) VALUES (1,2,34.6474,2012-11-15 12:16:01.275000,9,1)
2012-11-15 12:16:01,617 - weighApp - DEBUG - select avg(f_weight) as avg, stdev(f_weight) as stdev  from tblMeasurement  where i_runID=1 AND i_positionNumber=2 AND i_preOrPost= 1
2012-11-15 12:16:01,617 - weighApp - DEBUG - select f_emptyWeightAverage, f_emptyWeightStdDev from tblCrucible where i_runID=1 and i_positionNumber=2
2012-11-15 12:16:01,618 - weighApp - DEBUG - update intial sherd weight, etc.
2012-11-15 12:16:02,723 - weighApp - DEBUG - insert  measurement into tblMeasurement
2012-11-15 12:16:02,723 - weighApp - DEBUG - insert into tblMeasurement (i_runID,i_positionNumber,f_weight,d_datetime,i_count,i_preOrPost) VALUES (1,2,34.6474,2012-11-15 12:16:02.724000,10,1)
2012-11-15 12:16:02,841 - weighApp - DEBUG - select avg(f_weight) as avg, stdev(f_weight) as stdev  from tblMeasurement  where i_runID=1 AND i_positionNumber=2 AND i_preOrPost= 1
2012-11-15 12:16:02,842 - weighApp - DEBUG - select f_emptyWeightAverage, f_emptyWeightStdDev from tblCrucible where i_runID=1 and i_positionNumber=2
2012-11-15 12:16:02,842 - weighApp - DEBUG - update intial sherd weight, etc.
2012-11-15 12:16:03,983 - weighApp - DEBUG - select max(i_runID) as max from tblRun
2012-11-15 12:16:08,019 - weighApp - DEBUG - Now on crucible: 3
2012-11-15 12:16:08,892 - weighApp - DEBUG - select f_emptyWeightAverage, f_emptyWeightStdDev from tblCrucible where i_runID=1 and i_positionNumber=3
2012-11-15 12:16:08,892 - weighApp - DEBUG - insert initial sample into tblSample
2012-11-15 12:16:11,125 - weighApp - DEBUG - insert  measurement into tblMeasurement
2012-11-15 12:16:11,125 - weighApp - DEBUG - insert into tblMeasurement (i_runID,i_positionNumber,f_weight,d_datetime,i_count,i_preOrPost) VALUES (1,3,34.6474,2012-11-15 12:16:11.125000,3,1)
2012-11-15 12:16:12,256 - weighApp - DEBUG - insert  measurement into tblMeasurement
2012-11-15 12:16:12,256 - weighApp - DEBUG - insert into tblMeasurement (i_runID,i_positionNumber,f_weight,d_datetime,i_count,i_preOrPost) VALUES (1,3,34.6474,2012-11-15 12:16:12.256000,4,1)
2012-11-15 12:16:13,513 - weighApp - DEBUG - insert  measurement into tblMeasurement
2012-11-15 12:16:13,513 - weighApp - DEBUG - insert into tblMeasurement (i_runID,i_positionNumber,f_weight,d_datetime,i_count,i_preOrPost) VALUES (1,3,34.6474,2012-11-15 12:16:13.514000,5,1)
2012-11-15 12:16:14,698 - weighApp - DEBUG - insert  measurement into tblMeasurement
2012-11-15 12:16:14,698 - weighApp - DEBUG - insert into tblMeasurement (i_runID,i_positionNumber,f_weight,d_datetime,i_count,i_preOrPost) VALUES (1,3,34.6474,2012-11-15 12:16:14.699000,6,1)
2012-11-15 12:16:14,836 - weighApp - DEBUG - select avg(f_weight) as avg, stdev(f_weight) as stdev  from tblMeasurement  where i_runID=1 AND i_positionNumber=3 AND i_preOrPost= 1
2012-11-15 12:16:14,838 - weighApp - DEBUG - select f_emptyWeightAverage, f_emptyWeightStdDev from tblCrucible where i_runID=1 and i_positionNumber=3
2012-11-15 12:16:14,838 - weighApp - DEBUG - update intial sherd weight, etc.
2012-11-15 12:16:16,028 - weighApp - DEBUG - insert  measurement into tblMeasurement
2012-11-15 12:16:16,028 - weighApp - DEBUG - insert into tblMeasurement (i_runID,i_positionNumber,f_weight,d_datetime,i_count,i_preOrPost) VALUES (1,3,34.6474,2012-11-15 12:16:16.028000,7,1)
2012-11-15 12:16:16,198 - weighApp - DEBUG - select avg(f_weight) as avg, stdev(f_weight) as stdev  from tblMeasurement  where i_runID=1 AND i_positionNumber=3 AND i_preOrPost= 1
2012-11-15 12:16:16,198 - weighApp - DEBUG - select f_emptyWeightAverage, f_emptyWeightStdDev from tblCrucible where i_runID=1 and i_positionNumber=3
2012-11-15 12:16:16,200 - weighApp - DEBUG - update intial sherd weight, etc.
2012-11-15 12:16:17,342 - weighApp - DEBUG - insert  measurement into tblMeasurement
2012-11-15 12:16:17,342 - weighApp - DEBUG - insert into tblMeasurement (i_runID,i_positionNumber,f_weight,d_datetime,i_count,i_preOrPost) VALUES (1,3,34.6474,2012-11-15 12:16:17.342000,8,1)
2012-11-15 12:16:17,536 - weighApp - DEBUG - select avg(f_weight) as avg, stdev(f_weight) as stdev  from tblMeasurement  where i_runID=1 AND i_positionNumber=3 AND i_preOrPost= 1
2012-11-15 12:16:17,536 - weighApp - DEBUG - select f_emptyWeightAverage, f_emptyWeightStdDev from tblCrucible where i_runID=1 and i_positionNumber=3
2012-11-15 12:16:17,536 - weighApp - DEBUG - update intial sherd weight, etc.
2012-11-15 12:16:18,680 - weighApp - DEBUG - insert  measurement into tblMeasurement
2012-11-15 12:16:18,680 - weighApp - DEBUG - insert into tblMeasurement (i_runID,i_positionNumber,f_weight,d_datetime,i_count,i_preOrPost) VALUES (1,3,34.6474,2012-11-15 12:16:18.680000,9,1)
2012-11-15 12:16:18,898 - weighApp - DEBUG - select avg(f_weight) as avg, stdev(f_weight) as stdev  from tblMeasurement  where i_runID=1 AND i_positionNumber=3 AND i_preOrPost= 1
2012-11-15 12:16:18,898 - weighApp - DEBUG - select f_emptyWeightAverage, f_emptyWeightStdDev from tblCrucible where i_runID=1 and i_positionNumber=3
2012-11-15 12:16:18,898 - weighApp - DEBUG - update intial sherd weight, etc.
2012-11-15 12:16:20,030 - weighApp - DEBUG - insert  measurement into tblMeasurement
2012-11-15 12:16:20,030 - weighApp - DEBUG - insert into tblMeasurement (i_runID,i_positionNumber,f_weight,d_datetime,i_count,i_preOrPost) VALUES (1,3,34.6474,2012-11-15 12:16:20.031000,10,1)
2012-11-15 12:16:20,178 - weighApp - DEBUG - select avg(f_weight) as avg, stdev(f_weight) as stdev  from tblMeasurement  where i_runID=1 AND i_positionNumber=3 AND i_preOrPost= 1
2012-11-15 12:16:20,180 - weighApp - DEBUG - select f_emptyWeightAverage, f_emptyWeightStdDev from tblCrucible where i_runID=1 and i_positionNumber=3
2012-11-15 12:16:20,180 - weighApp - DEBUG - update intial sherd weight, etc.
2012-11-15 12:16:21,349 - weighApp - DEBUG - insert  measurement into tblMeasurement
2012-11-15 12:16:21,349 - weighApp - DEBUG - insert into tblMeasurement (i_runID,i_positionNumber,f_weight,d_datetime,i_count,i_preOrPost) VALUES (1,3,34.6474,2012-11-15 12:16:21.350000,11,1)
2012-11-15 12:16:21,576 - weighApp - DEBUG - select avg(f_weight) as avg, stdev(f_weight) as stdev  from tblMeasurement  where i_runID=1 AND i_positionNumber=3 AND i_preOrPost= 1
2012-11-15 12:16:21,578 - weighApp - DEBUG - select f_emptyWeightAverage, f_emptyWeightStdDev from tblCrucible where i_runID=1 and i_positionNumber=3
2012-11-15 12:16:21,578 - weighApp - DEBUG - update intial sherd weight, etc.
2012-11-15 12:16:22,733 - weighApp - DEBUG - insert  measurement into tblMeasurement
2012-11-15 12:16:22,733 - weighApp - DEBUG - insert into tblMeasurement (i_runID,i_positionNumber,f_weight,d_datetime,i_count,i_preOrPost) VALUES (1,3,34.6474,2012-11-15 12:16:22.733000,12,1)
2012-11-15 12:16:22,993 - weighApp - DEBUG - select avg(f_weight) as avg, stdev(f_weight) as stdev  from tblMeasurement  where i_runID=1 AND i_positionNumber=3 AND i_preOrPost= 1
2012-11-15 12:16:22,993 - weighApp - DEBUG - select f_emptyWeightAverage, f_emptyWeightStdDev from tblCrucible where i_runID=1 and i_positionNumber=3
2012-11-15 12:16:22,993 - weighApp - DEBUG - update intial sherd weight, etc.
2012-11-15 12:16:24,204 - weighApp - DEBUG - select max(i_runID) as max from tblRun
2012-11-15 12:16:34,382 - weighApp - DEBUG - select max(i_runID) as max from tblRun
2012-11-15 12:16:34,391 - weighApp - DEBUG - select i_numberOfSamples from tblRun
2012-11-15 12:16:34,391 - weighApp - DEBUG - select i_numberOfSamples, v_operatorName, v_locationCode,v_description,f_locationTemperature, i_temperatureOfFiring, d_dateTimeFiring, i_durationOfFiring from tblRun
2012-11-15 12:16:36,951 - weighApp - DEBUG - update tblRun set i_numberOfSamples=3, v_operatorName=CPL, v_locationCode=LMV,v_description=Belle Meade,f_locationTemperature=16.66 where i_RunID=1
2012-11-15 12:16:37,121 - weighApp - DEBUG - Now on crucible: 1
2012-11-15 12:16:40,450 - weighApp - DEBUG - insert  measurement into tblMeasurement
2012-11-15 12:16:40,450 - weighApp - DEBUG - insert into tblMeasurement (i_runID,i_positionNumber,f_weight,d_datetime,i_count,i_preOrPost) VALUES (1,1,34.6473,2012-11-15 12:16:40.450000,3,2)
2012-11-15 12:16:41,601 - weighApp - DEBUG - insert  measurement into tblMeasurement
2012-11-15 12:16:41,601 - weighApp - DEBUG - insert into tblMeasurement (i_runID,i_positionNumber,f_weight,d_datetime,i_count,i_preOrPost) VALUES (1,1,34.6473,2012-11-15 12:16:41.601000,4,2)
2012-11-15 12:16:42,855 - weighApp - DEBUG - insert  measurement into tblMeasurement
2012-11-15 12:16:42,855 - weighApp - DEBUG - insert into tblMeasurement (i_runID,i_positionNumber,f_weight,d_datetime,i_count,i_preOrPost) VALUES (1,1,34.6474,2012-11-15 12:16:42.856000,5,2)
2012-11-15 12:16:44,108 - weighApp - DEBUG - insert  measurement into tblMeasurement
2012-11-15 12:16:44,108 - weighApp - DEBUG - insert into tblMeasurement (i_runID,i_positionNumber,f_weight,d_datetime,i_count,i_preOrPost) VALUES (1,1,34.6474,2012-11-15 12:16:44.108000,6,2)
2012-11-15 12:16:44,312 - weighApp - DEBUG - select avg(f_weight) as avg, stdev(f_weight) as stdev  from tblMeasurement  where i_runID=1 AND i_positionNumber=1 AND i_preOrPost= 2
2012-11-15 12:16:44,312 - weighApp - DEBUG - update crucible record with prefire ( 105) weight, etc.
2012-11-15 12:16:44,444 - weighApp - DEBUG - update sample record with prefire ( 105) weight, etc.
2012-11-15 12:16:44,446 - weighApp - DEBUG - select f_emptyWeightAverage, f_emptyWeightStdDev from tblCrucible where i_runID=1 and i_positionNumber=1
2012-11-15 12:16:45,638 - weighApp - DEBUG - insert  measurement into tblMeasurement
2012-11-15 12:16:45,638 - weighApp - DEBUG - insert into tblMeasurement (i_runID,i_positionNumber,f_weight,d_datetime,i_count,i_preOrPost) VALUES (1,1,34.6474,2012-11-15 12:16:45.638000,7,2)
2012-11-15 12:16:45,802 - weighApp - DEBUG - select avg(f_weight) as avg, stdev(f_weight) as stdev  from tblMeasurement  where i_runID=1 AND i_positionNumber=1 AND i_preOrPost= 2
2012-11-15 12:16:45,802 - weighApp - DEBUG - update crucible record with prefire ( 105) weight, etc.
2012-11-15 12:16:45,941 - weighApp - DEBUG - update sample record with prefire ( 105) weight, etc.
2012-11-15 12:16:45,943 - weighApp - DEBUG - select f_emptyWeightAverage, f_emptyWeightStdDev from tblCrucible where i_runID=1 and i_positionNumber=1
2012-11-15 12:16:47,092 - weighApp - DEBUG - insert  measurement into tblMeasurement
2012-11-15 12:16:47,092 - weighApp - DEBUG - insert into tblMeasurement (i_runID,i_positionNumber,f_weight,d_datetime,i_count,i_preOrPost) VALUES (1,1,34.6474,2012-11-15 12:16:47.093000,8,2)
2012-11-15 12:16:47,234 - weighApp - DEBUG - select avg(f_weight) as avg, stdev(f_weight) as stdev  from tblMeasurement  where i_runID=1 AND i_positionNumber=1 AND i_preOrPost= 2
2012-11-15 12:16:47,236 - weighApp - DEBUG - update crucible record with prefire ( 105) weight, etc.
2012-11-15 12:16:47,401 - weighApp - DEBUG - update sample record with prefire ( 105) weight, etc.
2012-11-15 12:16:47,401 - weighApp - DEBUG - select f_emptyWeightAverage, f_emptyWeightStdDev from tblCrucible where i_runID=1 and i_positionNumber=1
2012-11-15 12:16:48,661 - weighApp - DEBUG - insert  measurement into tblMeasurement
2012-11-15 12:16:48,661 - weighApp - DEBUG - insert into tblMeasurement (i_runID,i_positionNumber,f_weight,d_datetime,i_count,i_preOrPost) VALUES (1,1,34.6473,2012-11-15 12:16:48.661000,9,2)
2012-11-15 12:16:48,849 - weighApp - DEBUG - select avg(f_weight) as avg, stdev(f_weight) as stdev  from tblMeasurement  where i_runID=1 AND i_positionNumber=1 AND i_preOrPost= 2
2012-11-15 12:16:48,849 - weighApp - DEBUG - update crucible record with prefire ( 105) weight, etc.
2012-11-15 12:16:48,976 - weighApp - DEBUG - update sample record with prefire ( 105) weight, etc.
2012-11-15 12:16:48,976 - weighApp - DEBUG - select f_emptyWeightAverage, f_emptyWeightStdDev from tblCrucible where i_runID=1 and i_positionNumber=1
2012-11-15 12:16:50,095 - weighApp - DEBUG - Now on crucible: 2
2012-11-15 12:16:53,397 - weighApp - DEBUG - insert  measurement into tblMeasurement
2012-11-15 12:16:53,397 - weighApp - DEBUG - insert into tblMeasurement (i_runID,i_positionNumber,f_weight,d_datetime,i_count,i_preOrPost) VALUES (1,2,34.6473,2012-11-15 12:16:53.397000,3,2)
2012-11-15 12:16:54,575 - weighApp - DEBUG - insert  measurement into tblMeasurement
2012-11-15 12:16:54,576 - weighApp - DEBUG - insert into tblMeasurement (i_runID,i_positionNumber,f_weight,d_datetime,i_count,i_preOrPost) VALUES (1,2,34.6473,2012-11-15 12:16:54.576000,4,2)
2012-11-15 12:16:55,747 - weighApp - DEBUG - insert  measurement into tblMeasurement
2012-11-15 12:16:55,747 - weighApp - DEBUG - insert into tblMeasurement (i_runID,i_positionNumber,f_weight,d_datetime,i_count,i_preOrPost) VALUES (1,2,34.6473,2012-11-15 12:16:55.748000,5,2)
2012-11-15 12:16:57,030 - weighApp - DEBUG - insert  measurement into tblMeasurement
2012-11-15 12:16:57,030 - weighApp - DEBUG - insert into tblMeasurement (i_runID,i_positionNumber,f_weight,d_datetime,i_count,i_preOrPost) VALUES (1,2,34.6473,2012-11-15 12:16:57.031000,6,2)
2012-11-15 12:16:57,170 - weighApp - DEBUG - select avg(f_weight) as avg, stdev(f_weight) as stdev  from tblMeasurement  where i_runID=1 AND i_positionNumber=2 AND i_preOrPost= 2
2012-11-15 12:16:57,171 - weighApp - DEBUG - update crucible record with prefire ( 105) weight, etc.
2012-11-15 12:16:57,318 - weighApp - DEBUG - update sample record with prefire ( 105) weight, etc.
2012-11-15 12:16:57,319 - weighApp - DEBUG - select f_emptyWeightAverage, f_emptyWeightStdDev from tblCrucible where i_runID=1 and i_positionNumber=2
2012-11-15 12:16:58,502 - weighApp - DEBUG - insert  measurement into tblMeasurement
2012-11-15 12:16:58,502 - weighApp - DEBUG - insert into tblMeasurement (i_runID,i_positionNumber,f_weight,d_datetime,i_count,i_preOrPost) VALUES (1,2,34.6473,2012-11-15 12:16:58.502000,7,2)
2012-11-15 12:16:58,644 - weighApp - DEBUG - select avg(f_weight) as avg, stdev(f_weight) as stdev  from tblMeasurement  where i_runID=1 AND i_positionNumber=2 AND i_preOrPost= 2
2012-11-15 12:16:58,644 - weighApp - DEBUG - update crucible record with prefire ( 105) weight, etc.
2012-11-15 12:16:58,779 - weighApp - DEBUG - update sample record with prefire ( 105) weight, etc.
2012-11-15 12:16:58,779 - weighApp - DEBUG - select f_emptyWeightAverage, f_emptyWeightStdDev from tblCrucible where i_runID=1 and i_positionNumber=2
2012-11-15 12:16:59,901 - weighApp - DEBUG - insert  measurement into tblMeasurement
2012-11-15 12:16:59,901 - weighApp - DEBUG - insert into tblMeasurement (i_runID,i_positionNumber,f_weight,d_datetime,i_count,i_preOrPost) VALUES (1,2,34.6473,2012-11-15 12:16:59.902000,8,2)
2012-11-15 12:17:00,052 - weighApp - DEBUG - select avg(f_weight) as avg, stdev(f_weight) as stdev  from tblMeasurement  where i_runID=1 AND i_positionNumber=2 AND i_preOrPost= 2
2012-11-15 12:17:00,053 - weighApp - DEBUG - update crucible record with prefire ( 105) weight, etc.
2012-11-15 12:17:00,230 - weighApp - DEBUG - update sample record with prefire ( 105) weight, etc.
2012-11-15 12:17:00,230 - weighApp - DEBUG - select f_emptyWeightAverage, f_emptyWeightStdDev from tblCrucible where i_runID=1 and i_positionNumber=2
2012-11-15 12:17:01,359 - weighApp - DEBUG - insert  measurement into tblMeasurement
2012-11-15 12:17:01,361 - weighApp - DEBUG - insert into tblMeasurement (i_runID,i_positionNumber,f_weight,d_datetime,i_count,i_preOrPost) VALUES (1,2,34.6473,2012-11-15 12:17:01.360000,9,2)
2012-11-15 12:17:01,611 - weighApp - DEBUG - select avg(f_weight) as avg, stdev(f_weight) as stdev  from tblMeasurement  where i_runID=1 AND i_positionNumber=2 AND i_preOrPost= 2
2012-11-15 12:17:01,611 - weighApp - DEBUG - update crucible record with prefire ( 105) weight, etc.
2012-11-15 12:17:01,770 - weighApp - DEBUG - update sample record with prefire ( 105) weight, etc.
2012-11-15 12:17:01,772 - weighApp - DEBUG - select f_emptyWeightAverage, f_emptyWeightStdDev from tblCrucible where i_runID=1 and i_positionNumber=2
2012-11-15 12:17:02,900 - weighApp - DEBUG - insert  measurement into tblMeasurement
2012-11-15 12:17:02,900 - weighApp - DEBUG - insert into tblMeasurement (i_runID,i_positionNumber,f_weight,d_datetime,i_count,i_preOrPost) VALUES (1,2,34.6473,2012-11-15 12:17:02.900000,10,2)
2012-11-15 12:17:03,046 - weighApp - DEBUG - select avg(f_weight) as avg, stdev(f_weight) as stdev  from tblMeasurement  where i_runID=1 AND i_positionNumber=2 AND i_preOrPost= 2
2012-11-15 12:17:03,046 - weighApp - DEBUG - update crucible record with prefire ( 105) weight, etc.
2012-11-15 12:17:03,302 - weighApp - DEBUG - update sample record with prefire ( 105) weight, etc.
2012-11-15 12:17:03,303 - weighApp - DEBUG - select f_emptyWeightAverage, f_emptyWeightStdDev from tblCrucible where i_runID=1 and i_positionNumber=2
2012-11-15 12:17:04,543 - weighApp - DEBUG - insert  measurement into tblMeasurement
2012-11-15 12:17:04,543 - weighApp - DEBUG - insert into tblMeasurement (i_runID,i_positionNumber,f_weight,d_datetime,i_count,i_preOrPost) VALUES (1,2,34.6473,2012-11-15 12:17:04.544000,11,2)
2012-11-15 12:17:04,927 - weighApp - DEBUG - select avg(f_weight) as avg, stdev(f_weight) as stdev  from tblMeasurement  where i_runID=1 AND i_positionNumber=2 AND i_preOrPost= 2
2012-11-15 12:17:04,928 - weighApp - DEBUG - update crucible record with prefire ( 105) weight, etc.
2012-11-15 12:17:05,062 - weighApp - DEBUG - update sample record with prefire ( 105) weight, etc.
2012-11-15 12:17:05,062 - weighApp - DEBUG - select f_emptyWeightAverage, f_emptyWeightStdDev from tblCrucible where i_runID=1 and i_positionNumber=2
2012-11-15 12:17:06,207 - weighApp - DEBUG - Now on crucible: 3
2012-11-15 12:17:09,476 - weighApp - DEBUG - insert  measurement into tblMeasurement
2012-11-15 12:17:09,476 - weighApp - DEBUG - insert into tblMeasurement (i_runID,i_positionNumber,f_weight,d_datetime,i_count,i_preOrPost) VALUES (1,3,34.6473,2012-11-15 12:17:09.477000,3,2)
2012-11-15 12:17:10,680 - weighApp - DEBUG - insert  measurement into tblMeasurement
2012-11-15 12:17:10,680 - weighApp - DEBUG - insert into tblMeasurement (i_runID,i_positionNumber,f_weight,d_datetime,i_count,i_preOrPost) VALUES (1,3,34.6473,2012-11-15 12:17:10.680000,4,2)
2012-11-15 12:17:11,907 - weighApp - DEBUG - insert  measurement into tblMeasurement
2012-11-15 12:17:11,907 - weighApp - DEBUG - insert into tblMeasurement (i_runID,i_positionNumber,f_weight,d_datetime,i_count,i_preOrPost) VALUES (1,3,34.6473,2012-11-15 12:17:11.907000,5,2)
2012-11-15 12:17:13,322 - weighApp - DEBUG - insert  measurement into tblMeasurement
2012-11-15 12:17:13,322 - weighApp - DEBUG - insert into tblMeasurement (i_runID,i_positionNumber,f_weight,d_datetime,i_count,i_preOrPost) VALUES (1,3,34.6473,2012-11-15 12:17:13.323000,6,2)
2012-11-15 12:17:13,486 - weighApp - DEBUG - select avg(f_weight) as avg, stdev(f_weight) as stdev  from tblMeasurement  where i_runID=1 AND i_positionNumber=3 AND i_preOrPost= 2
2012-11-15 12:17:13,487 - weighApp - DEBUG - update crucible record with prefire ( 105) weight, etc.
2012-11-15 12:17:13,618 - weighApp - DEBUG - update sample record with prefire ( 105) weight, etc.
2012-11-15 12:17:13,618 - weighApp - DEBUG - select f_emptyWeightAverage, f_emptyWeightStdDev from tblCrucible where i_runID=1 and i_positionNumber=3
2012-11-15 12:17:14,793 - weighApp - DEBUG - insert  measurement into tblMeasurement
2012-11-15 12:17:14,793 - weighApp - DEBUG - insert into tblMeasurement (i_runID,i_positionNumber,f_weight,d_datetime,i_count,i_preOrPost) VALUES (1,3,34.6473,2012-11-15 12:17:14.794000,7,2)
2012-11-15 12:17:15,151 - weighApp - DEBUG - select avg(f_weight) as avg, stdev(f_weight) as stdev  from tblMeasurement  where i_runID=1 AND i_positionNumber=3 AND i_preOrPost= 2
2012-11-15 12:17:15,153 - weighApp - DEBUG - update crucible record with prefire ( 105) weight, etc.
2012-11-15 12:17:15,296 - weighApp - DEBUG - update sample record with prefire ( 105) weight, etc.
2012-11-15 12:17:15,298 - weighApp - DEBUG - select f_emptyWeightAverage, f_emptyWeightStdDev from tblCrucible where i_runID=1 and i_positionNumber=3
2012-11-15 12:17:16,471 - weighApp - DEBUG - insert  measurement into tblMeasurement
2012-11-15 12:17:16,473 - weighApp - DEBUG - insert into tblMeasurement (i_runID,i_positionNumber,f_weight,d_datetime,i_count,i_preOrPost) VALUES (1,3,34.6473,2012-11-15 12:17:16.473000,8,2)
2012-11-15 12:17:16,612 - weighApp - DEBUG - select avg(f_weight) as avg, stdev(f_weight) as stdev  from tblMeasurement  where i_runID=1 AND i_positionNumber=3 AND i_preOrPost= 2
2012-11-15 12:17:16,612 - weighApp - DEBUG - update crucible record with prefire ( 105) weight, etc.
2012-11-15 12:17:16,740 - weighApp - DEBUG - update sample record with prefire ( 105) weight, etc.
2012-11-15 12:17:16,742 - weighApp - DEBUG - select f_emptyWeightAverage, f_emptyWeightStdDev from tblCrucible where i_runID=1 and i_positionNumber=3
2012-11-15 12:17:17,878 - weighApp - DEBUG - insert  measurement into tblMeasurement
2012-11-15 12:17:17,878 - weighApp - DEBUG - insert into tblMeasurement (i_runID,i_positionNumber,f_weight,d_datetime,i_count,i_preOrPost) VALUES (1,3,34.6473,2012-11-15 12:17:17.879000,9,2)
2012-11-15 12:17:18,091 - weighApp - DEBUG - select avg(f_weight) as avg, stdev(f_weight) as stdev  from tblMeasurement  where i_runID=1 AND i_positionNumber=3 AND i_preOrPost= 2
2012-11-15 12:17:18,092 - weighApp - DEBUG - update crucible record with prefire ( 105) weight, etc.
2012-11-15 12:17:18,194 - weighApp - DEBUG - update sample record with prefire ( 105) weight, etc.
2012-11-15 12:17:18,196 - weighApp - DEBUG - select f_emptyWeightAverage, f_emptyWeightStdDev from tblCrucible where i_runID=1 and i_positionNumber=3
2012-11-15 12:17:19,334 - weighApp - DEBUG - insert  measurement into tblMeasurement
2012-11-15 12:17:19,334 - weighApp - DEBUG - insert into tblMeasurement (i_runID,i_positionNumber,f_weight,d_datetime,i_count,i_preOrPost) VALUES (1,3,34.6473,2012-11-15 12:17:19.334000,10,2)
2012-11-15 12:17:19,535 - weighApp - DEBUG - select avg(f_weight) as avg, stdev(f_weight) as stdev  from tblMeasurement  where i_runID=1 AND i_positionNumber=3 AND i_preOrPost= 2
2012-11-15 12:17:19,536 - weighApp - DEBUG - update crucible record with prefire ( 105) weight, etc.
2012-11-15 12:17:19,721 - weighApp - DEBUG - update sample record with prefire ( 105) weight, etc.
2012-11-15 12:17:19,723 - weighApp - DEBUG - select f_emptyWeightAverage, f_emptyWeightStdDev from tblCrucible where i_runID=1 and i_positionNumber=3
2012-11-15 12:17:20,872 - weighApp - DEBUG - insert  measurement into tblMeasurement
2012-11-15 12:17:20,874 - weighApp - DEBUG - insert into tblMeasurement (i_runID,i_positionNumber,f_weight,d_datetime,i_count,i_preOrPost) VALUES (1,3,34.6473,2012-11-15 12:17:20.873000,11,2)
2012-11-15 12:17:21,072 - weighApp - DEBUG - select avg(f_weight) as avg, stdev(f_weight) as stdev  from tblMeasurement  where i_runID=1 AND i_positionNumber=3 AND i_preOrPost= 2
2012-11-15 12:17:21,072 - weighApp - DEBUG - update crucible record with prefire ( 105) weight, etc.
2012-11-15 12:17:21,201 - weighApp - DEBUG - update sample record with prefire ( 105) weight, etc.
2012-11-15 12:17:21,201 - weighApp - DEBUG - select f_emptyWeightAverage, f_emptyWeightStdDev from tblCrucible where i_runID=1 and i_positionNumber=3
2012-11-15 12:17:22,332 - weighApp - DEBUG - insert  measurement into tblMeasurement
2012-11-15 12:17:22,332 - weighApp - DEBUG - insert into tblMeasurement (i_runID,i_positionNumber,f_weight,d_datetime,i_count,i_preOrPost) VALUES (1,3,34.6473,2012-11-15 12:17:22.333000,12,2)
2012-11-15 12:17:22,493 - weighApp - DEBUG - select avg(f_weight) as avg, stdev(f_weight) as stdev  from tblMeasurement  where i_runID=1 AND i_positionNumber=3 AND i_preOrPost= 2
2012-11-15 12:17:22,493 - weighApp - DEBUG - update crucible record with prefire ( 105) weight, etc.
2012-11-15 12:17:22,628 - weighApp - DEBUG - update sample record with prefire ( 105) weight, etc.
2012-11-15 12:17:22,630 - weighApp - DEBUG - select f_emptyWeightAverage, f_emptyWeightStdDev from tblCrucible where i_runID=1 and i_positionNumber=3
2012-11-15 12:17:26,025 - weighApp - DEBUG - update crucible record with prefire ( 105) weight, etc.
2012-11-15 12:17:26,025 - weighApp - DEBUG - update sample record with prefire ( 105) weight, etc.
2012-11-15 12:17:26,025 - weighApp - DEBUG - select f_emptyWeightAverage, f_emptyWeightStdDev from tblCrucible where i_runID=1 and i_positionNumber=3
2012-11-15 12:17:27,058 - weighApp - DEBUG - update crucible record with prefire ( 105) weight, etc.
2012-11-15 12:17:27,058 - weighApp - DEBUG - update sample record with prefire ( 105) weight, etc.
2012-11-15 12:17:27,058 - weighApp - DEBUG - select f_emptyWeightAverage, f_emptyWeightStdDev from tblCrucible where i_runID=1 and i_positionNumber=2
2012-11-15 12:17:28,062 - weighApp - DEBUG - update crucible record with prefire ( 105) weight, etc.
2012-11-15 12:17:28,062 - weighApp - DEBUG - update sample record with prefire ( 105) weight, etc.
2012-11-15 12:17:28,062 - weighApp - DEBUG - select f_emptyWeightAverage, f_emptyWeightStdDev from tblCrucible where i_runID=1 and i_positionNumber=1
