2012-11-15 13:04:00,404 - weighApp - DEBUG - insert run
2012-11-15 13:04:00,407 - weighApp - DEBUG - insert into tblRun (v_operatorName,d_datetime,i_numberOfSamples,v_locationCode, v_description,f_locationTemperature) VALUES (CPL,2012-11-15 13:04:00.405000,3,LMV,Belle Meade,17.000000)
2012-11-15 13:04:00,558 - weighApp - DEBUG - Now on crucible: 1
2012-11-15 13:04:02,056 - weighApp - DEBUG - insert empty crucible measurement into tblCrucible
2012-11-15 13:04:04,480 - weighApp - DEBUG - insert  measurement into tblMeasurement
2012-11-15 13:04:04,480 - weighApp - DEBUG - insert into tblMeasurement (i_runID,i_positionNumber,f_weight,d_datetime,i_count,i_preOrPost) VALUES (1,1,34.647,2012-11-15 13:04:04.480000,3,0)
2012-11-15 13:04:05,698 - weighApp - DEBUG - insert  measurement into tblMeasurement
2012-11-15 13:04:05,698 - weighApp - DEBUG - insert into tblMeasurement (i_runID,i_positionNumber,f_weight,d_datetime,i_count,i_preOrPost) VALUES (1,1,34.647,2012-11-15 13:04:05.699000,4,0)
2012-11-15 13:04:06,920 - weighApp - DEBUG - insert  measurement into tblMeasurement
2012-11-15 13:04:06,920 - weighApp - DEBUG - insert into tblMeasurement (i_runID,i_positionNumber,f_weight,d_datetime,i_count,i_preOrPost) VALUES (1,1,34.6469,2012-11-15 13:04:06.920000,5,0)
2012-11-15 13:04:08,164 - weighApp - DEBUG - insert  measurement into tblMeasurement
2012-11-15 13:04:08,164 - weighApp - DEBUG - insert into tblMeasurement (i_runID,i_positionNumber,f_weight,d_datetime,i_count,i_preOrPost) VALUES (1,1,34.6469,2012-11-15 13:04:08.165000,6,0)
2012-11-15 13:04:08,309 - weighApp - DEBUG - select avg(f_weight) as avg, stdev(f_weight) as stdev  from tblMeasurement  where i_runID=1 AND i_positionNumber=1 AND i_preOrPost= 0
2012-11-15 13:04:08,311 - weighApp - DEBUG - update empty crucible weight, etc.
2012-11-15 13:04:09,608 - weighApp - DEBUG - insert  measurement into tblMeasurement
2012-11-15 13:04:09,608 - weighApp - DEBUG - insert into tblMeasurement (i_runID,i_positionNumber,f_weight,d_datetime,i_count,i_preOrPost) VALUES (1,1,34.6469,2012-11-15 13:04:09.608000,7,0)
2012-11-15 13:04:09,740 - weighApp - DEBUG - select avg(f_weight) as avg, stdev(f_weight) as stdev  from tblMeasurement  where i_runID=1 AND i_positionNumber=1 AND i_preOrPost= 0
2012-11-15 13:04:09,740 - weighApp - DEBUG - update empty crucible weight, etc.
2012-11-15 13:04:10,950 - weighApp - DEBUG - insert  measurement into tblMeasurement
2012-11-15 13:04:10,950 - weighApp - DEBUG - insert into tblMeasurement (i_runID,i_positionNumber,f_weight,d_datetime,i_count,i_preOrPost) VALUES (1,1,34.6469,2012-11-15 13:04:10.950000,8,0)
2012-11-15 13:04:11,082 - weighApp - DEBUG - select avg(f_weight) as avg, stdev(f_weight) as stdev  from tblMeasurement  where i_runID=1 AND i_positionNumber=1 AND i_preOrPost= 0
2012-11-15 13:04:11,082 - weighApp - DEBUG - update empty crucible weight, etc.
2012-11-15 13:04:12,292 - weighApp - DEBUG - insert  measurement into tblMeasurement
2012-11-15 13:04:12,292 - weighApp - DEBUG - insert into tblMeasurement (i_runID,i_positionNumber,f_weight,d_datetime,i_count,i_preOrPost) VALUES (1,1,34.6469,2012-11-15 13:04:12.292000,9,0)
2012-11-15 13:04:12,453 - weighApp - DEBUG - select avg(f_weight) as avg, stdev(f_weight) as stdev  from tblMeasurement  where i_runID=1 AND i_positionNumber=1 AND i_preOrPost= 0
2012-11-15 13:04:12,453 - weighApp - DEBUG - update empty crucible weight, etc.
2012-11-15 13:04:13,650 - weighApp - DEBUG - insert  measurement into tblMeasurement
2012-11-15 13:04:13,651 - weighApp - DEBUG - insert into tblMeasurement (i_runID,i_positionNumber,f_weight,d_datetime,i_count,i_preOrPost) VALUES (1,1,34.647,2012-11-15 13:04:13.651000,10,0)
2012-11-15 13:04:13,831 - weighApp - DEBUG - select avg(f_weight) as avg, stdev(f_weight) as stdev  from tblMeasurement  where i_runID=1 AND i_positionNumber=1 AND i_preOrPost= 0
2012-11-15 13:04:13,832 - weighApp - DEBUG - update empty crucible weight, etc.
2012-11-15 13:04:15,102 - weighApp - DEBUG - insert  measurement into tblMeasurement
2012-11-15 13:04:15,102 - weighApp - DEBUG - insert into tblMeasurement (i_runID,i_positionNumber,f_weight,d_datetime,i_count,i_preOrPost) VALUES (1,1,34.647,2012-11-15 13:04:15.103000,11,0)
2012-11-15 13:04:15,239 - weighApp - DEBUG - select avg(f_weight) as avg, stdev(f_weight) as stdev  from tblMeasurement  where i_runID=1 AND i_positionNumber=1 AND i_preOrPost= 0
2012-11-15 13:04:15,240 - weighApp - DEBUG - update empty crucible weight, etc.
2012-11-15 13:04:16,566 - weighApp - DEBUG - insert  measurement into tblMeasurement
2012-11-15 13:04:16,568 - weighApp - DEBUG - insert into tblMeasurement (i_runID,i_positionNumber,f_weight,d_datetime,i_count,i_preOrPost) VALUES (1,1,34.6471,2012-11-15 13:04:16.567000,12,0)
2012-11-15 13:04:16,687 - weighApp - DEBUG - select avg(f_weight) as avg, stdev(f_weight) as stdev  from tblMeasurement  where i_runID=1 AND i_positionNumber=1 AND i_preOrPost= 0
2012-11-15 13:04:16,688 - weighApp - DEBUG - update empty crucible weight, etc.
2012-11-15 13:04:18,033 - weighApp - DEBUG - insert  measurement into tblMeasurement
2012-11-15 13:04:18,033 - weighApp - DEBUG - insert into tblMeasurement (i_runID,i_positionNumber,f_weight,d_datetime,i_count,i_preOrPost) VALUES (1,1,34.6471,2012-11-15 13:04:18.034000,13,0)
2012-11-15 13:04:18,170 - weighApp - DEBUG - select avg(f_weight) as avg, stdev(f_weight) as stdev  from tblMeasurement  where i_runID=1 AND i_positionNumber=1 AND i_preOrPost= 0
2012-11-15 13:04:18,170 - weighApp - DEBUG - update empty crucible weight, etc.
2012-11-15 13:04:19,293 - weighApp - DEBUG - Now on crucible: 2
2012-11-15 13:04:23,335 - weighApp - DEBUG - insert empty crucible measurement into tblCrucible
2012-11-15 13:04:25,723 - weighApp - DEBUG - insert  measurement into tblMeasurement
2012-11-15 13:04:25,723 - weighApp - DEBUG - insert into tblMeasurement (i_runID,i_positionNumber,f_weight,d_datetime,i_count,i_preOrPost) VALUES (1,2,34.6471,2012-11-15 13:04:25.723000,3,0)
2012-11-15 13:04:26,943 - weighApp - DEBUG - insert  measurement into tblMeasurement
2012-11-15 13:04:26,943 - weighApp - DEBUG - insert into tblMeasurement (i_runID,i_positionNumber,f_weight,d_datetime,i_count,i_preOrPost) VALUES (1,2,34.6471,2012-11-15 13:04:26.943000,4,0)
2012-11-15 13:04:28,165 - weighApp - DEBUG - insert  measurement into tblMeasurement
2012-11-15 13:04:28,165 - weighApp - DEBUG - insert into tblMeasurement (i_runID,i_positionNumber,f_weight,d_datetime,i_count,i_preOrPost) VALUES (1,2,34.6471,2012-11-15 13:04:28.166000,5,0)
2012-11-15 13:04:29,384 - weighApp - DEBUG - insert  measurement into tblMeasurement
2012-11-15 13:04:29,384 - weighApp - DEBUG - insert into tblMeasurement (i_runID,i_positionNumber,f_weight,d_datetime,i_count,i_preOrPost) VALUES (1,2,34.6471,2012-11-15 13:04:29.384000,6,0)
2012-11-15 13:04:29,490 - weighApp - DEBUG - select avg(f_weight) as avg, stdev(f_weight) as stdev  from tblMeasurement  where i_runID=1 AND i_positionNumber=2 AND i_preOrPost= 0
2012-11-15 13:04:29,490 - weighApp - DEBUG - update empty crucible weight, etc.
2012-11-15 13:04:30,727 - weighApp - DEBUG - insert  measurement into tblMeasurement
2012-11-15 13:04:30,730 - weighApp - DEBUG - insert into tblMeasurement (i_runID,i_positionNumber,f_weight,d_datetime,i_count,i_preOrPost) VALUES (1,2,34.6472,2012-11-15 13:04:30.729000,7,0)
2012-11-15 13:04:30,881 - weighApp - DEBUG - select avg(f_weight) as avg, stdev(f_weight) as stdev  from tblMeasurement  where i_runID=1 AND i_positionNumber=2 AND i_preOrPost= 0
2012-11-15 13:04:30,881 - weighApp - DEBUG - update empty crucible weight, etc.
2012-11-15 13:04:32,197 - weighApp - DEBUG - insert  measurement into tblMeasurement
2012-11-15 13:04:32,197 - weighApp - DEBUG - insert into tblMeasurement (i_runID,i_positionNumber,f_weight,d_datetime,i_count,i_preOrPost) VALUES (1,2,34.6472,2012-11-15 13:04:32.197000,8,0)
2012-11-15 13:04:32,388 - weighApp - DEBUG - select avg(f_weight) as avg, stdev(f_weight) as stdev  from tblMeasurement  where i_runID=1 AND i_positionNumber=2 AND i_preOrPost= 0
2012-11-15 13:04:32,390 - weighApp - DEBUG - update empty crucible weight, etc.
2012-11-15 13:04:33,658 - weighApp - DEBUG - insert  measurement into tblMeasurement
2012-11-15 13:04:33,658 - weighApp - DEBUG - insert into tblMeasurement (i_runID,i_positionNumber,f_weight,d_datetime,i_count,i_preOrPost) VALUES (1,2,34.6472,2012-11-15 13:04:33.659000,9,0)
2012-11-15 13:04:33,990 - weighApp - DEBUG - select avg(f_weight) as avg, stdev(f_weight) as stdev  from tblMeasurement  where i_runID=1 AND i_positionNumber=2 AND i_preOrPost= 0
2012-11-15 13:04:33,992 - weighApp - DEBUG - update empty crucible weight, etc.
2012-11-15 13:04:35,246 - weighApp - DEBUG - insert  measurement into tblMeasurement
2012-11-15 13:04:35,246 - weighApp - DEBUG - insert into tblMeasurement (i_runID,i_positionNumber,f_weight,d_datetime,i_count,i_preOrPost) VALUES (1,2,34.6472,2012-11-15 13:04:35.247000,10,0)
2012-11-15 13:04:35,361 - weighApp - DEBUG - select avg(f_weight) as avg, stdev(f_weight) as stdev  from tblMeasurement  where i_runID=1 AND i_positionNumber=2 AND i_preOrPost= 0
2012-11-15 13:04:35,362 - weighApp - DEBUG - update empty crucible weight, etc.
2012-11-15 13:04:36,596 - weighApp - DEBUG - insert  measurement into tblMeasurement
2012-11-15 13:04:36,598 - weighApp - DEBUG - insert into tblMeasurement (i_runID,i_positionNumber,f_weight,d_datetime,i_count,i_preOrPost) VALUES (1,2,34.6473,2012-11-15 13:04:36.597000,11,0)
2012-11-15 13:04:36,720 - weighApp - DEBUG - select avg(f_weight) as avg, stdev(f_weight) as stdev  from tblMeasurement  where i_runID=1 AND i_positionNumber=2 AND i_preOrPost= 0
2012-11-15 13:04:36,720 - weighApp - DEBUG - update empty crucible weight, etc.
2012-11-15 13:04:37,931 - weighApp - DEBUG - insert  measurement into tblMeasurement
2012-11-15 13:04:37,931 - weighApp - DEBUG - insert into tblMeasurement (i_runID,i_positionNumber,f_weight,d_datetime,i_count,i_preOrPost) VALUES (1,2,34.6473,2012-11-15 13:04:37.932000,12,0)
2012-11-15 13:04:38,069 - weighApp - DEBUG - select avg(f_weight) as avg, stdev(f_weight) as stdev  from tblMeasurement  where i_runID=1 AND i_positionNumber=2 AND i_preOrPost= 0
2012-11-15 13:04:38,069 - weighApp - DEBUG - update empty crucible weight, etc.
2012-11-15 13:04:38,210 - weighApp - DEBUG - Now on crucible: 3
2012-11-15 13:04:39,349 - weighApp - DEBUG - insert empty crucible measurement into tblCrucible
2012-11-15 13:04:41,716 - weighApp - DEBUG - insert  measurement into tblMeasurement
2012-11-15 13:04:41,717 - weighApp - DEBUG - insert into tblMeasurement (i_runID,i_positionNumber,f_weight,d_datetime,i_count,i_preOrPost) VALUES (1,3,34.6473,2012-11-15 13:04:41.716000,3,0)
2012-11-15 13:04:42,937 - weighApp - DEBUG - insert  measurement into tblMeasurement
2012-11-15 13:04:42,937 - weighApp - DEBUG - insert into tblMeasurement (i_runID,i_positionNumber,f_weight,d_datetime,i_count,i_preOrPost) VALUES (1,3,34.6473,2012-11-15 13:04:42.937000,4,0)
2012-11-15 13:04:44,282 - weighApp - DEBUG - insert  measurement into tblMeasurement
2012-11-15 13:04:44,282 - weighApp - DEBUG - insert into tblMeasurement (i_runID,i_positionNumber,f_weight,d_datetime,i_count,i_preOrPost) VALUES (1,3,34.6473,2012-11-15 13:04:44.283000,5,0)
2012-11-15 13:04:45,746 - weighApp - DEBUG - insert  measurement into tblMeasurement
2012-11-15 13:04:45,746 - weighApp - DEBUG - insert into tblMeasurement (i_runID,i_positionNumber,f_weight,d_datetime,i_count,i_preOrPost) VALUES (1,3,34.6473,2012-11-15 13:04:45.746000,6,0)
2012-11-15 13:04:46,022 - weighApp - DEBUG - select avg(f_weight) as avg, stdev(f_weight) as stdev  from tblMeasurement  where i_runID=1 AND i_positionNumber=3 AND i_preOrPost= 0
2012-11-15 13:04:46,023 - weighApp - DEBUG - update empty crucible weight, etc.
2012-11-15 13:04:47,351 - weighApp - DEBUG - insert  measurement into tblMeasurement
2012-11-15 13:04:47,351 - weighApp - DEBUG - insert into tblMeasurement (i_runID,i_positionNumber,f_weight,d_datetime,i_count,i_preOrPost) VALUES (1,3,34.6473,2012-11-15 13:04:47.352000,7,0)
2012-11-15 13:04:47,490 - weighApp - DEBUG - select avg(f_weight) as avg, stdev(f_weight) as stdev  from tblMeasurement  where i_runID=1 AND i_positionNumber=3 AND i_preOrPost= 0
2012-11-15 13:04:47,490 - weighApp - DEBUG - update empty crucible weight, etc.
2012-11-15 13:04:48,676 - weighApp - DEBUG - insert  measurement into tblMeasurement
2012-11-15 13:04:48,676 - weighApp - DEBUG - insert into tblMeasurement (i_runID,i_positionNumber,f_weight,d_datetime,i_count,i_preOrPost) VALUES (1,3,34.6473,2012-11-15 13:04:48.676000,8,0)
2012-11-15 13:04:48,815 - weighApp - DEBUG - select avg(f_weight) as avg, stdev(f_weight) as stdev  from tblMeasurement  where i_runID=1 AND i_positionNumber=3 AND i_preOrPost= 0
2012-11-15 13:04:48,816 - weighApp - DEBUG - update empty crucible weight, etc.
