2012-11-09 16:22:23,253 - weighApp - DEBUG - insert run
2012-11-09 16:22:23,256 - weighApp - DEBUG - insert into tblRun (v_operatorName,d_datetime,i_numberOfSamples) VALUES (CPL,2012-11-09 16:22:23.254000,3)
2012-11-09 16:22:23,433 - weighApp - DEBUG - Now on crucible: 1
2012-11-09 16:22:24,928 - weighApp - DEBUG - insert empty crucible measurement into tblCrucible
2012-11-09 16:22:27,404 - weighApp - DEBUG - insert  measurement into tblMeasurement
2012-11-09 16:22:27,404 - weighApp - DEBUG - insert into tblMeasurement (i_runID,i_positionNumber,f_weight,d_datetime,i_count,i_preOrPost) VALUES (1,1,23.8713,2012-11-09 16:22:27.404000,3,0)
2012-11-09 16:22:34,190 - weighApp - DEBUG - insert  measurement into tblMeasurement
2012-11-09 16:22:34,190 - weighApp - DEBUG - insert into tblMeasurement (i_runID,i_positionNumber,f_weight,d_datetime,i_count,i_preOrPost) VALUES (1,1,23.8776,2012-11-09 16:22:34.191000,4,0)
2012-11-09 16:22:50,614 - weighApp - DEBUG - insert  measurement into tblMeasurement
2012-11-09 16:22:50,614 - weighApp - DEBUG - insert into tblMeasurement (i_runID,i_positionNumber,f_weight,d_datetime,i_count,i_preOrPost) VALUES (1,1,23.8742,2012-11-09 16:22:50.614000,5,0)
2012-11-09 16:22:51,813 - weighApp - DEBUG - insert  measurement into tblMeasurement
2012-11-09 16:22:51,813 - weighApp - DEBUG - insert into tblMeasurement (i_runID,i_positionNumber,f_weight,d_datetime,i_count,i_preOrPost) VALUES (1,1,23.8732,2012-11-09 16:22:51.814000,6,0)
2012-11-09 16:22:51,989 - weighApp - DEBUG - select avg(f_weight) as avg, stdev(f_weight) as stdev  from tblMeasurement  where i_runID=1 AND i_positionNumber=1 AND i_preOrPost= 0
2012-11-09 16:22:51,990 - weighApp - DEBUG - update empty crucible weight, etc.
2012-11-09 16:22:53,203 - weighApp - DEBUG - insert  measurement into tblMeasurement
2012-11-09 16:22:53,203 - weighApp - DEBUG - insert into tblMeasurement (i_runID,i_positionNumber,f_weight,d_datetime,i_count,i_preOrPost) VALUES (1,1,23.8732,2012-11-09 16:22:53.203000,7,0)
2012-11-09 16:22:53,355 - weighApp - DEBUG - select avg(f_weight) as avg, stdev(f_weight) as stdev  from tblMeasurement  where i_runID=1 AND i_positionNumber=1 AND i_preOrPost= 0
2012-11-09 16:22:53,355 - weighApp - DEBUG - update empty crucible weight, etc.
2012-11-09 16:22:54,542 - weighApp - DEBUG - insert  measurement into tblMeasurement
2012-11-09 16:22:54,543 - weighApp - DEBUG - insert into tblMeasurement (i_runID,i_positionNumber,f_weight,d_datetime,i_count,i_preOrPost) VALUES (1,1,23.8732,2012-11-09 16:22:54.544000,8,0)
2012-11-09 16:22:54,703 - weighApp - DEBUG - select avg(f_weight) as avg, stdev(f_weight) as stdev  from tblMeasurement  where i_runID=1 AND i_positionNumber=1 AND i_preOrPost= 0
2012-11-09 16:22:54,704 - weighApp - DEBUG - update empty crucible weight, etc.
2012-11-09 16:22:56,006 - weighApp - DEBUG - insert  measurement into tblMeasurement
2012-11-09 16:22:56,006 - weighApp - DEBUG - insert into tblMeasurement (i_runID,i_positionNumber,f_weight,d_datetime,i_count,i_preOrPost) VALUES (1,1,23.8733,2012-11-09 16:22:56.006000,9,0)
2012-11-09 16:22:56,145 - weighApp - DEBUG - select avg(f_weight) as avg, stdev(f_weight) as stdev  from tblMeasurement  where i_runID=1 AND i_positionNumber=1 AND i_preOrPost= 0
2012-11-09 16:22:56,145 - weighApp - DEBUG - update empty crucible weight, etc.
2012-11-09 16:22:57,359 - weighApp - DEBUG - insert  measurement into tblMeasurement
2012-11-09 16:22:57,359 - weighApp - DEBUG - insert into tblMeasurement (i_runID,i_positionNumber,f_weight,d_datetime,i_count,i_preOrPost) VALUES (1,1,23.8734,2012-11-09 16:22:57.360000,10,0)
2012-11-09 16:22:57,526 - weighApp - DEBUG - select avg(f_weight) as avg, stdev(f_weight) as stdev  from tblMeasurement  where i_runID=1 AND i_positionNumber=1 AND i_preOrPost= 0
2012-11-09 16:22:57,528 - weighApp - DEBUG - update empty crucible weight, etc.
2012-11-09 16:22:58,676 - weighApp - DEBUG - insert  measurement into tblMeasurement
2012-11-09 16:22:58,676 - weighApp - DEBUG - insert into tblMeasurement (i_runID,i_positionNumber,f_weight,d_datetime,i_count,i_preOrPost) VALUES (1,1,23.8734,2012-11-09 16:22:58.676000,11,0)
2012-11-09 16:22:58,828 - weighApp - DEBUG - select avg(f_weight) as avg, stdev(f_weight) as stdev  from tblMeasurement  where i_runID=1 AND i_positionNumber=1 AND i_preOrPost= 0
2012-11-09 16:22:58,829 - weighApp - DEBUG - update empty crucible weight, etc.
2012-11-09 16:22:59,986 - weighApp - DEBUG - insert  measurement into tblMeasurement
2012-11-09 16:22:59,986 - weighApp - DEBUG - insert into tblMeasurement (i_runID,i_positionNumber,f_weight,d_datetime,i_count,i_preOrPost) VALUES (1,1,23.8735,2012-11-09 16:22:59.986000,12,0)
2012-11-09 16:23:00,177 - weighApp - DEBUG - select avg(f_weight) as avg, stdev(f_weight) as stdev  from tblMeasurement  where i_runID=1 AND i_positionNumber=1 AND i_preOrPost= 0
2012-11-09 16:23:00,177 - weighApp - DEBUG - update empty crucible weight, etc.
2012-11-09 16:23:01,510 - weighApp - DEBUG - insert  measurement into tblMeasurement
2012-11-09 16:23:01,510 - weighApp - DEBUG - insert into tblMeasurement (i_runID,i_positionNumber,f_weight,d_datetime,i_count,i_preOrPost) VALUES (1,1,23.8735,2012-11-09 16:23:01.511000,13,0)
2012-11-09 16:23:01,660 - weighApp - DEBUG - select avg(f_weight) as avg, stdev(f_weight) as stdev  from tblMeasurement  where i_runID=1 AND i_positionNumber=1 AND i_preOrPost= 0
2012-11-09 16:23:01,661 - weighApp - DEBUG - update empty crucible weight, etc.
2012-11-09 16:23:02,815 - weighApp - DEBUG - insert  measurement into tblMeasurement
2012-11-09 16:23:02,815 - weighApp - DEBUG - insert into tblMeasurement (i_runID,i_positionNumber,f_weight,d_datetime,i_count,i_preOrPost) VALUES (1,1,23.8736,2012-11-09 16:23:02.816000,14,0)
2012-11-09 16:23:03,058 - weighApp - DEBUG - select avg(f_weight) as avg, stdev(f_weight) as stdev  from tblMeasurement  where i_runID=1 AND i_positionNumber=1 AND i_preOrPost= 0
2012-11-09 16:23:03,058 - weighApp - DEBUG - update empty crucible weight, etc.
2012-11-09 16:23:04,217 - weighApp - DEBUG - insert  measurement into tblMeasurement
2012-11-09 16:23:04,217 - weighApp - DEBUG - insert into tblMeasurement (i_runID,i_positionNumber,f_weight,d_datetime,i_count,i_preOrPost) VALUES (1,1,23.8736,2012-11-09 16:23:04.217000,15,0)
2012-11-09 16:23:04,582 - weighApp - DEBUG - select avg(f_weight) as avg, stdev(f_weight) as stdev  from tblMeasurement  where i_runID=1 AND i_positionNumber=1 AND i_preOrPost= 0
2012-11-09 16:23:04,582 - weighApp - DEBUG - update empty crucible weight, etc.
2012-11-09 16:23:05,763 - weighApp - DEBUG - insert  measurement into tblMeasurement
2012-11-09 16:23:05,763 - weighApp - DEBUG - insert into tblMeasurement (i_runID,i_positionNumber,f_weight,d_datetime,i_count,i_preOrPost) VALUES (1,1,23.8736,2012-11-09 16:23:05.764000,16,0)
2012-11-09 16:23:05,908 - weighApp - DEBUG - select avg(f_weight) as avg, stdev(f_weight) as stdev  from tblMeasurement  where i_runID=1 AND i_positionNumber=1 AND i_preOrPost= 0
2012-11-09 16:23:05,910 - weighApp - DEBUG - update empty crucible weight, etc.
2012-11-09 16:23:07,082 - weighApp - DEBUG - insert  measurement into tblMeasurement
2012-11-09 16:23:07,082 - weighApp - DEBUG - insert into tblMeasurement (i_runID,i_positionNumber,f_weight,d_datetime,i_count,i_preOrPost) VALUES (1,1,23.8736,2012-11-09 16:23:07.083000,17,0)
2012-11-09 16:23:07,243 - weighApp - DEBUG - select avg(f_weight) as avg, stdev(f_weight) as stdev  from tblMeasurement  where i_runID=1 AND i_positionNumber=1 AND i_preOrPost= 0
2012-11-09 16:23:07,243 - weighApp - DEBUG - update empty crucible weight, etc.
2012-11-09 16:23:08,384 - weighApp - DEBUG - insert  measurement into tblMeasurement
2012-11-09 16:23:08,384 - weighApp - DEBUG - insert into tblMeasurement (i_runID,i_positionNumber,f_weight,d_datetime,i_count,i_preOrPost) VALUES (1,1,23.8736,2012-11-09 16:23:08.385000,18,0)
2012-11-09 16:23:08,924 - weighApp - DEBUG - select avg(f_weight) as avg, stdev(f_weight) as stdev  from tblMeasurement  where i_runID=1 AND i_positionNumber=1 AND i_preOrPost= 0
2012-11-09 16:23:08,924 - weighApp - DEBUG - update empty crucible weight, etc.
2012-11-09 16:23:10,058 - weighApp - DEBUG - insert  measurement into tblMeasurement
2012-11-09 16:23:10,058 - weighApp - DEBUG - insert into tblMeasurement (i_runID,i_positionNumber,f_weight,d_datetime,i_count,i_preOrPost) VALUES (1,1,23.8736,2012-11-09 16:23:10.058000,19,0)
2012-11-09 16:23:10,598 - weighApp - DEBUG - select avg(f_weight) as avg, stdev(f_weight) as stdev  from tblMeasurement  where i_runID=1 AND i_positionNumber=1 AND i_preOrPost= 0
2012-11-09 16:23:10,598 - weighApp - DEBUG - update empty crucible weight, etc.
2012-11-09 16:23:12,573 - weighApp - DEBUG - insert  measurement into tblMeasurement
2012-11-09 16:23:12,573 - weighApp - DEBUG - insert into tblMeasurement (i_runID,i_positionNumber,f_weight,d_datetime,i_count,i_preOrPost) VALUES (1,1,23.8736,2012-11-09 16:23:12.574000,20,0)
2012-11-09 16:23:12,707 - weighApp - DEBUG - select avg(f_weight) as avg, stdev(f_weight) as stdev  from tblMeasurement  where i_runID=1 AND i_positionNumber=1 AND i_preOrPost= 0
2012-11-09 16:23:12,707 - weighApp - DEBUG - update empty crucible weight, etc.
2012-11-09 16:23:13,867 - weighApp - DEBUG - insert  measurement into tblMeasurement
2012-11-09 16:23:13,867 - weighApp - DEBUG - insert into tblMeasurement (i_runID,i_positionNumber,f_weight,d_datetime,i_count,i_preOrPost) VALUES (1,1,23.8736,2012-11-09 16:23:13.867000,21,0)
2012-11-09 16:23:14,056 - weighApp - DEBUG - select avg(f_weight) as avg, stdev(f_weight) as stdev  from tblMeasurement  where i_runID=1 AND i_positionNumber=1 AND i_preOrPost= 0
2012-11-09 16:23:14,056 - weighApp - DEBUG - update empty crucible weight, etc.
2012-11-09 16:23:15,265 - weighApp - DEBUG - insert  measurement into tblMeasurement
2012-11-09 16:23:15,265 - weighApp - DEBUG - insert into tblMeasurement (i_runID,i_positionNumber,f_weight,d_datetime,i_count,i_preOrPost) VALUES (1,1,23.8736,2012-11-09 16:23:15.265000,22,0)
2012-11-09 16:23:15,405 - weighApp - DEBUG - select avg(f_weight) as avg, stdev(f_weight) as stdev  from tblMeasurement  where i_runID=1 AND i_positionNumber=1 AND i_preOrPost= 0
2012-11-09 16:23:15,407 - weighApp - DEBUG - update empty crucible weight, etc.
2012-11-09 16:23:16,548 - weighApp - DEBUG - insert  measurement into tblMeasurement
2012-11-09 16:23:16,548 - weighApp - DEBUG - insert into tblMeasurement (i_runID,i_positionNumber,f_weight,d_datetime,i_count,i_preOrPost) VALUES (1,1,23.8736,2012-11-09 16:23:16.548000,23,0)
2012-11-09 16:23:16,696 - weighApp - DEBUG - select avg(f_weight) as avg, stdev(f_weight) as stdev  from tblMeasurement  where i_runID=1 AND i_positionNumber=1 AND i_preOrPost= 0
2012-11-09 16:23:16,696 - weighApp - DEBUG - update empty crucible weight, etc.
2012-11-09 16:23:17,838 - weighApp - DEBUG - insert  measurement into tblMeasurement
2012-11-09 16:23:17,838 - weighApp - DEBUG - insert into tblMeasurement (i_runID,i_positionNumber,f_weight,d_datetime,i_count,i_preOrPost) VALUES (1,1,23.8736,2012-11-09 16:23:17.838000,24,0)
2012-11-09 16:23:18,430 - weighApp - DEBUG - select avg(f_weight) as avg, stdev(f_weight) as stdev  from tblMeasurement  where i_runID=1 AND i_positionNumber=1 AND i_preOrPost= 0
2012-11-09 16:23:18,430 - weighApp - DEBUG - update empty crucible weight, etc.
2012-11-09 16:23:19,563 - weighApp - DEBUG - insert  measurement into tblMeasurement
2012-11-09 16:23:19,563 - weighApp - DEBUG - insert into tblMeasurement (i_runID,i_positionNumber,f_weight,d_datetime,i_count,i_preOrPost) VALUES (1,1,23.8736,2012-11-09 16:23:19.564000,25,0)
2012-11-09 16:23:19,713 - weighApp - DEBUG - select avg(f_weight) as avg, stdev(f_weight) as stdev  from tblMeasurement  where i_runID=1 AND i_positionNumber=1 AND i_preOrPost= 0
2012-11-09 16:23:19,713 - weighApp - DEBUG - update empty crucible weight, etc.
2012-11-09 16:23:20,881 - weighApp - DEBUG - insert  measurement into tblMeasurement
2012-11-09 16:23:20,881 - weighApp - DEBUG - insert into tblMeasurement (i_runID,i_positionNumber,f_weight,d_datetime,i_count,i_preOrPost) VALUES (1,1,23.8736,2012-11-09 16:23:20.882000,26,0)
2012-11-09 16:23:21,049 - weighApp - DEBUG - select avg(f_weight) as avg, stdev(f_weight) as stdev  from tblMeasurement  where i_runID=1 AND i_positionNumber=1 AND i_preOrPost= 0
2012-11-09 16:23:21,049 - weighApp - DEBUG - update empty crucible weight, etc.
2012-11-09 16:23:22,210 - weighApp - DEBUG - insert  measurement into tblMeasurement
2012-11-09 16:23:22,210 - weighApp - DEBUG - insert into tblMeasurement (i_runID,i_positionNumber,f_weight,d_datetime,i_count,i_preOrPost) VALUES (1,1,23.8736,2012-11-09 16:23:22.210000,27,0)
2012-11-09 16:23:22,769 - weighApp - DEBUG - select avg(f_weight) as avg, stdev(f_weight) as stdev  from tblMeasurement  where i_runID=1 AND i_positionNumber=1 AND i_preOrPost= 0
2012-11-09 16:23:22,769 - weighApp - DEBUG - update empty crucible weight, etc.
2012-11-09 16:23:23,901 - weighApp - DEBUG - insert  measurement into tblMeasurement
2012-11-09 16:23:23,901 - weighApp - DEBUG - insert into tblMeasurement (i_runID,i_positionNumber,f_weight,d_datetime,i_count,i_preOrPost) VALUES (1,1,23.8736,2012-11-09 16:23:23.901000,28,0)
2012-11-09 16:23:24,101 - weighApp - DEBUG - select avg(f_weight) as avg, stdev(f_weight) as stdev  from tblMeasurement  where i_runID=1 AND i_positionNumber=1 AND i_preOrPost= 0
2012-11-09 16:23:24,101 - weighApp - DEBUG - update empty crucible weight, etc.
2012-11-09 16:23:25,266 - weighApp - DEBUG - insert  measurement into tblMeasurement
2012-11-09 16:23:25,266 - weighApp - DEBUG - insert into tblMeasurement (i_runID,i_positionNumber,f_weight,d_datetime,i_count,i_preOrPost) VALUES (1,1,23.8736,2012-11-09 16:23:25.267000,29,0)
2012-11-09 16:23:25,479 - weighApp - DEBUG - select avg(f_weight) as avg, stdev(f_weight) as stdev  from tblMeasurement  where i_runID=1 AND i_positionNumber=1 AND i_preOrPost= 0
2012-11-09 16:23:25,480 - weighApp - DEBUG - update empty crucible weight, etc.
2012-11-09 16:23:26,789 - weighApp - DEBUG - insert  measurement into tblMeasurement
2012-11-09 16:23:26,789 - weighApp - DEBUG - insert into tblMeasurement (i_runID,i_positionNumber,f_weight,d_datetime,i_count,i_preOrPost) VALUES (1,1,23.8736,2012-11-09 16:23:26.789000,30,0)
2012-11-09 16:23:27,062 - weighApp - DEBUG - select avg(f_weight) as avg, stdev(f_weight) as stdev  from tblMeasurement  where i_runID=1 AND i_positionNumber=1 AND i_preOrPost= 0
2012-11-09 16:23:27,062 - weighApp - DEBUG - update empty crucible weight, etc.
2012-11-09 16:23:28,319 - weighApp - DEBUG - Now on crucible: 2
2012-11-09 16:23:29,986 - weighApp - DEBUG - insert empty crucible measurement into tblCrucible
2012-11-09 16:23:32,255 - weighApp - DEBUG - insert  measurement into tblMeasurement
2012-11-09 16:23:32,255 - weighApp - DEBUG - insert into tblMeasurement (i_runID,i_positionNumber,f_weight,d_datetime,i_count,i_preOrPost) VALUES (1,2,23.8735,2012-11-09 16:23:32.255000,3,0)
2012-11-09 16:23:33,831 - weighApp - DEBUG - insert  measurement into tblMeasurement
2012-11-09 16:23:33,831 - weighApp - DEBUG - insert into tblMeasurement (i_runID,i_positionNumber,f_weight,d_datetime,i_count,i_preOrPost) VALUES (1,2,23.8735,2012-11-09 16:23:33.831000,4,0)
2012-11-09 16:23:35,147 - weighApp - DEBUG - insert  measurement into tblMeasurement
2012-11-09 16:23:35,147 - weighApp - DEBUG - insert into tblMeasurement (i_runID,i_positionNumber,f_weight,d_datetime,i_count,i_preOrPost) VALUES (1,2,23.8735,2012-11-09 16:23:35.147000,5,0)
2012-11-09 16:23:36,368 - weighApp - DEBUG - insert  measurement into tblMeasurement
2012-11-09 16:23:36,368 - weighApp - DEBUG - insert into tblMeasurement (i_runID,i_positionNumber,f_weight,d_datetime,i_count,i_preOrPost) VALUES (1,2,23.8735,2012-11-09 16:23:36.368000,6,0)
2012-11-09 16:23:36,615 - weighApp - DEBUG - select avg(f_weight) as avg, stdev(f_weight) as stdev  from tblMeasurement  where i_runID=1 AND i_positionNumber=2 AND i_preOrPost= 0
2012-11-09 16:23:36,615 - weighApp - DEBUG - update empty crucible weight, etc.
2012-11-09 16:23:37,969 - weighApp - DEBUG - insert  measurement into tblMeasurement
2012-11-09 16:23:37,969 - weighApp - DEBUG - insert into tblMeasurement (i_runID,i_positionNumber,f_weight,d_datetime,i_count,i_preOrPost) VALUES (1,2,23.8735,2012-11-09 16:23:37.969000,7,0)
2012-11-09 16:23:38,220 - weighApp - DEBUG - select avg(f_weight) as avg, stdev(f_weight) as stdev  from tblMeasurement  where i_runID=1 AND i_positionNumber=2 AND i_preOrPost= 0
2012-11-09 16:23:38,223 - weighApp - DEBUG - update empty crucible weight, etc.
2012-11-09 16:23:39,641 - weighApp - DEBUG - insert  measurement into tblMeasurement
2012-11-09 16:23:39,641 - weighApp - DEBUG - insert into tblMeasurement (i_runID,i_positionNumber,f_weight,d_datetime,i_count,i_preOrPost) VALUES (1,2,23.8735,2012-11-09 16:23:39.641000,8,0)
2012-11-09 16:23:39,844 - weighApp - DEBUG - select avg(f_weight) as avg, stdev(f_weight) as stdev  from tblMeasurement  where i_runID=1 AND i_positionNumber=2 AND i_preOrPost= 0
2012-11-09 16:23:39,844 - weighApp - DEBUG - update empty crucible weight, etc.
2012-11-09 16:23:41,032 - weighApp - DEBUG - insert  measurement into tblMeasurement
2012-11-09 16:23:41,032 - weighApp - DEBUG - insert into tblMeasurement (i_runID,i_positionNumber,f_weight,d_datetime,i_count,i_preOrPost) VALUES (1,2,23.8735,2012-11-09 16:23:41.033000,9,0)
2012-11-09 16:23:41,190 - weighApp - DEBUG - select avg(f_weight) as avg, stdev(f_weight) as stdev  from tblMeasurement  where i_runID=1 AND i_positionNumber=2 AND i_preOrPost= 0
2012-11-09 16:23:41,190 - weighApp - DEBUG - update empty crucible weight, etc.
2012-11-09 16:23:42,372 - weighApp - DEBUG - insert  measurement into tblMeasurement
2012-11-09 16:23:42,374 - weighApp - DEBUG - insert into tblMeasurement (i_runID,i_positionNumber,f_weight,d_datetime,i_count,i_preOrPost) VALUES (1,2,23.8735,2012-11-09 16:23:42.374000,10,0)
2012-11-09 16:23:42,559 - weighApp - DEBUG - select avg(f_weight) as avg, stdev(f_weight) as stdev  from tblMeasurement  where i_runID=1 AND i_positionNumber=2 AND i_preOrPost= 0
2012-11-09 16:23:42,561 - weighApp - DEBUG - update empty crucible weight, etc.
2012-11-09 16:23:42,756 - weighApp - DEBUG - Now on crucible: 3
2012-11-09 16:23:44,036 - weighApp - DEBUG - insert empty crucible measurement into tblCrucible
2012-11-09 16:23:46,190 - weighApp - DEBUG - insert  measurement into tblMeasurement
2012-11-09 16:23:46,190 - weighApp - DEBUG - insert into tblMeasurement (i_runID,i_positionNumber,f_weight,d_datetime,i_count,i_preOrPost) VALUES (1,3,23.8735,2012-11-09 16:23:46.191000,3,0)
2012-11-09 16:23:47,559 - weighApp - DEBUG - insert  measurement into tblMeasurement
2012-11-09 16:23:47,559 - weighApp - DEBUG - insert into tblMeasurement (i_runID,i_positionNumber,f_weight,d_datetime,i_count,i_preOrPost) VALUES (1,3,23.8735,2012-11-09 16:23:47.560000,4,0)
2012-11-09 16:23:48,812 - weighApp - DEBUG - insert  measurement into tblMeasurement
2012-11-09 16:23:48,812 - weighApp - DEBUG - insert into tblMeasurement (i_runID,i_positionNumber,f_weight,d_datetime,i_count,i_preOrPost) VALUES (1,3,23.8734,2012-11-09 16:23:48.812000,5,0)
2012-11-09 16:23:50,078 - weighApp - DEBUG - insert  measurement into tblMeasurement
2012-11-09 16:23:50,078 - weighApp - DEBUG - insert into tblMeasurement (i_runID,i_positionNumber,f_weight,d_datetime,i_count,i_preOrPost) VALUES (1,3,23.8734,2012-11-09 16:23:50.079000,6,0)
2012-11-09 16:23:50,525 - weighApp - DEBUG - select avg(f_weight) as avg, stdev(f_weight) as stdev  from tblMeasurement  where i_runID=1 AND i_positionNumber=3 AND i_preOrPost= 0
2012-11-09 16:23:50,525 - weighApp - DEBUG - update empty crucible weight, etc.
2012-11-09 16:23:51,726 - weighApp - DEBUG - insert  measurement into tblMeasurement
2012-11-09 16:23:51,726 - weighApp - DEBUG - insert into tblMeasurement (i_runID,i_positionNumber,f_weight,d_datetime,i_count,i_preOrPost) VALUES (1,3,23.8734,2012-11-09 16:23:51.727000,7,0)
2012-11-09 16:23:52,015 - weighApp - DEBUG - select avg(f_weight) as avg, stdev(f_weight) as stdev  from tblMeasurement  where i_runID=1 AND i_positionNumber=3 AND i_preOrPost= 0
2012-11-09 16:23:52,016 - weighApp - DEBUG - update empty crucible weight, etc.
2012-11-09 16:23:53,203 - weighApp - DEBUG - insert  measurement into tblMeasurement
2012-11-09 16:23:53,203 - weighApp - DEBUG - insert into tblMeasurement (i_runID,i_positionNumber,f_weight,d_datetime,i_count,i_preOrPost) VALUES (1,3,23.8734,2012-11-09 16:23:53.203000,8,0)
2012-11-09 16:23:53,358 - weighApp - DEBUG - select avg(f_weight) as avg, stdev(f_weight) as stdev  from tblMeasurement  where i_runID=1 AND i_positionNumber=3 AND i_preOrPost= 0
2012-11-09 16:23:53,359 - weighApp - DEBUG - update empty crucible weight, etc.
2012-11-09 16:23:54,533 - weighApp - DEBUG - insert  measurement into tblMeasurement
2012-11-09 16:23:54,533 - weighApp - DEBUG - insert into tblMeasurement (i_runID,i_positionNumber,f_weight,d_datetime,i_count,i_preOrPost) VALUES (1,3,23.8734,2012-11-09 16:23:54.534000,9,0)
2012-11-09 16:23:54,790 - weighApp - DEBUG - select avg(f_weight) as avg, stdev(f_weight) as stdev  from tblMeasurement  where i_runID=1 AND i_positionNumber=3 AND i_preOrPost= 0
2012-11-09 16:23:54,790 - weighApp - DEBUG - update empty crucible weight, etc.
2012-11-09 16:23:55,938 - weighApp - DEBUG - insert  measurement into tblMeasurement
2012-11-09 16:23:55,938 - weighApp - DEBUG - insert into tblMeasurement (i_runID,i_positionNumber,f_weight,d_datetime,i_count,i_preOrPost) VALUES (1,3,23.8734,2012-11-09 16:23:55.939000,10,0)
2012-11-09 16:23:56,184 - weighApp - DEBUG - select avg(f_weight) as avg, stdev(f_weight) as stdev  from tblMeasurement  where i_runID=1 AND i_positionNumber=3 AND i_preOrPost= 0
2012-11-09 16:23:56,184 - weighApp - DEBUG - update empty crucible weight, etc.
2012-11-09 16:24:35,553 - weighApp - DEBUG - select max(i_runID) as max from tblRun
2012-11-09 16:24:35,555 - weighApp - DEBUG - select i_numberOfSamples from tblRun
2012-11-09 16:24:46,517 - weighApp - DEBUG - select max(i_runID) as max from tblRun
2012-11-09 16:24:46,517 - weighApp - DEBUG - Now on crucible: 1
2012-11-09 16:25:05,953 - weighApp - DEBUG - select f_emptyWeightAverage, f_emptyWeightStdDev from tblCrucible where i_runID=1 and i_positionNumber=1
2012-11-09 16:25:05,954 - weighApp - DEBUG - insert initial sample into tblSample
2012-11-09 16:25:08,483 - weighApp - DEBUG - insert  measurement into tblMeasurement
2012-11-09 16:25:08,483 - weighApp - DEBUG - insert into tblMeasurement (i_runID,i_positionNumber,f_weight,d_datetime,i_count,i_preOrPost) VALUES (1,1,25.5118,2012-11-09 16:25:08.483000,3,1)
2012-11-09 16:25:09,938 - weighApp - DEBUG - insert  measurement into tblMeasurement
2012-11-09 16:25:09,938 - weighApp - DEBUG - insert into tblMeasurement (i_runID,i_positionNumber,f_weight,d_datetime,i_count,i_preOrPost) VALUES (1,1,25.5118,2012-11-09 16:25:09.939000,4,1)
2012-11-09 16:25:11,286 - weighApp - DEBUG - insert  measurement into tblMeasurement
2012-11-09 16:25:11,286 - weighApp - DEBUG - insert into tblMeasurement (i_runID,i_positionNumber,f_weight,d_datetime,i_count,i_preOrPost) VALUES (1,1,25.5118,2012-11-09 16:25:11.287000,5,1)
2012-11-09 16:25:12,684 - weighApp - DEBUG - insert  measurement into tblMeasurement
2012-11-09 16:25:12,684 - weighApp - DEBUG - insert into tblMeasurement (i_runID,i_positionNumber,f_weight,d_datetime,i_count,i_preOrPost) VALUES (1,1,25.5118,2012-11-09 16:25:12.685000,6,1)
2012-11-09 16:25:12,914 - weighApp - DEBUG - select avg(f_weight) as avg, stdev(f_weight) as stdev  from tblMeasurement  where i_runID=1 AND i_positionNumber=1 AND i_preOrPost= 1
2012-11-09 16:25:12,915 - weighApp - DEBUG - select f_emptyWeightAverage, f_emptyWeightStdDev from tblCrucible where i_runID=1 and i_positionNumber=1
2012-11-09 16:25:12,915 - weighApp - DEBUG - update intial sherd weight, etc.
2012-11-09 16:25:14,684 - weighApp - DEBUG - insert  measurement into tblMeasurement
2012-11-09 16:25:14,684 - weighApp - DEBUG - insert into tblMeasurement (i_runID,i_positionNumber,f_weight,d_datetime,i_count,i_preOrPost) VALUES (1,1,25.5118,2012-11-09 16:25:14.685000,7,1)
2012-11-09 16:25:14,970 - weighApp - DEBUG - select avg(f_weight) as avg, stdev(f_weight) as stdev  from tblMeasurement  where i_runID=1 AND i_positionNumber=1 AND i_preOrPost= 1
2012-11-09 16:25:14,971 - weighApp - DEBUG - select f_emptyWeightAverage, f_emptyWeightStdDev from tblCrucible where i_runID=1 and i_positionNumber=1
2012-11-09 16:25:14,971 - weighApp - DEBUG - update intial sherd weight, etc.
2012-11-09 16:25:16,233 - weighApp - DEBUG - insert  measurement into tblMeasurement
2012-11-09 16:25:16,233 - weighApp - DEBUG - insert into tblMeasurement (i_runID,i_positionNumber,f_weight,d_datetime,i_count,i_preOrPost) VALUES (1,1,25.5118,2012-11-09 16:25:16.233000,8,1)
2012-11-09 16:25:16,719 - weighApp - DEBUG - select avg(f_weight) as avg, stdev(f_weight) as stdev  from tblMeasurement  where i_runID=1 AND i_positionNumber=1 AND i_preOrPost= 1
2012-11-09 16:25:16,720 - weighApp - DEBUG - select f_emptyWeightAverage, f_emptyWeightStdDev from tblCrucible where i_runID=1 and i_positionNumber=1
2012-11-09 16:25:16,720 - weighApp - DEBUG - update intial sherd weight, etc.
2012-11-09 16:25:17,953 - weighApp - DEBUG - insert  measurement into tblMeasurement
2012-11-09 16:25:17,953 - weighApp - DEBUG - insert into tblMeasurement (i_runID,i_positionNumber,f_weight,d_datetime,i_count,i_preOrPost) VALUES (1,1,25.5118,2012-11-09 16:25:17.953000,9,1)
2012-11-09 16:25:18,387 - weighApp - DEBUG - select avg(f_weight) as avg, stdev(f_weight) as stdev  from tblMeasurement  where i_runID=1 AND i_positionNumber=1 AND i_preOrPost= 1
2012-11-09 16:25:18,388 - weighApp - DEBUG - select f_emptyWeightAverage, f_emptyWeightStdDev from tblCrucible where i_runID=1 and i_positionNumber=1
2012-11-09 16:25:18,388 - weighApp - DEBUG - update intial sherd weight, etc.
2012-11-09 16:25:19,618 - weighApp - DEBUG - insert  measurement into tblMeasurement
2012-11-09 16:25:19,618 - weighApp - DEBUG - insert into tblMeasurement (i_runID,i_positionNumber,f_weight,d_datetime,i_count,i_preOrPost) VALUES (1,1,25.5119,2012-11-09 16:25:19.619000,10,1)
2012-11-09 16:25:19,841 - weighApp - DEBUG - select avg(f_weight) as avg, stdev(f_weight) as stdev  from tblMeasurement  where i_runID=1 AND i_positionNumber=1 AND i_preOrPost= 1
2012-11-09 16:25:19,842 - weighApp - DEBUG - select f_emptyWeightAverage, f_emptyWeightStdDev from tblCrucible where i_runID=1 and i_positionNumber=1
2012-11-09 16:25:19,842 - weighApp - DEBUG - update intial sherd weight, etc.
2012-11-09 16:25:21,187 - weighApp - DEBUG - select max(i_runID) as max from tblRun
2012-11-09 16:25:21,187 - weighApp - DEBUG - Now on crucible: 2
2012-11-09 16:25:22,726 - weighApp - DEBUG - select f_emptyWeightAverage, f_emptyWeightStdDev from tblCrucible where i_runID=1 and i_positionNumber=2
2012-11-09 16:25:22,727 - weighApp - DEBUG - insert initial sample into tblSample
2012-11-09 16:25:25,214 - weighApp - DEBUG - insert  measurement into tblMeasurement
2012-11-09 16:25:25,214 - weighApp - DEBUG - insert into tblMeasurement (i_runID,i_positionNumber,f_weight,d_datetime,i_count,i_preOrPost) VALUES (1,2,25.5119,2012-11-09 16:25:25.215000,3,1)
2012-11-09 16:25:26,348 - weighApp - DEBUG - insert  measurement into tblMeasurement
2012-11-09 16:25:26,348 - weighApp - DEBUG - insert into tblMeasurement (i_runID,i_positionNumber,f_weight,d_datetime,i_count,i_preOrPost) VALUES (1,2,25.5119,2012-11-09 16:25:26.349000,4,1)
2012-11-09 16:25:27,556 - weighApp - DEBUG - insert  measurement into tblMeasurement
2012-11-09 16:25:27,556 - weighApp - DEBUG - insert into tblMeasurement (i_runID,i_positionNumber,f_weight,d_datetime,i_count,i_preOrPost) VALUES (1,2,25.5119,2012-11-09 16:25:27.557000,5,1)
2012-11-09 16:25:28,733 - weighApp - DEBUG - insert  measurement into tblMeasurement
2012-11-09 16:25:28,733 - weighApp - DEBUG - insert into tblMeasurement (i_runID,i_positionNumber,f_weight,d_datetime,i_count,i_preOrPost) VALUES (1,2,25.5119,2012-11-09 16:25:28.733000,6,1)
2012-11-09 16:25:28,864 - weighApp - DEBUG - select avg(f_weight) as avg, stdev(f_weight) as stdev  from tblMeasurement  where i_runID=1 AND i_positionNumber=2 AND i_preOrPost= 1
2012-11-09 16:25:28,865 - weighApp - DEBUG - select f_emptyWeightAverage, f_emptyWeightStdDev from tblCrucible where i_runID=1 and i_positionNumber=2
2012-11-09 16:25:28,865 - weighApp - DEBUG - update intial sherd weight, etc.
2012-11-09 16:25:30,040 - weighApp - DEBUG - insert  measurement into tblMeasurement
2012-11-09 16:25:30,040 - weighApp - DEBUG - insert into tblMeasurement (i_runID,i_positionNumber,f_weight,d_datetime,i_count,i_preOrPost) VALUES (1,2,25.5119,2012-11-09 16:25:30.041000,7,1)
2012-11-09 16:25:30,171 - weighApp - DEBUG - select avg(f_weight) as avg, stdev(f_weight) as stdev  from tblMeasurement  where i_runID=1 AND i_positionNumber=2 AND i_preOrPost= 1
2012-11-09 16:25:30,171 - weighApp - DEBUG - select f_emptyWeightAverage, f_emptyWeightStdDev from tblCrucible where i_runID=1 and i_positionNumber=2
2012-11-09 16:25:30,173 - weighApp - DEBUG - update intial sherd weight, etc.
2012-11-09 16:25:31,380 - weighApp - DEBUG - insert  measurement into tblMeasurement
2012-11-09 16:25:31,380 - weighApp - DEBUG - insert into tblMeasurement (i_runID,i_positionNumber,f_weight,d_datetime,i_count,i_preOrPost) VALUES (1,2,25.5119,2012-11-09 16:25:31.380000,8,1)
2012-11-09 16:25:31,551 - weighApp - DEBUG - select avg(f_weight) as avg, stdev(f_weight) as stdev  from tblMeasurement  where i_runID=1 AND i_positionNumber=2 AND i_preOrPost= 1
2012-11-09 16:25:31,551 - weighApp - DEBUG - select f_emptyWeightAverage, f_emptyWeightStdDev from tblCrucible where i_runID=1 and i_positionNumber=2
2012-11-09 16:25:31,552 - weighApp - DEBUG - update intial sherd weight, etc.
2012-11-09 16:25:32,726 - weighApp - DEBUG - insert  measurement into tblMeasurement
2012-11-09 16:25:32,727 - weighApp - DEBUG - insert into tblMeasurement (i_runID,i_positionNumber,f_weight,d_datetime,i_count,i_preOrPost) VALUES (1,2,25.5119,2012-11-09 16:25:32.727000,9,1)
2012-11-09 16:25:32,901 - weighApp - DEBUG - select avg(f_weight) as avg, stdev(f_weight) as stdev  from tblMeasurement  where i_runID=1 AND i_positionNumber=2 AND i_preOrPost= 1
2012-11-09 16:25:32,901 - weighApp - DEBUG - select f_emptyWeightAverage, f_emptyWeightStdDev from tblCrucible where i_runID=1 and i_positionNumber=2
2012-11-09 16:25:32,901 - weighApp - DEBUG - update intial sherd weight, etc.
2012-11-09 16:25:34,068 - weighApp - DEBUG - insert  measurement into tblMeasurement
2012-11-09 16:25:34,069 - weighApp - DEBUG - insert into tblMeasurement (i_runID,i_positionNumber,f_weight,d_datetime,i_count,i_preOrPost) VALUES (1,2,25.5119,2012-11-09 16:25:34.069000,10,1)
2012-11-09 16:25:34,296 - weighApp - DEBUG - select avg(f_weight) as avg, stdev(f_weight) as stdev  from tblMeasurement  where i_runID=1 AND i_positionNumber=2 AND i_preOrPost= 1
2012-11-09 16:25:34,298 - weighApp - DEBUG - select f_emptyWeightAverage, f_emptyWeightStdDev from tblCrucible where i_runID=1 and i_positionNumber=2
2012-11-09 16:25:34,298 - weighApp - DEBUG - update intial sherd weight, etc.
2012-11-09 16:25:35,681 - weighApp - DEBUG - insert  measurement into tblMeasurement
2012-11-09 16:25:35,683 - weighApp - DEBUG - insert into tblMeasurement (i_runID,i_positionNumber,f_weight,d_datetime,i_count,i_preOrPost) VALUES (1,2,25.5119,2012-11-09 16:25:35.682000,11,1)
2012-11-09 16:25:35,855 - weighApp - DEBUG - select avg(f_weight) as avg, stdev(f_weight) as stdev  from tblMeasurement  where i_runID=1 AND i_positionNumber=2 AND i_preOrPost= 1
2012-11-09 16:25:35,855 - weighApp - DEBUG - select f_emptyWeightAverage, f_emptyWeightStdDev from tblCrucible where i_runID=1 and i_positionNumber=2
2012-11-09 16:25:35,857 - weighApp - DEBUG - update intial sherd weight, etc.
2012-11-09 16:25:37,079 - weighApp - DEBUG - insert  measurement into tblMeasurement
2012-11-09 16:25:37,081 - weighApp - DEBUG - insert into tblMeasurement (i_runID,i_positionNumber,f_weight,d_datetime,i_count,i_preOrPost) VALUES (1,2,25.5119,2012-11-09 16:25:37.081000,12,1)
2012-11-09 16:25:37,385 - weighApp - DEBUG - select avg(f_weight) as avg, stdev(f_weight) as stdev  from tblMeasurement  where i_runID=1 AND i_positionNumber=2 AND i_preOrPost= 1
2012-11-09 16:25:37,385 - weighApp - DEBUG - select f_emptyWeightAverage, f_emptyWeightStdDev from tblCrucible where i_runID=1 and i_positionNumber=2
2012-11-09 16:25:37,387 - weighApp - DEBUG - update intial sherd weight, etc.
2012-11-09 16:25:38,727 - weighApp - DEBUG - select max(i_runID) as max from tblRun
2012-11-09 16:25:38,729 - weighApp - DEBUG - Now on crucible: 3
2012-11-09 16:25:39,769 - weighApp - DEBUG - select f_emptyWeightAverage, f_emptyWeightStdDev from tblCrucible where i_runID=1 and i_positionNumber=3
2012-11-09 16:25:39,769 - weighApp - DEBUG - insert initial sample into tblSample
2012-11-09 16:25:42,171 - weighApp - DEBUG - insert  measurement into tblMeasurement
2012-11-09 16:25:42,171 - weighApp - DEBUG - insert into tblMeasurement (i_runID,i_positionNumber,f_weight,d_datetime,i_count,i_preOrPost) VALUES (1,3,25.512,2012-11-09 16:25:42.171000,3,1)
2012-11-09 16:25:43,497 - weighApp - DEBUG - insert  measurement into tblMeasurement
2012-11-09 16:25:43,497 - weighApp - DEBUG - insert into tblMeasurement (i_runID,i_positionNumber,f_weight,d_datetime,i_count,i_preOrPost) VALUES (1,3,25.512,2012-11-09 16:25:43.498000,4,1)
2012-11-09 16:25:44,851 - weighApp - DEBUG - insert  measurement into tblMeasurement
2012-11-09 16:25:44,851 - weighApp - DEBUG - insert into tblMeasurement (i_runID,i_positionNumber,f_weight,d_datetime,i_count,i_preOrPost) VALUES (1,3,25.512,2012-11-09 16:25:44.851000,5,1)
2012-11-09 16:25:46,384 - weighApp - DEBUG - insert  measurement into tblMeasurement
2012-11-09 16:25:46,385 - weighApp - DEBUG - insert into tblMeasurement (i_runID,i_positionNumber,f_weight,d_datetime,i_count,i_preOrPost) VALUES (1,3,25.512,2012-11-09 16:25:46.386000,6,1)
2012-11-09 16:25:46,871 - weighApp - DEBUG - select avg(f_weight) as avg, stdev(f_weight) as stdev  from tblMeasurement  where i_runID=1 AND i_positionNumber=3 AND i_preOrPost= 1
2012-11-09 16:25:46,872 - weighApp - DEBUG - select f_emptyWeightAverage, f_emptyWeightStdDev from tblCrucible where i_runID=1 and i_positionNumber=3
2012-11-09 16:25:46,872 - weighApp - DEBUG - update intial sherd weight, etc.
2012-11-09 16:25:48,250 - weighApp - DEBUG - insert  measurement into tblMeasurement
2012-11-09 16:25:48,250 - weighApp - DEBUG - insert into tblMeasurement (i_runID,i_positionNumber,f_weight,d_datetime,i_count,i_preOrPost) VALUES (1,3,25.512,2012-11-09 16:25:48.251000,7,1)
2012-11-09 16:25:48,594 - weighApp - DEBUG - select avg(f_weight) as avg, stdev(f_weight) as stdev  from tblMeasurement  where i_runID=1 AND i_positionNumber=3 AND i_preOrPost= 1
2012-11-09 16:25:48,595 - weighApp - DEBUG - select f_emptyWeightAverage, f_emptyWeightStdDev from tblCrucible where i_runID=1 and i_positionNumber=3
2012-11-09 16:25:48,595 - weighApp - DEBUG - update intial sherd weight, etc.
2012-11-09 16:25:49,826 - weighApp - DEBUG - insert  measurement into tblMeasurement
2012-11-09 16:25:49,826 - weighApp - DEBUG - insert into tblMeasurement (i_runID,i_positionNumber,f_weight,d_datetime,i_count,i_preOrPost) VALUES (1,3,25.512,2012-11-09 16:25:49.827000,8,1)
2012-11-09 16:25:50,124 - weighApp - DEBUG - select avg(f_weight) as avg, stdev(f_weight) as stdev  from tblMeasurement  where i_runID=1 AND i_positionNumber=3 AND i_preOrPost= 1
2012-11-09 16:25:50,125 - weighApp - DEBUG - select f_emptyWeightAverage, f_emptyWeightStdDev from tblCrucible where i_runID=1 and i_positionNumber=3
2012-11-09 16:25:50,125 - weighApp - DEBUG - update intial sherd weight, etc.
2012-11-09 16:25:51,428 - weighApp - DEBUG - insert  measurement into tblMeasurement
2012-11-09 16:25:51,430 - weighApp - DEBUG - insert into tblMeasurement (i_runID,i_positionNumber,f_weight,d_datetime,i_count,i_preOrPost) VALUES (1,3,25.512,2012-11-09 16:25:51.430000,9,1)
2012-11-09 16:25:51,562 - weighApp - DEBUG - select avg(f_weight) as avg, stdev(f_weight) as stdev  from tblMeasurement  where i_runID=1 AND i_positionNumber=3 AND i_preOrPost= 1
2012-11-09 16:25:51,563 - weighApp - DEBUG - select f_emptyWeightAverage, f_emptyWeightStdDev from tblCrucible where i_runID=1 and i_positionNumber=3
2012-11-09 16:25:51,563 - weighApp - DEBUG - update intial sherd weight, etc.
2012-11-09 16:25:52,743 - weighApp - DEBUG - insert  measurement into tblMeasurement
2012-11-09 16:25:52,743 - weighApp - DEBUG - insert into tblMeasurement (i_runID,i_positionNumber,f_weight,d_datetime,i_count,i_preOrPost) VALUES (1,3,25.512,2012-11-09 16:25:52.744000,10,1)
2012-11-09 16:25:53,029 - weighApp - DEBUG - select avg(f_weight) as avg, stdev(f_weight) as stdev  from tblMeasurement  where i_runID=1 AND i_positionNumber=3 AND i_preOrPost= 1
2012-11-09 16:25:53,030 - weighApp - DEBUG - select f_emptyWeightAverage, f_emptyWeightStdDev from tblCrucible where i_runID=1 and i_positionNumber=3
2012-11-09 16:25:53,030 - weighApp - DEBUG - update intial sherd weight, etc.
2012-11-09 16:25:53,269 - weighApp - DEBUG - select max(i_runID) as max from tblRun
2012-11-09 16:27:14,207 - weighApp - DEBUG - select max(i_runID) as max from tblRun
2012-11-09 16:27:14,210 - weighApp - DEBUG - select i_numberOfSamples from tblRun
2012-11-09 16:27:16,255 - weighApp - DEBUG - Now on crucible: 1
2012-11-09 16:27:21,687 - weighApp - DEBUG - insert  measurement into tblMeasurement
2012-11-09 16:27:21,688 - weighApp - DEBUG - insert into tblMeasurement (i_runID,i_positionNumber,f_weight,d_datetime,i_count,i_preOrPost) VALUES (1,1,27.1162,2012-11-09 16:27:21.689000,3,2)
2012-11-09 16:27:23,019 - weighApp - DEBUG - insert  measurement into tblMeasurement
2012-11-09 16:27:23,019 - weighApp - DEBUG - insert into tblMeasurement (i_runID,i_positionNumber,f_weight,d_datetime,i_count,i_preOrPost) VALUES (1,1,27.1162,2012-11-09 16:27:23.020000,4,2)
2012-11-09 16:27:24,278 - weighApp - DEBUG - insert  measurement into tblMeasurement
2012-11-09 16:27:24,278 - weighApp - DEBUG - insert into tblMeasurement (i_runID,i_positionNumber,f_weight,d_datetime,i_count,i_preOrPost) VALUES (1,1,27.1162,2012-11-09 16:27:24.278000,5,2)
2012-11-09 16:27:25,846 - weighApp - DEBUG - insert  measurement into tblMeasurement
2012-11-09 16:27:25,846 - weighApp - DEBUG - insert into tblMeasurement (i_runID,i_positionNumber,f_weight,d_datetime,i_count,i_preOrPost) VALUES (1,1,27.1162,2012-11-09 16:27:25.847000,6,2)
2012-11-09 16:27:25,967 - weighApp - DEBUG - select avg(f_weight) as avg, stdev(f_weight) as stdev  from tblMeasurement  where i_runID=1 AND i_positionNumber=1 AND i_preOrPost= 2
2012-11-09 16:27:25,967 - weighApp - DEBUG - update crucible record with prefire ( 105) weight, etc.
2012-11-09 16:27:26,417 - weighApp - DEBUG - update sample record with prefire ( 105) weight, etc.
2012-11-09 16:27:26,418 - weighApp - DEBUG - select f_emptyWeightAverage, f_emptyWeightStdDev from tblCrucible where i_runID=1 and i_positionNumber=1
2012-11-09 16:27:28,122 - weighApp - DEBUG - insert  measurement into tblMeasurement
2012-11-09 16:27:28,122 - weighApp - DEBUG - insert into tblMeasurement (i_runID,i_positionNumber,f_weight,d_datetime,i_count,i_preOrPost) VALUES (1,1,27.1162,2012-11-09 16:27:28.123000,7,2)
2012-11-09 16:27:28,282 - weighApp - DEBUG - select avg(f_weight) as avg, stdev(f_weight) as stdev  from tblMeasurement  where i_runID=1 AND i_positionNumber=1 AND i_preOrPost= 2
2012-11-09 16:27:28,282 - weighApp - DEBUG - update crucible record with prefire ( 105) weight, etc.
2012-11-09 16:27:28,392 - weighApp - DEBUG - update sample record with prefire ( 105) weight, etc.
2012-11-09 16:27:28,392 - weighApp - DEBUG - select f_emptyWeightAverage, f_emptyWeightStdDev from tblCrucible where i_runID=1 and i_positionNumber=1
2012-11-09 16:27:29,555 - weighApp - DEBUG - insert  measurement into tblMeasurement
2012-11-09 16:27:29,555 - weighApp - DEBUG - insert into tblMeasurement (i_runID,i_positionNumber,f_weight,d_datetime,i_count,i_preOrPost) VALUES (1,1,27.1162,2012-11-09 16:27:29.556000,8,2)
2012-11-09 16:27:29,664 - weighApp - DEBUG - select avg(f_weight) as avg, stdev(f_weight) as stdev  from tblMeasurement  where i_runID=1 AND i_positionNumber=1 AND i_preOrPost= 2
2012-11-09 16:27:29,664 - weighApp - DEBUG - update crucible record with prefire ( 105) weight, etc.
2012-11-09 16:27:29,765 - weighApp - DEBUG - update sample record with prefire ( 105) weight, etc.
2012-11-09 16:27:29,765 - weighApp - DEBUG - select f_emptyWeightAverage, f_emptyWeightStdDev from tblCrucible where i_runID=1 and i_positionNumber=1
2012-11-09 16:27:30,895 - weighApp - DEBUG - insert  measurement into tblMeasurement
2012-11-09 16:27:30,895 - weighApp - DEBUG - insert into tblMeasurement (i_runID,i_positionNumber,f_weight,d_datetime,i_count,i_preOrPost) VALUES (1,1,27.1162,2012-11-09 16:27:30.896000,9,2)
2012-11-09 16:27:31,032 - weighApp - DEBUG - select avg(f_weight) as avg, stdev(f_weight) as stdev  from tblMeasurement  where i_runID=1 AND i_positionNumber=1 AND i_preOrPost= 2
2012-11-09 16:27:31,032 - weighApp - DEBUG - update crucible record with prefire ( 105) weight, etc.
2012-11-09 16:27:31,151 - weighApp - DEBUG - update sample record with prefire ( 105) weight, etc.
2012-11-09 16:27:31,153 - weighApp - DEBUG - select f_emptyWeightAverage, f_emptyWeightStdDev from tblCrucible where i_runID=1 and i_positionNumber=1
2012-11-09 16:27:32,312 - weighApp - DEBUG - insert  measurement into tblMeasurement
2012-11-09 16:27:32,312 - weighApp - DEBUG - insert into tblMeasurement (i_runID,i_positionNumber,f_weight,d_datetime,i_count,i_preOrPost) VALUES (1,1,27.1162,2012-11-09 16:27:32.313000,10,2)
2012-11-09 16:27:32,437 - weighApp - DEBUG - select avg(f_weight) as avg, stdev(f_weight) as stdev  from tblMeasurement  where i_runID=1 AND i_positionNumber=1 AND i_preOrPost= 2
2012-11-09 16:27:32,437 - weighApp - DEBUG - update crucible record with prefire ( 105) weight, etc.
2012-11-09 16:27:32,628 - weighApp - DEBUG - update sample record with prefire ( 105) weight, etc.
2012-11-09 16:27:32,628 - weighApp - DEBUG - select f_emptyWeightAverage, f_emptyWeightStdDev from tblCrucible where i_runID=1 and i_positionNumber=1
2012-11-09 16:27:33,855 - weighApp - DEBUG - insert  measurement into tblMeasurement
2012-11-09 16:27:33,855 - weighApp - DEBUG - insert into tblMeasurement (i_runID,i_positionNumber,f_weight,d_datetime,i_count,i_preOrPost) VALUES (1,1,27.1162,2012-11-09 16:27:33.856000,11,2)
2012-11-09 16:27:34,013 - weighApp - DEBUG - select avg(f_weight) as avg, stdev(f_weight) as stdev  from tblMeasurement  where i_runID=1 AND i_positionNumber=1 AND i_preOrPost= 2
2012-11-09 16:27:34,015 - weighApp - DEBUG - update crucible record with prefire ( 105) weight, etc.
2012-11-09 16:27:34,220 - weighApp - DEBUG - update sample record with prefire ( 105) weight, etc.
2012-11-09 16:27:34,220 - weighApp - DEBUG - select f_emptyWeightAverage, f_emptyWeightStdDev from tblCrucible where i_runID=1 and i_positionNumber=1
2012-11-09 16:27:35,578 - weighApp - DEBUG - Now on crucible: 2
2012-11-09 16:27:51,592 - weighApp - DEBUG - insert  measurement into tblMeasurement
2012-11-09 16:27:51,594 - weighApp - DEBUG - insert into tblMeasurement (i_runID,i_positionNumber,f_weight,d_datetime,i_count,i_preOrPost) VALUES (1,2,27.117,2012-11-09 16:27:51.594000,3,2)
2012-11-09 16:27:52,905 - weighApp - DEBUG - insert  measurement into tblMeasurement
2012-11-09 16:27:52,907 - weighApp - DEBUG - insert into tblMeasurement (i_runID,i_positionNumber,f_weight,d_datetime,i_count,i_preOrPost) VALUES (1,2,27.1168,2012-11-09 16:27:52.907000,4,2)
2012-11-09 16:27:54,078 - weighApp - DEBUG - insert  measurement into tblMeasurement
2012-11-09 16:27:54,078 - weighApp - DEBUG - insert into tblMeasurement (i_runID,i_positionNumber,f_weight,d_datetime,i_count,i_preOrPost) VALUES (1,2,27.1166,2012-11-09 16:27:54.079000,5,2)
2012-11-09 16:27:55,273 - weighApp - DEBUG - insert  measurement into tblMeasurement
2012-11-09 16:27:55,275 - weighApp - DEBUG - insert into tblMeasurement (i_runID,i_positionNumber,f_weight,d_datetime,i_count,i_preOrPost) VALUES (1,2,27.1165,2012-11-09 16:27:55.275000,6,2)
2012-11-09 16:27:55,398 - weighApp - DEBUG - select avg(f_weight) as avg, stdev(f_weight) as stdev  from tblMeasurement  where i_runID=1 AND i_positionNumber=2 AND i_preOrPost= 2
2012-11-09 16:27:55,398 - weighApp - DEBUG - update crucible record with prefire ( 105) weight, etc.
2012-11-09 16:27:55,523 - weighApp - DEBUG - update sample record with prefire ( 105) weight, etc.
2012-11-09 16:27:55,523 - weighApp - DEBUG - select f_emptyWeightAverage, f_emptyWeightStdDev from tblCrucible where i_runID=1 and i_positionNumber=2
2012-11-09 16:27:56,710 - weighApp - DEBUG - insert  measurement into tblMeasurement
2012-11-09 16:27:56,710 - weighApp - DEBUG - insert into tblMeasurement (i_runID,i_positionNumber,f_weight,d_datetime,i_count,i_preOrPost) VALUES (1,2,27.1164,2012-11-09 16:27:56.710000,7,2)
2012-11-09 16:27:56,848 - weighApp - DEBUG - select avg(f_weight) as avg, stdev(f_weight) as stdev  from tblMeasurement  where i_runID=1 AND i_positionNumber=2 AND i_preOrPost= 2
2012-11-09 16:27:56,848 - weighApp - DEBUG - update crucible record with prefire ( 105) weight, etc.
2012-11-09 16:27:56,963 - weighApp - DEBUG - update sample record with prefire ( 105) weight, etc.
2012-11-09 16:27:56,964 - weighApp - DEBUG - select f_emptyWeightAverage, f_emptyWeightStdDev from tblCrucible where i_runID=1 and i_positionNumber=2
2012-11-09 16:27:58,108 - weighApp - DEBUG - insert  measurement into tblMeasurement
2012-11-09 16:27:58,108 - weighApp - DEBUG - insert into tblMeasurement (i_runID,i_positionNumber,f_weight,d_datetime,i_count,i_preOrPost) VALUES (1,2,27.1164,2012-11-09 16:27:58.109000,8,2)
2012-11-09 16:27:58,323 - weighApp - DEBUG - select avg(f_weight) as avg, stdev(f_weight) as stdev  from tblMeasurement  where i_runID=1 AND i_positionNumber=2 AND i_preOrPost= 2
2012-11-09 16:27:58,325 - weighApp - DEBUG - update crucible record with prefire ( 105) weight, etc.
2012-11-09 16:27:58,522 - weighApp - DEBUG - update sample record with prefire ( 105) weight, etc.
2012-11-09 16:27:58,522 - weighApp - DEBUG - select f_emptyWeightAverage, f_emptyWeightStdDev from tblCrucible where i_runID=1 and i_positionNumber=2
2012-11-09 16:27:59,671 - weighApp - DEBUG - Now on crucible: 3
2012-11-09 16:28:03,134 - weighApp - DEBUG - insert  measurement into tblMeasurement
2012-11-09 16:28:03,135 - weighApp - DEBUG - insert into tblMeasurement (i_runID,i_positionNumber,f_weight,d_datetime,i_count,i_preOrPost) VALUES (1,3,27.1163,2012-11-09 16:28:03.136000,3,2)
2012-11-09 16:28:04,322 - weighApp - DEBUG - insert  measurement into tblMeasurement
2012-11-09 16:28:04,322 - weighApp - DEBUG - insert into tblMeasurement (i_runID,i_positionNumber,f_weight,d_datetime,i_count,i_preOrPost) VALUES (1,3,27.1163,2012-11-09 16:28:04.323000,4,2)
2012-11-09 16:28:05,448 - weighApp - DEBUG - insert  measurement into tblMeasurement
2012-11-09 16:28:05,450 - weighApp - DEBUG - insert into tblMeasurement (i_runID,i_positionNumber,f_weight,d_datetime,i_count,i_preOrPost) VALUES (1,3,27.1163,2012-11-09 16:28:05.450000,5,2)
2012-11-09 16:28:06,674 - weighApp - DEBUG - insert  measurement into tblMeasurement
2012-11-09 16:28:06,676 - weighApp - DEBUG - insert into tblMeasurement (i_runID,i_positionNumber,f_weight,d_datetime,i_count,i_preOrPost) VALUES (1,3,27.1163,2012-11-09 16:28:06.676000,6,2)
2012-11-09 16:28:06,944 - weighApp - DEBUG - select avg(f_weight) as avg, stdev(f_weight) as stdev  from tblMeasurement  where i_runID=1 AND i_positionNumber=3 AND i_preOrPost= 2
2012-11-09 16:28:06,944 - weighApp - DEBUG - update crucible record with prefire ( 105) weight, etc.
2012-11-09 16:28:07,108 - weighApp - DEBUG - update sample record with prefire ( 105) weight, etc.
2012-11-09 16:28:07,108 - weighApp - DEBUG - select f_emptyWeightAverage, f_emptyWeightStdDev from tblCrucible where i_runID=1 and i_positionNumber=3
2012-11-09 16:28:08,329 - weighApp - DEBUG - insert  measurement into tblMeasurement
2012-11-09 16:28:08,331 - weighApp - DEBUG - insert into tblMeasurement (i_runID,i_positionNumber,f_weight,d_datetime,i_count,i_preOrPost) VALUES (1,3,27.1163,2012-11-09 16:28:08.331000,7,2)
2012-11-09 16:28:08,607 - weighApp - DEBUG - select avg(f_weight) as avg, stdev(f_weight) as stdev  from tblMeasurement  where i_runID=1 AND i_positionNumber=3 AND i_preOrPost= 2
2012-11-09 16:28:08,608 - weighApp - DEBUG - update crucible record with prefire ( 105) weight, etc.
2012-11-09 16:28:08,724 - weighApp - DEBUG - update sample record with prefire ( 105) weight, etc.
2012-11-09 16:28:08,726 - weighApp - DEBUG - select f_emptyWeightAverage, f_emptyWeightStdDev from tblCrucible where i_runID=1 and i_positionNumber=3
2012-11-09 16:28:09,878 - weighApp - DEBUG - insert  measurement into tblMeasurement
2012-11-09 16:28:09,878 - weighApp - DEBUG - insert into tblMeasurement (i_runID,i_positionNumber,f_weight,d_datetime,i_count,i_preOrPost) VALUES (1,3,27.1163,2012-11-09 16:28:09.879000,8,2)
2012-11-09 16:28:10,548 - weighApp - DEBUG - select avg(f_weight) as avg, stdev(f_weight) as stdev  from tblMeasurement  where i_runID=1 AND i_positionNumber=3 AND i_preOrPost= 2
2012-11-09 16:28:10,549 - weighApp - DEBUG - update crucible record with prefire ( 105) weight, etc.
2012-11-09 16:28:10,706 - weighApp - DEBUG - update sample record with prefire ( 105) weight, etc.
2012-11-09 16:28:10,707 - weighApp - DEBUG - select f_emptyWeightAverage, f_emptyWeightStdDev from tblCrucible where i_runID=1 and i_positionNumber=3
2012-11-09 16:28:11,928 - weighApp - DEBUG - insert  measurement into tblMeasurement
2012-11-09 16:28:11,928 - weighApp - DEBUG - insert into tblMeasurement (i_runID,i_positionNumber,f_weight,d_datetime,i_count,i_preOrPost) VALUES (1,3,27.1163,2012-11-09 16:28:11.929000,9,2)
2012-11-09 16:28:12,043 - weighApp - DEBUG - select avg(f_weight) as avg, stdev(f_weight) as stdev  from tblMeasurement  where i_runID=1 AND i_positionNumber=3 AND i_preOrPost= 2
2012-11-09 16:28:12,045 - weighApp - DEBUG - update crucible record with prefire ( 105) weight, etc.
2012-11-09 16:28:12,217 - weighApp - DEBUG - update sample record with prefire ( 105) weight, etc.
2012-11-09 16:28:12,217 - weighApp - DEBUG - select f_emptyWeightAverage, f_emptyWeightStdDev from tblCrucible where i_runID=1 and i_positionNumber=3
2012-11-09 16:28:13,520 - weighApp - DEBUG - insert  measurement into tblMeasurement
2012-11-09 16:28:13,520 - weighApp - DEBUG - insert into tblMeasurement (i_runID,i_positionNumber,f_weight,d_datetime,i_count,i_preOrPost) VALUES (1,3,27.1163,2012-11-09 16:28:13.521000,10,2)
2012-11-09 16:28:14,194 - weighApp - DEBUG - select avg(f_weight) as avg, stdev(f_weight) as stdev  from tblMeasurement  where i_runID=1 AND i_positionNumber=3 AND i_preOrPost= 2
2012-11-09 16:28:14,196 - weighApp - DEBUG - update crucible record with prefire ( 105) weight, etc.
2012-11-09 16:28:14,576 - weighApp - DEBUG - update sample record with prefire ( 105) weight, etc.
2012-11-09 16:28:14,578 - weighApp - DEBUG - select f_emptyWeightAverage, f_emptyWeightStdDev from tblCrucible where i_runID=1 and i_positionNumber=3
2012-11-09 16:28:20,028 - weighApp - DEBUG - update crucible record with prefire ( 105) weight, etc.
2012-11-09 16:28:20,028 - weighApp - DEBUG - update sample record with prefire ( 105) weight, etc.
2012-11-09 16:28:20,028 - weighApp - DEBUG - select f_emptyWeightAverage, f_emptyWeightStdDev from tblCrucible where i_runID=1 and i_positionNumber=3
2012-11-09 16:28:21,033 - weighApp - DEBUG - update crucible record with prefire ( 105) weight, etc.
2012-11-09 16:28:21,033 - weighApp - DEBUG - update sample record with prefire ( 105) weight, etc.
2012-11-09 16:28:21,033 - weighApp - DEBUG - select f_emptyWeightAverage, f_emptyWeightStdDev from tblCrucible where i_runID=1 and i_positionNumber=2
2012-11-09 16:28:22,042 - weighApp - DEBUG - update crucible record with prefire ( 105) weight, etc.
2012-11-09 16:28:22,042 - weighApp - DEBUG - update sample record with prefire ( 105) weight, etc.
2012-11-09 16:28:22,042 - weighApp - DEBUG - select f_emptyWeightAverage, f_emptyWeightStdDev from tblCrucible where i_runID=1 and i_positionNumber=1
2012-11-09 16:28:23,522 - weighApp - DEBUG - select max(i_runID) as max from tblRun
2012-11-09 16:28:23,523 - weighApp - DEBUG - select i_numberOfSamples from tblRun
2012-11-09 16:28:23,525 - weighApp - DEBUG - select max(i_runID) as max from tblRun
2012-11-09 16:28:32,897 - weighApp - DEBUG - Now on crucible: 1
2012-11-09 16:28:36,381 - weighApp - DEBUG - insert  measurement into tblMeasurement
2012-11-09 16:28:36,381 - weighApp - DEBUG - insert into tblMeasurement (i_runID,i_positionNumber,f_weight,d_datetime,i_count,i_preOrPost) VALUES (1,1,28.1421,2012-11-09 16:28:36.382000,3,3)
2012-11-09 16:28:37,585 - weighApp - DEBUG - insert  measurement into tblMeasurement
2012-11-09 16:28:37,585 - weighApp - DEBUG - insert into tblMeasurement (i_runID,i_positionNumber,f_weight,d_datetime,i_count,i_preOrPost) VALUES (1,1,28.1421,2012-11-09 16:28:37.585000,4,3)
2012-11-09 16:28:38,742 - weighApp - DEBUG - insert  measurement into tblMeasurement
2012-11-09 16:28:38,742 - weighApp - DEBUG - insert into tblMeasurement (i_runID,i_positionNumber,f_weight,d_datetime,i_count,i_preOrPost) VALUES (1,1,28.1421,2012-11-09 16:28:38.742000,5,3)
2012-11-09 16:28:39,994 - weighApp - DEBUG - insert  measurement into tblMeasurement
2012-11-09 16:28:39,994 - weighApp - DEBUG - insert into tblMeasurement (i_runID,i_positionNumber,f_weight,d_datetime,i_count,i_preOrPost) VALUES (1,1,28.1422,2012-11-09 16:28:39.995000,6,3)
2012-11-09 16:28:40,131 - weighApp - DEBUG - select avg(f_weight) as avg, stdev(f_weight) as stdev  from tblMeasurement  where i_runID=1 AND i_positionNumber=1 AND i_preOrPost= 3
2012-11-09 16:28:40,131 - weighApp - DEBUG - update crucible record with postfire (550) weight, etc.
2012-11-09 16:28:40,378 - weighApp - DEBUG - update sample record with postfire ( 550) weight, etc.
2012-11-09 16:28:40,380 - weighApp - DEBUG - select f_emptyWeightAverage, f_emptyWeightStdDev from tblCrucible where i_runID=1 and i_positionNumber=1
2012-11-09 16:28:41,607 - weighApp - DEBUG - insert  measurement into tblMeasurement
2012-11-09 16:28:41,607 - weighApp - DEBUG - insert into tblMeasurement (i_runID,i_positionNumber,f_weight,d_datetime,i_count,i_preOrPost) VALUES (1,1,28.1422,2012-11-09 16:28:41.607000,7,3)
2012-11-09 16:28:41,796 - weighApp - DEBUG - select avg(f_weight) as avg, stdev(f_weight) as stdev  from tblMeasurement  where i_runID=1 AND i_positionNumber=1 AND i_preOrPost= 3
2012-11-09 16:28:41,796 - weighApp - DEBUG - update crucible record with postfire (550) weight, etc.
2012-11-09 16:28:41,947 - weighApp - DEBUG - update sample record with postfire ( 550) weight, etc.
2012-11-09 16:28:41,947 - weighApp - DEBUG - select f_emptyWeightAverage, f_emptyWeightStdDev from tblCrucible where i_runID=1 and i_positionNumber=1
2012-11-09 16:28:43,109 - weighApp - DEBUG - insert  measurement into tblMeasurement
2012-11-09 16:28:43,109 - weighApp - DEBUG - insert into tblMeasurement (i_runID,i_positionNumber,f_weight,d_datetime,i_count,i_preOrPost) VALUES (1,1,28.1422,2012-11-09 16:28:43.110000,8,3)
2012-11-09 16:28:43,263 - weighApp - DEBUG - select avg(f_weight) as avg, stdev(f_weight) as stdev  from tblMeasurement  where i_runID=1 AND i_positionNumber=1 AND i_preOrPost= 3
2012-11-09 16:28:43,263 - weighApp - DEBUG - update crucible record with postfire (550) weight, etc.
2012-11-09 16:28:43,410 - weighApp - DEBUG - update sample record with postfire ( 550) weight, etc.
2012-11-09 16:28:43,411 - weighApp - DEBUG - select f_emptyWeightAverage, f_emptyWeightStdDev from tblCrucible where i_runID=1 and i_positionNumber=1
2012-11-09 16:28:44,562 - weighApp - DEBUG - insert  measurement into tblMeasurement
2012-11-09 16:28:44,562 - weighApp - DEBUG - insert into tblMeasurement (i_runID,i_positionNumber,f_weight,d_datetime,i_count,i_preOrPost) VALUES (1,1,28.1422,2012-11-09 16:28:44.562000,9,3)
2012-11-09 16:28:44,703 - weighApp - DEBUG - select avg(f_weight) as avg, stdev(f_weight) as stdev  from tblMeasurement  where i_runID=1 AND i_positionNumber=1 AND i_preOrPost= 3
2012-11-09 16:28:44,703 - weighApp - DEBUG - update crucible record with postfire (550) weight, etc.
2012-11-09 16:28:44,859 - weighApp - DEBUG - update sample record with postfire ( 550) weight, etc.
2012-11-09 16:28:44,859 - weighApp - DEBUG - select f_emptyWeightAverage, f_emptyWeightStdDev from tblCrucible where i_runID=1 and i_positionNumber=1
2012-11-09 16:28:46,002 - weighApp - DEBUG - insert  measurement into tblMeasurement
2012-11-09 16:28:46,002 - weighApp - DEBUG - insert into tblMeasurement (i_runID,i_positionNumber,f_weight,d_datetime,i_count,i_preOrPost) VALUES (1,1,28.1422,2012-11-09 16:28:46.002000,10,3)
2012-11-09 16:28:46,135 - weighApp - DEBUG - select avg(f_weight) as avg, stdev(f_weight) as stdev  from tblMeasurement  where i_runID=1 AND i_positionNumber=1 AND i_preOrPost= 3
2012-11-09 16:28:46,135 - weighApp - DEBUG - update crucible record with postfire (550) weight, etc.
2012-11-09 16:28:46,461 - weighApp - DEBUG - update sample record with postfire ( 550) weight, etc.
2012-11-09 16:28:46,463 - weighApp - DEBUG - select f_emptyWeightAverage, f_emptyWeightStdDev from tblCrucible where i_runID=1 and i_positionNumber=1
2012-11-09 16:28:47,984 - weighApp - DEBUG - insert  measurement into tblMeasurement
2012-11-09 16:28:47,986 - weighApp - DEBUG - insert into tblMeasurement (i_runID,i_positionNumber,f_weight,d_datetime,i_count,i_preOrPost) VALUES (1,1,28.1422,2012-11-09 16:28:47.985000,11,3)
2012-11-09 16:28:48,141 - weighApp - DEBUG - select avg(f_weight) as avg, stdev(f_weight) as stdev  from tblMeasurement  where i_runID=1 AND i_positionNumber=1 AND i_preOrPost= 3
2012-11-09 16:28:48,141 - weighApp - DEBUG - update crucible record with postfire (550) weight, etc.
2012-11-09 16:28:48,397 - weighApp - DEBUG - update sample record with postfire ( 550) weight, etc.
2012-11-09 16:28:48,397 - weighApp - DEBUG - select f_emptyWeightAverage, f_emptyWeightStdDev from tblCrucible where i_runID=1 and i_positionNumber=1
2012-11-09 16:28:49,553 - weighApp - DEBUG - Now on crucible: 2
2012-11-09 16:28:53,108 - weighApp - DEBUG - insert  measurement into tblMeasurement
2012-11-09 16:28:53,108 - weighApp - DEBUG - insert into tblMeasurement (i_runID,i_positionNumber,f_weight,d_datetime,i_count,i_preOrPost) VALUES (1,2,28.1422,2012-11-09 16:28:53.109000,3,3)
2012-11-09 16:28:54,280 - weighApp - DEBUG - insert  measurement into tblMeasurement
2012-11-09 16:28:54,280 - weighApp - DEBUG - insert into tblMeasurement (i_runID,i_positionNumber,f_weight,d_datetime,i_count,i_preOrPost) VALUES (1,2,28.1422,2012-11-09 16:28:54.281000,4,3)
2012-11-09 16:28:55,444 - weighApp - DEBUG - insert  measurement into tblMeasurement
2012-11-09 16:28:55,444 - weighApp - DEBUG - insert into tblMeasurement (i_runID,i_positionNumber,f_weight,d_datetime,i_count,i_preOrPost) VALUES (1,2,28.1422,2012-11-09 16:28:55.444000,5,3)
2012-11-09 16:28:56,690 - weighApp - DEBUG - insert  measurement into tblMeasurement
2012-11-09 16:28:56,690 - weighApp - DEBUG - insert into tblMeasurement (i_runID,i_positionNumber,f_weight,d_datetime,i_count,i_preOrPost) VALUES (1,2,28.1422,2012-11-09 16:28:56.691000,6,3)
2012-11-09 16:28:56,816 - weighApp - DEBUG - select avg(f_weight) as avg, stdev(f_weight) as stdev  from tblMeasurement  where i_runID=1 AND i_positionNumber=2 AND i_preOrPost= 3
2012-11-09 16:28:56,816 - weighApp - DEBUG - update crucible record with postfire (550) weight, etc.
2012-11-09 16:28:56,940 - weighApp - DEBUG - update sample record with postfire ( 550) weight, etc.
2012-11-09 16:28:56,940 - weighApp - DEBUG - select f_emptyWeightAverage, f_emptyWeightStdDev from tblCrucible where i_runID=1 and i_positionNumber=2
2012-11-09 16:28:58,197 - weighApp - DEBUG - insert  measurement into tblMeasurement
2012-11-09 16:28:58,197 - weighApp - DEBUG - insert into tblMeasurement (i_runID,i_positionNumber,f_weight,d_datetime,i_count,i_preOrPost) VALUES (1,2,28.1422,2012-11-09 16:28:58.198000,7,3)
2012-11-09 16:28:58,405 - weighApp - DEBUG - select avg(f_weight) as avg, stdev(f_weight) as stdev  from tblMeasurement  where i_runID=1 AND i_positionNumber=2 AND i_preOrPost= 3
2012-11-09 16:28:58,407 - weighApp - DEBUG - update crucible record with postfire (550) weight, etc.
2012-11-09 16:28:58,528 - weighApp - DEBUG - update sample record with postfire ( 550) weight, etc.
2012-11-09 16:28:58,529 - weighApp - DEBUG - select f_emptyWeightAverage, f_emptyWeightStdDev from tblCrucible where i_runID=1 and i_positionNumber=2
2012-11-09 16:28:59,687 - weighApp - DEBUG - insert  measurement into tblMeasurement
2012-11-09 16:28:59,687 - weighApp - DEBUG - insert into tblMeasurement (i_runID,i_positionNumber,f_weight,d_datetime,i_count,i_preOrPost) VALUES (1,2,28.1422,2012-11-09 16:28:59.687000,8,3)
2012-11-09 16:28:59,861 - weighApp - DEBUG - select avg(f_weight) as avg, stdev(f_weight) as stdev  from tblMeasurement  where i_runID=1 AND i_positionNumber=2 AND i_preOrPost= 3
2012-11-09 16:28:59,861 - weighApp - DEBUG - update crucible record with postfire (550) weight, etc.
2012-11-09 16:28:59,996 - weighApp - DEBUG - update sample record with postfire ( 550) weight, etc.
2012-11-09 16:28:59,996 - weighApp - DEBUG - select f_emptyWeightAverage, f_emptyWeightStdDev from tblCrucible where i_runID=1 and i_positionNumber=2
2012-11-09 16:29:01,207 - weighApp - DEBUG - insert  measurement into tblMeasurement
2012-11-09 16:29:01,207 - weighApp - DEBUG - insert into tblMeasurement (i_runID,i_positionNumber,f_weight,d_datetime,i_count,i_preOrPost) VALUES (1,2,28.1422,2012-11-09 16:29:01.207000,9,3)
2012-11-09 16:29:01,428 - weighApp - DEBUG - select avg(f_weight) as avg, stdev(f_weight) as stdev  from tblMeasurement  where i_runID=1 AND i_positionNumber=2 AND i_preOrPost= 3
2012-11-09 16:29:01,430 - weighApp - DEBUG - update crucible record with postfire (550) weight, etc.
2012-11-09 16:29:01,647 - weighApp - DEBUG - update sample record with postfire ( 550) weight, etc.
2012-11-09 16:29:01,647 - weighApp - DEBUG - select f_emptyWeightAverage, f_emptyWeightStdDev from tblCrucible where i_runID=1 and i_positionNumber=2
2012-11-09 16:29:02,903 - weighApp - DEBUG - insert  measurement into tblMeasurement
2012-11-09 16:29:02,903 - weighApp - DEBUG - insert into tblMeasurement (i_runID,i_positionNumber,f_weight,d_datetime,i_count,i_preOrPost) VALUES (1,2,28.1422,2012-11-09 16:29:02.903000,10,3)
2012-11-09 16:29:03,315 - weighApp - DEBUG - select avg(f_weight) as avg, stdev(f_weight) as stdev  from tblMeasurement  where i_runID=1 AND i_positionNumber=2 AND i_preOrPost= 3
2012-11-09 16:29:03,315 - weighApp - DEBUG - update crucible record with postfire (550) weight, etc.
2012-11-09 16:29:03,559 - weighApp - DEBUG - update sample record with postfire ( 550) weight, etc.
2012-11-09 16:29:03,559 - weighApp - DEBUG - select f_emptyWeightAverage, f_emptyWeightStdDev from tblCrucible where i_runID=1 and i_positionNumber=2
2012-11-09 16:29:04,859 - weighApp - DEBUG - insert  measurement into tblMeasurement
2012-11-09 16:29:04,859 - weighApp - DEBUG - insert into tblMeasurement (i_runID,i_positionNumber,f_weight,d_datetime,i_count,i_preOrPost) VALUES (1,2,28.1422,2012-11-09 16:29:04.860000,11,3)
2012-11-09 16:29:05,038 - weighApp - DEBUG - select avg(f_weight) as avg, stdev(f_weight) as stdev  from tblMeasurement  where i_runID=1 AND i_positionNumber=2 AND i_preOrPost= 3
2012-11-09 16:29:05,039 - weighApp - DEBUG - update crucible record with postfire (550) weight, etc.
2012-11-09 16:29:05,184 - weighApp - DEBUG - update sample record with postfire ( 550) weight, etc.
2012-11-09 16:29:05,184 - weighApp - DEBUG - select f_emptyWeightAverage, f_emptyWeightStdDev from tblCrucible where i_runID=1 and i_positionNumber=2
2012-11-09 16:29:06,349 - weighApp - DEBUG - insert  measurement into tblMeasurement
2012-11-09 16:29:06,351 - weighApp - DEBUG - insert into tblMeasurement (i_runID,i_positionNumber,f_weight,d_datetime,i_count,i_preOrPost) VALUES (1,2,28.1422,2012-11-09 16:29:06.351000,12,3)
2012-11-09 16:29:06,507 - weighApp - DEBUG - select avg(f_weight) as avg, stdev(f_weight) as stdev  from tblMeasurement  where i_runID=1 AND i_positionNumber=2 AND i_preOrPost= 3
2012-11-09 16:29:06,507 - weighApp - DEBUG - update crucible record with postfire (550) weight, etc.
2012-11-09 16:29:06,677 - weighApp - DEBUG - update sample record with postfire ( 550) weight, etc.
2012-11-09 16:29:06,677 - weighApp - DEBUG - select f_emptyWeightAverage, f_emptyWeightStdDev from tblCrucible where i_runID=1 and i_positionNumber=2
2012-11-09 16:29:07,881 - weighApp - DEBUG - insert  measurement into tblMeasurement
2012-11-09 16:29:07,882 - weighApp - DEBUG - insert into tblMeasurement (i_runID,i_positionNumber,f_weight,d_datetime,i_count,i_preOrPost) VALUES (1,2,28.1422,2012-11-09 16:29:07.882000,13,3)
2012-11-09 16:29:08,025 - weighApp - DEBUG - select avg(f_weight) as avg, stdev(f_weight) as stdev  from tblMeasurement  where i_runID=1 AND i_positionNumber=2 AND i_preOrPost= 3
2012-11-09 16:29:08,026 - weighApp - DEBUG - update crucible record with postfire (550) weight, etc.
2012-11-09 16:29:08,154 - weighApp - DEBUG - update sample record with postfire ( 550) weight, etc.
2012-11-09 16:29:08,154 - weighApp - DEBUG - select f_emptyWeightAverage, f_emptyWeightStdDev from tblCrucible where i_runID=1 and i_positionNumber=2
2012-11-09 16:29:09,473 - weighApp - DEBUG - Now on crucible: 3
2012-11-09 16:29:13,464 - weighApp - DEBUG - insert  measurement into tblMeasurement
2012-11-09 16:29:13,464 - weighApp - DEBUG - insert into tblMeasurement (i_runID,i_positionNumber,f_weight,d_datetime,i_count,i_preOrPost) VALUES (1,3,28.1423,2012-11-09 16:29:13.465000,3,3)
2012-11-09 16:29:14,611 - weighApp - DEBUG - insert  measurement into tblMeasurement
2012-11-09 16:29:14,611 - weighApp - DEBUG - insert into tblMeasurement (i_runID,i_positionNumber,f_weight,d_datetime,i_count,i_preOrPost) VALUES (1,3,28.1423,2012-11-09 16:29:14.612000,4,3)
2012-11-09 16:29:15,877 - weighApp - DEBUG - insert  measurement into tblMeasurement
2012-11-09 16:29:15,878 - weighApp - DEBUG - insert into tblMeasurement (i_runID,i_positionNumber,f_weight,d_datetime,i_count,i_preOrPost) VALUES (1,3,28.1423,2012-11-09 16:29:15.878000,5,3)
2012-11-09 16:29:17,140 - weighApp - DEBUG - insert  measurement into tblMeasurement
2012-11-09 16:29:17,140 - weighApp - DEBUG - insert into tblMeasurement (i_runID,i_positionNumber,f_weight,d_datetime,i_count,i_preOrPost) VALUES (1,3,28.1423,2012-11-09 16:29:17.140000,6,3)
2012-11-09 16:29:17,247 - weighApp - DEBUG - select avg(f_weight) as avg, stdev(f_weight) as stdev  from tblMeasurement  where i_runID=1 AND i_positionNumber=3 AND i_preOrPost= 3
2012-11-09 16:29:17,249 - weighApp - DEBUG - update crucible record with postfire (550) weight, etc.
2012-11-09 16:29:17,354 - weighApp - DEBUG - update sample record with postfire ( 550) weight, etc.
2012-11-09 16:29:17,355 - weighApp - DEBUG - select f_emptyWeightAverage, f_emptyWeightStdDev from tblCrucible where i_runID=1 and i_positionNumber=3
2012-11-09 16:29:18,551 - weighApp - DEBUG - insert  measurement into tblMeasurement
2012-11-09 16:29:18,551 - weighApp - DEBUG - insert into tblMeasurement (i_runID,i_positionNumber,f_weight,d_datetime,i_count,i_preOrPost) VALUES (1,3,28.1423,2012-11-09 16:29:18.551000,7,3)
2012-11-09 16:29:18,707 - weighApp - DEBUG - select avg(f_weight) as avg, stdev(f_weight) as stdev  from tblMeasurement  where i_runID=1 AND i_positionNumber=3 AND i_preOrPost= 3
2012-11-09 16:29:18,709 - weighApp - DEBUG - update crucible record with postfire (550) weight, etc.
2012-11-09 16:29:18,831 - weighApp - DEBUG - update sample record with postfire ( 550) weight, etc.
2012-11-09 16:29:18,832 - weighApp - DEBUG - select f_emptyWeightAverage, f_emptyWeightStdDev from tblCrucible where i_runID=1 and i_positionNumber=3
2012-11-09 16:29:20,016 - weighApp - DEBUG - insert  measurement into tblMeasurement
2012-11-09 16:29:20,016 - weighApp - DEBUG - insert into tblMeasurement (i_runID,i_positionNumber,f_weight,d_datetime,i_count,i_preOrPost) VALUES (1,3,28.1423,2012-11-09 16:29:20.016000,8,3)
2012-11-09 16:29:20,174 - weighApp - DEBUG - select avg(f_weight) as avg, stdev(f_weight) as stdev  from tblMeasurement  where i_runID=1 AND i_positionNumber=3 AND i_preOrPost= 3
2012-11-09 16:29:20,174 - weighApp - DEBUG - update crucible record with postfire (550) weight, etc.
2012-11-09 16:29:20,453 - weighApp - DEBUG - update sample record with postfire ( 550) weight, etc.
2012-11-09 16:29:20,453 - weighApp - DEBUG - select f_emptyWeightAverage, f_emptyWeightStdDev from tblCrucible where i_runID=1 and i_positionNumber=3
2012-11-09 16:29:21,576 - weighApp - DEBUG - insert  measurement into tblMeasurement
2012-11-09 16:29:21,576 - weighApp - DEBUG - insert into tblMeasurement (i_runID,i_positionNumber,f_weight,d_datetime,i_count,i_preOrPost) VALUES (1,3,28.1423,2012-11-09 16:29:21.577000,9,3)
2012-11-09 16:29:21,760 - weighApp - DEBUG - select avg(f_weight) as avg, stdev(f_weight) as stdev  from tblMeasurement  where i_runID=1 AND i_positionNumber=3 AND i_preOrPost= 3
2012-11-09 16:29:21,762 - weighApp - DEBUG - update crucible record with postfire (550) weight, etc.
2012-11-09 16:29:21,979 - weighApp - DEBUG - update sample record with postfire ( 550) weight, etc.
2012-11-09 16:29:21,980 - weighApp - DEBUG - select f_emptyWeightAverage, f_emptyWeightStdDev from tblCrucible where i_runID=1 and i_positionNumber=3
2012-11-09 16:29:23,220 - weighApp - DEBUG - insert  measurement into tblMeasurement
2012-11-09 16:29:23,220 - weighApp - DEBUG - insert into tblMeasurement (i_runID,i_positionNumber,f_weight,d_datetime,i_count,i_preOrPost) VALUES (1,3,28.1423,2012-11-09 16:29:23.220000,10,3)
2012-11-09 16:29:23,372 - weighApp - DEBUG - select avg(f_weight) as avg, stdev(f_weight) as stdev  from tblMeasurement  where i_runID=1 AND i_positionNumber=3 AND i_preOrPost= 3
2012-11-09 16:29:23,372 - weighApp - DEBUG - update crucible record with postfire (550) weight, etc.
2012-11-09 16:29:23,496 - weighApp - DEBUG - update sample record with postfire ( 550) weight, etc.
2012-11-09 16:29:23,496 - weighApp - DEBUG - select f_emptyWeightAverage, f_emptyWeightStdDev from tblCrucible where i_runID=1 and i_positionNumber=3
2012-11-09 16:29:27,786 - weighApp - DEBUG - update crucible record with postfire (550) weight, etc.
2012-11-09 16:29:27,786 - weighApp - DEBUG - update sample record with postfire ( 550) weight, etc.
2012-11-09 16:29:27,786 - weighApp - DEBUG - select f_emptyWeightAverage, f_emptyWeightStdDev from tblCrucible where i_runID=1 and i_positionNumber=3
2012-11-09 16:29:28,795 - weighApp - DEBUG - update crucible record with postfire (550) weight, etc.
2012-11-09 16:29:28,795 - weighApp - DEBUG - update sample record with postfire ( 550) weight, etc.
2012-11-09 16:29:28,795 - weighApp - DEBUG - select f_emptyWeightAverage, f_emptyWeightStdDev from tblCrucible where i_runID=1 and i_positionNumber=2
2012-11-09 16:29:29,846 - weighApp - DEBUG - update crucible record with postfire (550) weight, etc.
2012-11-09 16:29:29,846 - weighApp - DEBUG - update sample record with postfire ( 550) weight, etc.
2012-11-09 16:29:29,848 - weighApp - DEBUG - select f_emptyWeightAverage, f_emptyWeightStdDev from tblCrucible where i_runID=1 and i_positionNumber=1
