2012-11-15 13:01:14,901 - weighApp - DEBUG - insert run
2012-11-15 13:01:14,901 - weighApp - DEBUG - insert into tblRun (v_operatorName,d_datetime,i_numberOfSamples,v_locationCode, v_description,f_locationTemperature) VALUES (CPL,2012-11-15 13:01:14.901000,3,LMV,Belle Meade,16.700000)
2012-11-15 13:01:15,013 - weighApp - DEBUG - Now on crucible: 1
2012-11-15 13:01:16,739 - weighApp - DEBUG - insert empty crucible measurement into tblCrucible
2012-11-15 13:01:19,158 - weighApp - DEBUG - insert  measurement into tblMeasurement
2012-11-15 13:01:19,160 - weighApp - DEBUG - insert into tblMeasurement (i_runID,i_positionNumber,f_weight,d_datetime,i_count,i_preOrPost) VALUES (1,1,34.6473,2012-11-15 13:01:19.160000,3,0)
2012-11-15 13:01:20,381 - weighApp - DEBUG - insert  measurement into tblMeasurement
2012-11-15 13:01:20,381 - weighApp - DEBUG - insert into tblMeasurement (i_runID,i_positionNumber,f_weight,d_datetime,i_count,i_preOrPost) VALUES (1,1,34.6473,2012-11-15 13:01:20.381000,4,0)
2012-11-15 13:01:21,723 - weighApp - DEBUG - insert  measurement into tblMeasurement
2012-11-15 13:01:21,723 - weighApp - DEBUG - insert into tblMeasurement (i_runID,i_positionNumber,f_weight,d_datetime,i_count,i_preOrPost) VALUES (1,1,34.6473,2012-11-15 13:01:21.724000,5,0)
2012-11-15 13:01:22,944 - weighApp - DEBUG - insert  measurement into tblMeasurement
2012-11-15 13:01:22,944 - weighApp - DEBUG - insert into tblMeasurement (i_runID,i_positionNumber,f_weight,d_datetime,i_count,i_preOrPost) VALUES (1,1,34.6473,2012-11-15 13:01:22.945000,6,0)
2012-11-15 13:01:23,099 - weighApp - DEBUG - select avg(f_weight) as avg, stdev(f_weight) as stdev  from tblMeasurement  where i_runID=1 AND i_positionNumber=1 AND i_preOrPost= 0
2012-11-15 13:01:23,101 - weighApp - DEBUG - update empty crucible weight, etc.
2012-11-15 13:01:24,410 - weighApp - DEBUG - insert  measurement into tblMeasurement
2012-11-15 13:01:24,411 - weighApp - DEBUG - insert into tblMeasurement (i_runID,i_positionNumber,f_weight,d_datetime,i_count,i_preOrPost) VALUES (1,1,34.6473,2012-11-15 13:01:24.410000,7,0)
2012-11-15 13:01:24,546 - weighApp - DEBUG - select avg(f_weight) as avg, stdev(f_weight) as stdev  from tblMeasurement  where i_runID=1 AND i_positionNumber=1 AND i_preOrPost= 0
2012-11-15 13:01:24,548 - weighApp - DEBUG - update empty crucible weight, etc.
2012-11-15 13:01:25,753 - weighApp - DEBUG - insert  measurement into tblMeasurement
2012-11-15 13:01:25,753 - weighApp - DEBUG - insert into tblMeasurement (i_runID,i_positionNumber,f_weight,d_datetime,i_count,i_preOrPost) VALUES (1,1,34.6473,2012-11-15 13:01:25.753000,8,0)
2012-11-15 13:01:25,934 - weighApp - DEBUG - select avg(f_weight) as avg, stdev(f_weight) as stdev  from tblMeasurement  where i_runID=1 AND i_positionNumber=1 AND i_preOrPost= 0
2012-11-15 13:01:25,934 - weighApp - DEBUG - update empty crucible weight, etc.
2012-11-15 13:01:27,217 - weighApp - DEBUG - insert  measurement into tblMeasurement
2012-11-15 13:01:27,217 - weighApp - DEBUG - insert into tblMeasurement (i_runID,i_positionNumber,f_weight,d_datetime,i_count,i_preOrPost) VALUES (1,1,34.6473,2012-11-15 13:01:27.218000,9,0)
2012-11-15 13:01:27,384 - weighApp - DEBUG - select avg(f_weight) as avg, stdev(f_weight) as stdev  from tblMeasurement  where i_runID=1 AND i_positionNumber=1 AND i_preOrPost= 0
2012-11-15 13:01:27,384 - weighApp - DEBUG - update empty crucible weight, etc.
2012-11-15 13:01:28,684 - weighApp - DEBUG - insert  measurement into tblMeasurement
2012-11-15 13:01:28,684 - weighApp - DEBUG - insert into tblMeasurement (i_runID,i_positionNumber,f_weight,d_datetime,i_count,i_preOrPost) VALUES (1,1,34.6473,2012-11-15 13:01:28.684000,10,0)
2012-11-15 13:01:28,834 - weighApp - DEBUG - select avg(f_weight) as avg, stdev(f_weight) as stdev  from tblMeasurement  where i_runID=1 AND i_positionNumber=1 AND i_preOrPost= 0
2012-11-15 13:01:28,835 - weighApp - DEBUG - update empty crucible weight, etc.
2012-11-15 13:01:29,990 - weighApp - DEBUG - Now on crucible: 2
2012-11-15 13:01:31,871 - weighApp - DEBUG - insert empty crucible measurement into tblCrucible
2012-11-15 13:01:34,568 - weighApp - DEBUG - Now on crucible: 3
2012-11-15 13:01:35,940 - weighApp - DEBUG - insert empty crucible measurement into tblCrucible
2012-11-15 13:01:38,328 - weighApp - DEBUG - insert  measurement into tblMeasurement
2012-11-15 13:01:38,328 - weighApp - DEBUG - insert into tblMeasurement (i_runID,i_positionNumber,f_weight,d_datetime,i_count,i_preOrPost) VALUES (1,3,34.6473,2012-11-15 13:01:38.328000,3,0)
2012-11-15 13:01:39,549 - weighApp - DEBUG - insert  measurement into tblMeasurement
2012-11-15 13:01:39,549 - weighApp - DEBUG - insert into tblMeasurement (i_runID,i_positionNumber,f_weight,d_datetime,i_count,i_preOrPost) VALUES (1,3,34.6473,2012-11-15 13:01:39.550000,4,0)
2012-11-15 13:01:40,770 - weighApp - DEBUG - insert  measurement into tblMeasurement
2012-11-15 13:01:40,772 - weighApp - DEBUG - insert into tblMeasurement (i_runID,i_positionNumber,f_weight,d_datetime,i_count,i_preOrPost) VALUES (1,3,34.6473,2012-11-15 13:01:40.771000,5,0)
2012-11-15 13:01:41,990 - weighApp - DEBUG - insert  measurement into tblMeasurement
2012-11-15 13:01:41,990 - weighApp - DEBUG - insert into tblMeasurement (i_runID,i_positionNumber,f_weight,d_datetime,i_count,i_preOrPost) VALUES (1,3,34.6473,2012-11-15 13:01:41.991000,6,0)
2012-11-15 13:01:42,095 - weighApp - DEBUG - select avg(f_weight) as avg, stdev(f_weight) as stdev  from tblMeasurement  where i_runID=1 AND i_positionNumber=3 AND i_preOrPost= 0
2012-11-15 13:01:42,096 - weighApp - DEBUG - update empty crucible weight, etc.
2012-11-15 13:01:43,334 - weighApp - DEBUG - insert  measurement into tblMeasurement
2012-11-15 13:01:43,334 - weighApp - DEBUG - insert into tblMeasurement (i_runID,i_positionNumber,f_weight,d_datetime,i_count,i_preOrPost) VALUES (1,3,34.6473,2012-11-15 13:01:43.334000,7,0)
2012-11-15 13:01:43,461 - weighApp - DEBUG - select avg(f_weight) as avg, stdev(f_weight) as stdev  from tblMeasurement  where i_runID=1 AND i_positionNumber=3 AND i_preOrPost= 0
2012-11-15 13:01:43,461 - weighApp - DEBUG - update empty crucible weight, etc.
