2012-11-15 15:08:58,880 - weighApp - DEBUG - select max(i_runID) as max from tblRun
2012-11-15 15:08:58,881 - weighApp - DEBUG - select i_numberOfSamples from tblRun
2012-11-15 15:08:58,882 - weighApp - DEBUG - select i_numberOfSamples, v_operatorName, v_locationCode,v_description,f_locationTemperature, i_temperatureOfFiring, d_dateTimeFiring, i_durationOfFiring from tblRun
2012-11-15 15:09:00,092 - weighApp - DEBUG - update tblRun set i_numberOfSamples=3, v_operatorName=CPOPPP, v_locationCode=LMVV,v_description=Belle Meader,f_locationTemperature=21.0 where i_RunID=1
2012-11-15 15:09:00,309 - weighApp - DEBUG - select max(i_runID) as max from tblRun
2012-11-15 15:09:00,309 - weighApp - DEBUG - select i_numberOfSamples, v_operatorName, v_locationCode,v_description,f_locationTemperature, i_temperatureOfFiring, d_dateTimeFiring, i_durationOfFiring from tblRun
2012-11-15 15:09:04,579 - weighApp - DEBUG - Now on crucible: 1
2012-11-15 15:09:05,562 - weighApp - DEBUG - select f_averageWeight, f_stdevWeight from tblCrucible where i_runID=1 and i_positionNumber=1
2012-11-15 15:09:05,562 - weighApp - DEBUG - insert initial sample into tblSample
2012-11-15 15:09:07,947 - weighApp - DEBUG - insert  measurement into tblMeasurement
2012-11-15 15:09:07,948 - weighApp - DEBUG - insert into tblMeasurement (i_runID,i_positionNumber,f_weight,d_datetime,i_count,i_preOrPost) VALUES (1,1,42.153,2012-11-15 15:09:07.949000,3,1)
2012-11-15 15:09:09,171 - weighApp - DEBUG - insert  measurement into tblMeasurement
2012-11-15 15:09:09,171 - weighApp - DEBUG - insert into tblMeasurement (i_runID,i_positionNumber,f_weight,d_datetime,i_count,i_preOrPost) VALUES (1,1,42.153,2012-11-15 15:09:09.171000,4,1)
2012-11-15 15:09:10,391 - weighApp - DEBUG - insert  measurement into tblMeasurement
2012-11-15 15:09:10,391 - weighApp - DEBUG - insert into tblMeasurement (i_runID,i_positionNumber,f_weight,d_datetime,i_count,i_preOrPost) VALUES (1,1,42.153,2012-11-15 15:09:10.391000,5,1)
2012-11-15 15:09:11,611 - weighApp - DEBUG - insert  measurement into tblMeasurement
2012-11-15 15:09:11,611 - weighApp - DEBUG - insert into tblMeasurement (i_runID,i_positionNumber,f_weight,d_datetime,i_count,i_preOrPost) VALUES (1,1,42.153,2012-11-15 15:09:11.612000,6,1)
2012-11-15 15:09:11,736 - weighApp - DEBUG - select avg(f_weight) as avg, stdev(f_weight) as stdev  from tblMeasurement  where i_runID=1 AND i_positionNumber=1 AND i_preOrPost= 1
2012-11-15 15:09:11,737 - weighApp - DEBUG - select f_averageWeight, f_stdevWeight from tblCrucible where i_runID=1 and i_positionNumber=1
2012-11-15 15:09:11,737 - weighApp - DEBUG - update initial sherd weight, etc.
2012-11-15 15:09:12,953 - weighApp - DEBUG - insert  measurement into tblMeasurement
2012-11-15 15:09:12,954 - weighApp - DEBUG - insert into tblMeasurement (i_runID,i_positionNumber,f_weight,d_datetime,i_count,i_preOrPost) VALUES (1,1,42.153,2012-11-15 15:09:12.955000,7,1)
2012-11-15 15:09:13,101 - weighApp - DEBUG - select avg(f_weight) as avg, stdev(f_weight) as stdev  from tblMeasurement  where i_runID=1 AND i_positionNumber=1 AND i_preOrPost= 1
2012-11-15 15:09:13,102 - weighApp - DEBUG - select f_averageWeight, f_stdevWeight from tblCrucible where i_runID=1 and i_positionNumber=1
2012-11-15 15:09:13,104 - weighApp - DEBUG - update initial sherd weight, etc.
2012-11-15 15:09:14,298 - weighApp - DEBUG - insert  measurement into tblMeasurement
2012-11-15 15:09:14,298 - weighApp - DEBUG - insert into tblMeasurement (i_runID,i_positionNumber,f_weight,d_datetime,i_count,i_preOrPost) VALUES (1,1,42.153,2012-11-15 15:09:14.298000,8,1)
2012-11-15 15:09:14,417 - weighApp - DEBUG - select avg(f_weight) as avg, stdev(f_weight) as stdev  from tblMeasurement  where i_runID=1 AND i_positionNumber=1 AND i_preOrPost= 1
2012-11-15 15:09:14,418 - weighApp - DEBUG - select f_averageWeight, f_stdevWeight from tblCrucible where i_runID=1 and i_positionNumber=1
2012-11-15 15:09:14,418 - weighApp - DEBUG - update initial sherd weight, etc.
2012-11-15 15:09:15,640 - weighApp - DEBUG - insert  measurement into tblMeasurement
2012-11-15 15:09:15,641 - weighApp - DEBUG - insert into tblMeasurement (i_runID,i_positionNumber,f_weight,d_datetime,i_count,i_preOrPost) VALUES (1,1,42.153,2012-11-15 15:09:15.641000,9,1)
2012-11-15 15:09:15,809 - weighApp - DEBUG - select avg(f_weight) as avg, stdev(f_weight) as stdev  from tblMeasurement  where i_runID=1 AND i_positionNumber=1 AND i_preOrPost= 1
2012-11-15 15:09:15,811 - weighApp - DEBUG - select f_averageWeight, f_stdevWeight from tblCrucible where i_runID=1 and i_positionNumber=1
2012-11-15 15:09:15,812 - weighApp - DEBUG - update initial sherd weight, etc.
2012-11-15 15:09:16,967 - weighApp - DEBUG - select max(i_runID) as max from tblRun
2012-11-15 15:09:16,969 - weighApp - DEBUG - select i_numberOfSamples, v_operatorName, v_locationCode,v_description,f_locationTemperature, i_temperatureOfFiring, d_dateTimeFiring, i_durationOfFiring from tblRun
2012-11-15 15:09:21,707 - weighApp - DEBUG - Now on crucible: 2
2012-11-15 15:09:23,982 - weighApp - DEBUG - select f_averageWeight, f_stdevWeight from tblCrucible where i_runID=1 and i_positionNumber=2
2012-11-15 15:09:23,983 - weighApp - DEBUG - insert initial sample into tblSample
2012-11-15 15:09:26,263 - weighApp - DEBUG - insert  measurement into tblMeasurement
2012-11-15 15:09:26,263 - weighApp - DEBUG - insert into tblMeasurement (i_runID,i_positionNumber,f_weight,d_datetime,i_count,i_preOrPost) VALUES (1,2,42.1527,2012-11-15 15:09:26.264000,3,1)
2012-11-15 15:09:27,484 - weighApp - DEBUG - insert  measurement into tblMeasurement
2012-11-15 15:09:27,484 - weighApp - DEBUG - insert into tblMeasurement (i_runID,i_positionNumber,f_weight,d_datetime,i_count,i_preOrPost) VALUES (1,2,42.1527,2012-11-15 15:09:27.485000,4,1)
2012-11-15 15:09:28,704 - weighApp - DEBUG - insert  measurement into tblMeasurement
2012-11-15 15:09:28,706 - weighApp - DEBUG - insert into tblMeasurement (i_runID,i_positionNumber,f_weight,d_datetime,i_count,i_preOrPost) VALUES (1,2,42.1527,2012-11-15 15:09:28.705000,5,1)
2012-11-15 15:09:29,927 - weighApp - DEBUG - insert  measurement into tblMeasurement
2012-11-15 15:09:29,928 - weighApp - DEBUG - insert into tblMeasurement (i_runID,i_positionNumber,f_weight,d_datetime,i_count,i_preOrPost) VALUES (1,2,42.1527,2012-11-15 15:09:29.929000,6,1)
2012-11-15 15:09:30,086 - weighApp - DEBUG - select avg(f_weight) as avg, stdev(f_weight) as stdev  from tblMeasurement  where i_runID=1 AND i_positionNumber=2 AND i_preOrPost= 1
2012-11-15 15:09:30,088 - weighApp - DEBUG - select f_averageWeight, f_stdevWeight from tblCrucible where i_runID=1 and i_positionNumber=2
2012-11-15 15:09:30,088 - weighApp - DEBUG - update initial sherd weight, etc.
2012-11-15 15:09:31,398 - weighApp - DEBUG - insert  measurement into tblMeasurement
2012-11-15 15:09:31,400 - weighApp - DEBUG - insert into tblMeasurement (i_runID,i_positionNumber,f_weight,d_datetime,i_count,i_preOrPost) VALUES (1,2,42.1527,2012-11-15 15:09:31.400000,7,1)
2012-11-15 15:09:31,545 - weighApp - DEBUG - select avg(f_weight) as avg, stdev(f_weight) as stdev  from tblMeasurement  where i_runID=1 AND i_positionNumber=2 AND i_preOrPost= 1
2012-11-15 15:09:31,546 - weighApp - DEBUG - select f_averageWeight, f_stdevWeight from tblCrucible where i_runID=1 and i_positionNumber=2
2012-11-15 15:09:31,546 - weighApp - DEBUG - update initial sherd weight, etc.
2012-11-15 15:09:32,680 - weighApp - DEBUG - select max(i_runID) as max from tblRun
2012-11-15 15:09:32,681 - weighApp - DEBUG - select i_numberOfSamples, v_operatorName, v_locationCode,v_description,f_locationTemperature, i_temperatureOfFiring, d_dateTimeFiring, i_durationOfFiring from tblRun
2012-11-15 15:09:35,680 - weighApp - DEBUG - Now on crucible: 3
2012-11-15 15:09:36,789 - weighApp - DEBUG - select f_averageWeight, f_stdevWeight from tblCrucible where i_runID=1 and i_positionNumber=3
2012-11-15 15:09:36,790 - weighApp - DEBUG - insert initial sample into tblSample
2012-11-15 15:09:39,084 - weighApp - DEBUG - insert  measurement into tblMeasurement
2012-11-15 15:09:39,084 - weighApp - DEBUG - insert into tblMeasurement (i_runID,i_positionNumber,f_weight,d_datetime,i_count,i_preOrPost) VALUES (1,3,42.1527,2012-11-15 15:09:39.084000,3,1)
2012-11-15 15:09:40,303 - weighApp - DEBUG - insert  measurement into tblMeasurement
2012-11-15 15:09:40,303 - weighApp - DEBUG - insert into tblMeasurement (i_runID,i_positionNumber,f_weight,d_datetime,i_count,i_preOrPost) VALUES (1,3,42.1527,2012-11-15 15:09:40.304000,4,1)
2012-11-15 15:09:41,530 - weighApp - DEBUG - insert  measurement into tblMeasurement
2012-11-15 15:09:41,530 - weighApp - DEBUG - insert into tblMeasurement (i_runID,i_positionNumber,f_weight,d_datetime,i_count,i_preOrPost) VALUES (1,3,42.1527,2012-11-15 15:09:41.531000,5,1)
2012-11-15 15:09:42,744 - weighApp - DEBUG - insert  measurement into tblMeasurement
2012-11-15 15:09:42,744 - weighApp - DEBUG - insert into tblMeasurement (i_runID,i_positionNumber,f_weight,d_datetime,i_count,i_preOrPost) VALUES (1,3,42.1527,2012-11-15 15:09:42.745000,6,1)
2012-11-15 15:09:42,874 - weighApp - DEBUG - select avg(f_weight) as avg, stdev(f_weight) as stdev  from tblMeasurement  where i_runID=1 AND i_positionNumber=3 AND i_preOrPost= 1
2012-11-15 15:09:42,875 - weighApp - DEBUG - select f_averageWeight, f_stdevWeight from tblCrucible where i_runID=1 and i_positionNumber=3
2012-11-15 15:09:42,875 - weighApp - DEBUG - update initial sherd weight, etc.
2012-11-15 15:09:44,092 - weighApp - DEBUG - insert  measurement into tblMeasurement
2012-11-15 15:09:44,092 - weighApp - DEBUG - insert into tblMeasurement (i_runID,i_positionNumber,f_weight,d_datetime,i_count,i_preOrPost) VALUES (1,3,42.1528,2012-11-15 15:09:44.092000,7,1)
2012-11-15 15:09:44,207 - weighApp - DEBUG - select avg(f_weight) as avg, stdev(f_weight) as stdev  from tblMeasurement  where i_runID=1 AND i_positionNumber=3 AND i_preOrPost= 1
2012-11-15 15:09:44,207 - weighApp - DEBUG - select f_averageWeight, f_stdevWeight from tblCrucible where i_runID=1 and i_positionNumber=3
2012-11-15 15:09:44,207 - weighApp - DEBUG - update initial sherd weight, etc.
2012-11-15 15:09:45,430 - weighApp - DEBUG - insert  measurement into tblMeasurement
2012-11-15 15:09:45,431 - weighApp - DEBUG - insert into tblMeasurement (i_runID,i_positionNumber,f_weight,d_datetime,i_count,i_preOrPost) VALUES (1,3,42.1528,2012-11-15 15:09:45.432000,8,1)
2012-11-15 15:09:45,540 - weighApp - DEBUG - select avg(f_weight) as avg, stdev(f_weight) as stdev  from tblMeasurement  where i_runID=1 AND i_positionNumber=3 AND i_preOrPost= 1
2012-11-15 15:09:45,542 - weighApp - DEBUG - select f_averageWeight, f_stdevWeight from tblCrucible where i_runID=1 and i_positionNumber=3
2012-11-15 15:09:45,542 - weighApp - DEBUG - update initial sherd weight, etc.
2012-11-15 15:09:46,674 - weighApp - DEBUG - select max(i_runID) as max from tblRun
2012-11-15 15:09:48,750 - weighApp - DEBUG - update initial sherd weight, etc.
2012-11-15 15:09:49,858 - weighApp - DEBUG - update initial sherd weight, etc.
2012-11-15 15:09:50,957 - weighApp - DEBUG - update initial sherd weight, etc.
