2012-05-21 17:49:29,744 - AutoSampler-DataReadWrite - DEBUG - Reading instant weight from balance
2012-05-21 17:49:29,783 - AutoSampler-DataReadWrite - DEBUG - instant read: S D   0.000660 g

2012-05-21 17:49:29,783 - AutoSampler-DataReadWrite - DEBUG - String value: S D
2012-05-21 17:49:29,783 - AutoSampler-DataReadWrite - DEBUG - Balance Ouput:S D   0.000660 g
--Unstable
2012-05-21 17:49:29,783 - AutoSampler-DataReadWrite - DEBUG - Weight: 0.000660
2012-05-21 17:49:34,036 - AutoSampler-DataReadWrite - DEBUG - Reading instant weight from balance
2012-05-21 17:49:34,078 - AutoSampler-DataReadWrite - DEBUG - instant read: S D   0.000066 g

2012-05-21 17:49:34,078 - AutoSampler-DataReadWrite - DEBUG - String value: S D
2012-05-21 17:49:34,078 - AutoSampler-DataReadWrite - DEBUG - Balance Ouput:S D   0.000066 g
--Unstable
2012-05-21 17:49:34,078 - AutoSampler-DataReadWrite - DEBUG - Weight: 0.000066
2012-05-21 17:49:35,084 - AutoSampler-DataReadWrite - DEBUG - Reading instant weight from balance
2012-05-21 17:49:35,121 - AutoSampler-DataReadWrite - DEBUG - instant read: S D   0.000087 g

2012-05-21 17:49:35,121 - AutoSampler-DataReadWrite - DEBUG - String value: S D
2012-05-21 17:49:35,121 - AutoSampler-DataReadWrite - DEBUG - Balance Ouput:S D   0.000087 g
--Unstable
2012-05-21 17:49:35,121 - AutoSampler-DataReadWrite - DEBUG - Weight: 0.000087
2012-05-21 17:49:36,124 - AutoSampler-DataReadWrite - DEBUG - Reading instant weight from balance
2012-05-21 17:49:36,164 - AutoSampler-DataReadWrite - DEBUG - instant read: S D   0.000350 g

2012-05-21 17:49:36,164 - AutoSampler-DataReadWrite - DEBUG - String value: S D
2012-05-21 17:49:36,164 - AutoSampler-DataReadWrite - DEBUG - Balance Ouput:S D   0.000350 g
--Unstable
2012-05-21 17:49:36,165 - AutoSampler-DataReadWrite - DEBUG - Weight: 0.000350
2012-05-21 17:50:13,104 - AutoSampler-DataReadWrite - DEBUG - update tblXY SET i_xposition=0, i_yposition=0 where rowid=1
2012-05-21 17:50:17,117 - AutoSampler-DataReadWrite - DEBUG - Reading instant weight from balance
2012-05-21 17:50:17,154 - AutoSampler-DataReadWrite - DEBUG - instant read: S D   0.000760 g

2012-05-21 17:50:17,154 - AutoSampler-DataReadWrite - DEBUG - String value: S D
2012-05-21 17:50:17,154 - AutoSampler-DataReadWrite - DEBUG - Balance Ouput:S D   0.000760 g
--Unstable
2012-05-21 17:50:17,154 - AutoSampler-DataReadWrite - DEBUG - Weight: 0.000760
2012-05-21 17:50:35,415 - AutoSampler-DataReadWrite - DEBUG - select i_xPosition, i_yPosition from tblCrucibleXY where v_type = BALANCE_OUTSIDE
2012-05-21 17:50:35,415 - AutoSampler-DataReadWrite - DEBUG - openBalanceDoor
2012-05-21 17:50:35,415 - AutoSampler-DataReadWrite - DEBUG - Sending WS 1
 to balance
2012-05-21 17:50:35,447 - AutoSampler-DataReadWrite - DEBUG - Balance replies: WS A

2012-05-21 17:50:47,572 - AutoSampler-DataReadWrite - DEBUG - update tblXY SET i_xposition=0, i_yposition=800 where rowid=1
2012-05-21 17:51:00,763 - AutoSampler-DataReadWrite - DEBUG - update tblXY SET i_xposition=-1800, i_yposition=800 where rowid=1
2012-05-21 17:51:02,788 - AutoSampler-DataReadWrite - DEBUG - openBalanceDoor
2012-05-21 17:51:02,788 - AutoSampler-DataReadWrite - DEBUG - Sending WS 1
 to balance
2012-05-21 17:51:02,835 - AutoSampler-DataReadWrite - DEBUG - Balance replies: WS A

2012-05-21 17:51:03,838 - AutoSampler-DataReadWrite - DEBUG - Reading instant weight from balance
2012-05-21 17:51:03,877 - AutoSampler-DataReadWrite - DEBUG - instant read: S D   0.000606 g

2012-05-21 17:51:03,877 - AutoSampler-DataReadWrite - DEBUG - String value: S D
2012-05-21 17:51:03,878 - AutoSampler-DataReadWrite - DEBUG - Balance Ouput:S D   0.000606 g
--Unstable
2012-05-21 17:51:03,878 - AutoSampler-DataReadWrite - DEBUG - Weight: 0.000606
2012-05-21 17:51:03,948 - AutoSampler-DataReadWrite - DEBUG - openBalanceDoor
2012-05-21 17:51:03,948 - AutoSampler-DataReadWrite - DEBUG - Sending WS 1
 to balance
2012-05-21 17:51:03,982 - AutoSampler-DataReadWrite - DEBUG - Balance replies: WS A

2012-05-21 17:51:04,982 - AutoSampler-DataReadWrite - DEBUG - select i_xPosition, i_yPosition from tblCrucibleXY where v_type = BALANCE_INSIDE
2012-05-21 17:51:18,460 - AutoSampler-DataReadWrite - DEBUG - update tblXY SET i_xposition=-3200, i_yposition=800 where rowid=1
2012-05-21 17:51:21,131 - AutoSampler-DataReadWrite - DEBUG - update tblXY SET i_xposition=-3200, i_yposition=740 where rowid=1
2012-05-21 17:51:22,147 - AutoSampler-DataReadWrite - DEBUG - select f_xDistance, f_yDistance from tblCrucibleXY where v_type = BALANCE_INSIDE
