2012-05-23 10:50:55,625 - AutoSampler-xyzRobot - DEBUG - Waiting for Arm to attach....
2012-05-23 10:50:55,726 - AutoSampler-xyzRobot - DEBUG - Opening phidget object for steppers...
2012-05-23 10:50:55,726 - AutoSampler-xyzRobot - DEBUG - Waiting for stepper motors to attach....
2012-05-23 10:50:55,756 - AutoSampler-xyzRobot - DEBUG - Setting Default values for the motor velocity limits
2012-05-23 10:50:55,757 - AutoSampler-xyzRobot - DEBUG - Setting the servo type for motor 0 to PHIDGET_SERVO_FIRGELLI_L12_100_100_06_R 
2012-05-23 10:50:55,765 - AutoSampler-xyzRobot - DEBUG - Setting the servo type for motor 1 to PHIDGET_SERVO_HITEC_HS422
2012-05-23 10:50:55,773 - AutoSampler-xyzRobot - DEBUG - Create an interfacekit object
2012-05-23 10:50:55,775 - AutoSampler-xyzRobot - DEBUG - Opening phidget (sensor) object....
2012-05-23 10:50:55,775 - AutoSampler-xyzRobot - DEBUG - Waiting for attach....
2012-05-23 10:50:56,209 - AutoSampler-xyzRobot - DEBUG - getXMotorPosition
2012-05-23 10:50:56,209 - AutoSampler-xyzRobot - DEBUG - getYMotorPosition
2012-05-23 10:50:57,250 - AutoSampler-xyzRobot - DEBUG - Current position of Motor 0 is now start position
2012-05-23 10:50:57,250 - AutoSampler-xyzRobot - DEBUG - MotorPosition: 0
2012-05-23 10:50:57,250 - AutoSampler-xyzRobot - DEBUG - Set as start position for motor 0
2012-05-23 10:50:58,250 - AutoSampler-xyzRobot - DEBUG - Current position of Motor 2 is now start position
2012-05-23 10:50:58,250 - AutoSampler-xyzRobot - DEBUG - MotorPosition: 2
2012-05-23 10:50:58,250 - AutoSampler-xyzRobot - DEBUG - Set as start position for motor 2
2012-05-23 10:50:59,596 - AutoSampler-xyzRobot - DEBUG - openGripper:  now open gripper
2012-05-23 10:51:02,653 - AutoSampler-xyzRobot - DEBUG - getXMotorPosition
2012-05-23 10:51:02,655 - AutoSampler-xyzRobot - DEBUG - getYMotorPosition
2012-05-23 10:51:03,704 - AutoSampler-xyzRobot - DEBUG - Current position of Motor 0 is now start position
2012-05-23 10:51:03,704 - AutoSampler-xyzRobot - DEBUG - MotorPosition: 0
2012-05-23 10:51:03,706 - AutoSampler-xyzRobot - DEBUG - Set as start position for motor 0
2012-05-23 10:51:04,706 - AutoSampler-xyzRobot - DEBUG - Current position of Motor 2 is now start position
2012-05-23 10:51:04,706 - AutoSampler-xyzRobot - DEBUG - MotorPosition: 2
2012-05-23 10:51:04,706 - AutoSampler-xyzRobot - DEBUG - Set as start position for motor 2
2012-05-23 10:51:05,707 - AutoSampler-xyzRobot - DEBUG - getXMotorPosition
2012-05-23 10:51:05,707 - AutoSampler-xyzRobot - DEBUG - getYMotorPosition
2012-05-23 10:51:06,753 - AutoSampler-xyzRobot - DEBUG - Current position of Motor 0 is now start position
2012-05-23 10:51:06,755 - AutoSampler-xyzRobot - DEBUG - MotorPosition: 0
2012-05-23 10:51:06,755 - AutoSampler-xyzRobot - DEBUG - Set as start position for motor 0
2012-05-23 10:51:07,755 - AutoSampler-xyzRobot - DEBUG - Current position of Motor 2 is now start position
2012-05-23 10:51:07,755 - AutoSampler-xyzRobot - DEBUG - MotorPosition: 2
2012-05-23 10:51:07,755 - AutoSampler-xyzRobot - DEBUG - Set as start position for motor 2
2012-05-23 10:51:08,756 - AutoSampler-xyzRobot - DEBUG - getXMotorPosition
2012-05-23 10:51:08,756 - AutoSampler-xyzRobot - DEBUG - getYMotorPosition
2012-05-23 10:51:09,801 - AutoSampler-xyzRobot - DEBUG - Current position of Motor 0 is now start position
2012-05-23 10:51:09,801 - AutoSampler-xyzRobot - DEBUG - MotorPosition: 0
2012-05-23 10:51:09,802 - AutoSampler-xyzRobot - DEBUG - Set as start position for motor 0
2012-05-23 10:51:10,802 - AutoSampler-xyzRobot - DEBUG - Current position of Motor 2 is now start position
2012-05-23 10:51:10,802 - AutoSampler-xyzRobot - DEBUG - MotorPosition: 2
2012-05-23 10:51:10,802 - AutoSampler-xyzRobot - DEBUG - Set as start position for motor 2
2012-05-23 11:33:11,049 - AutoSampler-xyzRobot - DEBUG - Current position of Motor 0 is now start position
2012-05-23 11:33:11,049 - AutoSampler-xyzRobot - DEBUG - MotorPosition: 0
2012-05-23 11:33:11,049 - AutoSampler-xyzRobot - DEBUG - Set as start position for motor 0
2012-05-23 11:33:12,049 - AutoSampler-xyzRobot - DEBUG - getXMotorPosition
2012-05-23 11:33:12,049 - AutoSampler-xyzRobot - DEBUG - getYMotorPosition
2012-05-23 11:33:13,092 - AutoSampler-xyzRobot - DEBUG - Current position of Motor 0 is now start position
2012-05-23 11:33:13,092 - AutoSampler-xyzRobot - DEBUG - MotorPosition: 0
2012-05-23 11:33:13,092 - AutoSampler-xyzRobot - DEBUG - Set as start position for motor 0
2012-05-23 11:33:14,092 - AutoSampler-xyzRobot - DEBUG - Current position of Motor 2 is now start position
2012-05-23 11:33:14,092 - AutoSampler-xyzRobot - DEBUG - MotorPosition: 2
2012-05-23 11:33:14,092 - AutoSampler-xyzRobot - DEBUG - Set as start position for motor 2
2012-05-23 11:33:15,095 - AutoSampler-xyzRobot - DEBUG - Current position of Motor 2 is now start position
2012-05-23 11:33:15,095 - AutoSampler-xyzRobot - DEBUG - MotorPosition: 2
2012-05-23 11:33:15,095 - AutoSampler-xyzRobot - DEBUG - Set as start position for motor 2
2012-05-23 11:33:16,096 - AutoSampler-xyzRobot - DEBUG - getXMotorPosition
2012-05-23 11:33:16,098 - AutoSampler-xyzRobot - DEBUG - getYMotorPosition
2012-05-23 11:33:17,144 - AutoSampler-xyzRobot - DEBUG - Current position of Motor 0 is now start position
2012-05-23 11:33:17,144 - AutoSampler-xyzRobot - DEBUG - MotorPosition: 0
2012-05-23 11:33:17,144 - AutoSampler-xyzRobot - DEBUG - Set as start position for motor 0
2012-05-23 11:33:18,144 - AutoSampler-xyzRobot - DEBUG - Current position of Motor 2 is now start position
2012-05-23 11:33:18,144 - AutoSampler-xyzRobot - DEBUG - MotorPosition: 2
2012-05-23 11:33:18,144 - AutoSampler-xyzRobot - DEBUG - Set as start position for motor 2
2012-05-23 11:33:19,147 - AutoSampler-xyzRobot - DEBUG - getXMotorPosition
2012-05-23 11:33:19,147 - AutoSampler-xyzRobot - DEBUG - getYMotorPosition
2012-05-23 11:33:20,194 - AutoSampler-xyzRobot - DEBUG - Current position of Motor 0 is now start position
2012-05-23 11:33:20,194 - AutoSampler-xyzRobot - DEBUG - MotorPosition: 0
2012-05-23 11:33:20,194 - AutoSampler-xyzRobot - DEBUG - Set as start position for motor 0
2012-05-23 11:33:21,194 - AutoSampler-xyzRobot - DEBUG - Current position of Motor 2 is now start position
2012-05-23 11:33:21,194 - AutoSampler-xyzRobot - DEBUG - MotorPosition: 2
2012-05-23 11:33:21,194 - AutoSampler-xyzRobot - DEBUG - Set as start position for motor 2
2012-05-23 11:33:22,219 - AutoSampler-xyzRobot - DEBUG - getXMotorPosition
2012-05-23 11:33:22,220 - AutoSampler-xyzRobot - DEBUG - getYMotorPosition
2012-05-23 11:33:23,260 - AutoSampler-xyzRobot - DEBUG - Current position of Motor 0 is now start position
2012-05-23 11:33:23,260 - AutoSampler-xyzRobot - DEBUG - MotorPosition: 0
2012-05-23 11:33:23,260 - AutoSampler-xyzRobot - DEBUG - Set as start position for motor 0
2012-05-23 11:33:24,260 - AutoSampler-xyzRobot - DEBUG - Current position of Motor 2 is now start position
2012-05-23 11:33:24,260 - AutoSampler-xyzRobot - DEBUG - MotorPosition: 2
2012-05-23 11:33:24,260 - AutoSampler-xyzRobot - DEBUG - Set as start position for motor 2
2012-05-23 11:35:14,148 - AutoSampler-xyzRobot - DEBUG - goToSamplePosition( 1) 
2012-05-23 11:35:14,150 - AutoSampler-xyzRobot - DEBUG - We are now going to go to sample position: 1
2012-05-23 11:35:14,150 - AutoSampler-xyzRobot - DEBUG - getXPosition
2012-05-23 11:35:14,150 - AutoSampler-xyzRobot - DEBUG - getYPosition
2012-05-23 11:35:14,151 - AutoSampler-xyzRobot - DEBUG - getXPosition
2012-05-23 11:35:14,151 - AutoSampler-xyzRobot - DEBUG - Servo Phidget Exception 9: Value is Unknown (State not yet received from device, or not yet set by user).
2012-05-23 11:35:14,151 - AutoSampler-xyzRobot - DEBUG - No value means that the servo has not been set to some value. Will assume 0 at this point.
2012-05-23 11:35:14,151 - AutoSampler-xyzRobot - DEBUG - We are now at x: 0 y: 0
2012-05-23 11:35:14,154 - AutoSampler-xyzRobot - DEBUG - Going to X: 0 and Y: 0
2012-05-23 11:35:14,154 - AutoSampler-xyzRobot - DEBUG - Now move to X:  0
2012-05-23 11:35:16,183 - AutoSampler-xyzRobot - DEBUG - getXPosition
2012-05-23 11:35:16,183 - AutoSampler-xyzRobot - DEBUG - getYPosition
2012-05-23 11:35:16,210 - AutoSampler-xyzRobot - DEBUG - sleep to make sure this is complete..
2012-05-23 11:35:16,211 - AutoSampler-xyzRobot - DEBUG - Now move to Y: 0 
2012-05-23 11:35:18,246 - AutoSampler-xyzRobot - DEBUG - getXPosition
2012-05-23 11:35:18,247 - AutoSampler-xyzRobot - DEBUG - getYPosition
2012-05-23 11:35:18,247 - AutoSampler-xyzRobot - DEBUG - We are now at x: 0 and y: 0
2012-05-23 11:35:18,250 - AutoSampler-xyzRobot - DEBUG - getXPosition
2012-05-23 11:35:18,250 - AutoSampler-xyzRobot - DEBUG - getYPosition
2012-05-23 11:35:18,267 - AutoSampler-xyzRobot - DEBUG - Now will refine the location based on difference in encoder locations
2012-05-23 11:35:18,269 - AutoSampler-xyzRobot - DEBUG - Completed arm position refinement! whoohoo!
2012-05-23 11:35:18,272 - AutoSampler-xyzRobot - DEBUG - samplePickUp
2012-05-23 11:35:18,273 - AutoSampler-xyzRobot - DEBUG - First make sure grippers are open...
2012-05-23 11:35:18,273 - AutoSampler-xyzRobot - DEBUG - openGripper:  now open gripper
2012-05-23 11:35:21,342 - AutoSampler-xyzRobot - DEBUG - now move the arm down to the sample
2012-05-23 11:35:21,345 - AutoSampler-xyzRobot - DEBUG - move sample to 98
2012-05-23 11:35:32,509 - AutoSampler-xyzRobot - DEBUG - Close gripper to value: 0 
2012-05-23 11:35:32,510 - AutoSampler-xyzRobot - DEBUG - closeGripper:  now close gripper
2012-05-23 11:35:37,836 - AutoSampler-xyzRobot - DEBUG - Gripper reports that it is holding a crucible.
2012-05-23 11:35:37,838 - AutoSampler-xyzRobot - DEBUG - Now raise the arm...
2012-05-23 11:35:51,950 - AutoSampler-xyzRobot - DEBUG - goToOutsideBalanceFromOutside
2012-05-23 11:35:52,987 - AutoSampler-xyzRobot - DEBUG - first move the y axis to 800
