2012-05-21 20:11:46,400 - AutoSampler-xyzRobot - DEBUG - Waiting for Arm to attach....
2012-05-21 20:11:46,480 - AutoSampler-xyzRobot - DEBUG - Opening phidget object for steppers...
2012-05-21 20:11:46,480 - AutoSampler-xyzRobot - DEBUG - Waiting for stepper motors to attach....
2012-05-21 20:11:46,509 - AutoSampler-xyzRobot - DEBUG - Setting Default values for the motor velocity limits
2012-05-21 20:11:46,509 - AutoSampler-xyzRobot - DEBUG - Setting the servo type for motor 0 to PHIDGET_SERVO_FIRGELLI_L12_100_100_06_R 
2012-05-21 20:11:46,513 - AutoSampler-xyzRobot - DEBUG - Setting the servo type for motor 1 to PHIDGET_SERVO_HITEC_HS422
2012-05-21 20:11:46,523 - AutoSampler-xyzRobot - DEBUG - Create an interfacekit object
2012-05-21 20:11:46,523 - AutoSampler-xyzRobot - DEBUG - Opening phidget (sensor) object....
2012-05-21 20:11:46,523 - AutoSampler-xyzRobot - DEBUG - Waiting for attach....
2012-05-21 20:11:46,661 - AutoSampler-xyzRobot - DEBUG - getXMotorPosition
2012-05-21 20:11:46,661 - AutoSampler-xyzRobot - DEBUG - getYMotorPosition
2012-05-21 20:11:47,730 - AutoSampler-xyzRobot - DEBUG - openGripper:  now open gripper
2012-05-21 20:11:50,786 - AutoSampler-xyzRobot - DEBUG - getXMotorPosition
2012-05-21 20:11:50,789 - AutoSampler-xyzRobot - DEBUG - getYMotorPosition
2012-05-21 20:11:51,947 - AutoSampler-xyzRobot - DEBUG - getXMotorPosition
2012-05-21 20:11:51,948 - AutoSampler-xyzRobot - DEBUG - getYMotorPosition
2012-05-21 20:11:53,013 - AutoSampler-xyzRobot - DEBUG - getXMotorPosition
2012-05-21 20:11:53,013 - AutoSampler-xyzRobot - DEBUG - getYMotorPosition
2012-05-21 20:17:00,226 - AutoSampler-xyzRobot - DEBUG - goHome:  Now going to the home position.
2012-05-21 20:17:33,240 - AutoSampler-xyzRobot - DEBUG - Update the coordinates of the arm in terms of the motor
2012-05-21 20:17:33,240 - AutoSampler-xyzRobot - DEBUG - getXPosition
2012-05-21 20:17:33,240 - AutoSampler-xyzRobot - DEBUG - getYPosition
2012-05-21 20:17:33,262 - AutoSampler-xyzRobot - DEBUG - Reset the coordinates of the home position
2012-05-21 20:17:33,263 - AutoSampler-xyzRobot - DEBUG - Current position of Motor 0 is now start position
2012-05-21 20:17:33,263 - AutoSampler-xyzRobot - DEBUG - MotorPosition: 0
2012-05-21 20:17:33,263 - AutoSampler-xyzRobot - DEBUG - Set as start position for motor 0
2012-05-21 20:17:34,263 - AutoSampler-xyzRobot - DEBUG - Current position of Motor 2 is now start position
2012-05-21 20:17:34,263 - AutoSampler-xyzRobot - DEBUG - MotorPosition: 2
2012-05-21 20:17:34,263 - AutoSampler-xyzRobot - DEBUG - Set as start position for motor 2
2012-05-21 20:17:37,263 - AutoSampler-xyzRobot - DEBUG - getXMotorPosition
2012-05-21 20:17:37,263 - AutoSampler-xyzRobot - DEBUG - getYMotorPosition
2012-05-21 20:17:38,328 - AutoSampler-xyzRobot - DEBUG - Current position of Motor 0 is now start position
2012-05-21 20:17:38,328 - AutoSampler-xyzRobot - DEBUG - MotorPosition: 0
2012-05-21 20:17:38,328 - AutoSampler-xyzRobot - DEBUG - Set as start position for motor 0
2012-05-21 20:17:39,328 - AutoSampler-xyzRobot - DEBUG - Current position of Motor 2 is now start position
2012-05-21 20:17:39,328 - AutoSampler-xyzRobot - DEBUG - MotorPosition: 2
2012-05-21 20:17:39,329 - AutoSampler-xyzRobot - DEBUG - Set as start position for motor 2
2012-05-21 20:20:08,994 - AutoSampler-xyzRobot - DEBUG - goToOutsideBalanceFromOutside
2012-05-21 20:20:10,029 - AutoSampler-xyzRobot - DEBUG - first move the y axis to 800
2012-05-21 20:20:21,147 - AutoSampler-xyzRobot - DEBUG - getXPosition
2012-05-21 20:20:21,147 - AutoSampler-xyzRobot - DEBUG - getYPosition
2012-05-21 20:20:21,147 - AutoSampler-xyzRobot - DEBUG - now located at x: 0 y: 800
2012-05-21 20:20:21,147 - AutoSampler-xyzRobot - DEBUG - getXPosition
2012-05-21 20:20:21,147 - AutoSampler-xyzRobot - DEBUG - getYPosition
2012-05-21 20:20:21,158 - AutoSampler-xyzRobot - DEBUG - now move the x-asis to -1800
2012-05-21 20:20:34,331 - AutoSampler-xyzRobot - DEBUG - getXPosition
2012-05-21 20:20:34,331 - AutoSampler-xyzRobot - DEBUG - getYPosition
2012-05-21 20:20:34,331 - AutoSampler-xyzRobot - DEBUG - now located at x: -1800 y: 800
2012-05-21 20:20:34,331 - AutoSampler-xyzRobot - DEBUG - getXPosition
2012-05-21 20:20:34,331 - AutoSampler-xyzRobot - DEBUG - getYPosition
2012-05-21 20:20:37,381 - AutoSampler-xyzRobot - DEBUG - getXMotorPosition
2012-05-21 20:20:37,382 - AutoSampler-xyzRobot - DEBUG - getYMotorPosition
2012-05-21 20:20:37,467 - AutoSampler-xyzRobot - DEBUG - goToInsideBalanceFromOutside
2012-05-21 20:20:38,500 - AutoSampler-xyzRobot - DEBUG - now moving x motor to position: -3200
2012-05-21 20:20:51,986 - AutoSampler-xyzRobot - DEBUG - getXPosition
2012-05-21 20:20:51,986 - AutoSampler-xyzRobot - DEBUG - getYPosition
2012-05-21 20:20:51,986 - AutoSampler-xyzRobot - DEBUG - now located at x: -3200 y: 800
2012-05-21 20:20:51,987 - AutoSampler-xyzRobot - DEBUG - getXPosition
2012-05-21 20:20:51,987 - AutoSampler-xyzRobot - DEBUG - getYPosition
2012-05-21 20:20:52,000 - AutoSampler-xyzRobot - DEBUG - adjusting Y position to 740
2012-05-21 20:20:54,661 - AutoSampler-xyzRobot - DEBUG - getXPosition
2012-05-21 20:20:54,663 - AutoSampler-xyzRobot - DEBUG - getYPosition
2012-05-21 20:20:54,663 - AutoSampler-xyzRobot - DEBUG - now located at x: -3200 y: 740
2012-05-21 20:20:54,663 - AutoSampler-xyzRobot - DEBUG - getXPosition
2012-05-21 20:20:54,663 - AutoSampler-xyzRobot - DEBUG - getYPosition
2012-05-21 20:20:55,688 - AutoSampler-xyzRobot - DEBUG - Now will refine the location based on difference in encoder locations
2012-05-21 20:20:55,688 - AutoSampler-xyzRobot - DEBUG - Completed refinement
2012-05-21 20:20:55,688 - AutoSampler-xyzRobot - DEBUG - getXMotorPosition
2012-05-21 20:20:55,690 - AutoSampler-xyzRobot - DEBUG - getYMotorPosition
2012-05-21 20:29:13,026 - AutoSampler-xyzRobot - DEBUG - bumpXMotorDown
2012-05-21 20:29:13,028 - AutoSampler-xyzRobot - DEBUG - start here: -3200
2012-05-21 20:29:13,028 - AutoSampler-xyzRobot - DEBUG - move to here: -3180
2012-05-21 20:29:14,226 - AutoSampler-xyzRobot - DEBUG - getXMotorPosition
2012-05-21 20:29:14,226 - AutoSampler-xyzRobot - DEBUG - getYMotorPosition
2012-05-21 20:29:18,664 - AutoSampler-xyzRobot - DEBUG - bumpXmotorUp
2012-05-21 20:29:19,858 - AutoSampler-xyzRobot - DEBUG - getXMotorPosition
2012-05-21 20:29:19,858 - AutoSampler-xyzRobot - DEBUG - getYMotorPosition
2012-05-21 20:29:20,901 - AutoSampler-xyzRobot - DEBUG - bumpXmotorUp
2012-05-21 20:29:22,098 - AutoSampler-xyzRobot - DEBUG - getXMotorPosition
2012-05-21 20:29:22,098 - AutoSampler-xyzRobot - DEBUG - getYMotorPosition
2012-05-21 20:29:26,792 - AutoSampler-xyzRobot - DEBUG - bumpXMotorDown
2012-05-21 20:29:26,792 - AutoSampler-xyzRobot - DEBUG - start here: -3220
2012-05-21 20:29:26,792 - AutoSampler-xyzRobot - DEBUG - move to here: -3200
2012-05-21 20:29:28,002 - AutoSampler-xyzRobot - DEBUG - getXMotorPosition
2012-05-21 20:29:28,003 - AutoSampler-xyzRobot - DEBUG - getYMotorPosition
2012-05-21 20:29:38,273 - AutoSampler-xyzRobot - DEBUG - bumpYMotorLeft
2012-05-21 20:29:39,522 - AutoSampler-xyzRobot - DEBUG - getXMotorPosition
2012-05-21 20:29:39,523 - AutoSampler-xyzRobot - DEBUG - getYMotorPosition
2012-05-21 20:29:42,196 - AutoSampler-xyzRobot - DEBUG - bumpYMotorRight
2012-05-21 20:29:43,440 - AutoSampler-xyzRobot - DEBUG - getXMotorPosition
2012-05-21 20:29:43,443 - AutoSampler-xyzRobot - DEBUG - getYMotorPosition
2012-05-21 20:29:48,476 - AutoSampler-xyzRobot - DEBUG - bumpYMotorRight
2012-05-21 20:29:49,730 - AutoSampler-xyzRobot - DEBUG - getXMotorPosition
2012-05-21 20:29:49,732 - AutoSampler-xyzRobot - DEBUG - getYMotorPosition
2012-05-21 20:29:52,150 - AutoSampler-xyzRobot - DEBUG - bumpYMotorRight
2012-05-21 20:29:53,392 - AutoSampler-xyzRobot - DEBUG - getXMotorPosition
2012-05-21 20:29:53,394 - AutoSampler-xyzRobot - DEBUG - getYMotorPosition
2012-05-21 20:30:02,111 - AutoSampler-xyzRobot - DEBUG - bumpYMotorLeft
2012-05-21 20:30:03,361 - AutoSampler-xyzRobot - DEBUG - getXMotorPosition
2012-05-21 20:30:03,362 - AutoSampler-xyzRobot - DEBUG - getYMotorPosition
2012-05-21 20:30:06,308 - AutoSampler-xyzRobot - DEBUG - bumpYMotorLeft
2012-05-21 20:30:07,552 - AutoSampler-xyzRobot - DEBUG - getXMotorPosition
2012-05-21 20:30:07,553 - AutoSampler-xyzRobot - DEBUG - getYMotorPosition
2012-05-21 20:30:08,894 - AutoSampler-xyzRobot - DEBUG - bumpYMotorLeft
2012-05-21 20:30:10,144 - AutoSampler-xyzRobot - DEBUG - getXMotorPosition
2012-05-21 20:30:10,145 - AutoSampler-xyzRobot - DEBUG - getYMotorPosition
2012-05-21 20:30:11,344 - AutoSampler-xyzRobot - DEBUG - bumpYMotorLeft
2012-05-21 20:30:12,595 - AutoSampler-xyzRobot - DEBUG - getXMotorPosition
2012-05-21 20:30:12,595 - AutoSampler-xyzRobot - DEBUG - getYMotorPosition
2012-05-21 20:30:16,397 - AutoSampler-xyzRobot - DEBUG - bumpYMotorLeft
2012-05-21 20:30:17,648 - AutoSampler-xyzRobot - DEBUG - getXMotorPosition
2012-05-21 20:30:17,650 - AutoSampler-xyzRobot - DEBUG - getYMotorPosition
2012-05-21 20:30:21,467 - AutoSampler-xyzRobot - DEBUG - lowerArmToBalance
2012-05-21 20:30:34,891 - AutoSampler-xyzRobot - DEBUG - bumpYMotorRight
2012-05-21 20:30:36,144 - AutoSampler-xyzRobot - DEBUG - getXMotorPosition
2012-05-21 20:30:36,145 - AutoSampler-xyzRobot - DEBUG - getYMotorPosition
2012-05-21 20:30:42,364 - AutoSampler-xyzRobot - DEBUG - bumpYMotorRight
2012-05-21 20:30:43,618 - AutoSampler-xyzRobot - DEBUG - getXMotorPosition
2012-05-21 20:30:43,618 - AutoSampler-xyzRobot - DEBUG - getYMotorPosition
2012-05-21 20:30:45,428 - AutoSampler-xyzRobot - DEBUG - bumpYMotorRight
2012-05-21 20:30:46,673 - AutoSampler-xyzRobot - DEBUG - getXMotorPosition
2012-05-21 20:30:46,674 - AutoSampler-xyzRobot - DEBUG - getYMotorPosition
2012-05-21 20:30:57,457 - AutoSampler-xyzRobot - DEBUG - bumpXmotorUp
2012-05-21 20:30:58,655 - AutoSampler-xyzRobot - DEBUG - getXMotorPosition
2012-05-21 20:30:58,657 - AutoSampler-xyzRobot - DEBUG - getYMotorPosition
2012-05-21 20:31:07,438 - AutoSampler-xyzRobot - DEBUG - bumpYMotorRight
2012-05-21 20:31:08,687 - AutoSampler-xyzRobot - DEBUG - getXMotorPosition
2012-05-21 20:31:08,688 - AutoSampler-xyzRobot - DEBUG - getYMotorPosition
2012-05-21 20:31:12,885 - AutoSampler-xyzRobot - DEBUG - bumpYMotorRight
2012-05-21 20:31:14,144 - AutoSampler-xyzRobot - DEBUG - getXMotorPosition
2012-05-21 20:31:14,145 - AutoSampler-xyzRobot - DEBUG - getYMotorPosition
2012-05-21 20:31:14,203 - AutoSampler-xyzRobot - DEBUG - bumpXmotorUp
2012-05-21 20:31:15,407 - AutoSampler-xyzRobot - DEBUG - getXMotorPosition
2012-05-21 20:31:15,410 - AutoSampler-xyzRobot - DEBUG - getYMotorPosition
2012-05-21 20:31:22,141 - AutoSampler-xyzRobot - DEBUG - bumpXmotorUp
2012-05-21 20:31:23,344 - AutoSampler-xyzRobot - DEBUG - getXMotorPosition
2012-05-21 20:31:23,345 - AutoSampler-xyzRobot - DEBUG - getYMotorPosition
2012-05-21 20:31:26,446 - AutoSampler-xyzRobot - DEBUG - bumpXmotorUp
2012-05-21 20:31:27,648 - AutoSampler-xyzRobot - DEBUG - getXMotorPosition
2012-05-21 20:31:27,648 - AutoSampler-xyzRobot - DEBUG - getYMotorPosition
2012-05-21 20:31:36,026 - AutoSampler-xyzRobot - DEBUG - bumpXmotorUp
2012-05-21 20:31:37,233 - AutoSampler-xyzRobot - DEBUG - getXMotorPosition
2012-05-21 20:31:37,233 - AutoSampler-xyzRobot - DEBUG - getYMotorPosition
2012-05-21 20:31:43,700 - AutoSampler-xyzRobot - DEBUG - bumpXmotorUp
2012-05-21 20:31:44,895 - AutoSampler-xyzRobot - DEBUG - getXMotorPosition
2012-05-21 20:31:44,897 - AutoSampler-xyzRobot - DEBUG - getYMotorPosition
2012-05-21 21:32:45,053 - AutoSampler-xyzRobot - DEBUG - goToOutsideBalanceFromOutside
2012-05-21 21:32:46,085 - AutoSampler-xyzRobot - DEBUG - first move the y axis to 800
2012-05-21 21:32:49,328 - AutoSampler-xyzRobot - DEBUG - getXPosition
2012-05-21 21:32:49,331 - AutoSampler-xyzRobot - DEBUG - getYPosition
2012-05-21 21:32:49,331 - AutoSampler-xyzRobot - DEBUG - now located at x: -3320 y: 800
2012-05-21 21:32:49,331 - AutoSampler-xyzRobot - DEBUG - getXPosition
2012-05-21 21:32:49,331 - AutoSampler-xyzRobot - DEBUG - getYPosition
2012-05-21 21:32:49,342 - AutoSampler-xyzRobot - DEBUG - now move the x-asis to -1800
2012-05-21 21:33:00,625 - AutoSampler-xyzRobot - DEBUG - getXPosition
2012-05-21 21:33:00,625 - AutoSampler-xyzRobot - DEBUG - getYPosition
2012-05-21 21:33:00,625 - AutoSampler-xyzRobot - DEBUG - now located at x: -1800 y: 800
2012-05-21 21:33:00,625 - AutoSampler-xyzRobot - DEBUG - getXPosition
2012-05-21 21:33:00,625 - AutoSampler-xyzRobot - DEBUG - getYPosition
2012-05-21 21:33:02,637 - AutoSampler-xyzRobot - DEBUG - getXMotorPosition
2012-05-21 21:33:02,638 - AutoSampler-xyzRobot - DEBUG - getYMotorPosition
2012-05-21 21:33:03,509 - AutoSampler-xyzRobot - DEBUG - raiseArmToTop
2012-05-21 21:49:49,469 - AutoSampler-xyzRobot - DEBUG - goHome:  Now going to the home position.
2012-05-21 21:50:13,973 - AutoSampler-xyzRobot - DEBUG - Update the coordinates of the arm in terms of the motor
2012-05-21 21:50:13,973 - AutoSampler-xyzRobot - DEBUG - getXPosition
2012-05-21 21:50:13,973 - AutoSampler-xyzRobot - DEBUG - getYPosition
2012-05-21 21:50:13,982 - AutoSampler-xyzRobot - DEBUG - Reset the coordinates of the home position
2012-05-21 21:50:13,982 - AutoSampler-xyzRobot - DEBUG - Current position of Motor 0 is now start position
2012-05-21 21:50:13,983 - AutoSampler-xyzRobot - DEBUG - MotorPosition: 0
2012-05-21 21:50:13,983 - AutoSampler-xyzRobot - DEBUG - Set as start position for motor 0
2012-05-21 21:50:14,983 - AutoSampler-xyzRobot - DEBUG - Current position of Motor 2 is now start position
2012-05-21 21:50:14,983 - AutoSampler-xyzRobot - DEBUG - MotorPosition: 2
2012-05-21 21:50:14,983 - AutoSampler-xyzRobot - DEBUG - Set as start position for motor 2
2012-05-21 21:50:17,987 - AutoSampler-xyzRobot - DEBUG - getXMotorPosition
2012-05-21 21:50:17,989 - AutoSampler-xyzRobot - DEBUG - getYMotorPosition
2012-05-21 21:50:18,072 - AutoSampler-xyzRobot - DEBUG - Current position of Motor 0 is now start position
2012-05-21 21:50:18,072 - AutoSampler-xyzRobot - DEBUG - MotorPosition: 0
2012-05-21 21:50:18,073 - AutoSampler-xyzRobot - DEBUG - Set as start position for motor 0
2012-05-21 21:50:19,073 - AutoSampler-xyzRobot - DEBUG - Current position of Motor 2 is now start position
2012-05-21 21:50:19,073 - AutoSampler-xyzRobot - DEBUG - MotorPosition: 2
2012-05-21 21:50:19,073 - AutoSampler-xyzRobot - DEBUG - Set as start position for motor 2
2012-05-21 21:50:27,454 - AutoSampler-xyzRobot - DEBUG - goToOutsideBalanceFromOutside
2012-05-21 21:50:28,503 - AutoSampler-xyzRobot - DEBUG - first move the y axis to 800
2012-05-21 21:50:39,618 - AutoSampler-xyzRobot - DEBUG - getXPosition
2012-05-21 21:50:39,618 - AutoSampler-xyzRobot - DEBUG - getYPosition
2012-05-21 21:50:39,618 - AutoSampler-xyzRobot - DEBUG - now located at x: 0 y: 800
2012-05-21 21:50:39,618 - AutoSampler-xyzRobot - DEBUG - getXPosition
2012-05-21 21:50:39,618 - AutoSampler-xyzRobot - DEBUG - getYPosition
2012-05-21 21:50:39,634 - AutoSampler-xyzRobot - DEBUG - now move the x-asis to -1800
2012-05-21 21:50:52,801 - AutoSampler-xyzRobot - DEBUG - getXPosition
2012-05-21 21:50:52,801 - AutoSampler-xyzRobot - DEBUG - getYPosition
2012-05-21 21:50:52,801 - AutoSampler-xyzRobot - DEBUG - now located at x: -1800 y: 800
2012-05-21 21:50:52,801 - AutoSampler-xyzRobot - DEBUG - getXPosition
2012-05-21 21:50:52,801 - AutoSampler-xyzRobot - DEBUG - getYPosition
2012-05-21 21:50:55,872 - AutoSampler-xyzRobot - DEBUG - getXMotorPosition
2012-05-21 21:50:55,875 - AutoSampler-xyzRobot - DEBUG - getYMotorPosition
2012-05-21 21:50:56,042 - AutoSampler-xyzRobot - DEBUG - goToInsideBalanceFromOutside
2012-05-21 21:50:57,073 - AutoSampler-xyzRobot - DEBUG - now moving x motor to position: -3200
2012-05-21 21:51:10,552 - AutoSampler-xyzRobot - DEBUG - getXPosition
2012-05-21 21:51:10,552 - AutoSampler-xyzRobot - DEBUG - getYPosition
2012-05-21 21:51:10,552 - AutoSampler-xyzRobot - DEBUG - now located at x: -3200 y: 800
2012-05-21 21:51:10,552 - AutoSampler-xyzRobot - DEBUG - getXPosition
2012-05-21 21:51:10,552 - AutoSampler-xyzRobot - DEBUG - getYPosition
2012-05-21 21:51:10,563 - AutoSampler-xyzRobot - DEBUG - adjusting Y position to 740
2012-05-21 21:51:13,223 - AutoSampler-xyzRobot - DEBUG - getXPosition
2012-05-21 21:51:13,223 - AutoSampler-xyzRobot - DEBUG - getYPosition
2012-05-21 21:51:13,224 - AutoSampler-xyzRobot - DEBUG - now located at x: -3200 y: 740
2012-05-21 21:51:13,224 - AutoSampler-xyzRobot - DEBUG - getXPosition
2012-05-21 21:51:13,224 - AutoSampler-xyzRobot - DEBUG - getYPosition
2012-05-21 21:51:14,240 - AutoSampler-xyzRobot - DEBUG - Now will refine the location based on difference in encoder locations
2012-05-21 21:51:14,240 - AutoSampler-xyzRobot - DEBUG - Completed refinement
2012-05-21 21:51:14,240 - AutoSampler-xyzRobot - DEBUG - getXMotorPosition
2012-05-21 21:51:14,243 - AutoSampler-xyzRobot - DEBUG - getYMotorPosition
2012-05-21 21:54:10,854 - AutoSampler-xyzRobot - DEBUG - raiseArmToTop
2012-05-21 22:15:22,332 - AutoSampler-xyzRobot - DEBUG - goHome:  Now going to the home position.
2012-05-21 22:15:55,348 - AutoSampler-xyzRobot - DEBUG - Update the coordinates of the arm in terms of the motor
2012-05-21 22:15:55,348 - AutoSampler-xyzRobot - DEBUG - getXPosition
2012-05-21 22:15:55,348 - AutoSampler-xyzRobot - DEBUG - getYPosition
2012-05-21 22:15:55,367 - AutoSampler-xyzRobot - DEBUG - Reset the coordinates of the home position
2012-05-21 22:15:55,368 - AutoSampler-xyzRobot - DEBUG - Current position of Motor 0 is now start position
2012-05-21 22:15:55,368 - AutoSampler-xyzRobot - DEBUG - MotorPosition: 0
2012-05-21 22:15:55,368 - AutoSampler-xyzRobot - DEBUG - Set as start position for motor 0
2012-05-21 22:15:56,368 - AutoSampler-xyzRobot - DEBUG - Current position of Motor 2 is now start position
2012-05-21 22:15:56,368 - AutoSampler-xyzRobot - DEBUG - MotorPosition: 2
2012-05-21 22:15:56,368 - AutoSampler-xyzRobot - DEBUG - Set as start position for motor 2
2012-05-21 22:15:59,368 - AutoSampler-xyzRobot - DEBUG - getXMotorPosition
2012-05-21 22:15:59,368 - AutoSampler-xyzRobot - DEBUG - getYMotorPosition
2012-05-21 22:15:59,436 - AutoSampler-xyzRobot - DEBUG - Current position of Motor 0 is now start position
2012-05-21 22:15:59,436 - AutoSampler-xyzRobot - DEBUG - MotorPosition: 0
2012-05-21 22:15:59,436 - AutoSampler-xyzRobot - DEBUG - Set as start position for motor 0
2012-05-21 22:16:00,436 - AutoSampler-xyzRobot - DEBUG - Current position of Motor 2 is now start position
2012-05-21 22:16:00,436 - AutoSampler-xyzRobot - DEBUG - MotorPosition: 2
2012-05-21 22:16:00,437 - AutoSampler-xyzRobot - DEBUG - Set as start position for motor 2
2012-05-21 22:16:09,033 - AutoSampler-xyzRobot - DEBUG - goToOutsideBalanceFromOutside
2012-05-21 22:16:10,066 - AutoSampler-xyzRobot - DEBUG - first move the y axis to 800
2012-05-21 22:16:21,180 - AutoSampler-xyzRobot - DEBUG - getXPosition
2012-05-21 22:16:21,181 - AutoSampler-xyzRobot - DEBUG - getYPosition
2012-05-21 22:16:21,181 - AutoSampler-xyzRobot - DEBUG - now located at x: 0 y: 800
2012-05-21 22:16:21,181 - AutoSampler-xyzRobot - DEBUG - getXPosition
2012-05-21 22:16:21,181 - AutoSampler-xyzRobot - DEBUG - getYPosition
2012-05-21 22:16:21,193 - AutoSampler-xyzRobot - DEBUG - now move the x-asis to -1800
2012-05-21 22:16:34,364 - AutoSampler-xyzRobot - DEBUG - getXPosition
2012-05-21 22:16:34,364 - AutoSampler-xyzRobot - DEBUG - getYPosition
2012-05-21 22:16:34,364 - AutoSampler-xyzRobot - DEBUG - now located at x: -1800 y: 800
2012-05-21 22:16:34,364 - AutoSampler-xyzRobot - DEBUG - getXPosition
2012-05-21 22:16:34,364 - AutoSampler-xyzRobot - DEBUG - getYPosition
2012-05-21 22:16:37,405 - AutoSampler-xyzRobot - DEBUG - getXMotorPosition
2012-05-21 22:16:37,407 - AutoSampler-xyzRobot - DEBUG - getYMotorPosition
2012-05-21 22:16:37,450 - AutoSampler-xyzRobot - DEBUG - goToInsideBalanceFromOutside
2012-05-21 22:16:38,505 - AutoSampler-xyzRobot - DEBUG - now moving x motor to position: -3200
2012-05-21 22:16:51,971 - AutoSampler-xyzRobot - DEBUG - getXPosition
2012-05-21 22:16:51,971 - AutoSampler-xyzRobot - DEBUG - getYPosition
2012-05-21 22:16:51,971 - AutoSampler-xyzRobot - DEBUG - now located at x: -3200 y: 800
2012-05-21 22:16:51,971 - AutoSampler-xyzRobot - DEBUG - getXPosition
2012-05-21 22:16:51,971 - AutoSampler-xyzRobot - DEBUG - getYPosition
2012-05-21 22:16:51,986 - AutoSampler-xyzRobot - DEBUG - adjusting Y position to 740
2012-05-21 22:16:54,642 - AutoSampler-xyzRobot - DEBUG - getXPosition
2012-05-21 22:16:54,644 - AutoSampler-xyzRobot - DEBUG - getYPosition
2012-05-21 22:16:54,644 - AutoSampler-xyzRobot - DEBUG - now located at x: -3200 y: 740
2012-05-21 22:16:54,644 - AutoSampler-xyzRobot - DEBUG - getXPosition
2012-05-21 22:16:54,644 - AutoSampler-xyzRobot - DEBUG - getYPosition
2012-05-21 22:16:55,664 - AutoSampler-xyzRobot - DEBUG - Now will refine the location based on difference in encoder locations
2012-05-21 22:16:55,664 - AutoSampler-xyzRobot - DEBUG - Completed refinement
2012-05-21 22:16:55,664 - AutoSampler-xyzRobot - DEBUG - getXMotorPosition
2012-05-21 22:16:55,667 - AutoSampler-xyzRobot - DEBUG - getYMotorPosition
2012-05-21 22:28:08,726 - AutoSampler-xyzRobot - DEBUG - goHome:  Now going to the home position.
2012-05-21 22:28:41,734 - AutoSampler-xyzRobot - DEBUG - Update the coordinates of the arm in terms of the motor
2012-05-21 22:28:41,734 - AutoSampler-xyzRobot - DEBUG - getXPosition
2012-05-21 22:28:41,734 - AutoSampler-xyzRobot - DEBUG - getYPosition
2012-05-21 22:28:41,747 - AutoSampler-xyzRobot - DEBUG - Reset the coordinates of the home position
2012-05-21 22:28:41,749 - AutoSampler-xyzRobot - DEBUG - Current position of Motor 0 is now start position
2012-05-21 22:28:41,749 - AutoSampler-xyzRobot - DEBUG - MotorPosition: 0
2012-05-21 22:28:41,749 - AutoSampler-xyzRobot - DEBUG - Set as start position for motor 0
2012-05-21 22:28:42,749 - AutoSampler-xyzRobot - DEBUG - Current position of Motor 2 is now start position
2012-05-21 22:28:42,750 - AutoSampler-xyzRobot - DEBUG - MotorPosition: 2
2012-05-21 22:28:42,750 - AutoSampler-xyzRobot - DEBUG - Set as start position for motor 2
2012-05-21 22:28:45,750 - AutoSampler-xyzRobot - DEBUG - getXMotorPosition
2012-05-21 22:28:45,750 - AutoSampler-xyzRobot - DEBUG - getYMotorPosition
2012-05-21 22:28:45,854 - AutoSampler-xyzRobot - DEBUG - Current position of Motor 0 is now start position
2012-05-21 22:28:45,854 - AutoSampler-xyzRobot - DEBUG - MotorPosition: 0
2012-05-21 22:28:45,854 - AutoSampler-xyzRobot - DEBUG - Set as start position for motor 0
2012-05-21 22:28:46,854 - AutoSampler-xyzRobot - DEBUG - Current position of Motor 2 is now start position
2012-05-21 22:28:46,854 - AutoSampler-xyzRobot - DEBUG - MotorPosition: 2
2012-05-21 22:28:46,854 - AutoSampler-xyzRobot - DEBUG - Set as start position for motor 2
2012-05-21 22:28:47,861 - AutoSampler-xyzRobot - DEBUG - goHome:  Now going to the home position.
2012-05-21 22:28:52,368 - AutoSampler-xyzRobot - DEBUG - Update the coordinates of the arm in terms of the motor
2012-05-21 22:28:52,368 - AutoSampler-xyzRobot - DEBUG - getXPosition
2012-05-21 22:28:52,368 - AutoSampler-xyzRobot - DEBUG - getYPosition
2012-05-21 22:28:52,394 - AutoSampler-xyzRobot - DEBUG - Reset the coordinates of the home position
2012-05-21 22:28:52,395 - AutoSampler-xyzRobot - DEBUG - Current position of Motor 0 is now start position
2012-05-21 22:28:52,395 - AutoSampler-xyzRobot - DEBUG - MotorPosition: 0
2012-05-21 22:28:52,395 - AutoSampler-xyzRobot - DEBUG - Set as start position for motor 0
2012-05-21 22:28:53,395 - AutoSampler-xyzRobot - DEBUG - Current position of Motor 2 is now start position
2012-05-21 22:28:53,395 - AutoSampler-xyzRobot - DEBUG - MotorPosition: 2
2012-05-21 22:28:53,395 - AutoSampler-xyzRobot - DEBUG - Set as start position for motor 2
2012-05-21 22:28:56,395 - AutoSampler-xyzRobot - DEBUG - getXMotorPosition
2012-05-21 22:28:56,398 - AutoSampler-xyzRobot - DEBUG - getYMotorPosition
2012-05-21 22:28:56,456 - AutoSampler-xyzRobot - DEBUG - Current position of Motor 0 is now start position
2012-05-21 22:28:56,456 - AutoSampler-xyzRobot - DEBUG - MotorPosition: 0
2012-05-21 22:28:56,457 - AutoSampler-xyzRobot - DEBUG - Set as start position for motor 0
2012-05-21 22:28:57,457 - AutoSampler-xyzRobot - DEBUG - Current position of Motor 2 is now start position
2012-05-21 22:28:57,457 - AutoSampler-xyzRobot - DEBUG - MotorPosition: 2
2012-05-21 22:28:57,457 - AutoSampler-xyzRobot - DEBUG - Set as start position for motor 2
