2012-05-23 10:50:56,210 - AutoSampler-DataReadWrite - DEBUG - Reading instant weight from balance
2012-05-23 10:50:56,249 - AutoSampler-DataReadWrite - DEBUG - instant read: S S   0.000004 g

2012-05-23 10:50:56,250 - AutoSampler-DataReadWrite - DEBUG - String value: S S
2012-05-23 10:50:56,250 - AutoSampler-DataReadWrite - DEBUG - Balance Ouput:S S   0.000004 g
--Stable
2012-05-23 10:50:56,250 - AutoSampler-DataReadWrite - DEBUG - Weight: 0.000004
2012-05-23 10:51:02,664 - AutoSampler-DataReadWrite - DEBUG - Reading instant weight from balance
2012-05-23 10:51:02,703 - AutoSampler-DataReadWrite - DEBUG - instant read: S S   0.000004 g

2012-05-23 10:51:02,703 - AutoSampler-DataReadWrite - DEBUG - String value: S S
2012-05-23 10:51:02,703 - AutoSampler-DataReadWrite - DEBUG - Balance Ouput:S S   0.000004 g
--Stable
2012-05-23 10:51:02,703 - AutoSampler-DataReadWrite - DEBUG - Weight: 0.000004
2012-05-23 10:51:05,707 - AutoSampler-DataReadWrite - DEBUG - Reading instant weight from balance
2012-05-23 10:51:05,750 - AutoSampler-DataReadWrite - DEBUG - instant read: S S   0.000004 g

2012-05-23 10:51:05,750 - AutoSampler-DataReadWrite - DEBUG - String value: S S
2012-05-23 10:51:05,750 - AutoSampler-DataReadWrite - DEBUG - Balance Ouput:S S   0.000004 g
--Stable
2012-05-23 10:51:05,750 - AutoSampler-DataReadWrite - DEBUG - Weight: 0.000004
2012-05-23 10:51:08,756 - AutoSampler-DataReadWrite - DEBUG - Reading instant weight from balance
2012-05-23 10:51:08,798 - AutoSampler-DataReadWrite - DEBUG - instant read: S S   0.000004 g

2012-05-23 10:51:08,799 - AutoSampler-DataReadWrite - DEBUG - String value: S S
2012-05-23 10:51:08,799 - AutoSampler-DataReadWrite - DEBUG - Balance Ouput:S S   0.000004 g
--Stable
2012-05-23 10:51:08,799 - AutoSampler-DataReadWrite - DEBUG - Weight: 0.000004
2012-05-23 11:33:12,049 - AutoSampler-DataReadWrite - DEBUG - Reading instant weight from balance
2012-05-23 11:33:12,091 - AutoSampler-DataReadWrite - DEBUG - instant read: S S   0.000092 g

2012-05-23 11:33:12,091 - AutoSampler-DataReadWrite - DEBUG - String value: S S
2012-05-23 11:33:12,091 - AutoSampler-DataReadWrite - DEBUG - Balance Ouput:S S   0.000092 g
--Stable
2012-05-23 11:33:12,091 - AutoSampler-DataReadWrite - DEBUG - Weight: 0.000092
2012-05-23 11:33:16,098 - AutoSampler-DataReadWrite - DEBUG - Reading instant weight from balance
2012-05-23 11:33:16,141 - AutoSampler-DataReadWrite - DEBUG - instant read: S S   0.000093 g

2012-05-23 11:33:16,141 - AutoSampler-DataReadWrite - DEBUG - String value: S S
2012-05-23 11:33:16,141 - AutoSampler-DataReadWrite - DEBUG - Balance Ouput:S S   0.000093 g
--Stable
2012-05-23 11:33:16,141 - AutoSampler-DataReadWrite - DEBUG - Weight: 0.000093
2012-05-23 11:33:19,148 - AutoSampler-DataReadWrite - DEBUG - Reading instant weight from balance
2012-05-23 11:33:19,188 - AutoSampler-DataReadWrite - DEBUG - instant read: S S   0.000093 g

2012-05-23 11:33:19,188 - AutoSampler-DataReadWrite - DEBUG - String value: S S
2012-05-23 11:33:19,188 - AutoSampler-DataReadWrite - DEBUG - Balance Ouput:S S   0.000093 g
--Stable
2012-05-23 11:33:19,188 - AutoSampler-DataReadWrite - DEBUG - Weight: 0.000093
2012-05-23 11:33:22,220 - AutoSampler-DataReadWrite - DEBUG - Reading instant weight from balance
2012-05-23 11:33:22,259 - AutoSampler-DataReadWrite - DEBUG - instant read: S S   0.000093 g

2012-05-23 11:33:22,259 - AutoSampler-DataReadWrite - DEBUG - String value: S S
2012-05-23 11:33:22,259 - AutoSampler-DataReadWrite - DEBUG - Balance Ouput:S S   0.000093 g
--Stable
2012-05-23 11:33:22,259 - AutoSampler-DataReadWrite - DEBUG - Weight: 0.000093
2012-05-23 11:35:09,059 - AutoSampler-DataReadWrite - DEBUG - updateRunPostFire (   1,CPL,postfire,2012-05-22 17:08:00,30,550,15,15,2012-05-22 17:38:00,5 )
2012-05-23 11:35:09,059 - AutoSampler-DataReadWrite - DEBUG - update tblRun SET i_loggingInterval=5,v_status=postfire,d_dateTimeFiring=2012-05-22 17:08:00,i_durationOfFiring=30,i_temperatureOfFiring=550,i_postMeasurementTimeInterval=15,i_durationOfPostMeasurements=15,d_endOfFiring=2012-05-22 17:38:00 WHERE i_runID=1
2012-05-23 11:35:14,153 - AutoSampler-DataReadWrite - DEBUG - select i_xPosition, i_yPosition from tblCrucibleXY where i_samplePosition = 1
2012-05-23 11:35:16,184 - AutoSampler-DataReadWrite - DEBUG - update tblXY SET i_xposition=0, i_yposition=0 where rowid=1
2012-05-23 11:35:18,250 - AutoSampler-DataReadWrite - DEBUG - update tblXY SET i_xposition=0, i_yposition=0 where rowid=1
2012-05-23 11:35:21,342 - AutoSampler-DataReadWrite - DEBUG - Select f_zPosition FROM tblCrucibleXY where i_samplePosition=1
2012-05-23 11:35:50,908 - AutoSampler-DataReadWrite - DEBUG - openBalanceDoor
2012-05-23 11:35:50,915 - AutoSampler-DataReadWrite - DEBUG - Sending WS 1
 to balance
2012-05-23 11:35:50,947 - AutoSampler-DataReadWrite - DEBUG - Balance replies: WS A

2012-05-23 11:35:51,953 - AutoSampler-DataReadWrite - DEBUG - select i_xPosition, i_yPosition from tblCrucibleXY where v_type = BALANCE_OUTSIDE
2012-05-23 11:35:51,956 - AutoSampler-DataReadWrite - DEBUG - openBalanceDoor
2012-05-23 11:35:51,956 - AutoSampler-DataReadWrite - DEBUG - Sending WS 1
 to balance
2012-05-23 11:35:51,986 - AutoSampler-DataReadWrite - DEBUG - Balance replies: WS A

