2012-05-21 18:00:22,969 - AutoSampler-xyzRobot - DEBUG - Waiting for Arm to attach....
2012-05-21 18:00:23,088 - AutoSampler-xyzRobot - DEBUG - Opening phidget object for steppers...
2012-05-21 18:00:23,088 - AutoSampler-xyzRobot - DEBUG - Waiting for stepper motors to attach....
2012-05-21 18:00:23,108 - AutoSampler-xyzRobot - DEBUG - Setting Default values for the motor velocity limits
2012-05-21 18:00:23,108 - AutoSampler-xyzRobot - DEBUG - Setting the servo type for motor 0 to PHIDGET_SERVO_FIRGELLI_L12_100_100_06_R 
2012-05-21 18:00:23,111 - AutoSampler-xyzRobot - DEBUG - Setting the servo type for motor 1 to PHIDGET_SERVO_HITEC_HS422
2012-05-21 18:00:23,118 - AutoSampler-xyzRobot - DEBUG - Create an interfacekit object
2012-05-21 18:00:23,119 - AutoSampler-xyzRobot - DEBUG - Opening phidget (sensor) object....
2012-05-21 18:00:23,119 - AutoSampler-xyzRobot - DEBUG - Waiting for attach....
2012-05-21 18:00:23,286 - AutoSampler-xyzRobot - DEBUG - getXMotorPosition
2012-05-21 18:00:23,286 - AutoSampler-xyzRobot - DEBUG - getYMotorPosition
2012-05-21 18:00:24,562 - AutoSampler-xyzRobot - DEBUG - openGripper:  now open gripper
2012-05-21 18:00:27,644 - AutoSampler-xyzRobot - DEBUG - getXMotorPosition
2012-05-21 18:00:27,651 - AutoSampler-xyzRobot - DEBUG - getYMotorPosition
2012-05-21 18:00:28,812 - AutoSampler-xyzRobot - DEBUG - getXMotorPosition
2012-05-21 18:00:28,839 - AutoSampler-xyzRobot - DEBUG - getYMotorPosition
2012-05-21 18:00:29,938 - AutoSampler-xyzRobot - DEBUG - getXMotorPosition
2012-05-21 18:00:29,940 - AutoSampler-xyzRobot - DEBUG - getYMotorPosition
2012-05-21 18:00:37,411 - AutoSampler-xyzRobot - DEBUG - goHome:  Now going to the home position.
2012-05-21 18:01:08,436 - AutoSampler-xyzRobot - DEBUG - Update the coordinates of the arm in terms of the motor
2012-05-21 18:01:08,436 - AutoSampler-xyzRobot - DEBUG - getXPosition
2012-05-21 18:01:08,436 - AutoSampler-xyzRobot - DEBUG - getYPosition
2012-05-21 18:01:08,572 - AutoSampler-xyzRobot - DEBUG - Reset the coordinates of the home position
2012-05-21 18:01:08,572 - AutoSampler-xyzRobot - DEBUG - Current position of Motor 0 is now start position
2012-05-21 18:01:08,572 - AutoSampler-xyzRobot - DEBUG - MotorPosition: 0
2012-05-21 18:01:08,572 - AutoSampler-xyzRobot - DEBUG - Set as start position for motor 0
2012-05-21 18:01:09,573 - AutoSampler-xyzRobot - DEBUG - Current position of Motor 2 is now start position
2012-05-21 18:01:09,575 - AutoSampler-xyzRobot - DEBUG - MotorPosition: 2
2012-05-21 18:01:09,575 - AutoSampler-xyzRobot - DEBUG - Set as start position for motor 2
2012-05-21 18:01:12,575 - AutoSampler-xyzRobot - DEBUG - getXMotorPosition
2012-05-21 18:01:12,578 - AutoSampler-xyzRobot - DEBUG - getYMotorPosition
2012-05-21 18:01:12,632 - AutoSampler-xyzRobot - DEBUG - Current position of Motor 0 is now start position
2012-05-21 18:01:12,632 - AutoSampler-xyzRobot - DEBUG - MotorPosition: 0
2012-05-21 18:01:12,632 - AutoSampler-xyzRobot - DEBUG - Set as start position for motor 0
2012-05-21 18:01:13,634 - AutoSampler-xyzRobot - DEBUG - Current position of Motor 2 is now start position
2012-05-21 18:01:13,634 - AutoSampler-xyzRobot - DEBUG - MotorPosition: 2
2012-05-21 18:01:13,634 - AutoSampler-xyzRobot - DEBUG - Set as start position for motor 2
2012-05-21 18:01:18,552 - AutoSampler-xyzRobot - DEBUG - goToOutsideBalanceFromOutside
2012-05-21 18:01:19,589 - AutoSampler-xyzRobot - DEBUG - first move the y axis to 800
2012-05-21 18:01:30,710 - AutoSampler-xyzRobot - DEBUG - getXPosition
2012-05-21 18:01:30,710 - AutoSampler-xyzRobot - DEBUG - getYPosition
2012-05-21 18:01:30,710 - AutoSampler-xyzRobot - DEBUG - now located at x: 0 y: 800
2012-05-21 18:01:30,710 - AutoSampler-xyzRobot - DEBUG - getXPosition
2012-05-21 18:01:30,710 - AutoSampler-xyzRobot - DEBUG - getYPosition
2012-05-21 18:01:30,723 - AutoSampler-xyzRobot - DEBUG - now move the x-asis to -1800
2012-05-21 18:01:43,892 - AutoSampler-xyzRobot - DEBUG - getXPosition
2012-05-21 18:01:43,892 - AutoSampler-xyzRobot - DEBUG - getYPosition
2012-05-21 18:01:43,892 - AutoSampler-xyzRobot - DEBUG - now located at x: -1800 y: 800
2012-05-21 18:01:43,892 - AutoSampler-xyzRobot - DEBUG - getXPosition
2012-05-21 18:01:43,892 - AutoSampler-xyzRobot - DEBUG - getYPosition
2012-05-21 18:01:46,944 - AutoSampler-xyzRobot - DEBUG - getXMotorPosition
2012-05-21 18:01:46,944 - AutoSampler-xyzRobot - DEBUG - getYMotorPosition
2012-05-21 18:01:47,022 - AutoSampler-xyzRobot - DEBUG - goToInsideBalanceFromOutside
2012-05-21 18:01:48,055 - AutoSampler-xyzRobot - DEBUG - now moving x motor to position: -3200
2012-05-21 18:02:01,532 - AutoSampler-xyzRobot - DEBUG - getXPosition
2012-05-21 18:02:01,532 - AutoSampler-xyzRobot - DEBUG - getYPosition
2012-05-21 18:02:01,532 - AutoSampler-xyzRobot - DEBUG - now located at x: -3200 y: 800
2012-05-21 18:02:01,532 - AutoSampler-xyzRobot - DEBUG - getXPosition
2012-05-21 18:02:01,532 - AutoSampler-xyzRobot - DEBUG - getYPosition
2012-05-21 18:02:01,569 - AutoSampler-xyzRobot - DEBUG - adjusting Y position to 740
2012-05-21 18:02:04,236 - AutoSampler-xyzRobot - DEBUG - getXPosition
2012-05-21 18:02:04,236 - AutoSampler-xyzRobot - DEBUG - getYPosition
2012-05-21 18:02:04,236 - AutoSampler-xyzRobot - DEBUG - now located at x: -3200 y: 740
2012-05-21 18:02:04,236 - AutoSampler-xyzRobot - DEBUG - getXPosition
2012-05-21 18:02:04,236 - AutoSampler-xyzRobot - DEBUG - getYPosition
2012-05-21 18:02:05,255 - AutoSampler-xyzRobot - DEBUG - Now will refine the location based on difference in encoder locations
2012-05-21 18:02:05,255 - AutoSampler-xyzRobot - DEBUG - refine the position over the crucible at the balance
2012-05-21 18:02:05,255 - AutoSampler-xyzRobot - DEBUG - We are now at x: 3205 y: 2679
2012-05-21 18:02:05,256 - AutoSampler-xyzRobot - DEBUG - The balance is at x: 4472 y: 2574
2012-05-21 18:02:05,256 - AutoSampler-xyzRobot - DEBUG - The difference is x: -1267 y: 105
2012-05-21 18:02:05,256 - AutoSampler-xyzRobot - DEBUG - now moving x to get to -1267
2012-05-21 18:02:05,256 - AutoSampler-xyzRobot - DEBUG - first check when xdiff is greater than zero. xdiff: -1267 
2012-05-21 18:02:05,259 - AutoSampler-xyzRobot - DEBUG - Done with X since we are: 3205 and the crucible is: 4472
2012-05-21 18:02:05,259 - AutoSampler-xyzRobot - DEBUG - We are now at x: 3205 y: 2679
