2012-05-23 11:36:12,315 - AutoSampler-xyzRobot - DEBUG - Waiting for Arm to attach....
2012-05-23 11:36:12,424 - AutoSampler-xyzRobot - DEBUG - Opening phidget object for steppers...
2012-05-23 11:36:12,424 - AutoSampler-xyzRobot - DEBUG - Waiting for stepper motors to attach....
2012-05-23 11:36:12,434 - AutoSampler-xyzRobot - DEBUG - Setting Default values for the motor velocity limits
2012-05-23 11:36:12,436 - AutoSampler-xyzRobot - DEBUG - Setting the servo type for motor 0 to PHIDGET_SERVO_FIRGELLI_L12_100_100_06_R 
2012-05-23 11:36:12,440 - AutoSampler-xyzRobot - DEBUG - Setting the servo type for motor 1 to PHIDGET_SERVO_HITEC_HS422
2012-05-23 11:36:12,447 - AutoSampler-xyzRobot - DEBUG - Create an interfacekit object
2012-05-23 11:36:12,448 - AutoSampler-xyzRobot - DEBUG - Opening phidget (sensor) object....
2012-05-23 11:36:12,450 - AutoSampler-xyzRobot - DEBUG - Waiting for attach....
2012-05-23 11:36:12,586 - AutoSampler-xyzRobot - DEBUG - getXMotorPosition
2012-05-23 11:36:12,586 - AutoSampler-xyzRobot - DEBUG - getYMotorPosition
2012-05-23 11:36:13,638 - AutoSampler-xyzRobot - DEBUG - Current position of Motor 0 is now start position
2012-05-23 11:36:13,638 - AutoSampler-xyzRobot - DEBUG - MotorPosition: 0
2012-05-23 11:36:13,638 - AutoSampler-xyzRobot - DEBUG - Set as start position for motor 0
2012-05-23 11:36:14,663 - AutoSampler-xyzRobot - DEBUG - openGripper:  now open gripper
2012-05-23 11:36:17,977 - AutoSampler-xyzRobot - DEBUG - getXMotorPosition
2012-05-23 11:36:17,980 - AutoSampler-xyzRobot - DEBUG - getYMotorPosition
2012-05-23 11:36:19,043 - AutoSampler-xyzRobot - DEBUG - Current position of Motor 0 is now start position
2012-05-23 11:36:19,043 - AutoSampler-xyzRobot - DEBUG - MotorPosition: 0
2012-05-23 11:36:19,043 - AutoSampler-xyzRobot - DEBUG - Set as start position for motor 0
2012-05-23 11:36:20,046 - AutoSampler-xyzRobot - DEBUG - getXMotorPosition
2012-05-23 11:36:20,046 - AutoSampler-xyzRobot - DEBUG - getYMotorPosition
2012-05-23 11:36:20,105 - AutoSampler-xyzRobot - DEBUG - Current position of Motor 0 is now start position
2012-05-23 11:36:20,105 - AutoSampler-xyzRobot - DEBUG - MotorPosition: 0
2012-05-23 11:36:20,105 - AutoSampler-xyzRobot - DEBUG - Set as start position for motor 0
2012-05-23 11:36:21,105 - AutoSampler-xyzRobot - DEBUG - getXMotorPosition
2012-05-23 11:36:21,105 - AutoSampler-xyzRobot - DEBUG - getYMotorPosition
2012-05-23 11:36:21,187 - AutoSampler-xyzRobot - DEBUG - Current position of Motor 0 is now start position
2012-05-23 11:36:21,187 - AutoSampler-xyzRobot - DEBUG - MotorPosition: 0
2012-05-23 11:36:21,187 - AutoSampler-xyzRobot - DEBUG - Set as start position for motor 0
2012-05-23 11:36:27,733 - AutoSampler-xyzRobot - DEBUG - goHome:  Now going to the home position.
2012-05-23 11:36:40,237 - AutoSampler-xyzRobot - DEBUG - Update the coordinates of the arm in terms of the motor
2012-05-23 11:36:40,240 - AutoSampler-xyzRobot - DEBUG - getXPosition
2012-05-23 11:36:40,240 - AutoSampler-xyzRobot - DEBUG - getYPosition
2012-05-23 11:36:40,256 - AutoSampler-xyzRobot - DEBUG - Reset the coordinates of the home position
2012-05-23 11:36:40,256 - AutoSampler-xyzRobot - DEBUG - Current position of Motor 0 is now start position
2012-05-23 11:36:40,256 - AutoSampler-xyzRobot - DEBUG - MotorPosition: 0
2012-05-23 11:36:40,256 - AutoSampler-xyzRobot - DEBUG - Set as start position for motor 0
2012-05-23 11:36:41,256 - AutoSampler-xyzRobot - DEBUG - Current position of Motor 2 is now start position
2012-05-23 11:36:41,256 - AutoSampler-xyzRobot - DEBUG - MotorPosition: 2
2012-05-23 11:36:41,256 - AutoSampler-xyzRobot - DEBUG - Set as start position for motor 2
2012-05-23 11:36:44,256 - AutoSampler-xyzRobot - DEBUG - getXMotorPosition
2012-05-23 11:36:44,257 - AutoSampler-xyzRobot - DEBUG - getYMotorPosition
2012-05-23 11:36:45,299 - AutoSampler-xyzRobot - DEBUG - Current position of Motor 0 is now start position
2012-05-23 11:36:45,299 - AutoSampler-xyzRobot - DEBUG - MotorPosition: 0
2012-05-23 11:36:45,299 - AutoSampler-xyzRobot - DEBUG - Set as start position for motor 0
2012-05-23 11:36:46,302 - AutoSampler-xyzRobot - DEBUG - Current position of Motor 2 is now start position
2012-05-23 11:36:46,302 - AutoSampler-xyzRobot - DEBUG - MotorPosition: 2
2012-05-23 11:36:46,302 - AutoSampler-xyzRobot - DEBUG - Set as start position for motor 2
2012-05-23 11:37:26,555 - AutoSampler-xyzRobot - DEBUG - closeGripper:  now close gripper
2012-05-23 11:37:29,881 - AutoSampler-xyzRobot - DEBUG - getXMotorPosition
2012-05-23 11:37:29,882 - AutoSampler-xyzRobot - DEBUG - getYMotorPosition
2012-05-23 11:37:29,944 - AutoSampler-xyzRobot - DEBUG - Current position of Motor 0 is now start position
2012-05-23 11:37:29,944 - AutoSampler-xyzRobot - DEBUG - MotorPosition: 0
2012-05-23 11:37:29,944 - AutoSampler-xyzRobot - DEBUG - Set as start position for motor 0
2012-05-23 11:37:30,944 - AutoSampler-xyzRobot - DEBUG - Current position of Motor 2 is now start position
2012-05-23 11:37:30,944 - AutoSampler-xyzRobot - DEBUG - MotorPosition: 2
2012-05-23 11:37:30,944 - AutoSampler-xyzRobot - DEBUG - Set as start position for motor 2
2012-05-23 11:37:33,946 - AutoSampler-xyzRobot - DEBUG - openGripper:  now open gripper
2012-05-23 11:37:37,270 - AutoSampler-xyzRobot - DEBUG - getXMotorPosition
2012-05-23 11:37:37,272 - AutoSampler-xyzRobot - DEBUG - getYMotorPosition
2012-05-23 11:37:38,315 - AutoSampler-xyzRobot - DEBUG - Current position of Motor 0 is now start position
2012-05-23 11:37:38,315 - AutoSampler-xyzRobot - DEBUG - MotorPosition: 0
2012-05-23 11:37:38,316 - AutoSampler-xyzRobot - DEBUG - Set as start position for motor 0
2012-05-23 11:37:39,316 - AutoSampler-xyzRobot - DEBUG - Current position of Motor 2 is now start position
2012-05-23 11:37:39,316 - AutoSampler-xyzRobot - DEBUG - MotorPosition: 2
2012-05-23 11:37:39,316 - AutoSampler-xyzRobot - DEBUG - Set as start position for motor 2
2012-05-23 11:37:41,802 - AutoSampler-xyzRobot - DEBUG - getXMotorPosition
2012-05-23 11:37:41,802 - AutoSampler-xyzRobot - DEBUG - getYMotorPosition
2012-05-23 11:37:42,845 - AutoSampler-xyzRobot - DEBUG - Current position of Motor 0 is now start position
2012-05-23 11:37:42,846 - AutoSampler-xyzRobot - DEBUG - MotorPosition: 0
2012-05-23 11:37:42,846 - AutoSampler-xyzRobot - DEBUG - Set as start position for motor 0
2012-05-23 11:37:43,846 - AutoSampler-xyzRobot - DEBUG - Current position of Motor 2 is now start position
2012-05-23 11:37:43,846 - AutoSampler-xyzRobot - DEBUG - MotorPosition: 2
2012-05-23 11:37:43,846 - AutoSampler-xyzRobot - DEBUG - Set as start position for motor 2
2012-05-23 11:37:44,849 - AutoSampler-xyzRobot - DEBUG - getXMotorPosition
2012-05-23 11:37:44,849 - AutoSampler-xyzRobot - DEBUG - getYMotorPosition
2012-05-23 11:37:44,914 - AutoSampler-xyzRobot - DEBUG - Current position of Motor 0 is now start position
2012-05-23 11:37:44,914 - AutoSampler-xyzRobot - DEBUG - MotorPosition: 0
2012-05-23 11:37:44,914 - AutoSampler-xyzRobot - DEBUG - Set as start position for motor 0
2012-05-23 11:37:45,915 - AutoSampler-xyzRobot - DEBUG - Current position of Motor 2 is now start position
2012-05-23 11:37:45,915 - AutoSampler-xyzRobot - DEBUG - MotorPosition: 2
2012-05-23 11:37:45,915 - AutoSampler-xyzRobot - DEBUG - Set as start position for motor 2
2012-05-23 11:37:46,917 - AutoSampler-xyzRobot - DEBUG - getXMotorPosition
2012-05-23 11:37:46,917 - AutoSampler-xyzRobot - DEBUG - getYMotorPosition
2012-05-23 11:37:46,970 - AutoSampler-xyzRobot - DEBUG - Current position of Motor 0 is now start position
2012-05-23 11:37:46,970 - AutoSampler-xyzRobot - DEBUG - MotorPosition: 0
2012-05-23 11:37:46,970 - AutoSampler-xyzRobot - DEBUG - Set as start position for motor 0
2012-05-23 11:37:47,970 - AutoSampler-xyzRobot - DEBUG - Current position of Motor 2 is now start position
2012-05-23 11:37:47,970 - AutoSampler-xyzRobot - DEBUG - MotorPosition: 2
2012-05-23 11:37:47,970 - AutoSampler-xyzRobot - DEBUG - Set as start position for motor 2
2012-05-23 11:37:53,052 - AutoSampler-xyzRobot - DEBUG - closeGripper:  now close gripper
2012-05-23 11:37:56,374 - AutoSampler-xyzRobot - DEBUG - getXMotorPosition
2012-05-23 11:37:56,375 - AutoSampler-xyzRobot - DEBUG - getYMotorPosition
2012-05-23 11:37:57,417 - AutoSampler-xyzRobot - DEBUG - Current position of Motor 0 is now start position
2012-05-23 11:37:57,417 - AutoSampler-xyzRobot - DEBUG - MotorPosition: 0
2012-05-23 11:37:57,417 - AutoSampler-xyzRobot - DEBUG - Set as start position for motor 0
2012-05-23 11:37:58,417 - AutoSampler-xyzRobot - DEBUG - Current position of Motor 2 is now start position
2012-05-23 11:37:58,417 - AutoSampler-xyzRobot - DEBUG - MotorPosition: 2
2012-05-23 11:37:58,417 - AutoSampler-xyzRobot - DEBUG - Set as start position for motor 2
2012-05-23 11:40:07,515 - AutoSampler-xyzRobot - DEBUG - closeGripper:  now close gripper
2012-05-23 11:40:10,578 - AutoSampler-xyzRobot - DEBUG - getXMotorPosition
2012-05-23 11:40:10,579 - AutoSampler-xyzRobot - DEBUG - getYMotorPosition
2012-05-23 11:40:11,628 - AutoSampler-xyzRobot - DEBUG - Current position of Motor 0 is now start position
2012-05-23 11:40:11,628 - AutoSampler-xyzRobot - DEBUG - MotorPosition: 0
2012-05-23 11:40:11,630 - AutoSampler-xyzRobot - DEBUG - Set as start position for motor 0
2012-05-23 11:40:12,630 - AutoSampler-xyzRobot - DEBUG - Current position of Motor 2 is now start position
2012-05-23 11:40:12,630 - AutoSampler-xyzRobot - DEBUG - MotorPosition: 2
2012-05-23 11:40:12,630 - AutoSampler-xyzRobot - DEBUG - Set as start position for motor 2
2012-05-23 11:40:13,631 - AutoSampler-xyzRobot - DEBUG - openGripper:  now open gripper
2012-05-23 11:40:16,947 - AutoSampler-xyzRobot - DEBUG - getXMotorPosition
2012-05-23 11:40:16,948 - AutoSampler-xyzRobot - DEBUG - getYMotorPosition
2012-05-23 11:40:17,013 - AutoSampler-xyzRobot - DEBUG - Current position of Motor 0 is now start position
2012-05-23 11:40:17,013 - AutoSampler-xyzRobot - DEBUG - MotorPosition: 0
2012-05-23 11:40:17,013 - AutoSampler-xyzRobot - DEBUG - Set as start position for motor 0
2012-05-23 11:40:18,013 - AutoSampler-xyzRobot - DEBUG - Current position of Motor 2 is now start position
2012-05-23 11:40:18,013 - AutoSampler-xyzRobot - DEBUG - MotorPosition: 2
2012-05-23 11:40:18,013 - AutoSampler-xyzRobot - DEBUG - Set as start position for motor 2
2012-05-23 11:40:27,885 - AutoSampler-xyzRobot - DEBUG - Current position of Motor 0 is now start position
2012-05-23 11:40:27,885 - AutoSampler-xyzRobot - DEBUG - MotorPosition: 0
2012-05-23 11:40:27,887 - AutoSampler-xyzRobot - DEBUG - Set as start position for motor 0
2012-05-23 11:40:28,887 - AutoSampler-xyzRobot - DEBUG - getXMotorPosition
2012-05-23 11:40:28,888 - AutoSampler-xyzRobot - DEBUG - getYMotorPosition
2012-05-23 11:40:29,930 - AutoSampler-xyzRobot - DEBUG - Current position of Motor 0 is now start position
2012-05-23 11:40:29,930 - AutoSampler-xyzRobot - DEBUG - MotorPosition: 0
2012-05-23 11:40:29,930 - AutoSampler-xyzRobot - DEBUG - Set as start position for motor 0
2012-05-23 11:40:30,930 - AutoSampler-xyzRobot - DEBUG - Current position of Motor 2 is now start position
2012-05-23 11:40:30,930 - AutoSampler-xyzRobot - DEBUG - MotorPosition: 2
2012-05-23 11:40:30,930 - AutoSampler-xyzRobot - DEBUG - Set as start position for motor 2
2012-05-23 11:40:31,933 - AutoSampler-xyzRobot - DEBUG - Current position of Motor 2 is now start position
2012-05-23 11:40:31,933 - AutoSampler-xyzRobot - DEBUG - MotorPosition: 2
2012-05-23 11:40:31,933 - AutoSampler-xyzRobot - DEBUG - Set as start position for motor 2
2012-05-23 11:40:32,933 - AutoSampler-xyzRobot - DEBUG - getXMotorPosition
2012-05-23 11:40:32,934 - AutoSampler-xyzRobot - DEBUG - getYMotorPosition
2012-05-23 11:40:32,986 - AutoSampler-xyzRobot - DEBUG - Current position of Motor 0 is now start position
2012-05-23 11:40:32,986 - AutoSampler-xyzRobot - DEBUG - MotorPosition: 0
2012-05-23 11:40:32,986 - AutoSampler-xyzRobot - DEBUG - Set as start position for motor 0
2012-05-23 11:40:33,986 - AutoSampler-xyzRobot - DEBUG - Current position of Motor 2 is now start position
2012-05-23 11:40:33,987 - AutoSampler-xyzRobot - DEBUG - MotorPosition: 2
2012-05-23 11:40:33,987 - AutoSampler-xyzRobot - DEBUG - Set as start position for motor 2
2012-05-23 11:40:34,989 - AutoSampler-xyzRobot - DEBUG - getXMotorPosition
2012-05-23 11:40:34,989 - AutoSampler-xyzRobot - DEBUG - getYMotorPosition
2012-05-23 11:40:36,029 - AutoSampler-xyzRobot - DEBUG - Current position of Motor 0 is now start position
2012-05-23 11:40:36,029 - AutoSampler-xyzRobot - DEBUG - MotorPosition: 0
2012-05-23 11:40:36,029 - AutoSampler-xyzRobot - DEBUG - Set as start position for motor 0
2012-05-23 11:40:37,030 - AutoSampler-xyzRobot - DEBUG - Current position of Motor 2 is now start position
2012-05-23 11:40:37,030 - AutoSampler-xyzRobot - DEBUG - MotorPosition: 2
2012-05-23 11:40:37,030 - AutoSampler-xyzRobot - DEBUG - Set as start position for motor 2
2012-05-23 11:40:38,038 - AutoSampler-xyzRobot - DEBUG - getXMotorPosition
2012-05-23 11:40:38,038 - AutoSampler-xyzRobot - DEBUG - getYMotorPosition
2012-05-23 11:40:39,082 - AutoSampler-xyzRobot - DEBUG - Current position of Motor 0 is now start position
2012-05-23 11:40:39,082 - AutoSampler-xyzRobot - DEBUG - MotorPosition: 0
2012-05-23 11:40:39,082 - AutoSampler-xyzRobot - DEBUG - Set as start position for motor 0
2012-05-23 11:40:40,082 - AutoSampler-xyzRobot - DEBUG - Current position of Motor 2 is now start position
2012-05-23 11:40:40,082 - AutoSampler-xyzRobot - DEBUG - MotorPosition: 2
2012-05-23 11:40:40,082 - AutoSampler-xyzRobot - DEBUG - Set as start position for motor 2
2012-05-23 11:42:35,286 - AutoSampler-xyzRobot - DEBUG - goToSamplePosition( 1) 
2012-05-23 11:42:35,286 - AutoSampler-xyzRobot - DEBUG - We are now going to go to sample position: 1
2012-05-23 11:42:35,288 - AutoSampler-xyzRobot - DEBUG - getXPosition
2012-05-23 11:42:35,289 - AutoSampler-xyzRobot - DEBUG - getYPosition
2012-05-23 11:42:35,289 - AutoSampler-xyzRobot - DEBUG - getXPosition
2012-05-23 11:42:35,290 - AutoSampler-xyzRobot - DEBUG - Servo Phidget Exception 9: Value is Unknown (State not yet received from device, or not yet set by user).
2012-05-23 11:42:35,290 - AutoSampler-xyzRobot - DEBUG - No value means that the servo has not been set to some value. Will assume 0 at this point.
2012-05-23 11:42:35,292 - AutoSampler-xyzRobot - DEBUG - We are now at x: 0 y: 0
2012-05-23 11:42:35,295 - AutoSampler-xyzRobot - DEBUG - Going to X: 0 and Y: 0
2012-05-23 11:42:35,295 - AutoSampler-xyzRobot - DEBUG - Now move to X:  0
2012-05-23 11:42:37,322 - AutoSampler-xyzRobot - DEBUG - getXPosition
2012-05-23 11:42:37,322 - AutoSampler-xyzRobot - DEBUG - getYPosition
2012-05-23 11:42:37,338 - AutoSampler-xyzRobot - DEBUG - sleep to make sure this is complete..
2012-05-23 11:42:37,339 - AutoSampler-xyzRobot - DEBUG - Now move to Y: 0 
2012-05-23 11:42:39,371 - AutoSampler-xyzRobot - DEBUG - getXPosition
2012-05-23 11:42:39,372 - AutoSampler-xyzRobot - DEBUG - getYPosition
2012-05-23 11:42:39,374 - AutoSampler-xyzRobot - DEBUG - We are now at x: 0 and y: 0
2012-05-23 11:42:39,375 - AutoSampler-xyzRobot - DEBUG - getXPosition
2012-05-23 11:42:39,375 - AutoSampler-xyzRobot - DEBUG - getYPosition
2012-05-23 11:42:39,397 - AutoSampler-xyzRobot - DEBUG - Now will refine the location based on difference in encoder locations
2012-05-23 11:42:39,398 - AutoSampler-xyzRobot - DEBUG - Completed arm position refinement! whoohoo!
2012-05-23 11:42:39,398 - AutoSampler-xyzRobot - DEBUG - samplePickUp
2012-05-23 11:42:39,410 - AutoSampler-xyzRobot - DEBUG - First make sure grippers are open...
2012-05-23 11:42:39,414 - AutoSampler-xyzRobot - DEBUG - openGripper:  now open gripper
2012-05-23 11:42:42,500 - AutoSampler-xyzRobot - DEBUG - now move the arm down to the sample
2012-05-23 11:42:42,503 - AutoSampler-xyzRobot - DEBUG - move sample to 98
2012-05-23 11:42:53,667 - AutoSampler-xyzRobot - DEBUG - Close gripper to value: 0 
2012-05-23 11:42:53,667 - AutoSampler-xyzRobot - DEBUG - closeGripper:  now close gripper
2012-05-23 11:42:58,994 - AutoSampler-xyzRobot - DEBUG - Gripper reports that it is holding a crucible.
2012-05-23 11:42:58,996 - AutoSampler-xyzRobot - DEBUG - Now raise the arm...
