2012-05-21 18:00:23,286 - AutoSampler-DataReadWrite - DEBUG - Reading instant weight from balance
2012-05-21 18:00:23,325 - AutoSampler-DataReadWrite - DEBUG - instant read: S D   0.000599 g

2012-05-21 18:00:23,325 - AutoSampler-DataReadWrite - DEBUG - String value: S D
2012-05-21 18:00:23,325 - AutoSampler-DataReadWrite - DEBUG - Balance Ouput:S D   0.000599 g
--Unstable
2012-05-21 18:00:23,325 - AutoSampler-DataReadWrite - DEBUG - Weight: 0.000599
2012-05-21 18:00:27,655 - AutoSampler-DataReadWrite - DEBUG - Reading instant weight from balance
2012-05-21 18:00:27,694 - AutoSampler-DataReadWrite - DEBUG - instant read: S D   0.001399 g

2012-05-21 18:00:27,694 - AutoSampler-DataReadWrite - DEBUG - String value: S D
2012-05-21 18:00:27,694 - AutoSampler-DataReadWrite - DEBUG - Balance Ouput:S D   0.001399 g
--Unstable
2012-05-21 18:00:27,694 - AutoSampler-DataReadWrite - DEBUG - Weight: 0.001399
2012-05-21 18:00:28,872 - AutoSampler-DataReadWrite - DEBUG - Reading instant weight from balance
2012-05-21 18:00:28,914 - AutoSampler-DataReadWrite - DEBUG - instant read: S D   0.000638 g

2012-05-21 18:00:28,914 - AutoSampler-DataReadWrite - DEBUG - String value: S D
2012-05-21 18:00:28,914 - AutoSampler-DataReadWrite - DEBUG - Balance Ouput:S D   0.000638 g
--Unstable
2012-05-21 18:00:28,914 - AutoSampler-DataReadWrite - DEBUG - Weight: 0.000638
2012-05-21 18:00:29,951 - AutoSampler-DataReadWrite - DEBUG - Reading instant weight from balance
2012-05-21 18:00:29,996 - AutoSampler-DataReadWrite - DEBUG - instant read: S D   0.000700 g

2012-05-21 18:00:29,996 - AutoSampler-DataReadWrite - DEBUG - String value: S D
2012-05-21 18:00:29,996 - AutoSampler-DataReadWrite - DEBUG - Balance Ouput:S D   0.000700 g
--Unstable
2012-05-21 18:00:29,996 - AutoSampler-DataReadWrite - DEBUG - Weight: 0.000700
2012-05-21 18:01:08,437 - AutoSampler-DataReadWrite - DEBUG - update tblXY SET i_xposition=0, i_yposition=0 where rowid=1
2012-05-21 18:01:12,578 - AutoSampler-DataReadWrite - DEBUG - Reading instant weight from balance
2012-05-21 18:01:12,618 - AutoSampler-DataReadWrite - DEBUG - instant read: S D   0.000253 g

2012-05-21 18:01:12,618 - AutoSampler-DataReadWrite - DEBUG - String value: S D
2012-05-21 18:01:12,618 - AutoSampler-DataReadWrite - DEBUG - Balance Ouput:S D   0.000253 g
--Unstable
2012-05-21 18:01:12,618 - AutoSampler-DataReadWrite - DEBUG - Weight: 0.000253
2012-05-21 18:01:18,552 - AutoSampler-DataReadWrite - DEBUG - select i_xPosition, i_yPosition from tblCrucibleXY where v_type = BALANCE_OUTSIDE
2012-05-21 18:01:18,553 - AutoSampler-DataReadWrite - DEBUG - openBalanceDoor
2012-05-21 18:01:18,553 - AutoSampler-DataReadWrite - DEBUG - Sending WS 1
 to balance
2012-05-21 18:01:18,589 - AutoSampler-DataReadWrite - DEBUG - Balance replies: WS A

2012-05-21 18:01:30,710 - AutoSampler-DataReadWrite - DEBUG - update tblXY SET i_xposition=0, i_yposition=800 where rowid=1
2012-05-21 18:01:43,892 - AutoSampler-DataReadWrite - DEBUG - update tblXY SET i_xposition=-1800, i_yposition=800 where rowid=1
2012-05-21 18:01:45,910 - AutoSampler-DataReadWrite - DEBUG - openBalanceDoor
2012-05-21 18:01:45,910 - AutoSampler-DataReadWrite - DEBUG - Sending WS 1
 to balance
2012-05-21 18:01:45,944 - AutoSampler-DataReadWrite - DEBUG - Balance replies: WS A

2012-05-21 18:01:46,944 - AutoSampler-DataReadWrite - DEBUG - Reading instant weight from balance
2012-05-21 18:01:47,005 - AutoSampler-DataReadWrite - DEBUG - instant read: S D   0.000919 g

2012-05-21 18:01:47,006 - AutoSampler-DataReadWrite - DEBUG - String value: S D
2012-05-21 18:01:47,006 - AutoSampler-DataReadWrite - DEBUG - Balance Ouput:S D   0.000919 g
--Unstable
2012-05-21 18:01:47,006 - AutoSampler-DataReadWrite - DEBUG - Weight: 0.000919
2012-05-21 18:01:47,022 - AutoSampler-DataReadWrite - DEBUG - openBalanceDoor
2012-05-21 18:01:47,022 - AutoSampler-DataReadWrite - DEBUG - Sending WS 1
 to balance
2012-05-21 18:01:47,055 - AutoSampler-DataReadWrite - DEBUG - Balance replies: WS A

2012-05-21 18:01:48,055 - AutoSampler-DataReadWrite - DEBUG - select i_xPosition, i_yPosition from tblCrucibleXY where v_type = BALANCE_INSIDE
2012-05-21 18:02:01,533 - AutoSampler-DataReadWrite - DEBUG - update tblXY SET i_xposition=-3200, i_yposition=800 where rowid=1
2012-05-21 18:02:04,236 - AutoSampler-DataReadWrite - DEBUG - update tblXY SET i_xposition=-3200, i_yposition=740 where rowid=1
2012-05-21 18:02:05,255 - AutoSampler-DataReadWrite - DEBUG - select f_xDistance, f_yDistance from tblCrucibleXY where v_type = BALANCE_INSIDE
