05/31/2006 15:19:07  507703 Error CAN_ERROR 
05/31/2006 15:19:07  CAN_ERROR on message id: 470 rtr: 0 length: 2 data: 1 0 0 0 0 0 0 0
05/31/2006 16:10:57  129203 Error CAN_ERROR 
05/31/2006 16:10:57  CAN_ERROR on message id: 470 rtr: 0 length: 2 data: 1 0 0 0 0 0 0 0
06/29/2006 15:51:17  1622078 Error CAN_ERROR 
06/29/2006 15:51:17  CAN_ERROR on message id: 470 rtr: 0 length: 2 data: 1 0 0 0 0 0 0 0
07/26/2006 10:31:47  -1979714906 Timeout: 1, actual: 5, ID 1c1 length: 8 data: 0 9 0 0 10 c2 0 0
07/26/2006 10:31:52  -1979709906 Timeout: 1, actual: 5, ID 1c1 length: 8 data: 0 a 0 0 2 0 0 0
07/26/2006 10:31:57  -1979704890 Timeout: 1, actual: 5, ID 10a length: 0 data: c0 e0 1 1 58 fb 12 0
07/26/2006 10:32:02  -1979699890 Timeout: 1, actual: 5, ID 40a length: 0 data: c0 e0 1 1 58 fb 12 0
07/26/2006 10:32:08  -1979694687 Timeout: 1, actual: 5, ID 60a length: 2 data: 0 0 0 0 0 0 0 0
07/26/2006 10:32:59  -1979643515 Timeout: 1, actual: 5, ID 10a length: 0 data: f0 78 b1 0 0 0 0 0
07/26/2006 10:33:27  -1979614906 Timeout: 1, actual: 5, ID 10a length: 0 data: 68 d8 8 1 c0 fb 12 0
07/26/2006 10:33:32  -1979609906 Timeout: 1, actual: 5, ID 40a length: 0 data: 68 d8 8 1 c0 fb 12 0
07/26/2006 10:34:15  -1979567109 Timeout: 1, actual: 5, ID 10a length: 0 data: 28 7a b1 0 0 0 0 0
07/26/2006 14:31:39  14214093 Error CAN_ERROR 
07/26/2006 14:31:39  CAN_ERROR on message id: 470 rtr: 0 length: 2 data: 1 0 0 0 0 0 0 0
08/23/2006 10:54:25  -1874587734 Timeout: 1, actual: 3, ID 60d length: 8 data: 0 0 0 0 0 0 0 0
08/23/2006 10:55:23  -1874528921 Timeout: 1, actual: 5, ID 10a length: 0 data: 68 d8 8 1 c0 fb 12 0
08/23/2006 10:55:33  -1874518921 Timeout: 1, actual: 10, ID 40a length: 0 data: 68 d8 8 1 c0 fb 12 0
08/23/2006 10:55:44  -1874508750 Timeout: 1, actual: 5, ID 10a length: 0 data: f8 47 b2 0 0 0 0 0
08/23/2006 10:56:32  -1874460078 Timeout: 1, actual: 5, ID 10a length: 0 data: f8 47 b2 0 0 0 0 0
08/23/2006 11:00:58  235593 Error CAN_ERROR 
08/23/2006 11:00:58  CAN_ERROR on message id: 470 rtr: 0 length: 2 data: 1 0 0 0 0 0 0 0
05/27/2010 10:14:12  43546 Error CAN_ERROR 
05/27/2010 10:14:12  CAN_ERROR on message id: 10a rtr: 1 length: 0 data: 0 0 0 0 0 0 0 0
05/27/2010 10:12:18  46531 Timeout: 1, actual: -113, ID 10a length: 0 data: d0 e4 8 1 c0 fb 12 0
05/27/2010 10:12:18  46531 Error CAN_ERROR 
05/27/2010 10:12:18  CAN_ERROR on message id: 40a rtr: 1 length: 0 data: 0 0 0 0 0 0 0 0
05/27/2010 10:12:21  49531 Timeout: 1, actual: 3, ID 40a length: 0 data: d0 e4 8 1 c0 fb 12 0
05/27/2010 10:12:40  68734 Error CAN_ERROR 
05/27/2010 10:12:40  CAN_ERROR on message id: 60a rtr: 1 length: 2 data: 0 0 0 0 0 0 0 0
05/27/2010 10:12:43  71734 Timeout: 1, actual: 3, ID 60a length: 2 data: 0 0 0 0 0 0 0 0
05/27/2010 12:48:36  9424265 Timeout: 1, actual: 3, ID 30a length: 0 data: 7 0 0 0 0 0 0 0
05/28/2010 12:32:46  33435890 Timeout: 1, actual: 3, ID 321 length: 0 data: c4 3c 87 0 67 3a 67 0
05/28/2010 12:33:00  33449656 Timeout: 1, actual: 3, ID 321 length: 0 data: c4 3c 84 0 67 3a 5f 0
05/28/2010 12:36:23  33653296 Timeout: 1, actual: 3, ID 321 length: 0 data: c4 3c 84 0 67 3a 5f 0
05/28/2010 12:36:33  33662984 Timeout: 1, actual: 3, ID 30a length: 0 data: 7 0 0 0 2 0 0 0
05/28/2010 12:38:05  33755031 Timeout: 1, actual: 3, ID 321 length: 0 data: c4 3c 84 0 67 3a 5f 0
05/28/2010 12:38:31  33780765 Timeout: 1, actual: 3, ID 321 length: 0 data: c4 3c 84 0 67 3a 5f 0
05/28/2010 12:38:37  33787328 Timeout: 1, actual: 3, ID 30a length: 0 data: 7 0 0 0 2 0 0 0
05/28/2010 12:38:58  33808328 Timeout: 1, actual: 3, ID 30a length: 0 data: 0 0 0 0 2 0 0 0
05/28/2010 12:45:57  34226828 Timeout: 1, actual: 3, ID 30a length: 0 data: 7 0 0 0 2 0 ff ff
05/28/2010 12:48:14  34363953 Timeout: 1, actual: 3, ID 321 length: 0 data: c4 3c 84 0 67 3a 5f 0
05/28/2010 12:48:28  34377984 Timeout: 1, actual: 3, ID 30a length: 0 data: 7 0 0 0 2 0 ff ff
05/28/2010 12:49:03  34412578 Timeout: 1, actual: 3, ID 30a length: 0 data: 7 0 0 0 2 0 ff ff
05/28/2010 12:49:49  34459046 Timeout: 1, actual: 3, ID 321 length: 0 data: c4 3c 84 0 67 3a 5f 0
05/28/2010 12:50:54  34524375 Timeout: 1, actual: 3, ID 321 length: 0 data: c4 3c 84 0 67 3a 5f 0
05/28/2010 12:51:17  34547000 Timeout: 1, actual: 3, ID 30a length: 0 data: 7 0 0 0 2 0 ff ff
05/28/2010 12:51:53  34583390 Timeout: 1, actual: 3, ID 321 length: 0 data: c4 3c 84 0 67 3a 5f 0
05/28/2010 12:52:07  34597296 Timeout: 1, actual: 3, ID 30a length: 0 data: 7 0 0 0 2 0 ff ff
05/28/2010 12:53:06  34656328 Timeout: 1, actual: 3, ID 321 length: 0 data: c4 3c 84 0 67 3a 5f 0
05/28/2010 12:53:12  34662171 Timeout: 1, actual: 3, ID 30a length: 0 data: 7 0 0 0 2 0 ff ff
06/02/2010 13:17:10  8179000 Timeout: 1, actual: 3, ID 321 length: 0 data: c4 3c 87 0 67 3a 67 0
06/02/2010 13:17:31  8199937 Timeout: 1, actual: 3, ID 321 length: 0 data: c4 3c 84 0 67 3a 5f 0
06/02/2010 13:17:42  8211375 Timeout: 1, actual: 3, ID 30a length: 0 data: 7 0 0 0 2 0 ff ff
06/02/2010 13:19:59  8348171 Timeout: 1, actual: 3, ID 321 length: 0 data: c4 3c 84 0 67 3a 5f 0
06/02/2010 13:20:10  8359031 Timeout: 1, actual: 3, ID 30a length: 0 data: 7 0 0 0 2 0 ff ff
06/02/2010 13:21:13  8421796 Timeout: 1, actual: 3, ID 321 length: 0 data: c4 3c 84 0 67 3a 5f 0
06/02/2010 13:22:42  8510703 Timeout: 1, actual: 3, ID 321 length: 0 data: c4 3c 84 0 67 3a 5f 0
06/02/2010 13:22:48  8516593 Timeout: 1, actual: 3, ID 30a length: 0 data: 7 0 0 0 2 0 ff ff
06/02/2010 15:33:09  16338031 Timeout: 1, actual: 3, ID 321 length: 0 data: c4 3c 84 0 67 3a 5f 0
06/02/2010 15:33:15  16343578 Timeout: 1, actual: 3, ID 30a length: 0 data: 7 0 0 0 2 0 ff ff
06/02/2010 15:33:53  16382406 Timeout: 1, actual: 3, ID 30a length: 0 data: 7 0 0 0 2 0 ff ff
06/02/2010 15:34:33  16422484 Timeout: 1, actual: 3, ID 30a length: 0 data: 7 0 0 0 2 0 ff ff
06/02/2010 15:35:05  16454140 Timeout: 1, actual: 3, ID 30a length: 0 data: 7 0 0 0 2 0 ff ff
06/02/2010 15:37:36  16605375 Timeout: 1, actual: 3, ID 60a length: 2 data: 0 0 0 0 0 0 0 0
06/02/2010 15:37:46  16615203 Timeout: 1, actual: 3, ID 60a length: 2 data: 0 0 0 0 0 0 0 0
06/02/2010 15:38:01  16630328 Timeout: 1, actual: 3, ID 10a length: 0 data: c0 e4 8 1 c0 fb 12 0
06/02/2010 15:38:04  16633328 Timeout: 1, actual: 3, ID 40a length: 0 data: c0 e4 8 1 c0 fb 12 0
06/02/2010 15:38:26  16655484 Timeout: 1, actual: 3, ID 10a length: 0 data: e8 c7 9b 6 d8 c7 9b 6
06/02/2010 15:38:29  16658500 Timeout: 1, actual: 3, ID 60a length: 2 data: 0 0 0 0 0 0 0 0
06/02/2010 15:38:57  16685953 Timeout: 1, actual: 3, ID 60a length: 2 data: 0 0 0 0 0 0 0 0
06/02/2010 16:18:10  254203 Timeout: 1, actual: 3, ID 321 length: 0 data: c4 3c 84 0 67 3a 5f 0
06/02/2010 16:19:24  328062 Timeout: 1, actual: 3, ID 321 length: 0 data: c4 3c 84 0 67 3a 5f 0
06/03/2010 13:50:03  77767203 Timeout: 1, actual: 3, ID 321 length: 0 data: c4 3c 84 0 67 3a 5f 0
06/03/2010 13:50:52  77816109 Timeout: 1, actual: 3, ID 321 length: 0 data: c4 3c 84 0 67 3a 5f 0
06/03/2010 13:51:56  77879640 Timeout: 1, actual: 3, ID 321 length: 0 data: c4 3c 84 0 67 3a 5f 0
06/04/2010 15:35:31  170495312 Timeout: 1, actual: 3, ID 321 length: 0 data: c4 3c 84 0 67 3a 5f 0
